ARM GAS  C:\Users\Charlie\AppData\Local\Temp\cc9lOlH9.s 			page 1


   1              		.syntax unified
   2              		.cpu cortex-m3
   3              		.fpu softvfp
   4              		.eabi_attribute 20, 1
   5              		.eabi_attribute 21, 1
   6              		.eabi_attribute 23, 3
   7              		.eabi_attribute 24, 1
   8              		.eabi_attribute 25, 1
   9              		.eabi_attribute 26, 1
  10              		.eabi_attribute 30, 6
  11              		.eabi_attribute 34, 1
  12              		.eabi_attribute 18, 4
  13              		.thumb
  14              		.file	"ADC_SAR_Seq_1_INT.c"
  15              		.text
  16              	.Ltext0:
  17              		.cfi_sections	.debug_frame
  18              		.section	.text.ADC_SAR_Seq_1_ISR,"ax",%progbits
  19              		.align	2
  20              		.global	ADC_SAR_Seq_1_ISR
  21              		.thumb
  22              		.thumb_func
  23              		.type	ADC_SAR_Seq_1_ISR, %function
  24              	ADC_SAR_Seq_1_ISR:
  25              	.LFB0:
  26              		.file 1 ".\\Generated_Source\\PSoC5\\ADC_SAR_Seq_1_INT.c"
   1:.\Generated_Source\PSoC5/ADC_SAR_Seq_1_INT.c **** /*******************************************************************************
   2:.\Generated_Source\PSoC5/ADC_SAR_Seq_1_INT.c **** * File Name: ADC_SAR_Seq_1_INT.c
   3:.\Generated_Source\PSoC5/ADC_SAR_Seq_1_INT.c **** * Version 2.0
   4:.\Generated_Source\PSoC5/ADC_SAR_Seq_1_INT.c **** *
   5:.\Generated_Source\PSoC5/ADC_SAR_Seq_1_INT.c **** *  Description:
   6:.\Generated_Source\PSoC5/ADC_SAR_Seq_1_INT.c **** *    This file contains the code that operates during the interrupt
   7:.\Generated_Source\PSoC5/ADC_SAR_Seq_1_INT.c **** *    service routine.
   8:.\Generated_Source\PSoC5/ADC_SAR_Seq_1_INT.c **** *
   9:.\Generated_Source\PSoC5/ADC_SAR_Seq_1_INT.c **** *   Note:
  10:.\Generated_Source\PSoC5/ADC_SAR_Seq_1_INT.c **** *
  11:.\Generated_Source\PSoC5/ADC_SAR_Seq_1_INT.c **** ********************************************************************************
  12:.\Generated_Source\PSoC5/ADC_SAR_Seq_1_INT.c **** * Copyright 2012-2015, Cypress Semiconductor Corporation.  All rights reserved.
  13:.\Generated_Source\PSoC5/ADC_SAR_Seq_1_INT.c **** * You may use this file only in accordance with the license, terms, conditions,
  14:.\Generated_Source\PSoC5/ADC_SAR_Seq_1_INT.c **** * disclaimers, and limitations in the end user license agreement accompanying
  15:.\Generated_Source\PSoC5/ADC_SAR_Seq_1_INT.c **** * the software package with which this file was provided.
  16:.\Generated_Source\PSoC5/ADC_SAR_Seq_1_INT.c **** *******************************************************************************/
  17:.\Generated_Source\PSoC5/ADC_SAR_Seq_1_INT.c **** 
  18:.\Generated_Source\PSoC5/ADC_SAR_Seq_1_INT.c **** #include "ADC_SAR_Seq_1.h"
  19:.\Generated_Source\PSoC5/ADC_SAR_Seq_1_INT.c **** 
  20:.\Generated_Source\PSoC5/ADC_SAR_Seq_1_INT.c **** 
  21:.\Generated_Source\PSoC5/ADC_SAR_Seq_1_INT.c **** 
  22:.\Generated_Source\PSoC5/ADC_SAR_Seq_1_INT.c **** /******************************************************************************
  23:.\Generated_Source\PSoC5/ADC_SAR_Seq_1_INT.c **** * Custom Declarations and Variables
  24:.\Generated_Source\PSoC5/ADC_SAR_Seq_1_INT.c **** * - add user inlcude files, prototypes and variables between the following
  25:.\Generated_Source\PSoC5/ADC_SAR_Seq_1_INT.c **** *   #START and #END tags
  26:.\Generated_Source\PSoC5/ADC_SAR_Seq_1_INT.c **** ******************************************************************************/
  27:.\Generated_Source\PSoC5/ADC_SAR_Seq_1_INT.c **** /* `#START SEQ_ADC_SYS_VAR`  */
  28:.\Generated_Source\PSoC5/ADC_SAR_Seq_1_INT.c **** 
  29:.\Generated_Source\PSoC5/ADC_SAR_Seq_1_INT.c **** /* `#END`  */
  30:.\Generated_Source\PSoC5/ADC_SAR_Seq_1_INT.c **** 
  31:.\Generated_Source\PSoC5/ADC_SAR_Seq_1_INT.c **** #if(ADC_SAR_Seq_1_IRQ_REMOVE == 0u)
ARM GAS  C:\Users\Charlie\AppData\Local\Temp\cc9lOlH9.s 			page 2


  32:.\Generated_Source\PSoC5/ADC_SAR_Seq_1_INT.c **** 
  33:.\Generated_Source\PSoC5/ADC_SAR_Seq_1_INT.c **** 
  34:.\Generated_Source\PSoC5/ADC_SAR_Seq_1_INT.c ****     /******************************************************************************
  35:.\Generated_Source\PSoC5/ADC_SAR_Seq_1_INT.c ****     * Function Name: ADC_SAR_Seq_1_ISR
  36:.\Generated_Source\PSoC5/ADC_SAR_Seq_1_INT.c ****     *******************************************************************************
  37:.\Generated_Source\PSoC5/ADC_SAR_Seq_1_INT.c ****     *
  38:.\Generated_Source\PSoC5/ADC_SAR_Seq_1_INT.c ****     * Summary:
  39:.\Generated_Source\PSoC5/ADC_SAR_Seq_1_INT.c ****     *  Handle Interrupt Service Routine.
  40:.\Generated_Source\PSoC5/ADC_SAR_Seq_1_INT.c ****     *
  41:.\Generated_Source\PSoC5/ADC_SAR_Seq_1_INT.c ****     * Parameters:
  42:.\Generated_Source\PSoC5/ADC_SAR_Seq_1_INT.c ****     *  None.
  43:.\Generated_Source\PSoC5/ADC_SAR_Seq_1_INT.c ****     *
  44:.\Generated_Source\PSoC5/ADC_SAR_Seq_1_INT.c ****     * Return:
  45:.\Generated_Source\PSoC5/ADC_SAR_Seq_1_INT.c ****     *  None.
  46:.\Generated_Source\PSoC5/ADC_SAR_Seq_1_INT.c ****     *
  47:.\Generated_Source\PSoC5/ADC_SAR_Seq_1_INT.c ****     * Reentrant:
  48:.\Generated_Source\PSoC5/ADC_SAR_Seq_1_INT.c ****     *  No.
  49:.\Generated_Source\PSoC5/ADC_SAR_Seq_1_INT.c ****     *
  50:.\Generated_Source\PSoC5/ADC_SAR_Seq_1_INT.c ****     ******************************************************************************/
  51:.\Generated_Source\PSoC5/ADC_SAR_Seq_1_INT.c ****     CY_ISR( ADC_SAR_Seq_1_ISR )
  52:.\Generated_Source\PSoC5/ADC_SAR_Seq_1_INT.c ****     {
  27              		.loc 1 52 0
  28              		.cfi_startproc
  29              		@ args = 0, pretend = 0, frame = 0
  30              		@ frame_needed = 1, uses_anonymous_args = 0
  31              		@ link register save eliminated.
  32 0000 80B4     		push	{r7}
  33              		.cfi_def_cfa_offset 4
  34              		.cfi_offset 7, -4
  35 0002 00AF     		add	r7, sp, #0
  36              		.cfi_def_cfa_register 7
  53:.\Generated_Source\PSoC5/ADC_SAR_Seq_1_INT.c ****         #ifdef ADC_SAR_Seq_1_ISR_INTERRUPT_CALLBACK
  54:.\Generated_Source\PSoC5/ADC_SAR_Seq_1_INT.c ****             ADC_SAR_Seq_1_ISR_InterruptCallback();
  55:.\Generated_Source\PSoC5/ADC_SAR_Seq_1_INT.c ****         #endif /* ADC_SAR_Seq_1_ISR_INTERRUPT_CALLBACK */
  56:.\Generated_Source\PSoC5/ADC_SAR_Seq_1_INT.c ****         
  57:.\Generated_Source\PSoC5/ADC_SAR_Seq_1_INT.c ****         
  58:.\Generated_Source\PSoC5/ADC_SAR_Seq_1_INT.c ****         /************************************************************************
  59:.\Generated_Source\PSoC5/ADC_SAR_Seq_1_INT.c ****         *  Custom Code
  60:.\Generated_Source\PSoC5/ADC_SAR_Seq_1_INT.c ****         *  - add user ISR code between the following #START and #END tags
  61:.\Generated_Source\PSoC5/ADC_SAR_Seq_1_INT.c ****         *************************************************************************/
  62:.\Generated_Source\PSoC5/ADC_SAR_Seq_1_INT.c ****           /* `#START MAIN_SEQ_ADC_ISR`  */
  63:.\Generated_Source\PSoC5/ADC_SAR_Seq_1_INT.c **** 
  64:.\Generated_Source\PSoC5/ADC_SAR_Seq_1_INT.c ****           /* `#END`  */
  65:.\Generated_Source\PSoC5/ADC_SAR_Seq_1_INT.c ****     }
  37              		.loc 1 65 0
  38 0004 BD46     		mov	sp, r7
  39              		.cfi_def_cfa_register 13
  40              		@ sp needed
  41 0006 5DF8047B 		ldr	r7, [sp], #4
  42              		.cfi_restore 7
  43              		.cfi_def_cfa_offset 0
  44 000a 7047     		bx	lr
  45              		.cfi_endproc
  46              	.LFE0:
  47              		.size	ADC_SAR_Seq_1_ISR, .-ADC_SAR_Seq_1_ISR
  48              		.text
  49              	.Letext0:
ARM GAS  C:\Users\Charlie\AppData\Local\Temp\cc9lOlH9.s 			page 3


  50              		.section	.debug_info,"",%progbits
  51              	.Ldebug_info0:
  52 0000 95000000 		.4byte	0x95
  53 0004 0400     		.2byte	0x4
  54 0006 00000000 		.4byte	.Ldebug_abbrev0
  55 000a 04       		.byte	0x4
  56 000b 01       		.uleb128 0x1
  57 000c C5000000 		.4byte	.LASF13
  58 0010 01       		.byte	0x1
  59 0011 9B010000 		.4byte	.LASF14
  60 0015 1B000000 		.4byte	.LASF15
  61 0019 00000000 		.4byte	.Ldebug_ranges0+0
  62 001d 00000000 		.4byte	0
  63 0021 00000000 		.4byte	.Ldebug_line0
  64 0025 02       		.uleb128 0x2
  65 0026 01       		.byte	0x1
  66 0027 06       		.byte	0x6
  67 0028 89010000 		.4byte	.LASF0
  68 002c 02       		.uleb128 0x2
  69 002d 01       		.byte	0x1
  70 002e 08       		.byte	0x8
  71 002f A9000000 		.4byte	.LASF1
  72 0033 02       		.uleb128 0x2
  73 0034 02       		.byte	0x2
  74 0035 05       		.byte	0x5
  75 0036 53010000 		.4byte	.LASF2
  76 003a 02       		.uleb128 0x2
  77 003b 02       		.byte	0x2
  78 003c 07       		.byte	0x7
  79 003d 76010000 		.4byte	.LASF3
  80 0041 02       		.uleb128 0x2
  81 0042 04       		.byte	0x4
  82 0043 05       		.byte	0x5
  83 0044 BC000000 		.4byte	.LASF4
  84 0048 02       		.uleb128 0x2
  85 0049 04       		.byte	0x4
  86 004a 07       		.byte	0x7
  87 004b 80000000 		.4byte	.LASF5
  88 004f 02       		.uleb128 0x2
  89 0050 08       		.byte	0x8
  90 0051 05       		.byte	0x5
  91 0052 00000000 		.4byte	.LASF6
  92 0056 02       		.uleb128 0x2
  93 0057 08       		.byte	0x8
  94 0058 07       		.byte	0x7
  95 0059 92000000 		.4byte	.LASF7
  96 005d 03       		.uleb128 0x3
  97 005e 04       		.byte	0x4
  98 005f 05       		.byte	0x5
  99 0060 696E7400 		.ascii	"int\000"
 100 0064 02       		.uleb128 0x2
 101 0065 04       		.byte	0x4
 102 0066 07       		.byte	0x7
 103 0067 0E000000 		.4byte	.LASF8
 104 006b 02       		.uleb128 0x2
 105 006c 04       		.byte	0x4
 106 006d 04       		.byte	0x4
ARM GAS  C:\Users\Charlie\AppData\Local\Temp\cc9lOlH9.s 			page 4


 107 006e 95010000 		.4byte	.LASF9
 108 0072 02       		.uleb128 0x2
 109 0073 08       		.byte	0x8
 110 0074 04       		.byte	0x4
 111 0075 6F010000 		.4byte	.LASF10
 112 0079 02       		.uleb128 0x2
 113 007a 01       		.byte	0x1
 114 007b 08       		.byte	0x8
 115 007c B7000000 		.4byte	.LASF11
 116 0080 02       		.uleb128 0x2
 117 0081 04       		.byte	0x4
 118 0082 07       		.byte	0x7
 119 0083 C8010000 		.4byte	.LASF12
 120 0087 04       		.uleb128 0x4
 121 0088 5D010000 		.4byte	.LASF16
 122 008c 01       		.byte	0x1
 123 008d 33       		.byte	0x33
 124 008e 00000000 		.4byte	.LFB0
 125 0092 0C000000 		.4byte	.LFE0-.LFB0
 126 0096 01       		.uleb128 0x1
 127 0097 9C       		.byte	0x9c
 128 0098 00       		.byte	0
 129              		.section	.debug_abbrev,"",%progbits
 130              	.Ldebug_abbrev0:
 131 0000 01       		.uleb128 0x1
 132 0001 11       		.uleb128 0x11
 133 0002 01       		.byte	0x1
 134 0003 25       		.uleb128 0x25
 135 0004 0E       		.uleb128 0xe
 136 0005 13       		.uleb128 0x13
 137 0006 0B       		.uleb128 0xb
 138 0007 03       		.uleb128 0x3
 139 0008 0E       		.uleb128 0xe
 140 0009 1B       		.uleb128 0x1b
 141 000a 0E       		.uleb128 0xe
 142 000b 55       		.uleb128 0x55
 143 000c 17       		.uleb128 0x17
 144 000d 11       		.uleb128 0x11
 145 000e 01       		.uleb128 0x1
 146 000f 10       		.uleb128 0x10
 147 0010 17       		.uleb128 0x17
 148 0011 00       		.byte	0
 149 0012 00       		.byte	0
 150 0013 02       		.uleb128 0x2
 151 0014 24       		.uleb128 0x24
 152 0015 00       		.byte	0
 153 0016 0B       		.uleb128 0xb
 154 0017 0B       		.uleb128 0xb
 155 0018 3E       		.uleb128 0x3e
 156 0019 0B       		.uleb128 0xb
 157 001a 03       		.uleb128 0x3
 158 001b 0E       		.uleb128 0xe
 159 001c 00       		.byte	0
 160 001d 00       		.byte	0
 161 001e 03       		.uleb128 0x3
 162 001f 24       		.uleb128 0x24
 163 0020 00       		.byte	0
ARM GAS  C:\Users\Charlie\AppData\Local\Temp\cc9lOlH9.s 			page 5


 164 0021 0B       		.uleb128 0xb
 165 0022 0B       		.uleb128 0xb
 166 0023 3E       		.uleb128 0x3e
 167 0024 0B       		.uleb128 0xb
 168 0025 03       		.uleb128 0x3
 169 0026 08       		.uleb128 0x8
 170 0027 00       		.byte	0
 171 0028 00       		.byte	0
 172 0029 04       		.uleb128 0x4
 173 002a 2E       		.uleb128 0x2e
 174 002b 00       		.byte	0
 175 002c 3F       		.uleb128 0x3f
 176 002d 19       		.uleb128 0x19
 177 002e 03       		.uleb128 0x3
 178 002f 0E       		.uleb128 0xe
 179 0030 3A       		.uleb128 0x3a
 180 0031 0B       		.uleb128 0xb
 181 0032 3B       		.uleb128 0x3b
 182 0033 0B       		.uleb128 0xb
 183 0034 27       		.uleb128 0x27
 184 0035 19       		.uleb128 0x19
 185 0036 11       		.uleb128 0x11
 186 0037 01       		.uleb128 0x1
 187 0038 12       		.uleb128 0x12
 188 0039 06       		.uleb128 0x6
 189 003a 40       		.uleb128 0x40
 190 003b 18       		.uleb128 0x18
 191 003c 9742     		.uleb128 0x2117
 192 003e 19       		.uleb128 0x19
 193 003f 00       		.byte	0
 194 0040 00       		.byte	0
 195 0041 00       		.byte	0
 196              		.section	.debug_aranges,"",%progbits
 197 0000 1C000000 		.4byte	0x1c
 198 0004 0200     		.2byte	0x2
 199 0006 00000000 		.4byte	.Ldebug_info0
 200 000a 04       		.byte	0x4
 201 000b 00       		.byte	0
 202 000c 0000     		.2byte	0
 203 000e 0000     		.2byte	0
 204 0010 00000000 		.4byte	.LFB0
 205 0014 0C000000 		.4byte	.LFE0-.LFB0
 206 0018 00000000 		.4byte	0
 207 001c 00000000 		.4byte	0
 208              		.section	.debug_ranges,"",%progbits
 209              	.Ldebug_ranges0:
 210 0000 00000000 		.4byte	.LFB0
 211 0004 0C000000 		.4byte	.LFE0
 212 0008 00000000 		.4byte	0
 213 000c 00000000 		.4byte	0
 214              		.section	.debug_line,"",%progbits
 215              	.Ldebug_line0:
 216 0000 5B000000 		.section	.debug_str,"MS",%progbits,1
 216      02004300 
 216      00000201 
 216      FB0E0D00 
 216      01010101 
ARM GAS  C:\Users\Charlie\AppData\Local\Temp\cc9lOlH9.s 			page 6


 217              	.LASF6:
 218 0000 6C6F6E67 		.ascii	"long long int\000"
 218      206C6F6E 
 218      6720696E 
 218      7400
 219              	.LASF8:
 220 000e 756E7369 		.ascii	"unsigned int\000"
 220      676E6564 
 220      20696E74 
 220      00
 221              	.LASF15:
 222 001b 443A5C44 		.ascii	"D:\\Documents\\Virginia_Tech\\FSAE\\PSOC\\Current S"
 222      6F63756D 
 222      656E7473 
 222      5C566972 
 222      67696E69 
 223 0049 656E736F 		.ascii	"ensor\\CE95277 ADC and UART\\VTM16 Current Sensors."
 223      725C4345 
 223      39353237 
 223      37204144 
 223      4320616E 
 224 007a 63796473 		.ascii	"cydsn\000"
 224      6E00
 225              	.LASF5:
 226 0080 6C6F6E67 		.ascii	"long unsigned int\000"
 226      20756E73 
 226      69676E65 
 226      6420696E 
 226      7400
 227              	.LASF7:
 228 0092 6C6F6E67 		.ascii	"long long unsigned int\000"
 228      206C6F6E 
 228      6720756E 
 228      7369676E 
 228      65642069 
 229              	.LASF1:
 230 00a9 756E7369 		.ascii	"unsigned char\000"
 230      676E6564 
 230      20636861 
 230      7200
 231              	.LASF11:
 232 00b7 63686172 		.ascii	"char\000"
 232      00
 233              	.LASF4:
 234 00bc 6C6F6E67 		.ascii	"long int\000"
 234      20696E74 
 234      00
 235              	.LASF13:
 236 00c5 474E5520 		.ascii	"GNU C 4.9.3 20150303 (release) [ARM/embedded-4_9-br"
 236      4320342E 
 236      392E3320 
 236      32303135 
 236      30333033 
 237 00f8 616E6368 		.ascii	"anch revision 221220] -mcpu=cortex-m3 -mthumb -g -O"
 237      20726576 
 237      6973696F 
 237      6E203232 
ARM GAS  C:\Users\Charlie\AppData\Local\Temp\cc9lOlH9.s 			page 7


 237      31323230 
 238 012b 30202D66 		.ascii	"0 -ffunction-sections -ffat-lto-objects\000"
 238      66756E63 
 238      74696F6E 
 238      2D736563 
 238      74696F6E 
 239              	.LASF2:
 240 0153 73686F72 		.ascii	"short int\000"
 240      7420696E 
 240      7400
 241              	.LASF16:
 242 015d 4144435F 		.ascii	"ADC_SAR_Seq_1_ISR\000"
 242      5341525F 
 242      5365715F 
 242      315F4953 
 242      5200
 243              	.LASF10:
 244 016f 646F7562 		.ascii	"double\000"
 244      6C6500
 245              	.LASF3:
 246 0176 73686F72 		.ascii	"short unsigned int\000"
 246      7420756E 
 246      7369676E 
 246      65642069 
 246      6E7400
 247              	.LASF0:
 248 0189 7369676E 		.ascii	"signed char\000"
 248      65642063 
 248      68617200 
 249              	.LASF9:
 250 0195 666C6F61 		.ascii	"float\000"
 250      7400
 251              	.LASF14:
 252 019b 2E5C4765 		.ascii	".\\Generated_Source\\PSoC5\\ADC_SAR_Seq_1_INT.c\000"
 252      6E657261 
 252      7465645F 
 252      536F7572 
 252      63655C50 
 253              	.LASF12:
 254 01c8 73697A65 		.ascii	"sizetype\000"
 254      74797065 
 254      00
 255              		.ident	"GCC: (GNU Tools for ARM Embedded Processors) 4.9.3 20150303 (release) [ARM/embedded-4_9-br
