ARM GAS  C:\Users\Charlie\AppData\Local\Temp\ccKGsLrz.s 			page 1


   1              		.syntax unified
   2              		.cpu cortex-m3
   3              		.fpu softvfp
   4              		.eabi_attribute 20, 1
   5              		.eabi_attribute 21, 1
   6              		.eabi_attribute 23, 3
   7              		.eabi_attribute 24, 1
   8              		.eabi_attribute 25, 1
   9              		.eabi_attribute 26, 1
  10              		.eabi_attribute 30, 6
  11              		.eabi_attribute 34, 1
  12              		.eabi_attribute 18, 4
  13              		.thumb
  14              		.file	"ADC_SAR_Seq_1_SAR_INT.c"
  15              		.text
  16              	.Ltext0:
  17              		.cfi_sections	.debug_frame
  18              	.Letext0:
  19              		.section	.debug_info,"",%progbits
  20              	.Ldebug_info0:
  21 0000 75000000 		.4byte	0x75
  22 0004 0400     		.2byte	0x4
  23 0006 00000000 		.4byte	.Ldebug_abbrev0
  24 000a 04       		.byte	0x4
  25 000b 01       		.uleb128 0x1
  26 000c 0E000000 		.4byte	.LASF12
  27 0010 01       		.byte	0x1
  28 0011 00010000 		.4byte	.LASF13
  29 0015 31010000 		.4byte	.LASF14
  30 0019 00000000 		.4byte	.Ldebug_line0
  31 001d 02       		.uleb128 0x2
  32 001e 01       		.byte	0x1
  33 001f 06       		.byte	0x6
  34 0020 AE010000 		.4byte	.LASF0
  35 0024 02       		.uleb128 0x2
  36 0025 01       		.byte	0x1
  37 0026 08       		.byte	0x8
  38 0027 A2000000 		.4byte	.LASF1
  39 002b 02       		.uleb128 0x2
  40 002c 02       		.byte	0x2
  41 002d 05       		.byte	0x5
  42 002e 9B010000 		.4byte	.LASF2
  43 0032 02       		.uleb128 0x2
  44 0033 02       		.byte	0x2
  45 0034 07       		.byte	0x7
  46 0035 C2000000 		.4byte	.LASF3
  47 0039 02       		.uleb128 0x2
  48 003a 04       		.byte	0x4
  49 003b 05       		.byte	0x5
  50 003c A5010000 		.4byte	.LASF4
  51 0040 02       		.uleb128 0x2
  52 0041 04       		.byte	0x4
  53 0042 07       		.byte	0x7
  54 0043 B0000000 		.4byte	.LASF5
  55 0047 02       		.uleb128 0x2
  56 0048 08       		.byte	0x8
  57 0049 05       		.byte	0x5
ARM GAS  C:\Users\Charlie\AppData\Local\Temp\ccKGsLrz.s 			page 2


  58 004a 00000000 		.4byte	.LASF6
  59 004e 02       		.uleb128 0x2
  60 004f 08       		.byte	0x8
  61 0050 07       		.byte	0x7
  62 0051 E9000000 		.4byte	.LASF7
  63 0055 03       		.uleb128 0x3
  64 0056 04       		.byte	0x4
  65 0057 05       		.byte	0x5
  66 0058 696E7400 		.ascii	"int\000"
  67 005c 02       		.uleb128 0x2
  68 005d 04       		.byte	0x4
  69 005e 07       		.byte	0x7
  70 005f DC000000 		.4byte	.LASF8
  71 0063 02       		.uleb128 0x2
  72 0064 04       		.byte	0x4
  73 0065 04       		.byte	0x4
  74 0066 9C000000 		.4byte	.LASF9
  75 006a 02       		.uleb128 0x2
  76 006b 08       		.byte	0x8
  77 006c 04       		.byte	0x4
  78 006d D5000000 		.4byte	.LASF10
  79 0071 02       		.uleb128 0x2
  80 0072 01       		.byte	0x1
  81 0073 08       		.byte	0x8
  82 0074 96010000 		.4byte	.LASF11
  83 0078 00       		.byte	0
  84              		.section	.debug_abbrev,"",%progbits
  85              	.Ldebug_abbrev0:
  86 0000 01       		.uleb128 0x1
  87 0001 11       		.uleb128 0x11
  88 0002 01       		.byte	0x1
  89 0003 25       		.uleb128 0x25
  90 0004 0E       		.uleb128 0xe
  91 0005 13       		.uleb128 0x13
  92 0006 0B       		.uleb128 0xb
  93 0007 03       		.uleb128 0x3
  94 0008 0E       		.uleb128 0xe
  95 0009 1B       		.uleb128 0x1b
  96 000a 0E       		.uleb128 0xe
  97 000b 10       		.uleb128 0x10
  98 000c 17       		.uleb128 0x17
  99 000d 00       		.byte	0
 100 000e 00       		.byte	0
 101 000f 02       		.uleb128 0x2
 102 0010 24       		.uleb128 0x24
 103 0011 00       		.byte	0
 104 0012 0B       		.uleb128 0xb
 105 0013 0B       		.uleb128 0xb
 106 0014 3E       		.uleb128 0x3e
 107 0015 0B       		.uleb128 0xb
 108 0016 03       		.uleb128 0x3
 109 0017 0E       		.uleb128 0xe
 110 0018 00       		.byte	0
 111 0019 00       		.byte	0
 112 001a 03       		.uleb128 0x3
 113 001b 24       		.uleb128 0x24
 114 001c 00       		.byte	0
ARM GAS  C:\Users\Charlie\AppData\Local\Temp\ccKGsLrz.s 			page 3


 115 001d 0B       		.uleb128 0xb
 116 001e 0B       		.uleb128 0xb
 117 001f 3E       		.uleb128 0x3e
 118 0020 0B       		.uleb128 0xb
 119 0021 03       		.uleb128 0x3
 120 0022 08       		.uleb128 0x8
 121 0023 00       		.byte	0
 122 0024 00       		.byte	0
 123 0025 00       		.byte	0
 124              		.section	.debug_aranges,"",%progbits
 125 0000 14000000 		.4byte	0x14
 126 0004 0200     		.2byte	0x2
 127 0006 00000000 		.4byte	.Ldebug_info0
 128 000a 04       		.byte	0x4
 129 000b 00       		.byte	0
 130 000c 0000     		.2byte	0
 131 000e 0000     		.2byte	0
 132 0010 00000000 		.4byte	0
 133 0014 00000000 		.4byte	0
 134              		.section	.debug_line,"",%progbits
 135              	.Ldebug_line0:
 136 0000 19000000 		.section	.debug_str,"MS",%progbits,1
 136      02001300 
 136      00000201 
 136      FB0E0D00 
 136      01010101 
 137              	.LASF6:
 138 0000 6C6F6E67 		.ascii	"long long int\000"
 138      206C6F6E 
 138      6720696E 
 138      7400
 139              	.LASF12:
 140 000e 474E5520 		.ascii	"GNU C 4.9.3 20150303 (release) [ARM/embedded-4_9-br"
 140      4320342E 
 140      392E3320 
 140      32303135 
 140      30333033 
 141 0041 616E6368 		.ascii	"anch revision 221220] -mcpu=cortex-m3 -mthumb -g -O"
 141      20726576 
 141      6973696F 
 141      6E203232 
 141      31323230 
 142 0074 30202D66 		.ascii	"0 -ffunction-sections -ffat-lto-objects\000"
 142      66756E63 
 142      74696F6E 
 142      2D736563 
 142      74696F6E 
 143              	.LASF9:
 144 009c 666C6F61 		.ascii	"float\000"
 144      7400
 145              	.LASF1:
 146 00a2 756E7369 		.ascii	"unsigned char\000"
 146      676E6564 
 146      20636861 
 146      7200
 147              	.LASF5:
 148 00b0 6C6F6E67 		.ascii	"long unsigned int\000"
ARM GAS  C:\Users\Charlie\AppData\Local\Temp\ccKGsLrz.s 			page 4


 148      20756E73 
 148      69676E65 
 148      6420696E 
 148      7400
 149              	.LASF3:
 150 00c2 73686F72 		.ascii	"short unsigned int\000"
 150      7420756E 
 150      7369676E 
 150      65642069 
 150      6E7400
 151              	.LASF10:
 152 00d5 646F7562 		.ascii	"double\000"
 152      6C6500
 153              	.LASF8:
 154 00dc 756E7369 		.ascii	"unsigned int\000"
 154      676E6564 
 154      20696E74 
 154      00
 155              	.LASF7:
 156 00e9 6C6F6E67 		.ascii	"long long unsigned int\000"
 156      206C6F6E 
 156      6720756E 
 156      7369676E 
 156      65642069 
 157              	.LASF13:
 158 0100 2E5C4765 		.ascii	".\\Generated_Source\\PSoC5\\ADC_SAR_Seq_1_SAR_INT.c"
 158      6E657261 
 158      7465645F 
 158      536F7572 
 158      63655C50 
 159 0130 00       		.ascii	"\000"
 160              	.LASF14:
 161 0131 443A5C44 		.ascii	"D:\\Documents\\Virginia_Tech\\FSAE\\PSOC\\Current S"
 161      6F63756D 
 161      656E7473 
 161      5C566972 
 161      67696E69 
 162 015f 656E736F 		.ascii	"ensor\\CE95277 ADC and UART\\VTM16 Current Sensors."
 162      725C4345 
 162      39353237 
 162      37204144 
 162      4320616E 
 163 0190 63796473 		.ascii	"cydsn\000"
 163      6E00
 164              	.LASF11:
 165 0196 63686172 		.ascii	"char\000"
 165      00
 166              	.LASF2:
 167 019b 73686F72 		.ascii	"short int\000"
 167      7420696E 
 167      7400
 168              	.LASF4:
 169 01a5 6C6F6E67 		.ascii	"long int\000"
 169      20696E74 
 169      00
 170              	.LASF0:
 171 01ae 7369676E 		.ascii	"signed char\000"
ARM GAS  C:\Users\Charlie\AppData\Local\Temp\ccKGsLrz.s 			page 5


 171      65642063 
 171      68617200 
 172              		.ident	"GCC: (GNU Tools for ARM Embedded Processors) 4.9.3 20150303 (release) [ARM/embedded-4_9-br
