ARM GAS  C:\Users\Charlie\AppData\Local\Temp\ccK5JOEm.s 			page 1


   1              		.syntax unified
   2              		.cpu cortex-m3
   3              		.fpu softvfp
   4              		.eabi_attribute 20, 1
   5              		.eabi_attribute 21, 1
   6              		.eabi_attribute 23, 3
   7              		.eabi_attribute 24, 1
   8              		.eabi_attribute 25, 1
   9              		.eabi_attribute 26, 1
  10              		.eabi_attribute 30, 6
  11              		.eabi_attribute 34, 1
  12              		.eabi_attribute 18, 4
  13              		.thumb
  14              		.file	"cymetadata.c"
  15              		.text
  16              	.Ltext0:
  17              		.cfi_sections	.debug_frame
  18              		.global	cy_meta_configecc
  19              		.section	.cyconfigecc,"a",%progbits
  20              		.align	2
  21              		.type	cy_meta_configecc, %object
  22              		.size	cy_meta_configecc, 2064
  23              	cy_meta_configecc:
  24 0000 01       		.byte	1
  25 0001 49       		.byte	73
  26 0002 00       		.byte	0
  27 0003 40       		.byte	64
  28 0004 02       		.byte	2
  29 0005 52       		.byte	82
  30 0006 00       		.byte	0
  31 0007 40       		.byte	64
  32 0008 01       		.byte	1
  33 0009 5B       		.byte	91
  34 000a 00       		.byte	0
  35 000b 40       		.byte	64
  36 000c 02       		.byte	2
  37 000d 64       		.byte	100
  38 000e 00       		.byte	0
  39 000f 40       		.byte	64
  40 0010 02       		.byte	2
  41 0011 65       		.byte	101
  42 0012 00       		.byte	0
  43 0013 40       		.byte	64
  44 0014 1F       		.byte	31
  45 0015 00       		.byte	0
  46 0016 01       		.byte	1
  47 0017 40       		.byte	64
  48 0018 26       		.byte	38
  49 0019 01       		.byte	1
  50 001a 01       		.byte	1
  51 001b 40       		.byte	64
  52 001c 35       		.byte	53
  53 001d 02       		.byte	2
  54 001e 01       		.byte	1
  55 001f 40       		.byte	64
  56 0020 39       		.byte	57
  57 0021 03       		.byte	3
ARM GAS  C:\Users\Charlie\AppData\Local\Temp\ccK5JOEm.s 			page 2


  58 0022 01       		.byte	1
  59 0023 40       		.byte	64
  60 0024 23       		.byte	35
  61 0025 04       		.byte	4
  62 0026 01       		.byte	1
  63 0027 40       		.byte	64
  64 0028 46       		.byte	70
  65 0029 05       		.byte	5
  66 002a 01       		.byte	1
  67 002b 40       		.byte	64
  68 002c 32       		.byte	50
  69 002d 06       		.byte	6
  70 002e 01       		.byte	1
  71 002f 40       		.byte	64
  72 0030 3F       		.byte	63
  73 0031 07       		.byte	7
  74 0032 01       		.byte	1
  75 0033 40       		.byte	64
  76 0034 05       		.byte	5
  77 0035 09       		.byte	9
  78 0036 01       		.byte	1
  79 0037 40       		.byte	64
  80 0038 01       		.byte	1
  81 0039 0B       		.byte	11
  82 003a 01       		.byte	1
  83 003b 40       		.byte	64
  84 003c 02       		.byte	2
  85 003d 0D       		.byte	13
  86 003e 01       		.byte	1
  87 003f 40       		.byte	64
  88 0040 2B       		.byte	43
  89 0041 14       		.byte	20
  90 0042 01       		.byte	1
  91 0043 40       		.byte	64
  92 0044 5A       		.byte	90
  93 0045 15       		.byte	21
  94 0046 01       		.byte	1
  95 0047 40       		.byte	64
  96 0048 30       		.byte	48
  97 0049 16       		.byte	22
  98 004a 01       		.byte	1
  99 004b 40       		.byte	64
 100 004c 4E       		.byte	78
 101 004d 17       		.byte	23
 102 004e 01       		.byte	1
 103 004f 40       		.byte	64
 104 0050 13       		.byte	19
 105 0051 19       		.byte	25
 106 0052 01       		.byte	1
 107 0053 40       		.byte	64
 108 0054 42       		.byte	66
 109 0055 1A       		.byte	26
 110 0056 01       		.byte	1
 111 0057 40       		.byte	64
 112 0058 56       		.byte	86
 113 0059 1B       		.byte	27
 114 005a 01       		.byte	1
ARM GAS  C:\Users\Charlie\AppData\Local\Temp\ccK5JOEm.s 			page 3


 115 005b 40       		.byte	64
 116 005c 08       		.byte	8
 117 005d 40       		.byte	64
 118 005e 01       		.byte	1
 119 005f 40       		.byte	64
 120 0060 0F       		.byte	15
 121 0061 41       		.byte	65
 122 0062 01       		.byte	1
 123 0063 40       		.byte	64
 124 0064 09       		.byte	9
 125 0065 42       		.byte	66
 126 0066 01       		.byte	1
 127 0067 40       		.byte	64
 128 0068 03       		.byte	3
 129 0069 43       		.byte	67
 130 006a 01       		.byte	1
 131 006b 40       		.byte	64
 132 006c 05       		.byte	5
 133 006d 44       		.byte	68
 134 006e 01       		.byte	1
 135 006f 40       		.byte	64
 136 0070 02       		.byte	2
 137 0071 45       		.byte	69
 138 0072 01       		.byte	1
 139 0073 40       		.byte	64
 140 0074 06       		.byte	6
 141 0075 46       		.byte	70
 142 0076 01       		.byte	1
 143 0077 40       		.byte	64
 144 0078 07       		.byte	7
 145 0079 47       		.byte	71
 146 007a 01       		.byte	1
 147 007b 40       		.byte	64
 148 007c 05       		.byte	5
 149 007d 48       		.byte	72
 150 007e 01       		.byte	1
 151 007f 40       		.byte	64
 152 0080 03       		.byte	3
 153 0081 49       		.byte	73
 154 0082 01       		.byte	1
 155 0083 40       		.byte	64
 156 0084 0C       		.byte	12
 157 0085 4C       		.byte	76
 158 0086 01       		.byte	1
 159 0087 40       		.byte	64
 160 0088 0C       		.byte	12
 161 0089 4D       		.byte	77
 162 008a 01       		.byte	1
 163 008b 40       		.byte	64
 164 008c 09       		.byte	9
 165 008d 50       		.byte	80
 166 008e 01       		.byte	1
 167 008f 40       		.byte	64
 168 0090 03       		.byte	3
 169 0091 51       		.byte	81
 170 0092 01       		.byte	1
 171 0093 40       		.byte	64
ARM GAS  C:\Users\Charlie\AppData\Local\Temp\ccK5JOEm.s 			page 4


 172 0094 D6       		.byte	-42
 173 0095 40       		.byte	64
 174 0096 00       		.byte	0
 175 0097 13       		.byte	19
 176 0098 01       		.byte	1
 177 0099 15       		.byte	21
 178 009a 27       		.byte	39
 179 009b 84       		.byte	-124
 180 009c 83       		.byte	-125
 181 009d 0F       		.byte	15
 182 009e 84       		.byte	-124
 183 009f 38       		.byte	56
 184 00a0 84       		.byte	-124
 185 00a1 72       		.byte	114
 186 00a2 8B       		.byte	-117
 187 00a3 05       		.byte	5
 188 00a4 15       		.byte	21
 189 00a5 03       		.byte	3
 190 00a6 1B       		.byte	27
 191 00a7 01       		.byte	1
 192 00a8 25       		.byte	37
 193 00a9 02       		.byte	2
 194 00aa 2A       		.byte	42
 195 00ab 01       		.byte	1
 196 00ac 2D       		.byte	45
 197 00ad 03       		.byte	3
 198 00ae 32       		.byte	50
 199 00af 01       		.byte	1
 200 00b0 35       		.byte	53
 201 00b1 03       		.byte	3
 202 00b2 39       		.byte	57
 203 00b3 20       		.byte	32
 204 00b4 3F       		.byte	63
 205 00b5 10       		.byte	16
 206 00b6 40       		.byte	64
 207 00b7 02       		.byte	2
 208 00b8 45       		.byte	69
 209 00b9 40       		.byte	64
 210 00ba 49       		.byte	73
 211 00bb FF       		.byte	-1
 212 00bc 4A       		.byte	74
 213 00bd 07       		.byte	7
 214 00be 4B       		.byte	75
 215 00bf FF       		.byte	-1
 216 00c0 4C       		.byte	76
 217 00c1 40       		.byte	64
 218 00c2 4D       		.byte	77
 219 00c3 20       		.byte	32
 220 00c4 4E       		.byte	78
 221 00c5 F0       		.byte	-16
 222 00c6 4F       		.byte	79
 223 00c7 05       		.byte	5
 224 00c8 50       		.byte	80
 225 00c9 08       		.byte	8
 226 00ca 58       		.byte	88
 227 00cb 04       		.byte	4
 228 00cc 59       		.byte	89
ARM GAS  C:\Users\Charlie\AppData\Local\Temp\ccK5JOEm.s 			page 5


 229 00cd 04       		.byte	4
 230 00ce 5A       		.byte	90
 231 00cf 04       		.byte	4
 232 00d0 5D       		.byte	93
 233 00d1 01       		.byte	1
 234 00d2 5F       		.byte	95
 235 00d3 01       		.byte	1
 236 00d4 60       		.byte	96
 237 00d5 40       		.byte	64
 238 00d6 61       		.byte	97
 239 00d7 A8       		.byte	-88
 240 00d8 62       		.byte	98
 241 00d9 40       		.byte	64
 242 00da 63       		.byte	99
 243 00db 20       		.byte	32
 244 00dc D8       		.byte	-40
 245 00dd 04       		.byte	4
 246 00de D9       		.byte	-39
 247 00df 04       		.byte	4
 248 00e0 DF       		.byte	-33
 249 00e1 01       		.byte	1
 250 00e2 00       		.byte	0
 251 00e3 50       		.byte	80
 252 00e4 04       		.byte	4
 253 00e5 60       		.byte	96
 254 00e6 08       		.byte	8
 255 00e7 10       		.byte	16
 256 00e8 0B       		.byte	11
 257 00e9 01       		.byte	1
 258 00ea 0F       		.byte	15
 259 00eb 05       		.byte	5
 260 00ec 10       		.byte	16
 261 00ed 48       		.byte	72
 262 00ee 13       		.byte	19
 263 00ef 84       		.byte	-124
 264 00f0 14       		.byte	20
 265 00f1 50       		.byte	80
 266 00f2 17       		.byte	23
 267 00f3 C0       		.byte	-64
 268 00f4 18       		.byte	24
 269 00f5 30       		.byte	48
 270 00f6 1B       		.byte	27
 271 00f7 08       		.byte	8
 272 00f8 20       		.byte	32
 273 00f9 04       		.byte	4
 274 00fa 28       		.byte	40
 275 00fb 40       		.byte	64
 276 00fc 29       		.byte	41
 277 00fd 20       		.byte	32
 278 00fe 2B       		.byte	43
 279 00ff 92       		.byte	-110
 280 0100 2F       		.byte	47
 281 0101 88       		.byte	-120
 282 0102 30       		.byte	48
 283 0103 20       		.byte	32
 284 0104 31       		.byte	49
 285 0105 20       		.byte	32
ARM GAS  C:\Users\Charlie\AppData\Local\Temp\ccK5JOEm.s 			page 6


 286 0106 32       		.byte	50
 287 0107 08       		.byte	8
 288 0108 33       		.byte	51
 289 0109 40       		.byte	64
 290 010a 34       		.byte	52
 291 010b 10       		.byte	16
 292 010c 35       		.byte	53
 293 010d 20       		.byte	32
 294 010e 37       		.byte	55
 295 010f 80       		.byte	-128
 296 0110 38       		.byte	56
 297 0111 50       		.byte	80
 298 0112 39       		.byte	57
 299 0113 01       		.byte	1
 300 0114 3B       		.byte	59
 301 0115 05       		.byte	5
 302 0116 3C       		.byte	60
 303 0117 40       		.byte	64
 304 0118 3D       		.byte	61
 305 0119 01       		.byte	1
 306 011a 3F       		.byte	63
 307 011b 04       		.byte	4
 308 011c 40       		.byte	64
 309 011d 04       		.byte	4
 310 011e 48       		.byte	72
 311 011f A0       		.byte	-96
 312 0120 C0       		.byte	-64
 313 0121 C3       		.byte	-61
 314 0122 C2       		.byte	-62
 315 0123 C3       		.byte	-61
 316 0124 C4       		.byte	-60
 317 0125 BF       		.byte	-65
 318 0126 CA       		.byte	-54
 319 0127 AF       		.byte	-81
 320 0128 CC       		.byte	-52
 321 0129 3E       		.byte	62
 322 012a CE       		.byte	-50
 323 012b DF       		.byte	-33
 324 012c D0       		.byte	-48
 325 012d 04       		.byte	4
 326 012e 01       		.byte	1
 327 012f 01       		.byte	1
 328 0130 03       		.byte	3
 329 0131 02       		.byte	2
 330 0132 05       		.byte	5
 331 0133 03       		.byte	3
 332 0134 08       		.byte	8
 333 0135 0E       		.byte	14
 334 0136 09       		.byte	9
 335 0137 01       		.byte	1
 336 0138 0A       		.byte	10
 337 0139 01       		.byte	1
 338 013a 0B       		.byte	11
 339 013b 02       		.byte	2
 340 013c 0E       		.byte	14
 341 013d 0F       		.byte	15
 342 013e 0F       		.byte	15
ARM GAS  C:\Users\Charlie\AppData\Local\Temp\ccK5JOEm.s 			page 7


 343 013f 03       		.byte	3
 344 0140 10       		.byte	16
 345 0141 09       		.byte	9
 346 0142 12       		.byte	18
 347 0143 06       		.byte	6
 348 0144 18       		.byte	24
 349 0145 0F       		.byte	15
 350 0146 1C       		.byte	28
 351 0147 05       		.byte	5
 352 0148 1D       		.byte	29
 353 0149 03       		.byte	3
 354 014a 1E       		.byte	30
 355 014b 0A       		.byte	10
 356 014c 21       		.byte	33
 357 014d 03       		.byte	3
 358 014e 24       		.byte	36
 359 014f 0F       		.byte	15
 360 0150 29       		.byte	41
 361 0151 03       		.byte	3
 362 0152 2C       		.byte	44
 363 0153 0F       		.byte	15
 364 0154 30       		.byte	48
 365 0155 08       		.byte	8
 366 0156 31       		.byte	49
 367 0157 01       		.byte	1
 368 0158 32       		.byte	50
 369 0159 04       		.byte	4
 370 015a 34       		.byte	52
 371 015b 02       		.byte	2
 372 015c 35       		.byte	53
 373 015d 02       		.byte	2
 374 015e 36       		.byte	54
 375 015f 01       		.byte	1
 376 0160 58       		.byte	88
 377 0161 04       		.byte	4
 378 0162 59       		.byte	89
 379 0163 04       		.byte	4
 380 0164 5F       		.byte	95
 381 0165 01       		.byte	1
 382 0166 86       		.byte	-122
 383 0167 03       		.byte	3
 384 0168 88       		.byte	-120
 385 0169 40       		.byte	64
 386 016a 8C       		.byte	-116
 387 016b 2C       		.byte	44
 388 016c 8E       		.byte	-114
 389 016d 11       		.byte	17
 390 016e 90       		.byte	-112
 391 016f 14       		.byte	20
 392 0170 96       		.byte	-106
 393 0171 20       		.byte	32
 394 0172 9A       		.byte	-102
 395 0173 20       		.byte	32
 396 0174 9C       		.byte	-100
 397 0175 09       		.byte	9
 398 0176 9E       		.byte	-98
 399 0177 10       		.byte	16
ARM GAS  C:\Users\Charlie\AppData\Local\Temp\ccK5JOEm.s 			page 8


 400 0178 A0       		.byte	-96
 401 0179 10       		.byte	16
 402 017a A4       		.byte	-92
 403 017b 1C       		.byte	28
 404 017c A6       		.byte	-90
 405 017d 22       		.byte	34
 406 017e A8       		.byte	-88
 407 017f 30       		.byte	48
 408 0180 AA       		.byte	-86
 409 0181 0C       		.byte	12
 410 0182 B2       		.byte	-78
 411 0183 40       		.byte	64
 412 0184 B4       		.byte	-76
 413 0185 1F       		.byte	31
 414 0186 B6       		.byte	-74
 415 0187 20       		.byte	32
 416 0188 BE       		.byte	-66
 417 0189 44       		.byte	68
 418 018a D4       		.byte	-44
 419 018b 01       		.byte	1
 420 018c D8       		.byte	-40
 421 018d 04       		.byte	4
 422 018e D9       		.byte	-39
 423 018f 04       		.byte	4
 424 0190 DB       		.byte	-37
 425 0191 04       		.byte	4
 426 0192 DC       		.byte	-36
 427 0193 01       		.byte	1
 428 0194 DD       		.byte	-35
 429 0195 10       		.byte	16
 430 0196 DF       		.byte	-33
 431 0197 01       		.byte	1
 432 0198 00       		.byte	0
 433 0199 24       		.byte	36
 434 019a 03       		.byte	3
 435 019b 02       		.byte	2
 436 019c 04       		.byte	4
 437 019d 60       		.byte	96
 438 019e 09       		.byte	9
 439 019f 28       		.byte	40
 440 01a0 0A       		.byte	10
 441 01a1 10       		.byte	16
 442 01a2 0B       		.byte	11
 443 01a3 82       		.byte	-126
 444 01a4 0D       		.byte	13
 445 01a5 01       		.byte	1
 446 01a6 0F       		.byte	15
 447 01a7 06       		.byte	6
 448 01a8 10       		.byte	16
 449 01a9 90       		.byte	-112
 450 01aa 12       		.byte	18
 451 01ab 08       		.byte	8
 452 01ac 16       		.byte	22
 453 01ad 12       		.byte	18
 454 01ae 18       		.byte	24
 455 01af 04       		.byte	4
 456 01b0 19       		.byte	25
ARM GAS  C:\Users\Charlie\AppData\Local\Temp\ccK5JOEm.s 			page 9


 457 01b1 44       		.byte	68
 458 01b2 1C       		.byte	28
 459 01b3 80       		.byte	-128
 460 01b4 1E       		.byte	30
 461 01b5 06       		.byte	6
 462 01b6 1F       		.byte	31
 463 01b7 04       		.byte	4
 464 01b8 27       		.byte	39
 465 01b9 48       		.byte	72
 466 01ba 28       		.byte	40
 467 01bb 10       		.byte	16
 468 01bc 29       		.byte	41
 469 01bd 20       		.byte	32
 470 01be 2A       		.byte	42
 471 01bf 10       		.byte	16
 472 01c0 2B       		.byte	43
 473 01c1 91       		.byte	-111
 474 01c2 2D       		.byte	45
 475 01c3 20       		.byte	32
 476 01c4 2E       		.byte	46
 477 01c5 02       		.byte	2
 478 01c6 2F       		.byte	47
 479 01c7 80       		.byte	-128
 480 01c8 37       		.byte	55
 481 01c9 80       		.byte	-128
 482 01ca 38       		.byte	56
 483 01cb 60       		.byte	96
 484 01cc 39       		.byte	57
 485 01cd 02       		.byte	2
 486 01ce 3B       		.byte	59
 487 01cf 04       		.byte	4
 488 01d0 3C       		.byte	60
 489 01d1 40       		.byte	64
 490 01d2 3D       		.byte	61
 491 01d3 01       		.byte	1
 492 01d4 3F       		.byte	63
 493 01d5 14       		.byte	20
 494 01d6 59       		.byte	89
 495 01d7 44       		.byte	68
 496 01d8 5A       		.byte	90
 497 01d9 11       		.byte	17
 498 01da 84       		.byte	-124
 499 01db 40       		.byte	64
 500 01dc 8C       		.byte	-116
 501 01dd 04       		.byte	4
 502 01de 8F       		.byte	-113
 503 01df 40       		.byte	64
 504 01e0 90       		.byte	-112
 505 01e1 20       		.byte	32
 506 01e2 94       		.byte	-108
 507 01e3 40       		.byte	64
 508 01e4 95       		.byte	-107
 509 01e5 01       		.byte	1
 510 01e6 97       		.byte	-105
 511 01e7 04       		.byte	4
 512 01e8 9D       		.byte	-99
 513 01e9 20       		.byte	32
ARM GAS  C:\Users\Charlie\AppData\Local\Temp\ccK5JOEm.s 			page 10


 514 01ea 9F       		.byte	-97
 515 01eb 80       		.byte	-128
 516 01ec A0       		.byte	-96
 517 01ed 80       		.byte	-128
 518 01ee A1       		.byte	-95
 519 01ef 20       		.byte	32
 520 01f0 A2       		.byte	-94
 521 01f1 40       		.byte	64
 522 01f2 A4       		.byte	-92
 523 01f3 08       		.byte	8
 524 01f4 A6       		.byte	-90
 525 01f5 08       		.byte	8
 526 01f6 A7       		.byte	-89
 527 01f7 92       		.byte	-110
 528 01f8 AE       		.byte	-82
 529 01f9 40       		.byte	64
 530 01fa C0       		.byte	-64
 531 01fb C7       		.byte	-57
 532 01fc C2       		.byte	-62
 533 01fd DF       		.byte	-33
 534 01fe C4       		.byte	-60
 535 01ff AE       		.byte	-82
 536 0200 CA       		.byte	-54
 537 0201 AD       		.byte	-83
 538 0202 CC       		.byte	-52
 539 0203 10       		.byte	16
 540 0204 CE       		.byte	-50
 541 0205 FF       		.byte	-1
 542 0206 D6       		.byte	-42
 543 0207 0F       		.byte	15
 544 0208 E2       		.byte	-30
 545 0209 10       		.byte	16
 546 020a 07       		.byte	7
 547 020b 02       		.byte	2
 548 020c 12       		.byte	18
 549 020d 02       		.byte	2
 550 020e 1A       		.byte	26
 551 020f 01       		.byte	1
 552 0210 27       		.byte	39
 553 0211 04       		.byte	4
 554 0212 2B       		.byte	43
 555 0213 01       		.byte	1
 556 0214 30       		.byte	48
 557 0215 01       		.byte	1
 558 0216 31       		.byte	49
 559 0217 02       		.byte	2
 560 0218 34       		.byte	52
 561 0219 02       		.byte	2
 562 021a 35       		.byte	53
 563 021b 01       		.byte	1
 564 021c 37       		.byte	55
 565 021d 04       		.byte	4
 566 021e 40       		.byte	64
 567 021f 62       		.byte	98
 568 0220 41       		.byte	65
 569 0221 04       		.byte	4
 570 0222 45       		.byte	69
ARM GAS  C:\Users\Charlie\AppData\Local\Temp\ccK5JOEm.s 			page 11


 571 0223 0E       		.byte	14
 572 0224 46       		.byte	70
 573 0225 0B       		.byte	11
 574 0226 47       		.byte	71
 575 0227 0C       		.byte	12
 576 0228 48       		.byte	72
 577 0229 15       		.byte	21
 578 022a 49       		.byte	73
 579 022b FF       		.byte	-1
 580 022c 4A       		.byte	74
 581 022d FF       		.byte	-1
 582 022e 4B       		.byte	75
 583 022f FF       		.byte	-1
 584 0230 4E       		.byte	78
 585 0231 F0       		.byte	-16
 586 0232 4F       		.byte	79
 587 0233 44       		.byte	68
 588 0234 50       		.byte	80
 589 0235 0C       		.byte	12
 590 0236 54       		.byte	84
 591 0237 18       		.byte	24
 592 0238 58       		.byte	88
 593 0239 04       		.byte	4
 594 023a 59       		.byte	89
 595 023b 04       		.byte	4
 596 023c 5A       		.byte	90
 597 023d 04       		.byte	4
 598 023e 5B       		.byte	91
 599 023f 04       		.byte	4
 600 0240 5D       		.byte	93
 601 0241 11       		.byte	17
 602 0242 5F       		.byte	95
 603 0243 01       		.byte	1
 604 0244 66       		.byte	102
 605 0245 C0       		.byte	-64
 606 0246 6A       		.byte	106
 607 0247 40       		.byte	64
 608 0248 6B       		.byte	107
 609 0249 02       		.byte	2
 610 024a D8       		.byte	-40
 611 024b 04       		.byte	4
 612 024c D9       		.byte	-39
 613 024d 04       		.byte	4
 614 024e DF       		.byte	-33
 615 024f 01       		.byte	1
 616 0250 00       		.byte	0
 617 0251 40       		.byte	64
 618 0252 01       		.byte	1
 619 0253 21       		.byte	33
 620 0254 04       		.byte	4
 621 0255 68       		.byte	104
 622 0256 08       		.byte	8
 623 0257 01       		.byte	1
 624 0258 0A       		.byte	10
 625 0259 04       		.byte	4
 626 025a 0B       		.byte	11
 627 025b 10       		.byte	16
ARM GAS  C:\Users\Charlie\AppData\Local\Temp\ccK5JOEm.s 			page 12


 628 025c 0F       		.byte	15
 629 025d 06       		.byte	6
 630 025e 12       		.byte	18
 631 025f 80       		.byte	-128
 632 0260 13       		.byte	19
 633 0261 84       		.byte	-124
 634 0262 17       		.byte	23
 635 0263 82       		.byte	-126
 636 0264 18       		.byte	24
 637 0265 08       		.byte	8
 638 0266 19       		.byte	25
 639 0267 20       		.byte	32
 640 0268 1A       		.byte	26
 641 0269 08       		.byte	8
 642 026a 1B       		.byte	27
 643 026b 01       		.byte	1
 644 026c 21       		.byte	33
 645 026d 01       		.byte	1
 646 026e 22       		.byte	34
 647 026f D1       		.byte	-47
 648 0270 23       		.byte	35
 649 0271 86       		.byte	-122
 650 0272 28       		.byte	40
 651 0273 24       		.byte	36
 652 0274 2B       		.byte	43
 653 0275 01       		.byte	1
 654 0276 2D       		.byte	45
 655 0277 20       		.byte	32
 656 0278 2F       		.byte	47
 657 0279 80       		.byte	-128
 658 027a 32       		.byte	50
 659 027b 54       		.byte	84
 660 027c 37       		.byte	55
 661 027d 80       		.byte	-128
 662 027e 38       		.byte	56
 663 027f 60       		.byte	96
 664 0280 39       		.byte	57
 665 0281 02       		.byte	2
 666 0282 3A       		.byte	58
 667 0283 08       		.byte	8
 668 0284 3B       		.byte	59
 669 0285 10       		.byte	16
 670 0286 3C       		.byte	60
 671 0287 40       		.byte	64
 672 0288 3D       		.byte	61
 673 0289 01       		.byte	1
 674 028a 3F       		.byte	63
 675 028b 16       		.byte	22
 676 028c 41       		.byte	65
 677 028d 20       		.byte	32
 678 028e 43       		.byte	67
 679 028f 12       		.byte	18
 680 0290 48       		.byte	72
 681 0291 10       		.byte	16
 682 0292 4A       		.byte	74
 683 0293 08       		.byte	8
 684 0294 51       		.byte	81
ARM GAS  C:\Users\Charlie\AppData\Local\Temp\ccK5JOEm.s 			page 13


 685 0295 08       		.byte	8
 686 0296 53       		.byte	83
 687 0297 40       		.byte	64
 688 0298 59       		.byte	89
 689 0299 01       		.byte	1
 690 029a 62       		.byte	98
 691 029b 50       		.byte	80
 692 029c 7E       		.byte	126
 693 029d 40       		.byte	64
 694 029e 7F       		.byte	127
 695 029f 80       		.byte	-128
 696 02a0 90       		.byte	-112
 697 02a1 20       		.byte	32
 698 02a2 94       		.byte	-108
 699 02a3 40       		.byte	64
 700 02a4 95       		.byte	-107
 701 02a5 03       		.byte	3
 702 02a6 97       		.byte	-105
 703 02a7 96       		.byte	-106
 704 02a8 9D       		.byte	-99
 705 02a9 20       		.byte	32
 706 02aa 9F       		.byte	-97
 707 02ab 80       		.byte	-128
 708 02ac A0       		.byte	-96
 709 02ad 80       		.byte	-128
 710 02ae A1       		.byte	-95
 711 02af 20       		.byte	32
 712 02b0 A2       		.byte	-94
 713 02b1 40       		.byte	64
 714 02b2 A4       		.byte	-92
 715 02b3 18       		.byte	24
 716 02b4 A5       		.byte	-91
 717 02b5 08       		.byte	8
 718 02b6 A6       		.byte	-90
 719 02b7 08       		.byte	8
 720 02b8 A7       		.byte	-89
 721 02b9 93       		.byte	-109
 722 02ba AA       		.byte	-86
 723 02bb 01       		.byte	1
 724 02bc B0       		.byte	-80
 725 02bd 10       		.byte	16
 726 02be B2       		.byte	-78
 727 02bf 05       		.byte	5
 728 02c0 B3       		.byte	-77
 729 02c1 04       		.byte	4
 730 02c2 B7       		.byte	-73
 731 02c3 08       		.byte	8
 732 02c4 C0       		.byte	-64
 733 02c5 EB       		.byte	-21
 734 02c6 C2       		.byte	-62
 735 02c7 CE       		.byte	-50
 736 02c8 C4       		.byte	-60
 737 02c9 9D       		.byte	-99
 738 02ca CA       		.byte	-54
 739 02cb AE       		.byte	-82
 740 02cc CC       		.byte	-52
 741 02cd 1E       		.byte	30
ARM GAS  C:\Users\Charlie\AppData\Local\Temp\ccK5JOEm.s 			page 14


 742 02ce CE       		.byte	-50
 743 02cf FF       		.byte	-1
 744 02d0 D0       		.byte	-48
 745 02d1 05       		.byte	5
 746 02d2 D2       		.byte	-46
 747 02d3 04       		.byte	4
 748 02d4 D6       		.byte	-42
 749 02d5 01       		.byte	1
 750 02d6 D8       		.byte	-40
 751 02d7 0C       		.byte	12
 752 02d8 EA       		.byte	-22
 753 02d9 80       		.byte	-128
 754 02da EE       		.byte	-18
 755 02db 60       		.byte	96
 756 02dc 58       		.byte	88
 757 02dd 04       		.byte	4
 758 02de 59       		.byte	89
 759 02df 04       		.byte	4
 760 02e0 5F       		.byte	95
 761 02e1 01       		.byte	1
 762 02e2 80       		.byte	-128
 763 02e3 11       		.byte	17
 764 02e4 82       		.byte	-126
 765 02e5 0E       		.byte	14
 766 02e6 84       		.byte	-124
 767 02e7 20       		.byte	32
 768 02e8 85       		.byte	-123
 769 02e9 03       		.byte	3
 770 02ea 86       		.byte	-122
 771 02eb 03       		.byte	3
 772 02ec 87       		.byte	-121
 773 02ed 0C       		.byte	12
 774 02ee 89       		.byte	-119
 775 02ef 10       		.byte	16
 776 02f0 8D       		.byte	-115
 777 02f1 10       		.byte	16
 778 02f2 8E       		.byte	-114
 779 02f3 80       		.byte	-128
 780 02f4 91       		.byte	-111
 781 02f5 10       		.byte	16
 782 02f6 92       		.byte	-110
 783 02f7 80       		.byte	-128
 784 02f8 94       		.byte	-108
 785 02f9 80       		.byte	-128
 786 02fa 95       		.byte	-107
 787 02fb 03       		.byte	3
 788 02fc 97       		.byte	-105
 789 02fd 04       		.byte	4
 790 02fe 98       		.byte	-104
 791 02ff 4C       		.byte	76
 792 0300 9A       		.byte	-102
 793 0301 13       		.byte	19
 794 0302 9B       		.byte	-101
 795 0303 05       		.byte	5
 796 0304 9E       		.byte	-98
 797 0305 4C       		.byte	76
 798 0306 9F       		.byte	-97
ARM GAS  C:\Users\Charlie\AppData\Local\Temp\ccK5JOEm.s 			page 15


 799 0307 08       		.byte	8
 800 0308 A2       		.byte	-94
 801 0309 08       		.byte	8
 802 030a A3       		.byte	-93
 803 030b 20       		.byte	32
 804 030c A4       		.byte	-92
 805 030d 80       		.byte	-128
 806 030e A5       		.byte	-91
 807 030f 0A       		.byte	10
 808 0310 A7       		.byte	-89
 809 0311 04       		.byte	4
 810 0312 A8       		.byte	-88
 811 0313 11       		.byte	17
 812 0314 AA       		.byte	-86
 813 0315 46       		.byte	70
 814 0316 AB       		.byte	-85
 815 0317 20       		.byte	32
 816 0318 AD       		.byte	-83
 817 0319 03       		.byte	3
 818 031a AF       		.byte	-81
 819 031b 04       		.byte	4
 820 031c B0       		.byte	-80
 821 031d 4A       		.byte	74
 822 031e B1       		.byte	-79
 823 031f 20       		.byte	32
 824 0320 B2       		.byte	-78
 825 0321 80       		.byte	-128
 826 0322 B3       		.byte	-77
 827 0323 0F       		.byte	15
 828 0324 B4       		.byte	-76
 829 0325 0F       		.byte	15
 830 0326 B6       		.byte	-74
 831 0327 30       		.byte	48
 832 0328 B7       		.byte	-73
 833 0329 10       		.byte	16
 834 032a B8       		.byte	-72
 835 032b 88       		.byte	-120
 836 032c BA       		.byte	-70
 837 032d 22       		.byte	34
 838 032e BB       		.byte	-69
 839 032f 08       		.byte	8
 840 0330 BF       		.byte	-65
 841 0331 01       		.byte	1
 842 0332 D2       		.byte	-46
 843 0333 03       		.byte	3
 844 0334 D3       		.byte	-45
 845 0335 02       		.byte	2
 846 0336 D8       		.byte	-40
 847 0337 04       		.byte	4
 848 0338 D9       		.byte	-39
 849 0339 04       		.byte	4
 850 033a DB       		.byte	-37
 851 033b 04       		.byte	4
 852 033c DC       		.byte	-36
 853 033d 11       		.byte	17
 854 033e DF       		.byte	-33
 855 033f 01       		.byte	1
ARM GAS  C:\Users\Charlie\AppData\Local\Temp\ccK5JOEm.s 			page 16


 856 0340 01       		.byte	1
 857 0341 82       		.byte	-126
 858 0342 03       		.byte	3
 859 0343 10       		.byte	16
 860 0344 04       		.byte	4
 861 0345 40       		.byte	64
 862 0346 05       		.byte	5
 863 0347 20       		.byte	32
 864 0348 07       		.byte	7
 865 0349 80       		.byte	-128
 866 034a 0A       		.byte	10
 867 034b 48       		.byte	72
 868 034c 0B       		.byte	11
 869 034d 12       		.byte	18
 870 034e 0F       		.byte	15
 871 034f 06       		.byte	6
 872 0350 10       		.byte	16
 873 0351 80       		.byte	-128
 874 0352 12       		.byte	18
 875 0353 18       		.byte	24
 876 0354 14       		.byte	20
 877 0355 40       		.byte	64
 878 0356 16       		.byte	22
 879 0357 A0       		.byte	-96
 880 0358 19       		.byte	25
 881 0359 42       		.byte	66
 882 035a 1A       		.byte	26
 883 035b 08       		.byte	8
 884 035c 1B       		.byte	27
 885 035d 16       		.byte	22
 886 035e 20       		.byte	32
 887 035f 02       		.byte	2
 888 0360 21       		.byte	33
 889 0361 04       		.byte	4
 890 0362 22       		.byte	34
 891 0363 0A       		.byte	10
 892 0364 2A       		.byte	42
 893 0365 02       		.byte	2
 894 0366 2B       		.byte	43
 895 0367 16       		.byte	22
 896 0368 2D       		.byte	45
 897 0369 01       		.byte	1
 898 036a 2E       		.byte	46
 899 036b A0       		.byte	-96
 900 036c 31       		.byte	49
 901 036d 48       		.byte	72
 902 036e 33       		.byte	51
 903 036f 11       		.byte	17
 904 0370 35       		.byte	53
 905 0371 20       		.byte	32
 906 0372 37       		.byte	55
 907 0373 80       		.byte	-128
 908 0374 39       		.byte	57
 909 0375 28       		.byte	40
 910 0376 3B       		.byte	59
 911 0377 80       		.byte	-128
 912 0378 3C       		.byte	60
ARM GAS  C:\Users\Charlie\AppData\Local\Temp\ccK5JOEm.s 			page 17


 913 0379 40       		.byte	64
 914 037a 3F       		.byte	63
 915 037b 04       		.byte	4
 916 037c 65       		.byte	101
 917 037d 40       		.byte	64
 918 037e 67       		.byte	103
 919 037f 02       		.byte	2
 920 0380 69       		.byte	105
 921 0381 40       		.byte	64
 922 0382 6A       		.byte	106
 923 0383 10       		.byte	16
 924 0384 81       		.byte	-127
 925 0385 40       		.byte	64
 926 0386 90       		.byte	-112
 927 0387 20       		.byte	32
 928 0388 91       		.byte	-111
 929 0389 01       		.byte	1
 930 038a 92       		.byte	-110
 931 038b A2       		.byte	-94
 932 038c 93       		.byte	-109
 933 038d 04       		.byte	4
 934 038e 94       		.byte	-108
 935 038f 40       		.byte	64
 936 0390 96       		.byte	-106
 937 0391 04       		.byte	4
 938 0392 97       		.byte	-105
 939 0393 02       		.byte	2
 940 0394 99       		.byte	-103
 941 0395 20       		.byte	32
 942 0396 9B       		.byte	-101
 943 0397 90       		.byte	-112
 944 0398 9C       		.byte	-100
 945 0399 25       		.byte	37
 946 039a 9D       		.byte	-99
 947 039b 01       		.byte	1
 948 039c 9E       		.byte	-98
 949 039d 48       		.byte	72
 950 039e A0       		.byte	-96
 951 039f 80       		.byte	-128
 952 03a0 A1       		.byte	-95
 953 03a1 08       		.byte	8
 954 03a2 A2       		.byte	-94
 955 03a3 40       		.byte	64
 956 03a4 A3       		.byte	-93
 957 03a5 01       		.byte	1
 958 03a6 A4       		.byte	-92
 959 03a7 08       		.byte	8
 960 03a8 A6       		.byte	-90
 961 03a9 0A       		.byte	10
 962 03aa A7       		.byte	-89
 963 03ab 12       		.byte	18
 964 03ac B2       		.byte	-78
 965 03ad 12       		.byte	18
 966 03ae C0       		.byte	-64
 967 03af DD       		.byte	-35
 968 03b0 C2       		.byte	-62
 969 03b1 CF       		.byte	-49
ARM GAS  C:\Users\Charlie\AppData\Local\Temp\ccK5JOEm.s 			page 18


 970 03b2 C4       		.byte	-60
 971 03b3 3E       		.byte	62
 972 03b4 CA       		.byte	-54
 973 03b5 BF       		.byte	-65
 974 03b6 CC       		.byte	-52
 975 03b7 3F       		.byte	63
 976 03b8 CE       		.byte	-50
 977 03b9 5E       		.byte	94
 978 03ba E4       		.byte	-28
 979 03bb 04       		.byte	4
 980 03bc EE       		.byte	-18
 981 03bd 04       		.byte	4
 982 03be 80       		.byte	-128
 983 03bf 08       		.byte	8
 984 03c0 9A       		.byte	-102
 985 03c1 01       		.byte	1
 986 03c2 A0       		.byte	-96
 987 03c3 02       		.byte	2
 988 03c4 B0       		.byte	-80
 989 03c5 02       		.byte	2
 990 03c6 EE       		.byte	-18
 991 03c7 04       		.byte	4
 992 03c8 9A       		.byte	-102
 993 03c9 01       		.byte	1
 994 03ca 8E       		.byte	-114
 995 03cb 01       		.byte	1
 996 03cc E4       		.byte	-28
 997 03cd 40       		.byte	64
 998 03ce 02       		.byte	2
 999 03cf E3       		.byte	-29
 1000 03d0 03       		.byte	3
 1001 03d1 04       		.byte	4
 1002 03d2 04       		.byte	4
 1003 03d3 41       		.byte	65
 1004 03d4 06       		.byte	6
 1005 03d5 10       		.byte	16
 1006 03d6 09       		.byte	9
 1007 03d7 08       		.byte	8
 1008 03d8 0C       		.byte	12
 1009 03d9 0F       		.byte	15
 1010 03da 0E       		.byte	14
 1011 03db E0       		.byte	-32
 1012 03dc 0F       		.byte	15
 1013 03dd 10       		.byte	16
 1014 03de 10       		.byte	16
 1015 03df 2C       		.byte	44
 1016 03e0 12       		.byte	18
 1017 03e1 C3       		.byte	-61
 1018 03e2 14       		.byte	20
 1019 03e3 E3       		.byte	-29
 1020 03e4 16       		.byte	22
 1021 03e5 0C       		.byte	12
 1022 03e6 17       		.byte	23
 1023 03e7 08       		.byte	8
 1024 03e8 18       		.byte	24
 1025 03e9 82       		.byte	-126
 1026 03ea 19       		.byte	25
ARM GAS  C:\Users\Charlie\AppData\Local\Temp\ccK5JOEm.s 			page 19


 1027 03eb 04       		.byte	4
 1028 03ec 1C       		.byte	28
 1029 03ed C3       		.byte	-61
 1030 03ee 1D       		.byte	29
 1031 03ef 01       		.byte	1
 1032 03f0 20       		.byte	32
 1033 03f1 08       		.byte	8
 1034 03f2 23       		.byte	35
 1035 03f3 02       		.byte	2
 1036 03f4 24       		.byte	36
 1037 03f5 04       		.byte	4
 1038 03f6 27       		.byte	39
 1039 03f7 01       		.byte	1
 1040 03f8 28       		.byte	40
 1041 03f9 0C       		.byte	12
 1042 03fa 29       		.byte	41
 1043 03fb 02       		.byte	2
 1044 03fc 2C       		.byte	44
 1045 03fd EF       		.byte	-17
 1046 03fe 30       		.byte	48
 1047 03ff C0       		.byte	-64
 1048 0400 31       		.byte	49
 1049 0401 1F       		.byte	31
 1050 0402 32       		.byte	50
 1051 0403 0F       		.byte	15
 1052 0404 34       		.byte	52
 1053 0405 2C       		.byte	44
 1054 0406 36       		.byte	54
 1055 0407 10       		.byte	16
 1056 0408 39       		.byte	57
 1057 0409 02       		.byte	2
 1058 040a 3A       		.byte	58
 1059 040b 08       		.byte	8
 1060 040c 3F       		.byte	63
 1061 040d 01       		.byte	1
 1062 040e 56       		.byte	86
 1063 040f 02       		.byte	2
 1064 0410 57       		.byte	87
 1065 0411 12       		.byte	18
 1066 0412 58       		.byte	88
 1067 0413 04       		.byte	4
 1068 0414 59       		.byte	89
 1069 0415 04       		.byte	4
 1070 0416 5B       		.byte	91
 1071 0417 04       		.byte	4
 1072 0418 5C       		.byte	92
 1073 0419 01       		.byte	1
 1074 041a 5D       		.byte	93
 1075 041b 10       		.byte	16
 1076 041c 5F       		.byte	95
 1077 041d 01       		.byte	1
 1078 041e D8       		.byte	-40
 1079 041f 04       		.byte	4
 1080 0420 D9       		.byte	-39
 1081 0421 04       		.byte	4
 1082 0422 DF       		.byte	-33
 1083 0423 01       		.byte	1
ARM GAS  C:\Users\Charlie\AppData\Local\Temp\ccK5JOEm.s 			page 20


 1084 0424 00       		.byte	0
 1085 0425 02       		.byte	2
 1086 0426 01       		.byte	1
 1087 0427 80       		.byte	-128
 1088 0428 03       		.byte	3
 1089 0429 20       		.byte	32
 1090 042a 05       		.byte	5
 1091 042b 20       		.byte	32
 1092 042c 07       		.byte	7
 1093 042d 50       		.byte	80
 1094 042e 09       		.byte	9
 1095 042f 50       		.byte	80
 1096 0430 0A       		.byte	10
 1097 0431 50       		.byte	80
 1098 0432 0C       		.byte	12
 1099 0433 40       		.byte	64
 1100 0434 0D       		.byte	13
 1101 0435 02       		.byte	2
 1102 0436 0F       		.byte	15
 1103 0437 02       		.byte	2
 1104 0438 13       		.byte	19
 1105 0439 A6       		.byte	-90
 1106 043a 15       		.byte	21
 1107 043b 14       		.byte	20
 1108 043c 18       		.byte	24
 1109 043d 04       		.byte	4
 1110 043e 19       		.byte	25
 1111 043f 09       		.byte	9
 1112 0440 1A       		.byte	26
 1113 0441 10       		.byte	16
 1114 0442 1B       		.byte	27
 1115 0443 80       		.byte	-128
 1116 0444 20       		.byte	32
 1117 0445 40       		.byte	64
 1118 0446 21       		.byte	33
 1119 0447 03       		.byte	3
 1120 0448 28       		.byte	40
 1121 0449 20       		.byte	32
 1122 044a 29       		.byte	41
 1123 044b 20       		.byte	32
 1124 044c 2A       		.byte	42
 1125 044d 01       		.byte	1
 1126 044e 2B       		.byte	43
 1127 044f 01       		.byte	1
 1128 0450 2C       		.byte	44
 1129 0451 40       		.byte	64
 1130 0452 2D       		.byte	45
 1131 0453 20       		.byte	32
 1132 0454 30       		.byte	48
 1133 0455 08       		.byte	8
 1134 0456 31       		.byte	49
 1135 0457 02       		.byte	2
 1136 0458 32       		.byte	50
 1137 0459 50       		.byte	80
 1138 045a 33       		.byte	51
 1139 045b 50       		.byte	80
 1140 045c 37       		.byte	55
ARM GAS  C:\Users\Charlie\AppData\Local\Temp\ccK5JOEm.s 			page 21


 1141 045d 50       		.byte	80
 1142 045e 38       		.byte	56
 1143 045f 20       		.byte	32
 1144 0460 39       		.byte	57
 1145 0461 15       		.byte	21
 1146 0462 3B       		.byte	59
 1147 0463 40       		.byte	64
 1148 0464 3C       		.byte	60
 1149 0465 40       		.byte	64
 1150 0466 3D       		.byte	61
 1151 0467 14       		.byte	20
 1152 0468 59       		.byte	89
 1153 0469 04       		.byte	4
 1154 046a 68       		.byte	104
 1155 046b 10       		.byte	16
 1156 046c 69       		.byte	105
 1157 046d 20       		.byte	32
 1158 046e 6B       		.byte	107
 1159 046f 01       		.byte	1
 1160 0470 71       		.byte	113
 1161 0471 88       		.byte	-120
 1162 0472 73       		.byte	115
 1163 0473 26       		.byte	38
 1164 0474 80       		.byte	-128
 1165 0475 34       		.byte	52
 1166 0476 81       		.byte	-127
 1167 0477 10       		.byte	16
 1168 0478 84       		.byte	-124
 1169 0479 10       		.byte	16
 1170 047a 85       		.byte	-123
 1171 047b 19       		.byte	25
 1172 047c 87       		.byte	-121
 1173 047d 40       		.byte	64
 1174 047e 89       		.byte	-119
 1175 047f 40       		.byte	64
 1176 0480 8A       		.byte	-118
 1177 0481 80       		.byte	-128
 1178 0482 8B       		.byte	-117
 1179 0483 20       		.byte	32
 1180 0484 8C       		.byte	-116
 1181 0485 04       		.byte	4
 1182 0486 90       		.byte	-112
 1183 0487 20       		.byte	32
 1184 0488 91       		.byte	-111
 1185 0489 05       		.byte	5
 1186 048a 92       		.byte	-110
 1187 048b E0       		.byte	-32
 1188 048c 93       		.byte	-109
 1189 048d 40       		.byte	64
 1190 048e 94       		.byte	-108
 1191 048f 48       		.byte	72
 1192 0490 95       		.byte	-107
 1193 0491 20       		.byte	32
 1194 0492 97       		.byte	-105
 1195 0493 84       		.byte	-124
 1196 0494 99       		.byte	-103
 1197 0495 A4       		.byte	-92
ARM GAS  C:\Users\Charlie\AppData\Local\Temp\ccK5JOEm.s 			page 22


 1198 0496 9A       		.byte	-102
 1199 0497 01       		.byte	1
 1200 0498 9B       		.byte	-101
 1201 0499 80       		.byte	-128
 1202 049a 9C       		.byte	-100
 1203 049b 20       		.byte	32
 1204 049c 9D       		.byte	-99
 1205 049d 09       		.byte	9
 1206 049e 9F       		.byte	-97
 1207 049f 01       		.byte	1
 1208 04a0 A0       		.byte	-96
 1209 04a1 09       		.byte	9
 1210 04a2 A3       		.byte	-93
 1211 04a3 01       		.byte	1
 1212 04a4 A5       		.byte	-91
 1213 04a5 88       		.byte	-120
 1214 04a6 A6       		.byte	-90
 1215 04a7 80       		.byte	-128
 1216 04a8 A7       		.byte	-89
 1217 04a9 80       		.byte	-128
 1218 04aa A9       		.byte	-87
 1219 04ab 20       		.byte	32
 1220 04ac AA       		.byte	-86
 1221 04ad 01       		.byte	1
 1222 04ae AE       		.byte	-82
 1223 04af 84       		.byte	-124
 1224 04b0 B0       		.byte	-80
 1225 04b1 04       		.byte	4
 1226 04b2 B1       		.byte	-79
 1227 04b3 05       		.byte	5
 1228 04b4 B2       		.byte	-78
 1229 04b5 01       		.byte	1
 1230 04b6 B3       		.byte	-77
 1231 04b7 01       		.byte	1
 1232 04b8 B6       		.byte	-74
 1233 04b9 10       		.byte	16
 1234 04ba B7       		.byte	-73
 1235 04bb 80       		.byte	-128
 1236 04bc C0       		.byte	-64
 1237 04bd 7D       		.byte	125
 1238 04be C2       		.byte	-62
 1239 04bf 9F       		.byte	-97
 1240 04c0 C4       		.byte	-60
 1241 04c1 6F       		.byte	111
 1242 04c2 CA       		.byte	-54
 1243 04c3 AF       		.byte	-81
 1244 04c4 CC       		.byte	-52
 1245 04c5 3F       		.byte	63
 1246 04c6 CE       		.byte	-50
 1247 04c7 7F       		.byte	127
 1248 04c8 D6       		.byte	-42
 1249 04c9 02       		.byte	2
 1250 04ca E0       		.byte	-32
 1251 04cb 0E       		.byte	14
 1252 04cc E2       		.byte	-30
 1253 04cd 01       		.byte	1
 1254 04ce E4       		.byte	-28
ARM GAS  C:\Users\Charlie\AppData\Local\Temp\ccK5JOEm.s 			page 23


 1255 04cf 0A       		.byte	10
 1256 04d0 E6       		.byte	-26
 1257 04d1 05       		.byte	5
 1258 04d2 E8       		.byte	-24
 1259 04d3 10       		.byte	16
 1260 04d4 EA       		.byte	-22
 1261 04d5 07       		.byte	7
 1262 04d6 EC       		.byte	-20
 1263 04d7 01       		.byte	1
 1264 04d8 56       		.byte	86
 1265 04d9 08       		.byte	8
 1266 04da 58       		.byte	88
 1267 04db 04       		.byte	4
 1268 04dc 59       		.byte	89
 1269 04dd 04       		.byte	4
 1270 04de 5B       		.byte	91
 1271 04df 04       		.byte	4
 1272 04e0 5D       		.byte	93
 1273 04e1 90       		.byte	-112
 1274 04e2 5F       		.byte	95
 1275 04e3 01       		.byte	1
 1276 04e4 81       		.byte	-127
 1277 04e5 04       		.byte	4
 1278 04e6 82       		.byte	-126
 1279 04e7 04       		.byte	4
 1280 04e8 84       		.byte	-124
 1281 04e9 67       		.byte	103
 1282 04ea 85       		.byte	-123
 1283 04eb 20       		.byte	32
 1284 04ec 86       		.byte	-122
 1285 04ed 18       		.byte	24
 1286 04ee 87       		.byte	-121
 1287 04ef 10       		.byte	16
 1288 04f0 8B       		.byte	-117
 1289 04f1 08       		.byte	8
 1290 04f2 8C       		.byte	-116
 1291 04f3 3C       		.byte	60
 1292 04f4 8D       		.byte	-115
 1293 04f5 80       		.byte	-128
 1294 04f6 8E       		.byte	-114
 1295 04f7 41       		.byte	65
 1296 04f8 8F       		.byte	-113
 1297 04f9 40       		.byte	64
 1298 04fa 90       		.byte	-112
 1299 04fb 3C       		.byte	60
 1300 04fc 91       		.byte	-111
 1301 04fd 10       		.byte	16
 1302 04fe 92       		.byte	-110
 1303 04ff 42       		.byte	66
 1304 0500 93       		.byte	-109
 1305 0501 20       		.byte	32
 1306 0502 94       		.byte	-108
 1307 0503 18       		.byte	24
 1308 0504 95       		.byte	-107
 1309 0505 08       		.byte	8
 1310 0506 9B       		.byte	-101
 1311 0507 04       		.byte	4
ARM GAS  C:\Users\Charlie\AppData\Local\Temp\ccK5JOEm.s 			page 24


 1312 0508 9C       		.byte	-100
 1313 0509 10       		.byte	16
 1314 050a 9F       		.byte	-97
 1315 050b 01       		.byte	1
 1316 050c A0       		.byte	-96
 1317 050d 04       		.byte	4
 1318 050e A1       		.byte	-95
 1319 050f 02       		.byte	2
 1320 0510 A4       		.byte	-92
 1321 0511 08       		.byte	8
 1322 0512 A5       		.byte	-91
 1323 0513 01       		.byte	1
 1324 0514 A8       		.byte	-88
 1325 0515 7F       		.byte	127
 1326 0516 AB       		.byte	-85
 1327 0517 02       		.byte	2
 1328 0518 AD       		.byte	-83
 1329 0519 40       		.byte	64
 1330 051a AE       		.byte	-82
 1331 051b 43       		.byte	67
 1332 051c AF       		.byte	-81
 1333 051d 80       		.byte	-128
 1334 051e B0       		.byte	-80
 1335 051f 1F       		.byte	31
 1336 0520 B1       		.byte	-79
 1337 0521 FF       		.byte	-1
 1338 0522 B2       		.byte	-78
 1339 0523 20       		.byte	32
 1340 0524 B6       		.byte	-74
 1341 0525 58       		.byte	88
 1342 0526 BA       		.byte	-70
 1343 0527 A2       		.byte	-94
 1344 0528 BE       		.byte	-66
 1345 0529 04       		.byte	4
 1346 052a BF       		.byte	-65
 1347 052b 01       		.byte	1
 1348 052c D4       		.byte	-44
 1349 052d 01       		.byte	1
 1350 052e D8       		.byte	-40
 1351 052f 04       		.byte	4
 1352 0530 D9       		.byte	-39
 1353 0531 04       		.byte	4
 1354 0532 DB       		.byte	-37
 1355 0533 0C       		.byte	12
 1356 0534 DC       		.byte	-36
 1357 0535 01       		.byte	1
 1358 0536 DF       		.byte	-33
 1359 0537 01       		.byte	1
 1360 0538 01       		.byte	1
 1361 0539 88       		.byte	-120
 1362 053a 02       		.byte	2
 1363 053b 10       		.byte	16
 1364 053c 03       		.byte	3
 1365 053d 80       		.byte	-128
 1366 053e 04       		.byte	4
 1367 053f 60       		.byte	96
 1368 0540 07       		.byte	7
ARM GAS  C:\Users\Charlie\AppData\Local\Temp\ccK5JOEm.s 			page 25


 1369 0541 10       		.byte	16
 1370 0542 09       		.byte	9
 1371 0543 88       		.byte	-120
 1372 0544 0A       		.byte	10
 1373 0545 40       		.byte	64
 1374 0546 0E       		.byte	14
 1375 0547 10       		.byte	16
 1376 0548 0F       		.byte	15
 1377 0549 3A       		.byte	58
 1378 054a 10       		.byte	16
 1379 054b 02       		.byte	2
 1380 054c 12       		.byte	18
 1381 054d 80       		.byte	-128
 1382 054e 13       		.byte	19
 1383 054f 14       		.byte	20
 1384 0550 14       		.byte	20
 1385 0551 40       		.byte	64
 1386 0552 15       		.byte	21
 1387 0553 04       		.byte	4
 1388 0554 19       		.byte	25
 1389 0555 84       		.byte	-124
 1390 0556 1A       		.byte	26
 1391 0557 40       		.byte	64
 1392 0558 1B       		.byte	27
 1393 0559 10       		.byte	16
 1394 055a 23       		.byte	35
 1395 055b 40       		.byte	64
 1396 055c 28       		.byte	40
 1397 055d 20       		.byte	32
 1398 055e 29       		.byte	41
 1399 055f 20       		.byte	32
 1400 0560 2A       		.byte	42
 1401 0561 01       		.byte	1
 1402 0562 2B       		.byte	43
 1403 0563 07       		.byte	7
 1404 0564 2C       		.byte	44
 1405 0565 40       		.byte	64
 1406 0566 2D       		.byte	45
 1407 0567 20       		.byte	32
 1408 0568 2F       		.byte	47
 1409 0569 02       		.byte	2
 1410 056a 30       		.byte	48
 1411 056b 48       		.byte	72
 1412 056c 32       		.byte	50
 1413 056d 51       		.byte	81
 1414 056e 33       		.byte	51
 1415 056f 10       		.byte	16
 1416 0570 37       		.byte	55
 1417 0571 10       		.byte	16
 1418 0572 38       		.byte	56
 1419 0573 28       		.byte	40
 1420 0574 39       		.byte	57
 1421 0575 01       		.byte	1
 1422 0576 3A       		.byte	58
 1423 0577 A8       		.byte	-88
 1424 0578 3C       		.byte	60
 1425 0579 40       		.byte	64
ARM GAS  C:\Users\Charlie\AppData\Local\Temp\ccK5JOEm.s 			page 26


 1426 057a 3D       		.byte	61
 1427 057b 04       		.byte	4
 1428 057c 3E       		.byte	62
 1429 057d 20       		.byte	32
 1430 057e 44       		.byte	68
 1431 057f 01       		.byte	1
 1432 0580 46       		.byte	70
 1433 0581 01       		.byte	1
 1434 0582 48       		.byte	72
 1435 0583 03       		.byte	3
 1436 0584 5B       		.byte	91
 1437 0585 40       		.byte	64
 1438 0586 5E       		.byte	94
 1439 0587 80       		.byte	-128
 1440 0588 65       		.byte	101
 1441 0589 40       		.byte	64
 1442 058a 79       		.byte	121
 1443 058b 40       		.byte	64
 1444 058c 83       		.byte	-125
 1445 058d 40       		.byte	64
 1446 058e 86       		.byte	-122
 1447 058f 40       		.byte	64
 1448 0590 88       		.byte	-120
 1449 0591 08       		.byte	8
 1450 0592 89       		.byte	-119
 1451 0593 40       		.byte	64
 1452 0594 8E       		.byte	-114
 1453 0595 50       		.byte	80
 1454 0596 90       		.byte	-112
 1455 0597 20       		.byte	32
 1456 0598 91       		.byte	-111
 1457 0599 40       		.byte	64
 1458 059a 92       		.byte	-110
 1459 059b A2       		.byte	-94
 1460 059c 94       		.byte	-108
 1461 059d 40       		.byte	64
 1462 059e 95       		.byte	-107
 1463 059f 20       		.byte	32
 1464 05a0 96       		.byte	-106
 1465 05a1 44       		.byte	68
 1466 05a2 97       		.byte	-105
 1467 05a3 90       		.byte	-112
 1468 05a4 99       		.byte	-103
 1469 05a5 20       		.byte	32
 1470 05a6 9C       		.byte	-100
 1471 05a7 65       		.byte	101
 1472 05a8 9D       		.byte	-99
 1473 05a9 81       		.byte	-127
 1474 05aa 9E       		.byte	-98
 1475 05ab 78       		.byte	120
 1476 05ac 9F       		.byte	-97
 1477 05ad 01       		.byte	1
 1478 05ae A0       		.byte	-96
 1479 05af 01       		.byte	1
 1480 05b0 A2       		.byte	-94
 1481 05b1 40       		.byte	64
 1482 05b2 A3       		.byte	-93
ARM GAS  C:\Users\Charlie\AppData\Local\Temp\ccK5JOEm.s 			page 27


 1483 05b3 01       		.byte	1
 1484 05b4 A4       		.byte	-92
 1485 05b5 08       		.byte	8
 1486 05b6 AA       		.byte	-86
 1487 05b7 10       		.byte	16
 1488 05b8 B0       		.byte	-80
 1489 05b9 01       		.byte	1
 1490 05ba B6       		.byte	-74
 1491 05bb 02       		.byte	2
 1492 05bc C0       		.byte	-64
 1493 05bd ED       		.byte	-19
 1494 05be C2       		.byte	-62
 1495 05bf CD       		.byte	-51
 1496 05c0 C4       		.byte	-60
 1497 05c1 3F       		.byte	63
 1498 05c2 CA       		.byte	-54
 1499 05c3 BF       		.byte	-65
 1500 05c4 CC       		.byte	-52
 1501 05c5 2F       		.byte	47
 1502 05c6 CE       		.byte	-50
 1503 05c7 7F       		.byte	127
 1504 05c8 D6       		.byte	-42
 1505 05c9 18       		.byte	24
 1506 05ca D8       		.byte	-40
 1507 05cb 10       		.byte	16
 1508 05cc DE       		.byte	-34
 1509 05cd 08       		.byte	8
 1510 05ce E2       		.byte	-30
 1511 05cf 08       		.byte	8
 1512 05d0 E6       		.byte	-26
 1513 05d1 01       		.byte	1
 1514 05d2 E8       		.byte	-24
 1515 05d3 01       		.byte	1
 1516 05d4 82       		.byte	-126
 1517 05d5 40       		.byte	64
 1518 05d6 87       		.byte	-121
 1519 05d7 08       		.byte	8
 1520 05d8 88       		.byte	-120
 1521 05d9 20       		.byte	32
 1522 05da 89       		.byte	-119
 1523 05db 10       		.byte	16
 1524 05dc 8C       		.byte	-116
 1525 05dd 01       		.byte	1
 1526 05de 8E       		.byte	-114
 1527 05df 05       		.byte	5
 1528 05e0 92       		.byte	-110
 1529 05e1 08       		.byte	8
 1530 05e2 93       		.byte	-109
 1531 05e3 01       		.byte	1
 1532 05e4 98       		.byte	-104
 1533 05e5 08       		.byte	8
 1534 05e6 9A       		.byte	-102
 1535 05e7 01       		.byte	1
 1536 05e8 A0       		.byte	-96
 1537 05e9 02       		.byte	2
 1538 05ea A6       		.byte	-90
 1539 05eb 80       		.byte	-128
ARM GAS  C:\Users\Charlie\AppData\Local\Temp\ccK5JOEm.s 			page 28


 1540 05ec AB       		.byte	-85
 1541 05ed 01       		.byte	1
 1542 05ee B2       		.byte	-78
 1543 05ef 04       		.byte	4
 1544 05f0 B6       		.byte	-74
 1545 05f1 80       		.byte	-128
 1546 05f2 E0       		.byte	-32
 1547 05f3 D0       		.byte	-48
 1548 05f4 E6       		.byte	-26
 1549 05f5 20       		.byte	32
 1550 05f6 E8       		.byte	-24
 1551 05f7 80       		.byte	-128
 1552 05f8 EA       		.byte	-22
 1553 05f9 40       		.byte	64
 1554 05fa 0A       		.byte	10
 1555 05fb 01       		.byte	1
 1556 05fc 0C       		.byte	12
 1557 05fd 08       		.byte	8
 1558 05fe 11       		.byte	17
 1559 05ff 01       		.byte	1
 1560 0600 1C       		.byte	28
 1561 0601 01       		.byte	1
 1562 0602 20       		.byte	32
 1563 0603 04       		.byte	4
 1564 0604 27       		.byte	39
 1565 0605 03       		.byte	3
 1566 0606 2A       		.byte	42
 1567 0607 02       		.byte	2
 1568 0608 2C       		.byte	44
 1569 0609 04       		.byte	4
 1570 060a 30       		.byte	48
 1571 060b 04       		.byte	4
 1572 060c 31       		.byte	49
 1573 060d 02       		.byte	2
 1574 060e 32       		.byte	50
 1575 060f 03       		.byte	3
 1576 0610 36       		.byte	54
 1577 0611 08       		.byte	8
 1578 0612 37       		.byte	55
 1579 0613 01       		.byte	1
 1580 0614 38       		.byte	56
 1581 0615 02       		.byte	2
 1582 0616 3E       		.byte	62
 1583 0617 41       		.byte	65
 1584 0618 58       		.byte	88
 1585 0619 04       		.byte	4
 1586 061a 59       		.byte	89
 1587 061b 0E       		.byte	14
 1588 061c 5C       		.byte	92
 1589 061d 09       		.byte	9
 1590 061e 5F       		.byte	95
 1591 061f 01       		.byte	1
 1592 0620 81       		.byte	-127
 1593 0621 48       		.byte	72
 1594 0622 83       		.byte	-125
 1595 0623 34       		.byte	52
 1596 0624 85       		.byte	-123
ARM GAS  C:\Users\Charlie\AppData\Local\Temp\ccK5JOEm.s 			page 29


 1597 0625 F8       		.byte	-8
 1598 0626 89       		.byte	-119
 1599 0627 F8       		.byte	-8
 1600 0628 91       		.byte	-111
 1601 0629 20       		.byte	32
 1602 062a 93       		.byte	-109
 1603 062b C2       		.byte	-62
 1604 062c 99       		.byte	-103
 1605 062d 90       		.byte	-112
 1606 062e 9B       		.byte	-101
 1607 062f 2C       		.byte	44
 1608 0630 A7       		.byte	-89
 1609 0631 01       		.byte	1
 1610 0632 AB       		.byte	-85
 1611 0633 01       		.byte	1
 1612 0634 B1       		.byte	-79
 1613 0635 06       		.byte	6
 1614 0636 B3       		.byte	-77
 1615 0637 18       		.byte	24
 1616 0638 B5       		.byte	-75
 1617 0639 01       		.byte	1
 1618 063a B7       		.byte	-73
 1619 063b E0       		.byte	-32
 1620 063c BF       		.byte	-65
 1621 063d 11       		.byte	17
 1622 063e C0       		.byte	-64
 1623 063f 46       		.byte	70
 1624 0640 C1       		.byte	-63
 1625 0641 02       		.byte	2
 1626 0642 C2       		.byte	-62
 1627 0643 03       		.byte	3
 1628 0644 C4       		.byte	-60
 1629 0645 01       		.byte	1
 1630 0646 C5       		.byte	-59
 1631 0647 E0       		.byte	-32
 1632 0648 C6       		.byte	-58
 1633 0649 C0       		.byte	-64
 1634 064a C8       		.byte	-56
 1635 064b 0A       		.byte	10
 1636 064c C9       		.byte	-55
 1637 064d FF       		.byte	-1
 1638 064e CA       		.byte	-54
 1639 064f FF       		.byte	-1
 1640 0650 CB       		.byte	-53
 1641 0651 FF       		.byte	-1
 1642 0652 CC       		.byte	-52
 1643 0653 62       		.byte	98
 1644 0654 CD       		.byte	-51
 1645 0655 A0       		.byte	-96
 1646 0656 CE       		.byte	-50
 1647 0657 F0       		.byte	-16
 1648 0658 CF       		.byte	-49
 1649 0659 41       		.byte	65
 1650 065a D0       		.byte	-48
 1651 065b 0C       		.byte	12
 1652 065c D6       		.byte	-42
 1653 065d 02       		.byte	2
ARM GAS  C:\Users\Charlie\AppData\Local\Temp\ccK5JOEm.s 			page 30


 1654 065e D7       		.byte	-41
 1655 065f 3F       		.byte	63
 1656 0660 D8       		.byte	-40
 1657 0661 04       		.byte	4
 1658 0662 D9       		.byte	-39
 1659 0663 04       		.byte	4
 1660 0664 DA       		.byte	-38
 1661 0665 04       		.byte	4
 1662 0666 DB       		.byte	-37
 1663 0667 0E       		.byte	14
 1664 0668 DC       		.byte	-36
 1665 0669 10       		.byte	16
 1666 066a DD       		.byte	-35
 1667 066b 01       		.byte	1
 1668 066c DF       		.byte	-33
 1669 066d 01       		.byte	1
 1670 066e E6       		.byte	-26
 1671 066f 40       		.byte	64
 1672 0670 E7       		.byte	-25
 1673 0671 02       		.byte	2
 1674 0672 E9       		.byte	-23
 1675 0673 10       		.byte	16
 1676 0674 EA       		.byte	-22
 1677 0675 30       		.byte	48
 1678 0676 EB       		.byte	-21
 1679 0677 10       		.byte	16
 1680 0678 ED       		.byte	-19
 1681 0679 10       		.byte	16
 1682 067a EE       		.byte	-18
 1683 067b 10       		.byte	16
 1684 067c EF       		.byte	-17
 1685 067d 12       		.byte	18
 1686 067e 00       		.byte	0
 1687 067f 10       		.byte	16
 1688 0680 02       		.byte	2
 1689 0681 01       		.byte	1
 1690 0682 05       		.byte	5
 1691 0683 44       		.byte	68
 1692 0684 06       		.byte	6
 1693 0685 08       		.byte	8
 1694 0686 09       		.byte	9
 1695 0687 80       		.byte	-128
 1696 0688 0E       		.byte	14
 1697 0689 4A       		.byte	74
 1698 068a 10       		.byte	16
 1699 068b 02       		.byte	2
 1700 068c 11       		.byte	17
 1701 068d 10       		.byte	16
 1702 068e 13       		.byte	19
 1703 068f 01       		.byte	1
 1704 0690 15       		.byte	21
 1705 0691 04       		.byte	4
 1706 0692 18       		.byte	24
 1707 0693 11       		.byte	17
 1708 0694 19       		.byte	25
 1709 0695 0A       		.byte	10
 1710 0696 21       		.byte	33
ARM GAS  C:\Users\Charlie\AppData\Local\Temp\ccK5JOEm.s 			page 31


 1711 0697 82       		.byte	-126
 1712 0698 22       		.byte	34
 1713 0699 40       		.byte	64
 1714 069a 25       		.byte	37
 1715 069b 08       		.byte	8
 1716 069c 27       		.byte	39
 1717 069d 59       		.byte	89
 1718 069e 29       		.byte	41
 1719 069f 08       		.byte	8
 1720 06a0 2E       		.byte	46
 1721 06a1 20       		.byte	32
 1722 06a2 2F       		.byte	47
 1723 06a3 20       		.byte	32
 1724 06a4 31       		.byte	49
 1725 06a5 02       		.byte	2
 1726 06a6 37       		.byte	55
 1727 06a7 11       		.byte	17
 1728 06a8 3E       		.byte	62
 1729 06a9 02       		.byte	2
 1730 06aa 3F       		.byte	63
 1731 06ab 14       		.byte	20
 1732 06ac 44       		.byte	68
 1733 06ad 40       		.byte	64
 1734 06ae 46       		.byte	70
 1735 06af 20       		.byte	32
 1736 06b0 47       		.byte	71
 1737 06b1 60       		.byte	96
 1738 06b2 4E       		.byte	78
 1739 06b3 84       		.byte	-124
 1740 06b4 57       		.byte	87
 1741 06b5 20       		.byte	32
 1742 06b6 5F       		.byte	95
 1743 06b7 01       		.byte	1
 1744 06b8 65       		.byte	101
 1745 06b9 02       		.byte	2
 1746 06ba 6C       		.byte	108
 1747 06bb 20       		.byte	32
 1748 06bc 6D       		.byte	109
 1749 06bd 80       		.byte	-128
 1750 06be 6E       		.byte	110
 1751 06bf 01       		.byte	1
 1752 06c0 6F       		.byte	111
 1753 06c1 08       		.byte	8
 1754 06c2 74       		.byte	116
 1755 06c3 80       		.byte	-128
 1756 06c4 75       		.byte	117
 1757 06c5 10       		.byte	16
 1758 06c6 78       		.byte	120
 1759 06c7 08       		.byte	8
 1760 06c8 7C       		.byte	124
 1761 06c9 08       		.byte	8
 1762 06ca 81       		.byte	-127
 1763 06cb 18       		.byte	24
 1764 06cc 82       		.byte	-126
 1765 06cd 40       		.byte	64
 1766 06ce 83       		.byte	-125
 1767 06cf 08       		.byte	8
ARM GAS  C:\Users\Charlie\AppData\Local\Temp\ccK5JOEm.s 			page 32


 1768 06d0 84       		.byte	-124
 1769 06d1 40       		.byte	64
 1770 06d2 85       		.byte	-123
 1771 06d3 04       		.byte	4
 1772 06d4 87       		.byte	-121
 1773 06d5 14       		.byte	20
 1774 06d6 8A       		.byte	-118
 1775 06d7 02       		.byte	2
 1776 06d8 8B       		.byte	-117
 1777 06d9 01       		.byte	1
 1778 06da 8E       		.byte	-114
 1779 06db 20       		.byte	32
 1780 06dc 91       		.byte	-111
 1781 06dd 10       		.byte	16
 1782 06de 92       		.byte	-110
 1783 06df 08       		.byte	8
 1784 06e0 93       		.byte	-109
 1785 06e1 01       		.byte	1
 1786 06e2 94       		.byte	-108
 1787 06e3 01       		.byte	1
 1788 06e4 96       		.byte	-106
 1789 06e5 81       		.byte	-127
 1790 06e6 98       		.byte	-104
 1791 06e7 08       		.byte	8
 1792 06e8 99       		.byte	-103
 1793 06e9 44       		.byte	68
 1794 06ea 9A       		.byte	-102
 1795 06eb 09       		.byte	9
 1796 06ec 9B       		.byte	-101
 1797 06ed 20       		.byte	32
 1798 06ee 9F       		.byte	-97
 1799 06ef 08       		.byte	8
 1800 06f0 A0       		.byte	-96
 1801 06f1 02       		.byte	2
 1802 06f2 A2       		.byte	-94
 1803 06f3 05       		.byte	5
 1804 06f4 A4       		.byte	-92
 1805 06f5 A0       		.byte	-96
 1806 06f6 A5       		.byte	-91
 1807 06f7 40       		.byte	64
 1808 06f8 A6       		.byte	-90
 1809 06f9 80       		.byte	-128
 1810 06fa A8       		.byte	-88
 1811 06fb 80       		.byte	-128
 1812 06fc A9       		.byte	-87
 1813 06fd 04       		.byte	4
 1814 06fe AD       		.byte	-83
 1815 06ff 40       		.byte	64
 1816 0700 B1       		.byte	-79
 1817 0701 40       		.byte	64
 1818 0702 B2       		.byte	-78
 1819 0703 09       		.byte	9
 1820 0704 B7       		.byte	-73
 1821 0705 20       		.byte	32
 1822 0706 C0       		.byte	-64
 1823 0707 E3       		.byte	-29
 1824 0708 C2       		.byte	-62
ARM GAS  C:\Users\Charlie\AppData\Local\Temp\ccK5JOEm.s 			page 33


 1825 0709 D1       		.byte	-47
 1826 070a C4       		.byte	-60
 1827 070b 2B       		.byte	43
 1828 070c CA       		.byte	-54
 1829 070d 62       		.byte	98
 1830 070e CC       		.byte	-52
 1831 070f A1       		.byte	-95
 1832 0710 CE       		.byte	-50
 1833 0711 E0       		.byte	-32
 1834 0712 D0       		.byte	-48
 1835 0713 F0       		.byte	-16
 1836 0714 D2       		.byte	-46
 1837 0715 20       		.byte	32
 1838 0716 D6       		.byte	-42
 1839 0717 80       		.byte	-128
 1840 0718 D8       		.byte	-40
 1841 0719 80       		.byte	-128
 1842 071a DE       		.byte	-34
 1843 071b 42       		.byte	66
 1844 071c E2       		.byte	-30
 1845 071d 80       		.byte	-128
 1846 071e E4       		.byte	-28
 1847 071f 40       		.byte	64
 1848 0720 E6       		.byte	-26
 1849 0721 20       		.byte	32
 1850 0722 E8       		.byte	-24
 1851 0723 B0       		.byte	-80
 1852 0724 EA       		.byte	-22
 1853 0725 01       		.byte	1
 1854 0726 EC       		.byte	-20
 1855 0727 10       		.byte	16
 1856 0728 EE       		.byte	-18
 1857 0729 80       		.byte	-128
 1858 072a 12       		.byte	18
 1859 072b 20       		.byte	32
 1860 072c 16       		.byte	22
 1861 072d 80       		.byte	-128
 1862 072e 32       		.byte	50
 1863 072f 40       		.byte	64
 1864 0730 3B       		.byte	59
 1865 0731 02       		.byte	2
 1866 0732 3E       		.byte	62
 1867 0733 80       		.byte	-128
 1868 0734 C4       		.byte	-60
 1869 0735 30       		.byte	48
 1870 0736 CC       		.byte	-52
 1871 0737 10       		.byte	16
 1872 0738 CE       		.byte	-50
 1873 0739 60       		.byte	96
 1874 073a 52       		.byte	82
 1875 073b 10       		.byte	16
 1876 073c 55       		.byte	85
 1877 073d 09       		.byte	9
 1878 073e 58       		.byte	88
 1879 073f 40       		.byte	64
 1880 0740 59       		.byte	89
 1881 0741 01       		.byte	1
ARM GAS  C:\Users\Charlie\AppData\Local\Temp\ccK5JOEm.s 			page 34


 1882 0742 66       		.byte	102
 1883 0743 08       		.byte	8
 1884 0744 85       		.byte	-123
 1885 0745 08       		.byte	8
 1886 0746 8D       		.byte	-115
 1887 0747 01       		.byte	1
 1888 0748 96       		.byte	-106
 1889 0749 80       		.byte	-128
 1890 074a 97       		.byte	-105
 1891 074b 02       		.byte	2
 1892 074c AE       		.byte	-82
 1893 074d 20       		.byte	32
 1894 074e D4       		.byte	-44
 1895 074f E0       		.byte	-32
 1896 0750 D6       		.byte	-42
 1897 0751 60       		.byte	96
 1898 0752 D8       		.byte	-40
 1899 0753 80       		.byte	-128
 1900 0754 E2       		.byte	-30
 1901 0755 40       		.byte	64
 1902 0756 EC       		.byte	-20
 1903 0757 40       		.byte	64
 1904 0758 3E       		.byte	62
 1905 0759 10       		.byte	16
 1906 075a 96       		.byte	-106
 1907 075b 80       		.byte	-128
 1908 075c 97       		.byte	-105
 1909 075d 02       		.byte	2
 1910 075e AA       		.byte	-86
 1911 075f 08       		.byte	8
 1912 0760 B0       		.byte	-80
 1913 0761 40       		.byte	64
 1914 0762 B2       		.byte	-78
 1915 0763 10       		.byte	16
 1916 0764 B5       		.byte	-75
 1917 0765 01       		.byte	1
 1918 0766 CE       		.byte	-50
 1919 0767 20       		.byte	32
 1920 0768 EE       		.byte	-18
 1921 0769 80       		.byte	-128
 1922 076a 96       		.byte	-106
 1923 076b 90       		.byte	-112
 1924 076c AB       		.byte	-85
 1925 076d 01       		.byte	1
 1926 076e EE       		.byte	-18
 1927 076f 20       		.byte	32
 1928 0770 10       		.byte	16
 1929 0771 10       		.byte	16
 1930 0772 14       		.byte	20
 1931 0773 20       		.byte	32
 1932 0774 71       		.byte	113
 1933 0775 02       		.byte	2
 1934 0776 C4       		.byte	-60
 1935 0777 0C       		.byte	12
 1936 0778 DC       		.byte	-36
 1937 0779 01       		.byte	1
 1938 077a 98       		.byte	-104
ARM GAS  C:\Users\Charlie\AppData\Local\Temp\ccK5JOEm.s 			page 35


 1939 077b 30       		.byte	48
 1940 077c A5       		.byte	-91
 1941 077d 02       		.byte	2
 1942 077e 1B       		.byte	27
 1943 077f 04       		.byte	4
 1944 0780 26       		.byte	38
 1945 0781 08       		.byte	8
 1946 0782 98       		.byte	-104
 1947 0783 30       		.byte	48
 1948 0784 A5       		.byte	-91
 1949 0785 02       		.byte	2
 1950 0786 C6       		.byte	-58
 1951 0787 08       		.byte	8
 1952 0788 C8       		.byte	-56
 1953 0789 01       		.byte	1
 1954 078a 44       		.byte	68
 1955 078b 02       		.byte	2
 1956 078c 98       		.byte	-104
 1957 078d 30       		.byte	48
 1958 078e A5       		.byte	-91
 1959 078f 02       		.byte	2
 1960 0790 AB       		.byte	-85
 1961 0791 04       		.byte	4
 1962 0792 B2       		.byte	-78
 1963 0793 08       		.byte	8
 1964 0794 D0       		.byte	-48
 1965 0795 04       		.byte	4
 1966 0796 EE       		.byte	-18
 1967 0797 01       		.byte	1
 1968 0798 24       		.byte	36
 1969 0799 08       		.byte	8
 1970 079a 82       		.byte	-126
 1971 079b 40       		.byte	64
 1972 079c 96       		.byte	-106
 1973 079d 90       		.byte	-112
 1974 079e C8       		.byte	-56
 1975 079f 20       		.byte	32
 1976 07a0 E6       		.byte	-26
 1977 07a1 80       		.byte	-128
 1978 07a2 AA       		.byte	-86
 1979 07a3 10       		.byte	16
 1980 07a4 B4       		.byte	-76
 1981 07a5 04       		.byte	4
 1982 07a6 EA       		.byte	-22
 1983 07a7 80       		.byte	-128
 1984 07a8 12       		.byte	18
 1985 07a9 40       		.byte	64
 1986 07aa 13       		.byte	19
 1987 07ab 20       		.byte	32
 1988 07ac 16       		.byte	22
 1989 07ad 20       		.byte	32
 1990 07ae 78       		.byte	120
 1991 07af 10       		.byte	16
 1992 07b0 7C       		.byte	124
 1993 07b1 20       		.byte	32
 1994 07b2 8D       		.byte	-115
 1995 07b3 02       		.byte	2
ARM GAS  C:\Users\Charlie\AppData\Local\Temp\ccK5JOEm.s 			page 36


 1996 07b4 98       		.byte	-104
 1997 07b5 30       		.byte	48
 1998 07b6 9C       		.byte	-100
 1999 07b7 02       		.byte	2
 2000 07b8 A5       		.byte	-91
 2001 07b9 02       		.byte	2
 2002 07ba C4       		.byte	-60
 2003 07bb 0E       		.byte	14
 2004 07bc DE       		.byte	-34
 2005 07bd 03       		.byte	3
 2006 07be E4       		.byte	-28
 2007 07bf 08       		.byte	8
 2008 07c0 10       		.byte	16
 2009 07c1 40       		.byte	64
 2010 07c2 72       		.byte	114
 2011 07c3 20       		.byte	32
 2012 07c4 76       		.byte	118
 2013 07c5 40       		.byte	64
 2014 07c6 88       		.byte	-120
 2015 07c7 40       		.byte	64
 2016 07c8 9A       		.byte	-102
 2017 07c9 60       		.byte	96
 2018 07ca AB       		.byte	-85
 2019 07cb 20       		.byte	32
 2020 07cc B4       		.byte	-76
 2021 07cd 02       		.byte	2
 2022 07ce C4       		.byte	-60
 2023 07cf 08       		.byte	8
 2024 07d0 DC       		.byte	-36
 2025 07d1 01       		.byte	1
 2026 07d2 DE       		.byte	-34
 2027 07d3 04       		.byte	4
 2028 07d4 E2       		.byte	-30
 2029 07d5 01       		.byte	1
 2030 07d6 E8       		.byte	-24
 2031 07d7 08       		.byte	8
 2032 07d8 00       		.byte	0
 2033 07d9 03       		.byte	3
 2034 07da 08       		.byte	8
 2035 07db 03       		.byte	3
 2036 07dc 0A       		.byte	10
 2037 07dd 03       		.byte	3
 2038 07de 10       		.byte	16
 2039 07df 03       		.byte	3
 2040 07e0 11       		.byte	17
 2041 07e1 01       		.byte	1
 2042 07e2 1A       		.byte	26
 2043 07e3 03       		.byte	3
 2044 07e4 1B       		.byte	27
 2045 07e5 01       		.byte	1
 2046 07e6 1C       		.byte	28
 2047 07e7 03       		.byte	3
 2048 07e8 1D       		.byte	29
 2049 07e9 01       		.byte	1
 2050 07ea 00       		.byte	0
 2051 07eb 03       		.byte	3
 2052 07ec 03       		.byte	3
ARM GAS  C:\Users\Charlie\AppData\Local\Temp\ccK5JOEm.s 			page 37


 2053 07ed C0       		.byte	-64
 2054 07ee 10       		.byte	16
 2055 07ef 0A       		.byte	10
 2056 07f0 10       		.byte	16
 2057 07f1 30       		.byte	48
 2058 07f2 00       		.byte	0
 2059 07f3 00       		.byte	0
 2060 07f4 70       		.byte	112
 2061 07f5 00       		.byte	0
 2062 07f6 00       		.byte	0
 2063 07f7 00       		.byte	0
 2064 07f8 00       		.byte	0
 2065 07f9 00       		.byte	0
 2066 07fa 00       		.byte	0
 2067 07fb 00       		.byte	0
 2068 07fc 00       		.byte	0
 2069 07fd 3F       		.byte	63
 2070 07fe 3F       		.byte	63
 2071 07ff 00       		.byte	0
 2072 0800 B0       		.byte	-80
 2073 0801 00       		.byte	0
 2074 0802 40       		.byte	64
 2075 0803 80       		.byte	-128
 2076 0804 B0       		.byte	-80
 2077 0805 00       		.byte	0
 2078 0806 B0       		.byte	-80
 2079 0807 00       		.byte	0
 2080 0808 00       		.byte	0
 2081 0809 30       		.byte	48
 2082 080a 00       		.byte	0
 2083 080b 00       		.byte	0
 2084 080c 00       		.byte	0
 2085 080d 01       		.byte	1
 2086 080e 00       		.byte	0
 2087 080f 00       		.byte	0
 2088              		.global	cy_meta_custnvl
 2089              		.section	.cycustnvl,"a",%progbits
 2090              		.align	2
 2091              		.type	cy_meta_custnvl, %object
 2092              		.size	cy_meta_custnvl, 4
 2093              	cy_meta_custnvl:
 2094 0000 00       		.byte	0
 2095 0001 00       		.byte	0
 2096 0002 40       		.byte	64
 2097 0003 05       		.byte	5
 2098              		.global	cy_meta_wonvl
 2099              		.section	.cywolatch,"a",%progbits
 2100              		.align	2
 2101              		.type	cy_meta_wonvl, %object
 2102              		.size	cy_meta_wonvl, 4
 2103              	cy_meta_wonvl:
 2104 0000 BC       		.byte	-68
 2105 0001 90       		.byte	-112
 2106 0002 AC       		.byte	-84
 2107 0003 AF       		.byte	-81
 2108              		.global	cy_meta_flashprotect
 2109              		.section	.cyflashprotect,"a",%progbits
ARM GAS  C:\Users\Charlie\AppData\Local\Temp\ccK5JOEm.s 			page 38


 2110              		.align	2
 2111              		.type	cy_meta_flashprotect, %object
 2112              		.size	cy_meta_flashprotect, 256
 2113              	cy_meta_flashprotect:
 2114 0000 00000000 		.space	256
 2114      00000000 
 2114      00000000 
 2114      00000000 
 2114      00000000 
 2115              		.global	cy_metadata
 2116              		.section	.cymeta,"a",%progbits
 2117              		.align	2
 2118              		.type	cy_metadata, %object
 2119              		.size	cy_metadata, 12
 2120              	cy_metadata:
 2121 0000 00       		.byte	0
 2122 0001 01       		.byte	1
 2123 0002 2E       		.byte	46
 2124 0003 16       		.byte	22
 2125 0004 10       		.byte	16
 2126 0005 69       		.byte	105
 2127 0006 00       		.byte	0
 2128 0007 01       		.byte	1
 2129 0008 00       		.byte	0
 2130 0009 00       		.byte	0
 2131 000a 00       		.byte	0
 2132 000b 00       		.byte	0
 2133              		.text
 2134              	.Letext0:
 2135              		.file 1 ".\\Generated_Source\\PSoC5\\cymetadata.c"
 2136              		.file 2 ".\\Generated_Source\\PSoC5\\cytypes.h"
 2137              		.section	.debug_info,"",%progbits
 2138              	.Ldebug_info0:
 2139 0000 3A010000 		.4byte	0x13a
 2140 0004 0400     		.2byte	0x4
 2141 0006 00000000 		.4byte	.Ldebug_abbrev0
 2142 000a 04       		.byte	0x4
 2143 000b 01       		.uleb128 0x1
 2144 000c 0E000000 		.4byte	.LASF18
 2145 0010 01       		.byte	0x1
 2146 0011 9C000000 		.4byte	.LASF19
 2147 0015 80010000 		.4byte	.LASF20
 2148 0019 00000000 		.4byte	.Ldebug_line0
 2149 001d 02       		.uleb128 0x2
 2150 001e 01       		.byte	0x1
 2151 001f 06       		.byte	0x6
 2152 0020 03020000 		.4byte	.LASF0
 2153 0024 02       		.uleb128 0x2
 2154 0025 01       		.byte	0x1
 2155 0026 08       		.byte	0x8
 2156 0027 D4000000 		.4byte	.LASF1
 2157 002b 02       		.uleb128 0x2
 2158 002c 02       		.byte	0x2
 2159 002d 05       		.byte	0x5
 2160 002e EA010000 		.4byte	.LASF2
 2161 0032 02       		.uleb128 0x2
 2162 0033 02       		.byte	0x2
ARM GAS  C:\Users\Charlie\AppData\Local\Temp\ccK5JOEm.s 			page 39


 2163 0034 07       		.byte	0x7
 2164 0035 F4000000 		.4byte	.LASF3
 2165 0039 02       		.uleb128 0x2
 2166 003a 04       		.byte	0x4
 2167 003b 05       		.byte	0x5
 2168 003c FA010000 		.4byte	.LASF4
 2169 0040 02       		.uleb128 0x2
 2170 0041 04       		.byte	0x4
 2171 0042 07       		.byte	0x7
 2172 0043 E2000000 		.4byte	.LASF5
 2173 0047 02       		.uleb128 0x2
 2174 0048 08       		.byte	0x8
 2175 0049 05       		.byte	0x5
 2176 004a 00000000 		.4byte	.LASF6
 2177 004e 02       		.uleb128 0x2
 2178 004f 08       		.byte	0x8
 2179 0050 07       		.byte	0x7
 2180 0051 3D010000 		.4byte	.LASF7
 2181 0055 03       		.uleb128 0x3
 2182 0056 04       		.byte	0x4
 2183 0057 05       		.byte	0x5
 2184 0058 696E7400 		.ascii	"int\000"
 2185 005c 02       		.uleb128 0x2
 2186 005d 04       		.byte	0x4
 2187 005e 07       		.byte	0x7
 2188 005f 30010000 		.4byte	.LASF8
 2189 0063 04       		.uleb128 0x4
 2190 0064 F4010000 		.4byte	.LASF21
 2191 0068 02       		.byte	0x2
 2192 0069 C2       		.byte	0xc2
 2193 006a 24000000 		.4byte	0x24
 2194 006e 02       		.uleb128 0x2
 2195 006f 04       		.byte	0x4
 2196 0070 04       		.byte	0x4
 2197 0071 CE000000 		.4byte	.LASF9
 2198 0075 02       		.uleb128 0x2
 2199 0076 08       		.byte	0x8
 2200 0077 04       		.byte	0x4
 2201 0078 07010000 		.4byte	.LASF10
 2202 007c 02       		.uleb128 0x2
 2203 007d 01       		.byte	0x1
 2204 007e 08       		.byte	0x8
 2205 007f E5010000 		.4byte	.LASF11
 2206 0083 05       		.uleb128 0x5
 2207 0084 63000000 		.4byte	0x63
 2208 0088 94000000 		.4byte	0x94
 2209 008c 06       		.uleb128 0x6
 2210 008d 94000000 		.4byte	0x94
 2211 0091 0F08     		.2byte	0x80f
 2212 0093 00       		.byte	0
 2213 0094 02       		.uleb128 0x2
 2214 0095 04       		.byte	0x4
 2215 0096 07       		.byte	0x7
 2216 0097 77010000 		.4byte	.LASF12
 2217 009b 07       		.uleb128 0x7
 2218 009c 1E010000 		.4byte	.LASF13
 2219 00a0 01       		.byte	0x1
ARM GAS  C:\Users\Charlie\AppData\Local\Temp\ccK5JOEm.s 			page 40


 2220 00a1 1C       		.byte	0x1c
 2221 00a2 AC000000 		.4byte	0xac
 2222 00a6 05       		.uleb128 0x5
 2223 00a7 03       		.byte	0x3
 2224 00a8 00000000 		.4byte	cy_meta_configecc
 2225 00ac 08       		.uleb128 0x8
 2226 00ad 83000000 		.4byte	0x83
 2227 00b1 05       		.uleb128 0x5
 2228 00b2 63000000 		.4byte	0x63
 2229 00b6 C1000000 		.4byte	0xc1
 2230 00ba 09       		.uleb128 0x9
 2231 00bb 94000000 		.4byte	0x94
 2232 00bf 03       		.byte	0x3
 2233 00c0 00       		.byte	0
 2234 00c1 0A       		.uleb128 0xa
 2235 00c2 0E010000 		.4byte	.LASF14
 2236 00c6 01       		.byte	0x1
 2237 00c7 2801     		.2byte	0x128
 2238 00c9 D3000000 		.4byte	0xd3
 2239 00cd 05       		.uleb128 0x5
 2240 00ce 03       		.byte	0x3
 2241 00cf 00000000 		.4byte	cy_meta_custnvl
 2242 00d3 08       		.uleb128 0x8
 2243 00d4 B1000000 		.4byte	0xb1
 2244 00d8 0A       		.uleb128 0xa
 2245 00d9 69010000 		.4byte	.LASF15
 2246 00dd 01       		.byte	0x1
 2247 00de 3301     		.2byte	0x133
 2248 00e0 EA000000 		.4byte	0xea
 2249 00e4 05       		.uleb128 0x5
 2250 00e5 03       		.byte	0x3
 2251 00e6 00000000 		.4byte	cy_meta_wonvl
 2252 00ea 08       		.uleb128 0x8
 2253 00eb B1000000 		.4byte	0xb1
 2254 00ef 05       		.uleb128 0x5
 2255 00f0 63000000 		.4byte	0x63
 2256 00f4 FF000000 		.4byte	0xff
 2257 00f8 09       		.uleb128 0x9
 2258 00f9 94000000 		.4byte	0x94
 2259 00fd FF       		.byte	0xff
 2260 00fe 00       		.byte	0
 2261 00ff 0A       		.uleb128 0xa
 2262 0100 54010000 		.4byte	.LASF16
 2263 0104 01       		.byte	0x1
 2264 0105 3E01     		.2byte	0x13e
 2265 0107 11010000 		.4byte	0x111
 2266 010b 05       		.uleb128 0x5
 2267 010c 03       		.byte	0x3
 2268 010d 00000000 		.4byte	cy_meta_flashprotect
 2269 0111 08       		.uleb128 0x8
 2270 0112 EF000000 		.4byte	0xef
 2271 0116 05       		.uleb128 0x5
 2272 0117 63000000 		.4byte	0x63
 2273 011b 26010000 		.4byte	0x126
 2274 011f 09       		.uleb128 0x9
 2275 0120 94000000 		.4byte	0x94
 2276 0124 0B       		.byte	0xb
ARM GAS  C:\Users\Charlie\AppData\Local\Temp\ccK5JOEm.s 			page 41


 2277 0125 00       		.byte	0
 2278 0126 0A       		.uleb128 0xa
 2279 0127 C2000000 		.4byte	.LASF17
 2280 012b 01       		.byte	0x1
 2281 012c 6801     		.2byte	0x168
 2282 012e 38010000 		.4byte	0x138
 2283 0132 05       		.uleb128 0x5
 2284 0133 03       		.byte	0x3
 2285 0134 00000000 		.4byte	cy_metadata
 2286 0138 08       		.uleb128 0x8
 2287 0139 16010000 		.4byte	0x116
 2288 013d 00       		.byte	0
 2289              		.section	.debug_abbrev,"",%progbits
 2290              	.Ldebug_abbrev0:
 2291 0000 01       		.uleb128 0x1
 2292 0001 11       		.uleb128 0x11
 2293 0002 01       		.byte	0x1
 2294 0003 25       		.uleb128 0x25
 2295 0004 0E       		.uleb128 0xe
 2296 0005 13       		.uleb128 0x13
 2297 0006 0B       		.uleb128 0xb
 2298 0007 03       		.uleb128 0x3
 2299 0008 0E       		.uleb128 0xe
 2300 0009 1B       		.uleb128 0x1b
 2301 000a 0E       		.uleb128 0xe
 2302 000b 10       		.uleb128 0x10
 2303 000c 17       		.uleb128 0x17
 2304 000d 00       		.byte	0
 2305 000e 00       		.byte	0
 2306 000f 02       		.uleb128 0x2
 2307 0010 24       		.uleb128 0x24
 2308 0011 00       		.byte	0
 2309 0012 0B       		.uleb128 0xb
 2310 0013 0B       		.uleb128 0xb
 2311 0014 3E       		.uleb128 0x3e
 2312 0015 0B       		.uleb128 0xb
 2313 0016 03       		.uleb128 0x3
 2314 0017 0E       		.uleb128 0xe
 2315 0018 00       		.byte	0
 2316 0019 00       		.byte	0
 2317 001a 03       		.uleb128 0x3
 2318 001b 24       		.uleb128 0x24
 2319 001c 00       		.byte	0
 2320 001d 0B       		.uleb128 0xb
 2321 001e 0B       		.uleb128 0xb
 2322 001f 3E       		.uleb128 0x3e
 2323 0020 0B       		.uleb128 0xb
 2324 0021 03       		.uleb128 0x3
 2325 0022 08       		.uleb128 0x8
 2326 0023 00       		.byte	0
 2327 0024 00       		.byte	0
 2328 0025 04       		.uleb128 0x4
 2329 0026 16       		.uleb128 0x16
 2330 0027 00       		.byte	0
 2331 0028 03       		.uleb128 0x3
 2332 0029 0E       		.uleb128 0xe
 2333 002a 3A       		.uleb128 0x3a
ARM GAS  C:\Users\Charlie\AppData\Local\Temp\ccK5JOEm.s 			page 42


 2334 002b 0B       		.uleb128 0xb
 2335 002c 3B       		.uleb128 0x3b
 2336 002d 0B       		.uleb128 0xb
 2337 002e 49       		.uleb128 0x49
 2338 002f 13       		.uleb128 0x13
 2339 0030 00       		.byte	0
 2340 0031 00       		.byte	0
 2341 0032 05       		.uleb128 0x5
 2342 0033 01       		.uleb128 0x1
 2343 0034 01       		.byte	0x1
 2344 0035 49       		.uleb128 0x49
 2345 0036 13       		.uleb128 0x13
 2346 0037 01       		.uleb128 0x1
 2347 0038 13       		.uleb128 0x13
 2348 0039 00       		.byte	0
 2349 003a 00       		.byte	0
 2350 003b 06       		.uleb128 0x6
 2351 003c 21       		.uleb128 0x21
 2352 003d 00       		.byte	0
 2353 003e 49       		.uleb128 0x49
 2354 003f 13       		.uleb128 0x13
 2355 0040 2F       		.uleb128 0x2f
 2356 0041 05       		.uleb128 0x5
 2357 0042 00       		.byte	0
 2358 0043 00       		.byte	0
 2359 0044 07       		.uleb128 0x7
 2360 0045 34       		.uleb128 0x34
 2361 0046 00       		.byte	0
 2362 0047 03       		.uleb128 0x3
 2363 0048 0E       		.uleb128 0xe
 2364 0049 3A       		.uleb128 0x3a
 2365 004a 0B       		.uleb128 0xb
 2366 004b 3B       		.uleb128 0x3b
 2367 004c 0B       		.uleb128 0xb
 2368 004d 49       		.uleb128 0x49
 2369 004e 13       		.uleb128 0x13
 2370 004f 3F       		.uleb128 0x3f
 2371 0050 19       		.uleb128 0x19
 2372 0051 02       		.uleb128 0x2
 2373 0052 18       		.uleb128 0x18
 2374 0053 00       		.byte	0
 2375 0054 00       		.byte	0
 2376 0055 08       		.uleb128 0x8
 2377 0056 26       		.uleb128 0x26
 2378 0057 00       		.byte	0
 2379 0058 49       		.uleb128 0x49
 2380 0059 13       		.uleb128 0x13
 2381 005a 00       		.byte	0
 2382 005b 00       		.byte	0
 2383 005c 09       		.uleb128 0x9
 2384 005d 21       		.uleb128 0x21
 2385 005e 00       		.byte	0
 2386 005f 49       		.uleb128 0x49
 2387 0060 13       		.uleb128 0x13
 2388 0061 2F       		.uleb128 0x2f
 2389 0062 0B       		.uleb128 0xb
 2390 0063 00       		.byte	0
ARM GAS  C:\Users\Charlie\AppData\Local\Temp\ccK5JOEm.s 			page 43


 2391 0064 00       		.byte	0
 2392 0065 0A       		.uleb128 0xa
 2393 0066 34       		.uleb128 0x34
 2394 0067 00       		.byte	0
 2395 0068 03       		.uleb128 0x3
 2396 0069 0E       		.uleb128 0xe
 2397 006a 3A       		.uleb128 0x3a
 2398 006b 0B       		.uleb128 0xb
 2399 006c 3B       		.uleb128 0x3b
 2400 006d 05       		.uleb128 0x5
 2401 006e 49       		.uleb128 0x49
 2402 006f 13       		.uleb128 0x13
 2403 0070 3F       		.uleb128 0x3f
 2404 0071 19       		.uleb128 0x19
 2405 0072 02       		.uleb128 0x2
 2406 0073 18       		.uleb128 0x18
 2407 0074 00       		.byte	0
 2408 0075 00       		.byte	0
 2409 0076 00       		.byte	0
 2410              		.section	.debug_aranges,"",%progbits
 2411 0000 14000000 		.4byte	0x14
 2412 0004 0200     		.2byte	0x2
 2413 0006 00000000 		.4byte	.Ldebug_info0
 2414 000a 04       		.byte	0x4
 2415 000b 00       		.byte	0
 2416 000c 0000     		.2byte	0
 2417 000e 0000     		.2byte	0
 2418 0010 00000000 		.4byte	0
 2419 0014 00000000 		.4byte	0
 2420              		.section	.debug_line,"",%progbits
 2421              	.Ldebug_line0:
 2422 0000 4F000000 		.section	.debug_str,"MS",%progbits,1
 2422      02004900 
 2422      00000201 
 2422      FB0E0D00 
 2422      01010101 
 2423              	.LASF6:
 2424 0000 6C6F6E67 		.ascii	"long long int\000"
 2424      206C6F6E 
 2424      6720696E 
 2424      7400
 2425              	.LASF18:
 2426 000e 474E5520 		.ascii	"GNU C 4.9.3 20150303 (release) [ARM/embedded-4_9-br"
 2426      4320342E 
 2426      392E3320 
 2426      32303135 
 2426      30333033 
 2427 0041 616E6368 		.ascii	"anch revision 221220] -mcpu=cortex-m3 -mthumb -g -O"
 2427      20726576 
 2427      6973696F 
 2427      6E203232 
 2427      31323230 
 2428 0074 30202D66 		.ascii	"0 -ffunction-sections -ffat-lto-objects\000"
 2428      66756E63 
 2428      74696F6E 
 2428      2D736563 
 2428      74696F6E 
ARM GAS  C:\Users\Charlie\AppData\Local\Temp\ccK5JOEm.s 			page 44


 2429              	.LASF19:
 2430 009c 2E5C4765 		.ascii	".\\Generated_Source\\PSoC5\\cymetadata.c\000"
 2430      6E657261 
 2430      7465645F 
 2430      536F7572 
 2430      63655C50 
 2431              	.LASF17:
 2432 00c2 63795F6D 		.ascii	"cy_metadata\000"
 2432      65746164 
 2432      61746100 
 2433              	.LASF9:
 2434 00ce 666C6F61 		.ascii	"float\000"
 2434      7400
 2435              	.LASF1:
 2436 00d4 756E7369 		.ascii	"unsigned char\000"
 2436      676E6564 
 2436      20636861 
 2436      7200
 2437              	.LASF5:
 2438 00e2 6C6F6E67 		.ascii	"long unsigned int\000"
 2438      20756E73 
 2438      69676E65 
 2438      6420696E 
 2438      7400
 2439              	.LASF3:
 2440 00f4 73686F72 		.ascii	"short unsigned int\000"
 2440      7420756E 
 2440      7369676E 
 2440      65642069 
 2440      6E7400
 2441              	.LASF10:
 2442 0107 646F7562 		.ascii	"double\000"
 2442      6C6500
 2443              	.LASF14:
 2444 010e 63795F6D 		.ascii	"cy_meta_custnvl\000"
 2444      6574615F 
 2444      63757374 
 2444      6E766C00 
 2445              	.LASF13:
 2446 011e 63795F6D 		.ascii	"cy_meta_configecc\000"
 2446      6574615F 
 2446      636F6E66 
 2446      69676563 
 2446      6300
 2447              	.LASF8:
 2448 0130 756E7369 		.ascii	"unsigned int\000"
 2448      676E6564 
 2448      20696E74 
 2448      00
 2449              	.LASF7:
 2450 013d 6C6F6E67 		.ascii	"long long unsigned int\000"
 2450      206C6F6E 
 2450      6720756E 
 2450      7369676E 
 2450      65642069 
 2451              	.LASF16:
 2452 0154 63795F6D 		.ascii	"cy_meta_flashprotect\000"
ARM GAS  C:\Users\Charlie\AppData\Local\Temp\ccK5JOEm.s 			page 45


 2452      6574615F 
 2452      666C6173 
 2452      6870726F 
 2452      74656374 
 2453              	.LASF15:
 2454 0169 63795F6D 		.ascii	"cy_meta_wonvl\000"
 2454      6574615F 
 2454      776F6E76 
 2454      6C00
 2455              	.LASF12:
 2456 0177 73697A65 		.ascii	"sizetype\000"
 2456      74797065 
 2456      00
 2457              	.LASF20:
 2458 0180 443A5C44 		.ascii	"D:\\Documents\\Virginia_Tech\\FSAE\\PSOC\\Current S"
 2458      6F63756D 
 2458      656E7473 
 2458      5C566972 
 2458      67696E69 
 2459 01ae 656E736F 		.ascii	"ensor\\CE95277 ADC and UART\\VTM16 Current Sensors."
 2459      725C4345 
 2459      39353237 
 2459      37204144 
 2459      4320616E 
 2460 01df 63796473 		.ascii	"cydsn\000"
 2460      6E00
 2461              	.LASF11:
 2462 01e5 63686172 		.ascii	"char\000"
 2462      00
 2463              	.LASF2:
 2464 01ea 73686F72 		.ascii	"short int\000"
 2464      7420696E 
 2464      7400
 2465              	.LASF21:
 2466 01f4 75696E74 		.ascii	"uint8\000"
 2466      3800
 2467              	.LASF4:
 2468 01fa 6C6F6E67 		.ascii	"long int\000"
 2468      20696E74 
 2468      00
 2469              	.LASF0:
 2470 0203 7369676E 		.ascii	"signed char\000"
 2470      65642063 
 2470      68617200 
 2471              		.ident	"GCC: (GNU Tools for ARM Embedded Processors) 4.9.3 20150303 (release) [ARM/embedded-4_9-br
