ARM GAS  C:\Users\charl\AppData\Local\Temp\ccz6Psld.s 			page 1


   1              		.syntax unified
   2              		.cpu cortex-m3
   3              		.fpu softvfp
   4              		.eabi_attribute 20, 1
   5              		.eabi_attribute 21, 1
   6              		.eabi_attribute 23, 3
   7              		.eabi_attribute 24, 1
   8              		.eabi_attribute 25, 1
   9              		.eabi_attribute 26, 1
  10              		.eabi_attribute 30, 6
  11              		.eabi_attribute 34, 1
  12              		.eabi_attribute 18, 4
  13              		.thumb
  14              		.file	"V_Supply.c"
  15              		.text
  16              	.Ltext0:
  17              		.cfi_sections	.debug_frame
  18              		.section	.text.V_Supply_Write,"ax",%progbits
  19              		.align	2
  20              		.global	V_Supply_Write
  21              		.thumb
  22              		.thumb_func
  23              		.type	V_Supply_Write, %function
  24              	V_Supply_Write:
  25              	.LFB0:
  26              		.file 1 ".\\Generated_Source\\PSoC5\\V_Supply.c"
   1:.\Generated_Source\PSoC5/V_Supply.c **** /*******************************************************************************
   2:.\Generated_Source\PSoC5/V_Supply.c **** * File Name: V_Supply.c  
   3:.\Generated_Source\PSoC5/V_Supply.c **** * Version 2.10
   4:.\Generated_Source\PSoC5/V_Supply.c **** *
   5:.\Generated_Source\PSoC5/V_Supply.c **** * Description:
   6:.\Generated_Source\PSoC5/V_Supply.c **** *  This file contains API to enable firmware control of a Pins component.
   7:.\Generated_Source\PSoC5/V_Supply.c **** *
   8:.\Generated_Source\PSoC5/V_Supply.c **** * Note:
   9:.\Generated_Source\PSoC5/V_Supply.c **** *
  10:.\Generated_Source\PSoC5/V_Supply.c **** ********************************************************************************
  11:.\Generated_Source\PSoC5/V_Supply.c **** * Copyright 2008-2014, Cypress Semiconductor Corporation.  All rights reserved.
  12:.\Generated_Source\PSoC5/V_Supply.c **** * You may use this file only in accordance with the license, terms, conditions, 
  13:.\Generated_Source\PSoC5/V_Supply.c **** * disclaimers, and limitations in the end user license agreement accompanying 
  14:.\Generated_Source\PSoC5/V_Supply.c **** * the software package with which this file was provided.
  15:.\Generated_Source\PSoC5/V_Supply.c **** *******************************************************************************/
  16:.\Generated_Source\PSoC5/V_Supply.c **** 
  17:.\Generated_Source\PSoC5/V_Supply.c **** #include "cytypes.h"
  18:.\Generated_Source\PSoC5/V_Supply.c **** #include "V_Supply.h"
  19:.\Generated_Source\PSoC5/V_Supply.c **** 
  20:.\Generated_Source\PSoC5/V_Supply.c **** /* APIs are not generated for P15[7:6] on PSoC 5 */
  21:.\Generated_Source\PSoC5/V_Supply.c **** #if !(CY_PSOC5A &&\
  22:.\Generated_Source\PSoC5/V_Supply.c **** 	 V_Supply__PORT == 15 && ((V_Supply__MASK & 0xC0) != 0))
  23:.\Generated_Source\PSoC5/V_Supply.c **** 
  24:.\Generated_Source\PSoC5/V_Supply.c **** 
  25:.\Generated_Source\PSoC5/V_Supply.c **** /*******************************************************************************
  26:.\Generated_Source\PSoC5/V_Supply.c **** * Function Name: V_Supply_Write
  27:.\Generated_Source\PSoC5/V_Supply.c **** ********************************************************************************
  28:.\Generated_Source\PSoC5/V_Supply.c **** *
  29:.\Generated_Source\PSoC5/V_Supply.c **** * Summary:
  30:.\Generated_Source\PSoC5/V_Supply.c **** *  Assign a new value to the digital port's data output register.  
  31:.\Generated_Source\PSoC5/V_Supply.c **** *
ARM GAS  C:\Users\charl\AppData\Local\Temp\ccz6Psld.s 			page 2


  32:.\Generated_Source\PSoC5/V_Supply.c **** * Parameters:  
  33:.\Generated_Source\PSoC5/V_Supply.c **** *  prtValue:  The value to be assigned to the Digital Port. 
  34:.\Generated_Source\PSoC5/V_Supply.c **** *
  35:.\Generated_Source\PSoC5/V_Supply.c **** * Return: 
  36:.\Generated_Source\PSoC5/V_Supply.c **** *  None
  37:.\Generated_Source\PSoC5/V_Supply.c **** *  
  38:.\Generated_Source\PSoC5/V_Supply.c **** *******************************************************************************/
  39:.\Generated_Source\PSoC5/V_Supply.c **** void V_Supply_Write(uint8 value) 
  40:.\Generated_Source\PSoC5/V_Supply.c **** {
  27              		.loc 1 40 0
  28              		.cfi_startproc
  29              		@ args = 0, pretend = 0, frame = 16
  30              		@ frame_needed = 1, uses_anonymous_args = 0
  31              		@ link register save eliminated.
  32 0000 80B4     		push	{r7}
  33              		.cfi_def_cfa_offset 4
  34              		.cfi_offset 7, -4
  35 0002 85B0     		sub	sp, sp, #20
  36              		.cfi_def_cfa_offset 24
  37 0004 00AF     		add	r7, sp, #0
  38              		.cfi_def_cfa_register 7
  39 0006 0346     		mov	r3, r0
  40 0008 FB71     		strb	r3, [r7, #7]
  41:.\Generated_Source\PSoC5/V_Supply.c ****     uint8 staticBits = (V_Supply_DR & (uint8)(~V_Supply_MASK));
  41              		.loc 1 41 0
  42 000a 0A4B     		ldr	r3, .L2
  43 000c 1B78     		ldrb	r3, [r3]
  44 000e DBB2     		uxtb	r3, r3
  45 0010 23F03F03 		bic	r3, r3, #63
  46 0014 FB73     		strb	r3, [r7, #15]
  42:.\Generated_Source\PSoC5/V_Supply.c ****     V_Supply_DR = staticBits | ((uint8)(value << V_Supply_SHIFT) & V_Supply_MASK);
  47              		.loc 1 42 0
  48 0016 0749     		ldr	r1, .L2
  49 0018 FB79     		ldrb	r3, [r7, #7]
  50 001a 03F03F03 		and	r3, r3, #63
  51 001e DAB2     		uxtb	r2, r3
  52 0020 FB7B     		ldrb	r3, [r7, #15]
  53 0022 1343     		orrs	r3, r3, r2
  54 0024 DBB2     		uxtb	r3, r3
  55 0026 0B70     		strb	r3, [r1]
  43:.\Generated_Source\PSoC5/V_Supply.c **** }
  56              		.loc 1 43 0
  57 0028 1437     		adds	r7, r7, #20
  58              		.cfi_def_cfa_offset 4
  59 002a BD46     		mov	sp, r7
  60              		.cfi_def_cfa_register 13
  61              		@ sp needed
  62 002c 5DF8047B 		ldr	r7, [sp], #4
  63              		.cfi_restore 7
  64              		.cfi_def_cfa_offset 0
  65 0030 7047     		bx	lr
  66              	.L3:
  67 0032 00BF     		.align	2
  68              	.L2:
  69 0034 F0510040 		.word	1073762800
  70              		.cfi_endproc
  71              	.LFE0:
ARM GAS  C:\Users\charl\AppData\Local\Temp\ccz6Psld.s 			page 3


  72              		.size	V_Supply_Write, .-V_Supply_Write
  73              		.section	.text.V_Supply_SetDriveMode,"ax",%progbits
  74              		.align	2
  75              		.global	V_Supply_SetDriveMode
  76              		.thumb
  77              		.thumb_func
  78              		.type	V_Supply_SetDriveMode, %function
  79              	V_Supply_SetDriveMode:
  80              	.LFB1:
  44:.\Generated_Source\PSoC5/V_Supply.c **** 
  45:.\Generated_Source\PSoC5/V_Supply.c **** 
  46:.\Generated_Source\PSoC5/V_Supply.c **** /*******************************************************************************
  47:.\Generated_Source\PSoC5/V_Supply.c **** * Function Name: V_Supply_SetDriveMode
  48:.\Generated_Source\PSoC5/V_Supply.c **** ********************************************************************************
  49:.\Generated_Source\PSoC5/V_Supply.c **** *
  50:.\Generated_Source\PSoC5/V_Supply.c **** * Summary:
  51:.\Generated_Source\PSoC5/V_Supply.c **** *  Change the drive mode on the pins of the port.
  52:.\Generated_Source\PSoC5/V_Supply.c **** * 
  53:.\Generated_Source\PSoC5/V_Supply.c **** * Parameters:  
  54:.\Generated_Source\PSoC5/V_Supply.c **** *  mode:  Change the pins to one of the following drive modes.
  55:.\Generated_Source\PSoC5/V_Supply.c **** *
  56:.\Generated_Source\PSoC5/V_Supply.c **** *  V_Supply_DM_STRONG     Strong Drive 
  57:.\Generated_Source\PSoC5/V_Supply.c **** *  V_Supply_DM_OD_HI      Open Drain, Drives High 
  58:.\Generated_Source\PSoC5/V_Supply.c **** *  V_Supply_DM_OD_LO      Open Drain, Drives Low 
  59:.\Generated_Source\PSoC5/V_Supply.c **** *  V_Supply_DM_RES_UP     Resistive Pull Up 
  60:.\Generated_Source\PSoC5/V_Supply.c **** *  V_Supply_DM_RES_DWN    Resistive Pull Down 
  61:.\Generated_Source\PSoC5/V_Supply.c **** *  V_Supply_DM_RES_UPDWN  Resistive Pull Up/Down 
  62:.\Generated_Source\PSoC5/V_Supply.c **** *  V_Supply_DM_DIG_HIZ    High Impedance Digital 
  63:.\Generated_Source\PSoC5/V_Supply.c **** *  V_Supply_DM_ALG_HIZ    High Impedance Analog 
  64:.\Generated_Source\PSoC5/V_Supply.c **** *
  65:.\Generated_Source\PSoC5/V_Supply.c **** * Return: 
  66:.\Generated_Source\PSoC5/V_Supply.c **** *  None
  67:.\Generated_Source\PSoC5/V_Supply.c **** *
  68:.\Generated_Source\PSoC5/V_Supply.c **** *******************************************************************************/
  69:.\Generated_Source\PSoC5/V_Supply.c **** void V_Supply_SetDriveMode(uint8 mode) 
  70:.\Generated_Source\PSoC5/V_Supply.c **** {
  81              		.loc 1 70 0
  82              		.cfi_startproc
  83              		@ args = 0, pretend = 0, frame = 8
  84              		@ frame_needed = 1, uses_anonymous_args = 0
  85              		@ link register save eliminated.
  86 0000 80B4     		push	{r7}
  87              		.cfi_def_cfa_offset 4
  88              		.cfi_offset 7, -4
  89 0002 83B0     		sub	sp, sp, #12
  90              		.cfi_def_cfa_offset 16
  91 0004 00AF     		add	r7, sp, #0
  92              		.cfi_def_cfa_register 7
  93 0006 0346     		mov	r3, r0
  94 0008 FB71     		strb	r3, [r7, #7]
  71:.\Generated_Source\PSoC5/V_Supply.c **** 	CyPins_SetPinDriveMode(V_Supply_0, mode);
  95              		.loc 1 71 0
  96 000a 324B     		ldr	r3, .L5
  97 000c 314A     		ldr	r2, .L5
  98 000e 1278     		ldrb	r2, [r2]
  99 0010 D2B2     		uxtb	r2, r2
 100 0012 D2B2     		uxtb	r2, r2
ARM GAS  C:\Users\charl\AppData\Local\Temp\ccz6Psld.s 			page 4


 101 0014 22F00E02 		bic	r2, r2, #14
 102 0018 D1B2     		uxtb	r1, r2
 103 001a FA79     		ldrb	r2, [r7, #7]	@ zero_extendqisi2
 104 001c 02F00E02 		and	r2, r2, #14
 105 0020 D2B2     		uxtb	r2, r2
 106 0022 0A43     		orrs	r2, r2, r1
 107 0024 D2B2     		uxtb	r2, r2
 108 0026 D2B2     		uxtb	r2, r2
 109 0028 1A70     		strb	r2, [r3]
  72:.\Generated_Source\PSoC5/V_Supply.c **** 	CyPins_SetPinDriveMode(V_Supply_1, mode);
 110              		.loc 1 72 0
 111 002a 2B4B     		ldr	r3, .L5+4
 112 002c 2A4A     		ldr	r2, .L5+4
 113 002e 1278     		ldrb	r2, [r2]
 114 0030 D2B2     		uxtb	r2, r2
 115 0032 D2B2     		uxtb	r2, r2
 116 0034 22F00E02 		bic	r2, r2, #14
 117 0038 D1B2     		uxtb	r1, r2
 118 003a FA79     		ldrb	r2, [r7, #7]	@ zero_extendqisi2
 119 003c 02F00E02 		and	r2, r2, #14
 120 0040 D2B2     		uxtb	r2, r2
 121 0042 0A43     		orrs	r2, r2, r1
 122 0044 D2B2     		uxtb	r2, r2
 123 0046 D2B2     		uxtb	r2, r2
 124 0048 1A70     		strb	r2, [r3]
  73:.\Generated_Source\PSoC5/V_Supply.c **** 	CyPins_SetPinDriveMode(V_Supply_2, mode);
 125              		.loc 1 73 0
 126 004a 244B     		ldr	r3, .L5+8
 127 004c 234A     		ldr	r2, .L5+8
 128 004e 1278     		ldrb	r2, [r2]
 129 0050 D2B2     		uxtb	r2, r2
 130 0052 D2B2     		uxtb	r2, r2
 131 0054 22F00E02 		bic	r2, r2, #14
 132 0058 D1B2     		uxtb	r1, r2
 133 005a FA79     		ldrb	r2, [r7, #7]	@ zero_extendqisi2
 134 005c 02F00E02 		and	r2, r2, #14
 135 0060 D2B2     		uxtb	r2, r2
 136 0062 0A43     		orrs	r2, r2, r1
 137 0064 D2B2     		uxtb	r2, r2
 138 0066 D2B2     		uxtb	r2, r2
 139 0068 1A70     		strb	r2, [r3]
  74:.\Generated_Source\PSoC5/V_Supply.c **** 	CyPins_SetPinDriveMode(V_Supply_3, mode);
 140              		.loc 1 74 0
 141 006a 1D4B     		ldr	r3, .L5+12
 142 006c 1C4A     		ldr	r2, .L5+12
 143 006e 1278     		ldrb	r2, [r2]
 144 0070 D2B2     		uxtb	r2, r2
 145 0072 D2B2     		uxtb	r2, r2
 146 0074 22F00E02 		bic	r2, r2, #14
 147 0078 D1B2     		uxtb	r1, r2
 148 007a FA79     		ldrb	r2, [r7, #7]	@ zero_extendqisi2
 149 007c 02F00E02 		and	r2, r2, #14
 150 0080 D2B2     		uxtb	r2, r2
 151 0082 0A43     		orrs	r2, r2, r1
 152 0084 D2B2     		uxtb	r2, r2
 153 0086 D2B2     		uxtb	r2, r2
 154 0088 1A70     		strb	r2, [r3]
ARM GAS  C:\Users\charl\AppData\Local\Temp\ccz6Psld.s 			page 5


  75:.\Generated_Source\PSoC5/V_Supply.c **** 	CyPins_SetPinDriveMode(V_Supply_4, mode);
 155              		.loc 1 75 0
 156 008a 164B     		ldr	r3, .L5+16
 157 008c 154A     		ldr	r2, .L5+16
 158 008e 1278     		ldrb	r2, [r2]
 159 0090 D2B2     		uxtb	r2, r2
 160 0092 D2B2     		uxtb	r2, r2
 161 0094 22F00E02 		bic	r2, r2, #14
 162 0098 D1B2     		uxtb	r1, r2
 163 009a FA79     		ldrb	r2, [r7, #7]	@ zero_extendqisi2
 164 009c 02F00E02 		and	r2, r2, #14
 165 00a0 D2B2     		uxtb	r2, r2
 166 00a2 0A43     		orrs	r2, r2, r1
 167 00a4 D2B2     		uxtb	r2, r2
 168 00a6 D2B2     		uxtb	r2, r2
 169 00a8 1A70     		strb	r2, [r3]
  76:.\Generated_Source\PSoC5/V_Supply.c **** 	CyPins_SetPinDriveMode(V_Supply_5, mode);
 170              		.loc 1 76 0
 171 00aa 0F4B     		ldr	r3, .L5+20
 172 00ac 0E4A     		ldr	r2, .L5+20
 173 00ae 1278     		ldrb	r2, [r2]
 174 00b0 D2B2     		uxtb	r2, r2
 175 00b2 D2B2     		uxtb	r2, r2
 176 00b4 22F00E02 		bic	r2, r2, #14
 177 00b8 D1B2     		uxtb	r1, r2
 178 00ba FA79     		ldrb	r2, [r7, #7]	@ zero_extendqisi2
 179 00bc 02F00E02 		and	r2, r2, #14
 180 00c0 D2B2     		uxtb	r2, r2
 181 00c2 0A43     		orrs	r2, r2, r1
 182 00c4 D2B2     		uxtb	r2, r2
 183 00c6 D2B2     		uxtb	r2, r2
 184 00c8 1A70     		strb	r2, [r3]
  77:.\Generated_Source\PSoC5/V_Supply.c **** }
 185              		.loc 1 77 0
 186 00ca 0C37     		adds	r7, r7, #12
 187              		.cfi_def_cfa_offset 4
 188 00cc BD46     		mov	sp, r7
 189              		.cfi_def_cfa_register 13
 190              		@ sp needed
 191 00ce 5DF8047B 		ldr	r7, [sp], #4
 192              		.cfi_restore 7
 193              		.cfi_def_cfa_offset 0
 194 00d2 7047     		bx	lr
 195              	.L6:
 196              		.align	2
 197              	.L5:
 198 00d4 78500040 		.word	1073762424
 199 00d8 79500040 		.word	1073762425
 200 00dc 7A500040 		.word	1073762426
 201 00e0 7B500040 		.word	1073762427
 202 00e4 7C500040 		.word	1073762428
 203 00e8 7D500040 		.word	1073762429
 204              		.cfi_endproc
 205              	.LFE1:
 206              		.size	V_Supply_SetDriveMode, .-V_Supply_SetDriveMode
 207              		.section	.text.V_Supply_Read,"ax",%progbits
 208              		.align	2
ARM GAS  C:\Users\charl\AppData\Local\Temp\ccz6Psld.s 			page 6


 209              		.global	V_Supply_Read
 210              		.thumb
 211              		.thumb_func
 212              		.type	V_Supply_Read, %function
 213              	V_Supply_Read:
 214              	.LFB2:
  78:.\Generated_Source\PSoC5/V_Supply.c **** 
  79:.\Generated_Source\PSoC5/V_Supply.c **** 
  80:.\Generated_Source\PSoC5/V_Supply.c **** /*******************************************************************************
  81:.\Generated_Source\PSoC5/V_Supply.c **** * Function Name: V_Supply_Read
  82:.\Generated_Source\PSoC5/V_Supply.c **** ********************************************************************************
  83:.\Generated_Source\PSoC5/V_Supply.c **** *
  84:.\Generated_Source\PSoC5/V_Supply.c **** * Summary:
  85:.\Generated_Source\PSoC5/V_Supply.c **** *  Read the current value on the pins of the Digital Port in right justified 
  86:.\Generated_Source\PSoC5/V_Supply.c **** *  form.
  87:.\Generated_Source\PSoC5/V_Supply.c **** *
  88:.\Generated_Source\PSoC5/V_Supply.c **** * Parameters:  
  89:.\Generated_Source\PSoC5/V_Supply.c **** *  None
  90:.\Generated_Source\PSoC5/V_Supply.c **** *
  91:.\Generated_Source\PSoC5/V_Supply.c **** * Return: 
  92:.\Generated_Source\PSoC5/V_Supply.c **** *  Returns the current value of the Digital Port as a right justified number
  93:.\Generated_Source\PSoC5/V_Supply.c **** *  
  94:.\Generated_Source\PSoC5/V_Supply.c **** * Note:
  95:.\Generated_Source\PSoC5/V_Supply.c **** *  Macro V_Supply_ReadPS calls this function. 
  96:.\Generated_Source\PSoC5/V_Supply.c **** *  
  97:.\Generated_Source\PSoC5/V_Supply.c **** *******************************************************************************/
  98:.\Generated_Source\PSoC5/V_Supply.c **** uint8 V_Supply_Read(void) 
  99:.\Generated_Source\PSoC5/V_Supply.c **** {
 215              		.loc 1 99 0
 216              		.cfi_startproc
 217              		@ args = 0, pretend = 0, frame = 0
 218              		@ frame_needed = 1, uses_anonymous_args = 0
 219              		@ link register save eliminated.
 220 0000 80B4     		push	{r7}
 221              		.cfi_def_cfa_offset 4
 222              		.cfi_offset 7, -4
 223 0002 00AF     		add	r7, sp, #0
 224              		.cfi_def_cfa_register 7
 100:.\Generated_Source\PSoC5/V_Supply.c ****     return (V_Supply_PS & V_Supply_MASK) >> V_Supply_SHIFT;
 225              		.loc 1 100 0
 226 0004 054B     		ldr	r3, .L9
 227 0006 1B78     		ldrb	r3, [r3]
 228 0008 DBB2     		uxtb	r3, r3
 229 000a 03F03F03 		and	r3, r3, #63
 230 000e DBB2     		uxtb	r3, r3
 101:.\Generated_Source\PSoC5/V_Supply.c **** }
 231              		.loc 1 101 0
 232 0010 1846     		mov	r0, r3
 233 0012 BD46     		mov	sp, r7
 234              		.cfi_def_cfa_register 13
 235              		@ sp needed
 236 0014 5DF8047B 		ldr	r7, [sp], #4
 237              		.cfi_restore 7
 238              		.cfi_def_cfa_offset 0
 239 0018 7047     		bx	lr
 240              	.L10:
 241 001a 00BF     		.align	2
ARM GAS  C:\Users\charl\AppData\Local\Temp\ccz6Psld.s 			page 7


 242              	.L9:
 243 001c F1510040 		.word	1073762801
 244              		.cfi_endproc
 245              	.LFE2:
 246              		.size	V_Supply_Read, .-V_Supply_Read
 247              		.section	.text.V_Supply_ReadDataReg,"ax",%progbits
 248              		.align	2
 249              		.global	V_Supply_ReadDataReg
 250              		.thumb
 251              		.thumb_func
 252              		.type	V_Supply_ReadDataReg, %function
 253              	V_Supply_ReadDataReg:
 254              	.LFB3:
 102:.\Generated_Source\PSoC5/V_Supply.c **** 
 103:.\Generated_Source\PSoC5/V_Supply.c **** 
 104:.\Generated_Source\PSoC5/V_Supply.c **** /*******************************************************************************
 105:.\Generated_Source\PSoC5/V_Supply.c **** * Function Name: V_Supply_ReadDataReg
 106:.\Generated_Source\PSoC5/V_Supply.c **** ********************************************************************************
 107:.\Generated_Source\PSoC5/V_Supply.c **** *
 108:.\Generated_Source\PSoC5/V_Supply.c **** * Summary:
 109:.\Generated_Source\PSoC5/V_Supply.c **** *  Read the current value assigned to a Digital Port's data output register
 110:.\Generated_Source\PSoC5/V_Supply.c **** *
 111:.\Generated_Source\PSoC5/V_Supply.c **** * Parameters:  
 112:.\Generated_Source\PSoC5/V_Supply.c **** *  None 
 113:.\Generated_Source\PSoC5/V_Supply.c **** *
 114:.\Generated_Source\PSoC5/V_Supply.c **** * Return: 
 115:.\Generated_Source\PSoC5/V_Supply.c **** *  Returns the current value assigned to the Digital Port's data output register
 116:.\Generated_Source\PSoC5/V_Supply.c **** *  
 117:.\Generated_Source\PSoC5/V_Supply.c **** *******************************************************************************/
 118:.\Generated_Source\PSoC5/V_Supply.c **** uint8 V_Supply_ReadDataReg(void) 
 119:.\Generated_Source\PSoC5/V_Supply.c **** {
 255              		.loc 1 119 0
 256              		.cfi_startproc
 257              		@ args = 0, pretend = 0, frame = 0
 258              		@ frame_needed = 1, uses_anonymous_args = 0
 259              		@ link register save eliminated.
 260 0000 80B4     		push	{r7}
 261              		.cfi_def_cfa_offset 4
 262              		.cfi_offset 7, -4
 263 0002 00AF     		add	r7, sp, #0
 264              		.cfi_def_cfa_register 7
 120:.\Generated_Source\PSoC5/V_Supply.c ****     return (V_Supply_DR & V_Supply_MASK) >> V_Supply_SHIFT;
 265              		.loc 1 120 0
 266 0004 054B     		ldr	r3, .L13
 267 0006 1B78     		ldrb	r3, [r3]
 268 0008 DBB2     		uxtb	r3, r3
 269 000a 03F03F03 		and	r3, r3, #63
 270 000e DBB2     		uxtb	r3, r3
 121:.\Generated_Source\PSoC5/V_Supply.c **** }
 271              		.loc 1 121 0
 272 0010 1846     		mov	r0, r3
 273 0012 BD46     		mov	sp, r7
 274              		.cfi_def_cfa_register 13
 275              		@ sp needed
 276 0014 5DF8047B 		ldr	r7, [sp], #4
 277              		.cfi_restore 7
 278              		.cfi_def_cfa_offset 0
ARM GAS  C:\Users\charl\AppData\Local\Temp\ccz6Psld.s 			page 8


 279 0018 7047     		bx	lr
 280              	.L14:
 281 001a 00BF     		.align	2
 282              	.L13:
 283 001c F0510040 		.word	1073762800
 284              		.cfi_endproc
 285              	.LFE3:
 286              		.size	V_Supply_ReadDataReg, .-V_Supply_ReadDataReg
 287              		.text
 288              	.Letext0:
 289              		.file 2 ".\\Generated_Source\\PSoC5\\cytypes.h"
 290              		.section	.debug_info,"",%progbits
 291              	.Ldebug_info0:
 292 0000 19010000 		.4byte	0x119
 293 0004 0400     		.2byte	0x4
 294 0006 00000000 		.4byte	.Ldebug_abbrev0
 295 000a 04       		.byte	0x4
 296 000b 01       		.uleb128 0x1
 297 000c 20000000 		.4byte	.LASF20
 298 0010 01       		.byte	0x1
 299 0011 D9010000 		.4byte	.LASF21
 300 0015 AE000000 		.4byte	.LASF22
 301 0019 00000000 		.4byte	.Ldebug_ranges0+0
 302 001d 00000000 		.4byte	0
 303 0021 00000000 		.4byte	.Ldebug_line0
 304 0025 02       		.uleb128 0x2
 305 0026 01       		.byte	0x1
 306 0027 06       		.byte	0x6
 307 0028 16020000 		.4byte	.LASF0
 308 002c 02       		.uleb128 0x2
 309 002d 01       		.byte	0x1
 310 002e 08       		.byte	0x8
 311 002f 3A010000 		.4byte	.LASF1
 312 0033 02       		.uleb128 0x2
 313 0034 02       		.byte	0x2
 314 0035 05       		.byte	0x5
 315 0036 FD010000 		.4byte	.LASF2
 316 003a 02       		.uleb128 0x2
 317 003b 02       		.byte	0x2
 318 003c 07       		.byte	0x7
 319 003d 5F010000 		.4byte	.LASF3
 320 0041 02       		.uleb128 0x2
 321 0042 04       		.byte	0x4
 322 0043 05       		.byte	0x5
 323 0044 0D020000 		.4byte	.LASF4
 324 0048 02       		.uleb128 0x2
 325 0049 04       		.byte	0x4
 326 004a 07       		.byte	0x7
 327 004b 4D010000 		.4byte	.LASF5
 328 004f 02       		.uleb128 0x2
 329 0050 08       		.byte	0x8
 330 0051 05       		.byte	0x5
 331 0052 C6010000 		.4byte	.LASF6
 332 0056 02       		.uleb128 0x2
 333 0057 08       		.byte	0x8
 334 0058 07       		.byte	0x7
 335 0059 AA010000 		.4byte	.LASF7
ARM GAS  C:\Users\charl\AppData\Local\Temp\ccz6Psld.s 			page 9


 336 005d 03       		.uleb128 0x3
 337 005e 04       		.byte	0x4
 338 005f 05       		.byte	0x5
 339 0060 696E7400 		.ascii	"int\000"
 340 0064 02       		.uleb128 0x2
 341 0065 04       		.byte	0x4
 342 0066 07       		.byte	0x7
 343 0067 8F010000 		.4byte	.LASF8
 344 006b 04       		.uleb128 0x4
 345 006c 07020000 		.4byte	.LASF12
 346 0070 02       		.byte	0x2
 347 0071 C2       		.byte	0xc2
 348 0072 2C000000 		.4byte	0x2c
 349 0076 02       		.uleb128 0x2
 350 0077 04       		.byte	0x4
 351 0078 04       		.byte	0x4
 352 0079 1F010000 		.4byte	.LASF9
 353 007d 02       		.uleb128 0x2
 354 007e 08       		.byte	0x8
 355 007f 04       		.byte	0x4
 356 0080 72010000 		.4byte	.LASF10
 357 0084 02       		.uleb128 0x2
 358 0085 01       		.byte	0x1
 359 0086 08       		.byte	0x8
 360 0087 D4010000 		.4byte	.LASF11
 361 008b 05       		.uleb128 0x5
 362 008c 48010000 		.4byte	.LASF13
 363 0090 02       		.byte	0x2
 364 0091 6C01     		.2byte	0x16c
 365 0093 97000000 		.4byte	0x97
 366 0097 06       		.uleb128 0x6
 367 0098 6B000000 		.4byte	0x6b
 368 009c 07       		.uleb128 0x7
 369 009d 11000000 		.4byte	.LASF14
 370 00a1 01       		.byte	0x1
 371 00a2 27       		.byte	0x27
 372 00a3 00000000 		.4byte	.LFB0
 373 00a7 38000000 		.4byte	.LFE0-.LFB0
 374 00ab 01       		.uleb128 0x1
 375 00ac 9C       		.byte	0x9c
 376 00ad CE000000 		.4byte	0xce
 377 00b1 08       		.uleb128 0x8
 378 00b2 00000000 		.4byte	.LASF16
 379 00b6 01       		.byte	0x1
 380 00b7 27       		.byte	0x27
 381 00b8 6B000000 		.4byte	0x6b
 382 00bc 02       		.uleb128 0x2
 383 00bd 91       		.byte	0x91
 384 00be 6F       		.sleb128 -17
 385 00bf 09       		.uleb128 0x9
 386 00c0 06000000 		.4byte	.LASF23
 387 00c4 01       		.byte	0x1
 388 00c5 29       		.byte	0x29
 389 00c6 6B000000 		.4byte	0x6b
 390 00ca 02       		.uleb128 0x2
 391 00cb 91       		.byte	0x91
 392 00cc 77       		.sleb128 -9
ARM GAS  C:\Users\charl\AppData\Local\Temp\ccz6Psld.s 			page 10


 393 00cd 00       		.byte	0
 394 00ce 07       		.uleb128 0x7
 395 00cf 79010000 		.4byte	.LASF15
 396 00d3 01       		.byte	0x1
 397 00d4 45       		.byte	0x45
 398 00d5 00000000 		.4byte	.LFB1
 399 00d9 EC000000 		.4byte	.LFE1-.LFB1
 400 00dd 01       		.uleb128 0x1
 401 00de 9C       		.byte	0x9c
 402 00df F2000000 		.4byte	0xf2
 403 00e3 08       		.uleb128 0x8
 404 00e4 C1010000 		.4byte	.LASF17
 405 00e8 01       		.byte	0x1
 406 00e9 45       		.byte	0x45
 407 00ea 6B000000 		.4byte	0x6b
 408 00ee 02       		.uleb128 0x2
 409 00ef 91       		.byte	0x91
 410 00f0 77       		.sleb128 -9
 411 00f1 00       		.byte	0
 412 00f2 0A       		.uleb128 0xa
 413 00f3 9C010000 		.4byte	.LASF18
 414 00f7 01       		.byte	0x1
 415 00f8 62       		.byte	0x62
 416 00f9 6B000000 		.4byte	0x6b
 417 00fd 00000000 		.4byte	.LFB2
 418 0101 20000000 		.4byte	.LFE2-.LFB2
 419 0105 01       		.uleb128 0x1
 420 0106 9C       		.byte	0x9c
 421 0107 0A       		.uleb128 0xa
 422 0108 25010000 		.4byte	.LASF19
 423 010c 01       		.byte	0x1
 424 010d 76       		.byte	0x76
 425 010e 6B000000 		.4byte	0x6b
 426 0112 00000000 		.4byte	.LFB3
 427 0116 20000000 		.4byte	.LFE3-.LFB3
 428 011a 01       		.uleb128 0x1
 429 011b 9C       		.byte	0x9c
 430 011c 00       		.byte	0
 431              		.section	.debug_abbrev,"",%progbits
 432              	.Ldebug_abbrev0:
 433 0000 01       		.uleb128 0x1
 434 0001 11       		.uleb128 0x11
 435 0002 01       		.byte	0x1
 436 0003 25       		.uleb128 0x25
 437 0004 0E       		.uleb128 0xe
 438 0005 13       		.uleb128 0x13
 439 0006 0B       		.uleb128 0xb
 440 0007 03       		.uleb128 0x3
 441 0008 0E       		.uleb128 0xe
 442 0009 1B       		.uleb128 0x1b
 443 000a 0E       		.uleb128 0xe
 444 000b 55       		.uleb128 0x55
 445 000c 17       		.uleb128 0x17
 446 000d 11       		.uleb128 0x11
 447 000e 01       		.uleb128 0x1
 448 000f 10       		.uleb128 0x10
 449 0010 17       		.uleb128 0x17
ARM GAS  C:\Users\charl\AppData\Local\Temp\ccz6Psld.s 			page 11


 450 0011 00       		.byte	0
 451 0012 00       		.byte	0
 452 0013 02       		.uleb128 0x2
 453 0014 24       		.uleb128 0x24
 454 0015 00       		.byte	0
 455 0016 0B       		.uleb128 0xb
 456 0017 0B       		.uleb128 0xb
 457 0018 3E       		.uleb128 0x3e
 458 0019 0B       		.uleb128 0xb
 459 001a 03       		.uleb128 0x3
 460 001b 0E       		.uleb128 0xe
 461 001c 00       		.byte	0
 462 001d 00       		.byte	0
 463 001e 03       		.uleb128 0x3
 464 001f 24       		.uleb128 0x24
 465 0020 00       		.byte	0
 466 0021 0B       		.uleb128 0xb
 467 0022 0B       		.uleb128 0xb
 468 0023 3E       		.uleb128 0x3e
 469 0024 0B       		.uleb128 0xb
 470 0025 03       		.uleb128 0x3
 471 0026 08       		.uleb128 0x8
 472 0027 00       		.byte	0
 473 0028 00       		.byte	0
 474 0029 04       		.uleb128 0x4
 475 002a 16       		.uleb128 0x16
 476 002b 00       		.byte	0
 477 002c 03       		.uleb128 0x3
 478 002d 0E       		.uleb128 0xe
 479 002e 3A       		.uleb128 0x3a
 480 002f 0B       		.uleb128 0xb
 481 0030 3B       		.uleb128 0x3b
 482 0031 0B       		.uleb128 0xb
 483 0032 49       		.uleb128 0x49
 484 0033 13       		.uleb128 0x13
 485 0034 00       		.byte	0
 486 0035 00       		.byte	0
 487 0036 05       		.uleb128 0x5
 488 0037 16       		.uleb128 0x16
 489 0038 00       		.byte	0
 490 0039 03       		.uleb128 0x3
 491 003a 0E       		.uleb128 0xe
 492 003b 3A       		.uleb128 0x3a
 493 003c 0B       		.uleb128 0xb
 494 003d 3B       		.uleb128 0x3b
 495 003e 05       		.uleb128 0x5
 496 003f 49       		.uleb128 0x49
 497 0040 13       		.uleb128 0x13
 498 0041 00       		.byte	0
 499 0042 00       		.byte	0
 500 0043 06       		.uleb128 0x6
 501 0044 35       		.uleb128 0x35
 502 0045 00       		.byte	0
 503 0046 49       		.uleb128 0x49
 504 0047 13       		.uleb128 0x13
 505 0048 00       		.byte	0
 506 0049 00       		.byte	0
ARM GAS  C:\Users\charl\AppData\Local\Temp\ccz6Psld.s 			page 12


 507 004a 07       		.uleb128 0x7
 508 004b 2E       		.uleb128 0x2e
 509 004c 01       		.byte	0x1
 510 004d 3F       		.uleb128 0x3f
 511 004e 19       		.uleb128 0x19
 512 004f 03       		.uleb128 0x3
 513 0050 0E       		.uleb128 0xe
 514 0051 3A       		.uleb128 0x3a
 515 0052 0B       		.uleb128 0xb
 516 0053 3B       		.uleb128 0x3b
 517 0054 0B       		.uleb128 0xb
 518 0055 27       		.uleb128 0x27
 519 0056 19       		.uleb128 0x19
 520 0057 11       		.uleb128 0x11
 521 0058 01       		.uleb128 0x1
 522 0059 12       		.uleb128 0x12
 523 005a 06       		.uleb128 0x6
 524 005b 40       		.uleb128 0x40
 525 005c 18       		.uleb128 0x18
 526 005d 9742     		.uleb128 0x2117
 527 005f 19       		.uleb128 0x19
 528 0060 01       		.uleb128 0x1
 529 0061 13       		.uleb128 0x13
 530 0062 00       		.byte	0
 531 0063 00       		.byte	0
 532 0064 08       		.uleb128 0x8
 533 0065 05       		.uleb128 0x5
 534 0066 00       		.byte	0
 535 0067 03       		.uleb128 0x3
 536 0068 0E       		.uleb128 0xe
 537 0069 3A       		.uleb128 0x3a
 538 006a 0B       		.uleb128 0xb
 539 006b 3B       		.uleb128 0x3b
 540 006c 0B       		.uleb128 0xb
 541 006d 49       		.uleb128 0x49
 542 006e 13       		.uleb128 0x13
 543 006f 02       		.uleb128 0x2
 544 0070 18       		.uleb128 0x18
 545 0071 00       		.byte	0
 546 0072 00       		.byte	0
 547 0073 09       		.uleb128 0x9
 548 0074 34       		.uleb128 0x34
 549 0075 00       		.byte	0
 550 0076 03       		.uleb128 0x3
 551 0077 0E       		.uleb128 0xe
 552 0078 3A       		.uleb128 0x3a
 553 0079 0B       		.uleb128 0xb
 554 007a 3B       		.uleb128 0x3b
 555 007b 0B       		.uleb128 0xb
 556 007c 49       		.uleb128 0x49
 557 007d 13       		.uleb128 0x13
 558 007e 02       		.uleb128 0x2
 559 007f 18       		.uleb128 0x18
 560 0080 00       		.byte	0
 561 0081 00       		.byte	0
 562 0082 0A       		.uleb128 0xa
 563 0083 2E       		.uleb128 0x2e
ARM GAS  C:\Users\charl\AppData\Local\Temp\ccz6Psld.s 			page 13


 564 0084 00       		.byte	0
 565 0085 3F       		.uleb128 0x3f
 566 0086 19       		.uleb128 0x19
 567 0087 03       		.uleb128 0x3
 568 0088 0E       		.uleb128 0xe
 569 0089 3A       		.uleb128 0x3a
 570 008a 0B       		.uleb128 0xb
 571 008b 3B       		.uleb128 0x3b
 572 008c 0B       		.uleb128 0xb
 573 008d 27       		.uleb128 0x27
 574 008e 19       		.uleb128 0x19
 575 008f 49       		.uleb128 0x49
 576 0090 13       		.uleb128 0x13
 577 0091 11       		.uleb128 0x11
 578 0092 01       		.uleb128 0x1
 579 0093 12       		.uleb128 0x12
 580 0094 06       		.uleb128 0x6
 581 0095 40       		.uleb128 0x40
 582 0096 18       		.uleb128 0x18
 583 0097 9742     		.uleb128 0x2117
 584 0099 19       		.uleb128 0x19
 585 009a 00       		.byte	0
 586 009b 00       		.byte	0
 587 009c 00       		.byte	0
 588              		.section	.debug_aranges,"",%progbits
 589 0000 34000000 		.4byte	0x34
 590 0004 0200     		.2byte	0x2
 591 0006 00000000 		.4byte	.Ldebug_info0
 592 000a 04       		.byte	0x4
 593 000b 00       		.byte	0
 594 000c 0000     		.2byte	0
 595 000e 0000     		.2byte	0
 596 0010 00000000 		.4byte	.LFB0
 597 0014 38000000 		.4byte	.LFE0-.LFB0
 598 0018 00000000 		.4byte	.LFB1
 599 001c EC000000 		.4byte	.LFE1-.LFB1
 600 0020 00000000 		.4byte	.LFB2
 601 0024 20000000 		.4byte	.LFE2-.LFB2
 602 0028 00000000 		.4byte	.LFB3
 603 002c 20000000 		.4byte	.LFE3-.LFB3
 604 0030 00000000 		.4byte	0
 605 0034 00000000 		.4byte	0
 606              		.section	.debug_ranges,"",%progbits
 607              	.Ldebug_ranges0:
 608 0000 00000000 		.4byte	.LFB0
 609 0004 38000000 		.4byte	.LFE0
 610 0008 00000000 		.4byte	.LFB1
 611 000c EC000000 		.4byte	.LFE1
 612 0010 00000000 		.4byte	.LFB2
 613 0014 20000000 		.4byte	.LFE2
 614 0018 00000000 		.4byte	.LFB3
 615 001c 20000000 		.4byte	.LFE3
 616 0020 00000000 		.4byte	0
 617 0024 00000000 		.4byte	0
 618              		.section	.debug_line,"",%progbits
 619              	.Ldebug_line0:
 620 0000 99000000 		.section	.debug_str,"MS",%progbits,1
ARM GAS  C:\Users\charl\AppData\Local\Temp\ccz6Psld.s 			page 14


 620      02004700 
 620      00000201 
 620      FB0E0D00 
 620      01010101 
 621              	.LASF16:
 622 0000 76616C75 		.ascii	"value\000"
 622      6500
 623              	.LASF23:
 624 0006 73746174 		.ascii	"staticBits\000"
 624      69634269 
 624      747300
 625              	.LASF14:
 626 0011 565F5375 		.ascii	"V_Supply_Write\000"
 626      70706C79 
 626      5F577269 
 626      746500
 627              	.LASF20:
 628 0020 474E5520 		.ascii	"GNU C 4.9.3 20150303 (release) [ARM/embedded-4_9-br"
 628      4320342E 
 628      392E3320 
 628      32303135 
 628      30333033 
 629 0053 616E6368 		.ascii	"anch revision 221220] -mcpu=cortex-m3 -mthumb -g -O"
 629      20726576 
 629      6973696F 
 629      6E203232 
 629      31323230 
 630 0086 30202D66 		.ascii	"0 -ffunction-sections -ffat-lto-objects\000"
 630      66756E63 
 630      74696F6E 
 630      2D736563 
 630      74696F6E 
 631              	.LASF22:
 632 00ae 433A5C55 		.ascii	"C:\\Users\\charl\\Documents\\Virginia_Tech\\FSAE\\P"
 632      73657273 
 632      5C636861 
 632      726C5C44 
 632      6F63756D 
 633 00db 534F435C 		.ascii	"SOC\\Current Sensor\\CE95277 ADC and UART\\VTM16 Cu"
 633      43757272 
 633      656E7420 
 633      53656E73 
 633      6F725C43 
 634 010b 7272656E 		.ascii	"rrent Sensors.cydsn\000"
 634      74205365 
 634      6E736F72 
 634      732E6379 
 634      64736E00 
 635              	.LASF9:
 636 011f 666C6F61 		.ascii	"float\000"
 636      7400
 637              	.LASF19:
 638 0125 565F5375 		.ascii	"V_Supply_ReadDataReg\000"
 638      70706C79 
 638      5F526561 
 638      64446174 
 638      61526567 
ARM GAS  C:\Users\charl\AppData\Local\Temp\ccz6Psld.s 			page 15


 639              	.LASF1:
 640 013a 756E7369 		.ascii	"unsigned char\000"
 640      676E6564 
 640      20636861 
 640      7200
 641              	.LASF13:
 642 0148 72656738 		.ascii	"reg8\000"
 642      00
 643              	.LASF5:
 644 014d 6C6F6E67 		.ascii	"long unsigned int\000"
 644      20756E73 
 644      69676E65 
 644      6420696E 
 644      7400
 645              	.LASF3:
 646 015f 73686F72 		.ascii	"short unsigned int\000"
 646      7420756E 
 646      7369676E 
 646      65642069 
 646      6E7400
 647              	.LASF10:
 648 0172 646F7562 		.ascii	"double\000"
 648      6C6500
 649              	.LASF15:
 650 0179 565F5375 		.ascii	"V_Supply_SetDriveMode\000"
 650      70706C79 
 650      5F536574 
 650      44726976 
 650      654D6F64 
 651              	.LASF8:
 652 018f 756E7369 		.ascii	"unsigned int\000"
 652      676E6564 
 652      20696E74 
 652      00
 653              	.LASF18:
 654 019c 565F5375 		.ascii	"V_Supply_Read\000"
 654      70706C79 
 654      5F526561 
 654      6400
 655              	.LASF7:
 656 01aa 6C6F6E67 		.ascii	"long long unsigned int\000"
 656      206C6F6E 
 656      6720756E 
 656      7369676E 
 656      65642069 
 657              	.LASF17:
 658 01c1 6D6F6465 		.ascii	"mode\000"
 658      00
 659              	.LASF6:
 660 01c6 6C6F6E67 		.ascii	"long long int\000"
 660      206C6F6E 
 660      6720696E 
 660      7400
 661              	.LASF11:
 662 01d4 63686172 		.ascii	"char\000"
 662      00
 663              	.LASF21:
ARM GAS  C:\Users\charl\AppData\Local\Temp\ccz6Psld.s 			page 16


 664 01d9 2E5C4765 		.ascii	".\\Generated_Source\\PSoC5\\V_Supply.c\000"
 664      6E657261 
 664      7465645F 
 664      536F7572 
 664      63655C50 
 665              	.LASF2:
 666 01fd 73686F72 		.ascii	"short int\000"
 666      7420696E 
 666      7400
 667              	.LASF12:
 668 0207 75696E74 		.ascii	"uint8\000"
 668      3800
 669              	.LASF4:
 670 020d 6C6F6E67 		.ascii	"long int\000"
 670      20696E74 
 670      00
 671              	.LASF0:
 672 0216 7369676E 		.ascii	"signed char\000"
 672      65642063 
 672      68617200 
 673              		.ident	"GCC: (GNU Tools for ARM Embedded Processors) 4.9.3 20150303 (release) [ARM/embedded-4_9-br
