ARM GAS  C:\Users\Charlie\AppData\Local\Temp\ccjp1DYy.s 			page 1


   1              		.syntax unified
   2              		.cpu cortex-m3
   3              		.fpu softvfp
   4              		.eabi_attribute 20, 1
   5              		.eabi_attribute 21, 1
   6              		.eabi_attribute 23, 3
   7              		.eabi_attribute 24, 1
   8              		.eabi_attribute 25, 1
   9              		.eabi_attribute 26, 1
  10              		.eabi_attribute 30, 6
  11              		.eabi_attribute 34, 1
  12              		.eabi_attribute 18, 4
  13              		.thumb
  14              		.file	"ADC_SAR_Seq_1_INT.c"
  15              		.text
  16              	.Ltext0:
  17              		.cfi_sections	.debug_frame
  18              		.section	.text.ADC_SAR_Seq_1_ISR,"ax",%progbits
  19              		.align	2
  20              		.global	ADC_SAR_Seq_1_ISR
  21              		.thumb
  22              		.thumb_func
  23              		.type	ADC_SAR_Seq_1_ISR, %function
  24              	ADC_SAR_Seq_1_ISR:
  25              	.LFB0:
  26              		.file 1 ".\\Generated_Source\\PSoC5\\ADC_SAR_Seq_1_INT.c"
   1:.\Generated_Source\PSoC5/ADC_SAR_Seq_1_INT.c **** /*******************************************************************************
   2:.\Generated_Source\PSoC5/ADC_SAR_Seq_1_INT.c **** * File Name: ADC_SAR_Seq_1_INT.c
   3:.\Generated_Source\PSoC5/ADC_SAR_Seq_1_INT.c **** * Version 2.0
   4:.\Generated_Source\PSoC5/ADC_SAR_Seq_1_INT.c **** *
   5:.\Generated_Source\PSoC5/ADC_SAR_Seq_1_INT.c **** *  Description:
   6:.\Generated_Source\PSoC5/ADC_SAR_Seq_1_INT.c **** *    This file contains the code that operates during the interrupt
   7:.\Generated_Source\PSoC5/ADC_SAR_Seq_1_INT.c **** *    service routine.
   8:.\Generated_Source\PSoC5/ADC_SAR_Seq_1_INT.c **** *
   9:.\Generated_Source\PSoC5/ADC_SAR_Seq_1_INT.c **** *   Note:
  10:.\Generated_Source\PSoC5/ADC_SAR_Seq_1_INT.c **** *
  11:.\Generated_Source\PSoC5/ADC_SAR_Seq_1_INT.c **** ********************************************************************************
  12:.\Generated_Source\PSoC5/ADC_SAR_Seq_1_INT.c **** * Copyright 2012-2015, Cypress Semiconductor Corporation.  All rights reserved.
  13:.\Generated_Source\PSoC5/ADC_SAR_Seq_1_INT.c **** * You may use this file only in accordance with the license, terms, conditions,
  14:.\Generated_Source\PSoC5/ADC_SAR_Seq_1_INT.c **** * disclaimers, and limitations in the end user license agreement accompanying
  15:.\Generated_Source\PSoC5/ADC_SAR_Seq_1_INT.c **** * the software package with which this file was provided.
  16:.\Generated_Source\PSoC5/ADC_SAR_Seq_1_INT.c **** *******************************************************************************/
  17:.\Generated_Source\PSoC5/ADC_SAR_Seq_1_INT.c **** 
  18:.\Generated_Source\PSoC5/ADC_SAR_Seq_1_INT.c **** #include "ADC_SAR_Seq_1.h"
  19:.\Generated_Source\PSoC5/ADC_SAR_Seq_1_INT.c **** 
  20:.\Generated_Source\PSoC5/ADC_SAR_Seq_1_INT.c **** 
  21:.\Generated_Source\PSoC5/ADC_SAR_Seq_1_INT.c **** /******************************************************************************
  22:.\Generated_Source\PSoC5/ADC_SAR_Seq_1_INT.c **** * Custom Declarations and Variables
  23:.\Generated_Source\PSoC5/ADC_SAR_Seq_1_INT.c **** * - add user inlcude files, prototypes and variables between the following
  24:.\Generated_Source\PSoC5/ADC_SAR_Seq_1_INT.c **** *   #START and #END tags
  25:.\Generated_Source\PSoC5/ADC_SAR_Seq_1_INT.c **** ******************************************************************************/
  26:.\Generated_Source\PSoC5/ADC_SAR_Seq_1_INT.c **** /* `#START SEQ_ADC_SYS_VAR`  */
  27:.\Generated_Source\PSoC5/ADC_SAR_Seq_1_INT.c **** 
  28:.\Generated_Source\PSoC5/ADC_SAR_Seq_1_INT.c **** /* `#END`  */
  29:.\Generated_Source\PSoC5/ADC_SAR_Seq_1_INT.c **** 
  30:.\Generated_Source\PSoC5/ADC_SAR_Seq_1_INT.c **** 
  31:.\Generated_Source\PSoC5/ADC_SAR_Seq_1_INT.c **** #if(ADC_SAR_Seq_1_IRQ_REMOVE == 0u)
ARM GAS  C:\Users\Charlie\AppData\Local\Temp\ccjp1DYy.s 			page 2


  32:.\Generated_Source\PSoC5/ADC_SAR_Seq_1_INT.c **** 
  33:.\Generated_Source\PSoC5/ADC_SAR_Seq_1_INT.c **** 
  34:.\Generated_Source\PSoC5/ADC_SAR_Seq_1_INT.c ****     /******************************************************************************
  35:.\Generated_Source\PSoC5/ADC_SAR_Seq_1_INT.c ****     * Function Name: ADC_SAR_Seq_1_ISR
  36:.\Generated_Source\PSoC5/ADC_SAR_Seq_1_INT.c ****     *******************************************************************************
  37:.\Generated_Source\PSoC5/ADC_SAR_Seq_1_INT.c ****     *
  38:.\Generated_Source\PSoC5/ADC_SAR_Seq_1_INT.c ****     * Summary:
  39:.\Generated_Source\PSoC5/ADC_SAR_Seq_1_INT.c ****     *  Handle Interrupt Service Routine.
  40:.\Generated_Source\PSoC5/ADC_SAR_Seq_1_INT.c ****     *
  41:.\Generated_Source\PSoC5/ADC_SAR_Seq_1_INT.c ****     * Parameters:
  42:.\Generated_Source\PSoC5/ADC_SAR_Seq_1_INT.c ****     *  None.
  43:.\Generated_Source\PSoC5/ADC_SAR_Seq_1_INT.c ****     *
  44:.\Generated_Source\PSoC5/ADC_SAR_Seq_1_INT.c ****     * Return:
  45:.\Generated_Source\PSoC5/ADC_SAR_Seq_1_INT.c ****     *  None.
  46:.\Generated_Source\PSoC5/ADC_SAR_Seq_1_INT.c ****     *
  47:.\Generated_Source\PSoC5/ADC_SAR_Seq_1_INT.c ****     * Reentrant:
  48:.\Generated_Source\PSoC5/ADC_SAR_Seq_1_INT.c ****     *  No.
  49:.\Generated_Source\PSoC5/ADC_SAR_Seq_1_INT.c ****     *
  50:.\Generated_Source\PSoC5/ADC_SAR_Seq_1_INT.c ****     ******************************************************************************/
  51:.\Generated_Source\PSoC5/ADC_SAR_Seq_1_INT.c ****     CY_ISR( ADC_SAR_Seq_1_ISR )
  52:.\Generated_Source\PSoC5/ADC_SAR_Seq_1_INT.c ****     {
  27              		.loc 1 52 0
  28              		.cfi_startproc
  29              		@ args = 0, pretend = 0, frame = 0
  30              		@ frame_needed = 1, uses_anonymous_args = 0
  31              		@ link register save eliminated.
  32 0000 80B4     		push	{r7}
  33              		.cfi_def_cfa_offset 4
  34              		.cfi_offset 7, -4
  35 0002 00AF     		add	r7, sp, #0
  36              		.cfi_def_cfa_register 7
  53:.\Generated_Source\PSoC5/ADC_SAR_Seq_1_INT.c ****         /************************************************************************
  54:.\Generated_Source\PSoC5/ADC_SAR_Seq_1_INT.c ****         *  Custom Code
  55:.\Generated_Source\PSoC5/ADC_SAR_Seq_1_INT.c ****         *  - add user ISR code between the following #START and #END tags
  56:.\Generated_Source\PSoC5/ADC_SAR_Seq_1_INT.c ****         *************************************************************************/
  57:.\Generated_Source\PSoC5/ADC_SAR_Seq_1_INT.c ****           /* `#START MAIN_SEQ_ADC_ISR`  */
  58:.\Generated_Source\PSoC5/ADC_SAR_Seq_1_INT.c **** 
  59:.\Generated_Source\PSoC5/ADC_SAR_Seq_1_INT.c ****           /* `#END`  */
  60:.\Generated_Source\PSoC5/ADC_SAR_Seq_1_INT.c **** 
  61:.\Generated_Source\PSoC5/ADC_SAR_Seq_1_INT.c ****     }
  37              		.loc 1 61 0
  38 0004 BD46     		mov	sp, r7
  39              		@ sp needed
  40 0006 5DF8047B 		ldr	r7, [sp], #4
  41 000a 7047     		bx	lr
  42              		.cfi_endproc
  43              	.LFE0:
  44              		.size	ADC_SAR_Seq_1_ISR, .-ADC_SAR_Seq_1_ISR
  45              		.text
  46              	.Letext0:
  47              		.section	.debug_info,"",%progbits
  48              	.Ldebug_info0:
  49 0000 95000000 		.4byte	0x95
  50 0004 0400     		.2byte	0x4
  51 0006 00000000 		.4byte	.Ldebug_abbrev0
  52 000a 04       		.byte	0x4
  53 000b 01       		.uleb128 0x1
ARM GAS  C:\Users\Charlie\AppData\Local\Temp\ccjp1DYy.s 			page 3


  54 000c 39010000 		.4byte	.LASF13
  55 0010 01       		.byte	0x1
  56 0011 0C010000 		.4byte	.LASF14
  57 0015 2D000000 		.4byte	.LASF15
  58 0019 00000000 		.4byte	.Ldebug_ranges0+0
  59 001d 00000000 		.4byte	0
  60 0021 00000000 		.4byte	.Ldebug_line0
  61 0025 02       		.uleb128 0x2
  62 0026 01       		.byte	0x1
  63 0027 06       		.byte	0x6
  64 0028 FA000000 		.4byte	.LASF0
  65 002c 02       		.uleb128 0x2
  66 002d 01       		.byte	0x1
  67 002e 08       		.byte	0x8
  68 002f BA000000 		.4byte	.LASF1
  69 0033 02       		.uleb128 0x2
  70 0034 02       		.byte	0x2
  71 0035 05       		.byte	0x5
  72 0036 D6000000 		.4byte	.LASF2
  73 003a 02       		.uleb128 0x2
  74 003b 02       		.byte	0x2
  75 003c 07       		.byte	0x7
  76 003d E7000000 		.4byte	.LASF3
  77 0041 02       		.uleb128 0x2
  78 0042 04       		.byte	0x4
  79 0043 05       		.byte	0x5
  80 0044 CD000000 		.4byte	.LASF4
  81 0048 02       		.uleb128 0x2
  82 0049 04       		.byte	0x4
  83 004a 07       		.byte	0x7
  84 004b 91000000 		.4byte	.LASF5
  85 004f 02       		.uleb128 0x2
  86 0050 08       		.byte	0x8
  87 0051 05       		.byte	0x5
  88 0052 00000000 		.4byte	.LASF6
  89 0056 02       		.uleb128 0x2
  90 0057 08       		.byte	0x8
  91 0058 07       		.byte	0x7
  92 0059 A3000000 		.4byte	.LASF7
  93 005d 03       		.uleb128 0x3
  94 005e 04       		.byte	0x4
  95 005f 05       		.byte	0x5
  96 0060 696E7400 		.ascii	"int\000"
  97 0064 02       		.uleb128 0x2
  98 0065 04       		.byte	0x4
  99 0066 07       		.byte	0x7
 100 0067 0E000000 		.4byte	.LASF8
 101 006b 02       		.uleb128 0x2
 102 006c 04       		.byte	0x4
 103 006d 04       		.byte	0x4
 104 006e 06010000 		.4byte	.LASF9
 105 0072 02       		.uleb128 0x2
 106 0073 08       		.byte	0x8
 107 0074 04       		.byte	0x4
 108 0075 E0000000 		.4byte	.LASF10
 109 0079 02       		.uleb128 0x2
 110 007a 01       		.byte	0x1
ARM GAS  C:\Users\Charlie\AppData\Local\Temp\ccjp1DYy.s 			page 4


 111 007b 08       		.byte	0x8
 112 007c C8000000 		.4byte	.LASF11
 113 0080 02       		.uleb128 0x2
 114 0081 04       		.byte	0x4
 115 0082 07       		.byte	0x7
 116 0083 B5010000 		.4byte	.LASF12
 117 0087 04       		.uleb128 0x4
 118 0088 1B000000 		.4byte	.LASF16
 119 008c 01       		.byte	0x1
 120 008d 33       		.byte	0x33
 121 008e 00000000 		.4byte	.LFB0
 122 0092 0C000000 		.4byte	.LFE0-.LFB0
 123 0096 01       		.uleb128 0x1
 124 0097 9C       		.byte	0x9c
 125 0098 00       		.byte	0
 126              		.section	.debug_abbrev,"",%progbits
 127              	.Ldebug_abbrev0:
 128 0000 01       		.uleb128 0x1
 129 0001 11       		.uleb128 0x11
 130 0002 01       		.byte	0x1
 131 0003 25       		.uleb128 0x25
 132 0004 0E       		.uleb128 0xe
 133 0005 13       		.uleb128 0x13
 134 0006 0B       		.uleb128 0xb
 135 0007 03       		.uleb128 0x3
 136 0008 0E       		.uleb128 0xe
 137 0009 1B       		.uleb128 0x1b
 138 000a 0E       		.uleb128 0xe
 139 000b 55       		.uleb128 0x55
 140 000c 17       		.uleb128 0x17
 141 000d 11       		.uleb128 0x11
 142 000e 01       		.uleb128 0x1
 143 000f 10       		.uleb128 0x10
 144 0010 17       		.uleb128 0x17
 145 0011 00       		.byte	0
 146 0012 00       		.byte	0
 147 0013 02       		.uleb128 0x2
 148 0014 24       		.uleb128 0x24
 149 0015 00       		.byte	0
 150 0016 0B       		.uleb128 0xb
 151 0017 0B       		.uleb128 0xb
 152 0018 3E       		.uleb128 0x3e
 153 0019 0B       		.uleb128 0xb
 154 001a 03       		.uleb128 0x3
 155 001b 0E       		.uleb128 0xe
 156 001c 00       		.byte	0
 157 001d 00       		.byte	0
 158 001e 03       		.uleb128 0x3
 159 001f 24       		.uleb128 0x24
 160 0020 00       		.byte	0
 161 0021 0B       		.uleb128 0xb
 162 0022 0B       		.uleb128 0xb
 163 0023 3E       		.uleb128 0x3e
 164 0024 0B       		.uleb128 0xb
 165 0025 03       		.uleb128 0x3
 166 0026 08       		.uleb128 0x8
 167 0027 00       		.byte	0
ARM GAS  C:\Users\Charlie\AppData\Local\Temp\ccjp1DYy.s 			page 5


 168 0028 00       		.byte	0
 169 0029 04       		.uleb128 0x4
 170 002a 2E       		.uleb128 0x2e
 171 002b 00       		.byte	0
 172 002c 3F       		.uleb128 0x3f
 173 002d 19       		.uleb128 0x19
 174 002e 03       		.uleb128 0x3
 175 002f 0E       		.uleb128 0xe
 176 0030 3A       		.uleb128 0x3a
 177 0031 0B       		.uleb128 0xb
 178 0032 3B       		.uleb128 0x3b
 179 0033 0B       		.uleb128 0xb
 180 0034 27       		.uleb128 0x27
 181 0035 19       		.uleb128 0x19
 182 0036 11       		.uleb128 0x11
 183 0037 01       		.uleb128 0x1
 184 0038 12       		.uleb128 0x12
 185 0039 06       		.uleb128 0x6
 186 003a 40       		.uleb128 0x40
 187 003b 18       		.uleb128 0x18
 188 003c 9742     		.uleb128 0x2117
 189 003e 19       		.uleb128 0x19
 190 003f 00       		.byte	0
 191 0040 00       		.byte	0
 192 0041 00       		.byte	0
 193              		.section	.debug_aranges,"",%progbits
 194 0000 1C000000 		.4byte	0x1c
 195 0004 0200     		.2byte	0x2
 196 0006 00000000 		.4byte	.Ldebug_info0
 197 000a 04       		.byte	0x4
 198 000b 00       		.byte	0
 199 000c 0000     		.2byte	0
 200 000e 0000     		.2byte	0
 201 0010 00000000 		.4byte	.LFB0
 202 0014 0C000000 		.4byte	.LFE0-.LFB0
 203 0018 00000000 		.4byte	0
 204 001c 00000000 		.4byte	0
 205              		.section	.debug_ranges,"",%progbits
 206              	.Ldebug_ranges0:
 207 0000 00000000 		.4byte	.LFB0
 208 0004 0C000000 		.4byte	.LFE0
 209 0008 00000000 		.4byte	0
 210 000c 00000000 		.4byte	0
 211              		.section	.debug_line,"",%progbits
 212              	.Ldebug_line0:
 213 0000 5B000000 		.section	.debug_str,"MS",%progbits,1
 213      02004300 
 213      00000201 
 213      FB0E0D00 
 213      01010101 
 214              	.LASF6:
 215 0000 6C6F6E67 		.ascii	"long long int\000"
 215      206C6F6E 
 215      6720696E 
 215      7400
 216              	.LASF8:
 217 000e 756E7369 		.ascii	"unsigned int\000"
ARM GAS  C:\Users\Charlie\AppData\Local\Temp\ccjp1DYy.s 			page 6


 217      676E6564 
 217      20696E74 
 217      00
 218              	.LASF16:
 219 001b 4144435F 		.ascii	"ADC_SAR_Seq_1_ISR\000"
 219      5341525F 
 219      5365715F 
 219      315F4953 
 219      5200
 220              	.LASF15:
 221 002d 443A5C44 		.ascii	"D:\\Documents\\Virginia_Tech\\FSAE\\PSOC\\Current S"
 221      6F63756D 
 221      656E7473 
 221      5C566972 
 221      67696E69 
 222 005b 656E736F 		.ascii	"ensor\\CE95277 ADC and UART\\CE95277 ADC and UART.c"
 222      725C4345 
 222      39353237 
 222      37204144 
 222      4320616E 
 223 008c 7964736E 		.ascii	"ydsn\000"
 223      00
 224              	.LASF5:
 225 0091 6C6F6E67 		.ascii	"long unsigned int\000"
 225      20756E73 
 225      69676E65 
 225      6420696E 
 225      7400
 226              	.LASF7:
 227 00a3 6C6F6E67 		.ascii	"long long unsigned int\000"
 227      206C6F6E 
 227      6720756E 
 227      7369676E 
 227      65642069 
 228              	.LASF1:
 229 00ba 756E7369 		.ascii	"unsigned char\000"
 229      676E6564 
 229      20636861 
 229      7200
 230              	.LASF11:
 231 00c8 63686172 		.ascii	"char\000"
 231      00
 232              	.LASF4:
 233 00cd 6C6F6E67 		.ascii	"long int\000"
 233      20696E74 
 233      00
 234              	.LASF2:
 235 00d6 73686F72 		.ascii	"short int\000"
 235      7420696E 
 235      7400
 236              	.LASF10:
 237 00e0 646F7562 		.ascii	"double\000"
 237      6C6500
 238              	.LASF3:
 239 00e7 73686F72 		.ascii	"short unsigned int\000"
 239      7420756E 
 239      7369676E 
ARM GAS  C:\Users\Charlie\AppData\Local\Temp\ccjp1DYy.s 			page 7


 239      65642069 
 239      6E7400
 240              	.LASF0:
 241 00fa 7369676E 		.ascii	"signed char\000"
 241      65642063 
 241      68617200 
 242              	.LASF9:
 243 0106 666C6F61 		.ascii	"float\000"
 243      7400
 244              	.LASF14:
 245 010c 2E5C4765 		.ascii	".\\Generated_Source\\PSoC5\\ADC_SAR_Seq_1_INT.c\000"
 245      6E657261 
 245      7465645F 
 245      536F7572 
 245      63655C50 
 246              	.LASF13:
 247 0139 474E5520 		.ascii	"GNU C 4.8.4 20140526 (release) [ARM/embedded-4_8-br"
 247      4320342E 
 247      382E3420 
 247      32303134 
 247      30353236 
 248 016c 616E6368 		.ascii	"anch revision 211358] -mcpu=cortex-m3 -mthumb -g -O"
 248      20726576 
 248      6973696F 
 248      6E203231 
 248      31333538 
 249 019f 30202D66 		.ascii	"0 -ffunction-sections\000"
 249      66756E63 
 249      74696F6E 
 249      2D736563 
 249      74696F6E 
 250              	.LASF12:
 251 01b5 73697A65 		.ascii	"sizetype\000"
 251      74797065 
 251      00
 252              		.ident	"GCC: (GNU Tools for ARM Embedded Processors) 4.8.4 20140526 (release) [ARM/embedded-4_8-br
