ARM GAS  C:\Users\Charlie\AppData\Local\Temp\cc74uoM0.s 			page 1


   1              		.syntax unified
   2              		.cpu cortex-m3
   3              		.fpu softvfp
   4              		.eabi_attribute 20, 1
   5              		.eabi_attribute 21, 1
   6              		.eabi_attribute 23, 3
   7              		.eabi_attribute 24, 1
   8              		.eabi_attribute 25, 1
   9              		.eabi_attribute 26, 1
  10              		.eabi_attribute 30, 6
  11              		.eabi_attribute 34, 1
  12              		.eabi_attribute 18, 4
  13              		.thumb
  14              		.file	"ADC_SAR_Seq_1_SAR_PM.c"
  15              		.text
  16              	.Ltext0:
  17              		.cfi_sections	.debug_frame
  18              		.bss
  19              		.align	2
  20              	ADC_SAR_Seq_1_SAR_backup:
  21 0000 00       		.space	1
  22 0001 000000   		.section	.text.ADC_SAR_Seq_1_SAR_SaveConfig,"ax",%progbits
  23              		.align	2
  24              		.global	ADC_SAR_Seq_1_SAR_SaveConfig
  25              		.thumb
  26              		.thumb_func
  27              		.type	ADC_SAR_Seq_1_SAR_SaveConfig, %function
  28              	ADC_SAR_Seq_1_SAR_SaveConfig:
  29              	.LFB0:
  30              		.file 1 ".\\Generated_Source\\PSoC5\\ADC_SAR_Seq_1_SAR_PM.c"
   1:.\Generated_Source\PSoC5/ADC_SAR_Seq_1_SAR_PM.c **** /*******************************************************************************
   2:.\Generated_Source\PSoC5/ADC_SAR_Seq_1_SAR_PM.c **** * File Name: ADC_SAR_Seq_1_SAR_PM.c
   3:.\Generated_Source\PSoC5/ADC_SAR_Seq_1_SAR_PM.c **** * Version 3.0
   4:.\Generated_Source\PSoC5/ADC_SAR_Seq_1_SAR_PM.c **** *
   5:.\Generated_Source\PSoC5/ADC_SAR_Seq_1_SAR_PM.c **** * Description:
   6:.\Generated_Source\PSoC5/ADC_SAR_Seq_1_SAR_PM.c **** *  This file provides Sleep/WakeUp APIs functionality.
   7:.\Generated_Source\PSoC5/ADC_SAR_Seq_1_SAR_PM.c **** *
   8:.\Generated_Source\PSoC5/ADC_SAR_Seq_1_SAR_PM.c **** * Note:
   9:.\Generated_Source\PSoC5/ADC_SAR_Seq_1_SAR_PM.c **** *
  10:.\Generated_Source\PSoC5/ADC_SAR_Seq_1_SAR_PM.c **** ********************************************************************************
  11:.\Generated_Source\PSoC5/ADC_SAR_Seq_1_SAR_PM.c **** * Copyright 2008-2015, Cypress Semiconductor Corporation.  All rights reserved.
  12:.\Generated_Source\PSoC5/ADC_SAR_Seq_1_SAR_PM.c **** * You may use this file only in accordance with the license, terms, conditions,
  13:.\Generated_Source\PSoC5/ADC_SAR_Seq_1_SAR_PM.c **** * disclaimers, and limitations in the end user license agreement accompanying
  14:.\Generated_Source\PSoC5/ADC_SAR_Seq_1_SAR_PM.c **** * the software package with which this file was provided.
  15:.\Generated_Source\PSoC5/ADC_SAR_Seq_1_SAR_PM.c **** *******************************************************************************/
  16:.\Generated_Source\PSoC5/ADC_SAR_Seq_1_SAR_PM.c **** 
  17:.\Generated_Source\PSoC5/ADC_SAR_Seq_1_SAR_PM.c **** #include "ADC_SAR_Seq_1_SAR.h"
  18:.\Generated_Source\PSoC5/ADC_SAR_Seq_1_SAR_PM.c **** 
  19:.\Generated_Source\PSoC5/ADC_SAR_Seq_1_SAR_PM.c **** 
  20:.\Generated_Source\PSoC5/ADC_SAR_Seq_1_SAR_PM.c **** /***************************************
  21:.\Generated_Source\PSoC5/ADC_SAR_Seq_1_SAR_PM.c **** * Local data allocation
  22:.\Generated_Source\PSoC5/ADC_SAR_Seq_1_SAR_PM.c **** ***************************************/
  23:.\Generated_Source\PSoC5/ADC_SAR_Seq_1_SAR_PM.c **** 
  24:.\Generated_Source\PSoC5/ADC_SAR_Seq_1_SAR_PM.c **** static ADC_SAR_Seq_1_SAR_BACKUP_STRUCT  ADC_SAR_Seq_1_SAR_backup =
  25:.\Generated_Source\PSoC5/ADC_SAR_Seq_1_SAR_PM.c **** {
  26:.\Generated_Source\PSoC5/ADC_SAR_Seq_1_SAR_PM.c ****     ADC_SAR_Seq_1_SAR_DISABLED
  27:.\Generated_Source\PSoC5/ADC_SAR_Seq_1_SAR_PM.c **** };
ARM GAS  C:\Users\Charlie\AppData\Local\Temp\cc74uoM0.s 			page 2


  28:.\Generated_Source\PSoC5/ADC_SAR_Seq_1_SAR_PM.c **** 
  29:.\Generated_Source\PSoC5/ADC_SAR_Seq_1_SAR_PM.c **** 
  30:.\Generated_Source\PSoC5/ADC_SAR_Seq_1_SAR_PM.c **** /*******************************************************************************
  31:.\Generated_Source\PSoC5/ADC_SAR_Seq_1_SAR_PM.c **** * Function Name: ADC_SAR_Seq_1_SAR_SaveConfig
  32:.\Generated_Source\PSoC5/ADC_SAR_Seq_1_SAR_PM.c **** ********************************************************************************
  33:.\Generated_Source\PSoC5/ADC_SAR_Seq_1_SAR_PM.c **** *
  34:.\Generated_Source\PSoC5/ADC_SAR_Seq_1_SAR_PM.c **** * Summary:
  35:.\Generated_Source\PSoC5/ADC_SAR_Seq_1_SAR_PM.c **** *  Saves the current user configuration.
  36:.\Generated_Source\PSoC5/ADC_SAR_Seq_1_SAR_PM.c **** *
  37:.\Generated_Source\PSoC5/ADC_SAR_Seq_1_SAR_PM.c **** * Parameters:
  38:.\Generated_Source\PSoC5/ADC_SAR_Seq_1_SAR_PM.c **** *  None.
  39:.\Generated_Source\PSoC5/ADC_SAR_Seq_1_SAR_PM.c **** *
  40:.\Generated_Source\PSoC5/ADC_SAR_Seq_1_SAR_PM.c **** * Return:
  41:.\Generated_Source\PSoC5/ADC_SAR_Seq_1_SAR_PM.c **** *  None.
  42:.\Generated_Source\PSoC5/ADC_SAR_Seq_1_SAR_PM.c **** *
  43:.\Generated_Source\PSoC5/ADC_SAR_Seq_1_SAR_PM.c **** *******************************************************************************/
  44:.\Generated_Source\PSoC5/ADC_SAR_Seq_1_SAR_PM.c **** void ADC_SAR_Seq_1_SAR_SaveConfig(void)
  45:.\Generated_Source\PSoC5/ADC_SAR_Seq_1_SAR_PM.c **** {
  31              		.loc 1 45 0
  32              		.cfi_startproc
  33              		@ args = 0, pretend = 0, frame = 0
  34              		@ frame_needed = 1, uses_anonymous_args = 0
  35              		@ link register save eliminated.
  36 0000 80B4     		push	{r7}
  37              		.cfi_def_cfa_offset 4
  38              		.cfi_offset 7, -4
  39 0002 00AF     		add	r7, sp, #0
  40              		.cfi_def_cfa_register 7
  46:.\Generated_Source\PSoC5/ADC_SAR_Seq_1_SAR_PM.c ****     /* All configuration registers are marked as [reset_all_retention] */
  47:.\Generated_Source\PSoC5/ADC_SAR_Seq_1_SAR_PM.c **** }
  41              		.loc 1 47 0
  42 0004 BD46     		mov	sp, r7
  43              		@ sp needed
  44 0006 5DF8047B 		ldr	r7, [sp], #4
  45 000a 7047     		bx	lr
  46              		.cfi_endproc
  47              	.LFE0:
  48              		.size	ADC_SAR_Seq_1_SAR_SaveConfig, .-ADC_SAR_Seq_1_SAR_SaveConfig
  49              		.section	.text.ADC_SAR_Seq_1_SAR_RestoreConfig,"ax",%progbits
  50              		.align	2
  51              		.global	ADC_SAR_Seq_1_SAR_RestoreConfig
  52              		.thumb
  53              		.thumb_func
  54              		.type	ADC_SAR_Seq_1_SAR_RestoreConfig, %function
  55              	ADC_SAR_Seq_1_SAR_RestoreConfig:
  56              	.LFB1:
  48:.\Generated_Source\PSoC5/ADC_SAR_Seq_1_SAR_PM.c **** 
  49:.\Generated_Source\PSoC5/ADC_SAR_Seq_1_SAR_PM.c **** 
  50:.\Generated_Source\PSoC5/ADC_SAR_Seq_1_SAR_PM.c **** /*******************************************************************************
  51:.\Generated_Source\PSoC5/ADC_SAR_Seq_1_SAR_PM.c **** * Function Name: ADC_SAR_Seq_1_SAR_RestoreConfig
  52:.\Generated_Source\PSoC5/ADC_SAR_Seq_1_SAR_PM.c **** ********************************************************************************
  53:.\Generated_Source\PSoC5/ADC_SAR_Seq_1_SAR_PM.c **** *
  54:.\Generated_Source\PSoC5/ADC_SAR_Seq_1_SAR_PM.c **** * Summary:
  55:.\Generated_Source\PSoC5/ADC_SAR_Seq_1_SAR_PM.c **** *  Restores the current user configuration.
  56:.\Generated_Source\PSoC5/ADC_SAR_Seq_1_SAR_PM.c **** *
  57:.\Generated_Source\PSoC5/ADC_SAR_Seq_1_SAR_PM.c **** * Parameters:
  58:.\Generated_Source\PSoC5/ADC_SAR_Seq_1_SAR_PM.c **** *  None.
ARM GAS  C:\Users\Charlie\AppData\Local\Temp\cc74uoM0.s 			page 3


  59:.\Generated_Source\PSoC5/ADC_SAR_Seq_1_SAR_PM.c **** *
  60:.\Generated_Source\PSoC5/ADC_SAR_Seq_1_SAR_PM.c **** * Return:
  61:.\Generated_Source\PSoC5/ADC_SAR_Seq_1_SAR_PM.c **** *  None.
  62:.\Generated_Source\PSoC5/ADC_SAR_Seq_1_SAR_PM.c **** *
  63:.\Generated_Source\PSoC5/ADC_SAR_Seq_1_SAR_PM.c **** *******************************************************************************/
  64:.\Generated_Source\PSoC5/ADC_SAR_Seq_1_SAR_PM.c **** void ADC_SAR_Seq_1_SAR_RestoreConfig(void)
  65:.\Generated_Source\PSoC5/ADC_SAR_Seq_1_SAR_PM.c **** {
  57              		.loc 1 65 0
  58              		.cfi_startproc
  59              		@ args = 0, pretend = 0, frame = 0
  60              		@ frame_needed = 1, uses_anonymous_args = 0
  61              		@ link register save eliminated.
  62 0000 80B4     		push	{r7}
  63              		.cfi_def_cfa_offset 4
  64              		.cfi_offset 7, -4
  65 0002 00AF     		add	r7, sp, #0
  66              		.cfi_def_cfa_register 7
  66:.\Generated_Source\PSoC5/ADC_SAR_Seq_1_SAR_PM.c ****     /* All congiguration registers are marked as [reset_all_retention] */
  67:.\Generated_Source\PSoC5/ADC_SAR_Seq_1_SAR_PM.c **** }
  67              		.loc 1 67 0
  68 0004 BD46     		mov	sp, r7
  69              		@ sp needed
  70 0006 5DF8047B 		ldr	r7, [sp], #4
  71 000a 7047     		bx	lr
  72              		.cfi_endproc
  73              	.LFE1:
  74              		.size	ADC_SAR_Seq_1_SAR_RestoreConfig, .-ADC_SAR_Seq_1_SAR_RestoreConfig
  75              		.section	.text.ADC_SAR_Seq_1_SAR_Sleep,"ax",%progbits
  76              		.align	2
  77              		.global	ADC_SAR_Seq_1_SAR_Sleep
  78              		.thumb
  79              		.thumb_func
  80              		.type	ADC_SAR_Seq_1_SAR_Sleep, %function
  81              	ADC_SAR_Seq_1_SAR_Sleep:
  82              	.LFB2:
  68:.\Generated_Source\PSoC5/ADC_SAR_Seq_1_SAR_PM.c **** 
  69:.\Generated_Source\PSoC5/ADC_SAR_Seq_1_SAR_PM.c **** 
  70:.\Generated_Source\PSoC5/ADC_SAR_Seq_1_SAR_PM.c **** /*******************************************************************************
  71:.\Generated_Source\PSoC5/ADC_SAR_Seq_1_SAR_PM.c **** * Function Name: ADC_SAR_Seq_1_SAR_Sleep
  72:.\Generated_Source\PSoC5/ADC_SAR_Seq_1_SAR_PM.c **** ********************************************************************************
  73:.\Generated_Source\PSoC5/ADC_SAR_Seq_1_SAR_PM.c **** *
  74:.\Generated_Source\PSoC5/ADC_SAR_Seq_1_SAR_PM.c **** * Summary:
  75:.\Generated_Source\PSoC5/ADC_SAR_Seq_1_SAR_PM.c **** *  This is the preferred routine to prepare the component for sleep.
  76:.\Generated_Source\PSoC5/ADC_SAR_Seq_1_SAR_PM.c **** *  The ADC_SAR_Seq_1_SAR_Sleep() routine saves the current component state,
  77:.\Generated_Source\PSoC5/ADC_SAR_Seq_1_SAR_PM.c **** *  then it calls the ADC_Stop() function.
  78:.\Generated_Source\PSoC5/ADC_SAR_Seq_1_SAR_PM.c **** *
  79:.\Generated_Source\PSoC5/ADC_SAR_Seq_1_SAR_PM.c **** * Parameters:
  80:.\Generated_Source\PSoC5/ADC_SAR_Seq_1_SAR_PM.c **** *  None.
  81:.\Generated_Source\PSoC5/ADC_SAR_Seq_1_SAR_PM.c **** *
  82:.\Generated_Source\PSoC5/ADC_SAR_Seq_1_SAR_PM.c **** * Return:
  83:.\Generated_Source\PSoC5/ADC_SAR_Seq_1_SAR_PM.c **** *  None.
  84:.\Generated_Source\PSoC5/ADC_SAR_Seq_1_SAR_PM.c **** *
  85:.\Generated_Source\PSoC5/ADC_SAR_Seq_1_SAR_PM.c **** * Global Variables:
  86:.\Generated_Source\PSoC5/ADC_SAR_Seq_1_SAR_PM.c **** *  ADC_SAR_Seq_1_SAR_backup - The structure field 'enableState' is modified
  87:.\Generated_Source\PSoC5/ADC_SAR_Seq_1_SAR_PM.c **** *  depending on the enable state of the block before entering to sleep mode.
  88:.\Generated_Source\PSoC5/ADC_SAR_Seq_1_SAR_PM.c **** *
  89:.\Generated_Source\PSoC5/ADC_SAR_Seq_1_SAR_PM.c **** *******************************************************************************/
ARM GAS  C:\Users\Charlie\AppData\Local\Temp\cc74uoM0.s 			page 4


  90:.\Generated_Source\PSoC5/ADC_SAR_Seq_1_SAR_PM.c **** void ADC_SAR_Seq_1_SAR_Sleep(void)
  91:.\Generated_Source\PSoC5/ADC_SAR_Seq_1_SAR_PM.c **** {
  83              		.loc 1 91 0
  84              		.cfi_startproc
  85              		@ args = 0, pretend = 0, frame = 0
  86              		@ frame_needed = 1, uses_anonymous_args = 0
  87 0000 80B5     		push	{r7, lr}
  88              		.cfi_def_cfa_offset 8
  89              		.cfi_offset 7, -8
  90              		.cfi_offset 14, -4
  91 0002 00AF     		add	r7, sp, #0
  92              		.cfi_def_cfa_register 7
  92:.\Generated_Source\PSoC5/ADC_SAR_Seq_1_SAR_PM.c ****     if((ADC_SAR_Seq_1_SAR_PWRMGR_SAR_REG  & ADC_SAR_Seq_1_SAR_ACT_PWR_SAR_EN) != 0u)
  93              		.loc 1 92 0
  94 0004 0D4B     		ldr	r3, .L8
  95 0006 1B78     		ldrb	r3, [r3]
  96 0008 DBB2     		uxtb	r3, r3
  97 000a 03F00103 		and	r3, r3, #1
  98 000e 002B     		cmp	r3, #0
  99 0010 10D0     		beq	.L4
  93:.\Generated_Source\PSoC5/ADC_SAR_Seq_1_SAR_PM.c ****     {
  94:.\Generated_Source\PSoC5/ADC_SAR_Seq_1_SAR_PM.c ****         if((ADC_SAR_Seq_1_SAR_SAR_CSR0_REG & ADC_SAR_Seq_1_SAR_SAR_SOF_START_CONV) != 0u)
 100              		.loc 1 94 0
 101 0012 0B4B     		ldr	r3, .L8+4
 102 0014 1B78     		ldrb	r3, [r3]
 103 0016 DBB2     		uxtb	r3, r3
 104 0018 03F00103 		and	r3, r3, #1
 105 001c 002B     		cmp	r3, #0
 106 001e 03D0     		beq	.L5
  95:.\Generated_Source\PSoC5/ADC_SAR_Seq_1_SAR_PM.c ****         {
  96:.\Generated_Source\PSoC5/ADC_SAR_Seq_1_SAR_PM.c ****             ADC_SAR_Seq_1_SAR_backup.enableState = ADC_SAR_Seq_1_SAR_ENABLED | ADC_SAR_Seq_1_SAR_ST
 107              		.loc 1 96 0
 108 0020 084B     		ldr	r3, .L8+8
 109 0022 0322     		movs	r2, #3
 110 0024 1A70     		strb	r2, [r3]
 111 0026 02E0     		b	.L6
 112              	.L5:
  97:.\Generated_Source\PSoC5/ADC_SAR_Seq_1_SAR_PM.c ****         }
  98:.\Generated_Source\PSoC5/ADC_SAR_Seq_1_SAR_PM.c ****         else
  99:.\Generated_Source\PSoC5/ADC_SAR_Seq_1_SAR_PM.c ****         {
 100:.\Generated_Source\PSoC5/ADC_SAR_Seq_1_SAR_PM.c ****             ADC_SAR_Seq_1_SAR_backup.enableState = ADC_SAR_Seq_1_SAR_ENABLED;
 113              		.loc 1 100 0
 114 0028 064B     		ldr	r3, .L8+8
 115 002a 0122     		movs	r2, #1
 116 002c 1A70     		strb	r2, [r3]
 117              	.L6:
 101:.\Generated_Source\PSoC5/ADC_SAR_Seq_1_SAR_PM.c ****         }
 102:.\Generated_Source\PSoC5/ADC_SAR_Seq_1_SAR_PM.c ****         ADC_SAR_Seq_1_SAR_Stop();
 118              		.loc 1 102 0 discriminator 1
 119 002e FFF7FEFF 		bl	ADC_SAR_Seq_1_SAR_Stop
 120 0032 02E0     		b	.L3
 121              	.L4:
 103:.\Generated_Source\PSoC5/ADC_SAR_Seq_1_SAR_PM.c ****     }
 104:.\Generated_Source\PSoC5/ADC_SAR_Seq_1_SAR_PM.c ****     else
 105:.\Generated_Source\PSoC5/ADC_SAR_Seq_1_SAR_PM.c ****     {
 106:.\Generated_Source\PSoC5/ADC_SAR_Seq_1_SAR_PM.c ****         ADC_SAR_Seq_1_SAR_backup.enableState = ADC_SAR_Seq_1_SAR_DISABLED;
 122              		.loc 1 106 0
ARM GAS  C:\Users\Charlie\AppData\Local\Temp\cc74uoM0.s 			page 5


 123 0034 034B     		ldr	r3, .L8+8
 124 0036 0022     		movs	r2, #0
 125 0038 1A70     		strb	r2, [r3]
 126              	.L3:
 107:.\Generated_Source\PSoC5/ADC_SAR_Seq_1_SAR_PM.c ****     }
 108:.\Generated_Source\PSoC5/ADC_SAR_Seq_1_SAR_PM.c **** }
 127              		.loc 1 108 0
 128 003a 80BD     		pop	{r7, pc}
 129              	.L9:
 130              		.align	2
 131              	.L8:
 132 003c AB430040 		.word	1073759147
 133 0040 00590040 		.word	1073764608
 134 0044 00000000 		.word	ADC_SAR_Seq_1_SAR_backup
 135              		.cfi_endproc
 136              	.LFE2:
 137              		.size	ADC_SAR_Seq_1_SAR_Sleep, .-ADC_SAR_Seq_1_SAR_Sleep
 138              		.section	.text.ADC_SAR_Seq_1_SAR_Wakeup,"ax",%progbits
 139              		.align	2
 140              		.global	ADC_SAR_Seq_1_SAR_Wakeup
 141              		.thumb
 142              		.thumb_func
 143              		.type	ADC_SAR_Seq_1_SAR_Wakeup, %function
 144              	ADC_SAR_Seq_1_SAR_Wakeup:
 145              	.LFB3:
 109:.\Generated_Source\PSoC5/ADC_SAR_Seq_1_SAR_PM.c **** 
 110:.\Generated_Source\PSoC5/ADC_SAR_Seq_1_SAR_PM.c **** 
 111:.\Generated_Source\PSoC5/ADC_SAR_Seq_1_SAR_PM.c **** /*******************************************************************************
 112:.\Generated_Source\PSoC5/ADC_SAR_Seq_1_SAR_PM.c **** * Function Name: ADC_SAR_Seq_1_SAR_Wakeup
 113:.\Generated_Source\PSoC5/ADC_SAR_Seq_1_SAR_PM.c **** ********************************************************************************
 114:.\Generated_Source\PSoC5/ADC_SAR_Seq_1_SAR_PM.c **** *
 115:.\Generated_Source\PSoC5/ADC_SAR_Seq_1_SAR_PM.c **** * Summary:
 116:.\Generated_Source\PSoC5/ADC_SAR_Seq_1_SAR_PM.c **** *  This is the preferred routine to restore the component to the state when
 117:.\Generated_Source\PSoC5/ADC_SAR_Seq_1_SAR_PM.c **** *  ADC_SAR_Seq_1_SAR_Sleep() was called. If the component was enabled before the
 118:.\Generated_Source\PSoC5/ADC_SAR_Seq_1_SAR_PM.c **** *  ADC_SAR_Seq_1_SAR_Sleep() function was called, the
 119:.\Generated_Source\PSoC5/ADC_SAR_Seq_1_SAR_PM.c **** *  ADC_SAR_Seq_1_SAR_Wakeup() function also re-enables the component.
 120:.\Generated_Source\PSoC5/ADC_SAR_Seq_1_SAR_PM.c **** *
 121:.\Generated_Source\PSoC5/ADC_SAR_Seq_1_SAR_PM.c **** * Parameters:
 122:.\Generated_Source\PSoC5/ADC_SAR_Seq_1_SAR_PM.c **** *  None.
 123:.\Generated_Source\PSoC5/ADC_SAR_Seq_1_SAR_PM.c **** *
 124:.\Generated_Source\PSoC5/ADC_SAR_Seq_1_SAR_PM.c **** * Return:
 125:.\Generated_Source\PSoC5/ADC_SAR_Seq_1_SAR_PM.c **** *  None.
 126:.\Generated_Source\PSoC5/ADC_SAR_Seq_1_SAR_PM.c **** *
 127:.\Generated_Source\PSoC5/ADC_SAR_Seq_1_SAR_PM.c **** * Global Variables:
 128:.\Generated_Source\PSoC5/ADC_SAR_Seq_1_SAR_PM.c **** *  ADC_SAR_Seq_1_SAR_backup - The structure field 'enableState' is used to
 129:.\Generated_Source\PSoC5/ADC_SAR_Seq_1_SAR_PM.c **** *  restore the enable state of block after wakeup from sleep mode.
 130:.\Generated_Source\PSoC5/ADC_SAR_Seq_1_SAR_PM.c **** *
 131:.\Generated_Source\PSoC5/ADC_SAR_Seq_1_SAR_PM.c **** *******************************************************************************/
 132:.\Generated_Source\PSoC5/ADC_SAR_Seq_1_SAR_PM.c **** void ADC_SAR_Seq_1_SAR_Wakeup(void)
 133:.\Generated_Source\PSoC5/ADC_SAR_Seq_1_SAR_PM.c **** {
 146              		.loc 1 133 0
 147              		.cfi_startproc
 148              		@ args = 0, pretend = 0, frame = 0
 149              		@ frame_needed = 1, uses_anonymous_args = 0
 150 0000 80B5     		push	{r7, lr}
 151              		.cfi_def_cfa_offset 8
 152              		.cfi_offset 7, -8
ARM GAS  C:\Users\Charlie\AppData\Local\Temp\cc74uoM0.s 			page 6


 153              		.cfi_offset 14, -4
 154 0002 00AF     		add	r7, sp, #0
 155              		.cfi_def_cfa_register 7
 134:.\Generated_Source\PSoC5/ADC_SAR_Seq_1_SAR_PM.c ****     if(ADC_SAR_Seq_1_SAR_backup.enableState != ADC_SAR_Seq_1_SAR_DISABLED)
 156              		.loc 1 134 0
 157 0004 074B     		ldr	r3, .L12
 158 0006 1B78     		ldrb	r3, [r3]	@ zero_extendqisi2
 159 0008 002B     		cmp	r3, #0
 160 000a 09D0     		beq	.L10
 135:.\Generated_Source\PSoC5/ADC_SAR_Seq_1_SAR_PM.c ****     {
 136:.\Generated_Source\PSoC5/ADC_SAR_Seq_1_SAR_PM.c ****         ADC_SAR_Seq_1_SAR_Enable();
 161              		.loc 1 136 0
 162 000c FFF7FEFF 		bl	ADC_SAR_Seq_1_SAR_Enable
 137:.\Generated_Source\PSoC5/ADC_SAR_Seq_1_SAR_PM.c ****         #if(ADC_SAR_Seq_1_SAR_DEFAULT_CONV_MODE != ADC_SAR_Seq_1_SAR__HARDWARE_TRIGGER)
 138:.\Generated_Source\PSoC5/ADC_SAR_Seq_1_SAR_PM.c ****             if((ADC_SAR_Seq_1_SAR_backup.enableState & ADC_SAR_Seq_1_SAR_STARTED) != 0u)
 163              		.loc 1 138 0
 164 0010 044B     		ldr	r3, .L12
 165 0012 1B78     		ldrb	r3, [r3]	@ zero_extendqisi2
 166 0014 03F00203 		and	r3, r3, #2
 167 0018 002B     		cmp	r3, #0
 168 001a 01D0     		beq	.L10
 139:.\Generated_Source\PSoC5/ADC_SAR_Seq_1_SAR_PM.c ****             {
 140:.\Generated_Source\PSoC5/ADC_SAR_Seq_1_SAR_PM.c ****                 ADC_SAR_Seq_1_SAR_StartConvert();
 169              		.loc 1 140 0
 170 001c FFF7FEFF 		bl	ADC_SAR_Seq_1_SAR_StartConvert
 171              	.L10:
 141:.\Generated_Source\PSoC5/ADC_SAR_Seq_1_SAR_PM.c ****             }
 142:.\Generated_Source\PSoC5/ADC_SAR_Seq_1_SAR_PM.c ****         #endif /* End ADC_SAR_Seq_1_SAR_DEFAULT_CONV_MODE != ADC_SAR_Seq_1_SAR__HARDWARE_TRIGGER */
 143:.\Generated_Source\PSoC5/ADC_SAR_Seq_1_SAR_PM.c ****     }
 144:.\Generated_Source\PSoC5/ADC_SAR_Seq_1_SAR_PM.c **** }
 172              		.loc 1 144 0
 173 0020 80BD     		pop	{r7, pc}
 174              	.L13:
 175 0022 00BF     		.align	2
 176              	.L12:
 177 0024 00000000 		.word	ADC_SAR_Seq_1_SAR_backup
 178              		.cfi_endproc
 179              	.LFE3:
 180              		.size	ADC_SAR_Seq_1_SAR_Wakeup, .-ADC_SAR_Seq_1_SAR_Wakeup
 181              		.text
 182              	.Letext0:
 183              		.file 2 ".\\Generated_Source\\PSoC5\\cytypes.h"
 184              		.file 3 ".\\Generated_Source\\PSoC5\\ADC_SAR_Seq_1_SAR.h"
 185              		.section	.debug_info,"",%progbits
 186              	.Ldebug_info0:
 187 0000 0E010000 		.4byte	0x10e
 188 0004 0400     		.2byte	0x4
 189 0006 00000000 		.4byte	.Ldebug_abbrev0
 190 000a 04       		.byte	0x4
 191 000b 01       		.uleb128 0x1
 192 000c A4010000 		.4byte	.LASF19
 193 0010 01       		.byte	0x1
 194 0011 FF000000 		.4byte	.LASF20
 195 0015 8D000000 		.4byte	.LASF21
 196 0019 00000000 		.4byte	.Ldebug_ranges0+0
 197 001d 00000000 		.4byte	0
 198 0021 00000000 		.4byte	.Ldebug_line0
ARM GAS  C:\Users\Charlie\AppData\Local\Temp\cc74uoM0.s 			page 7


 199 0025 02       		.uleb128 0x2
 200 0026 01       		.byte	0x1
 201 0027 06       		.byte	0x6
 202 0028 58020000 		.4byte	.LASF0
 203 002c 02       		.uleb128 0x2
 204 002d 01       		.byte	0x1
 205 002e 08       		.byte	0x8
 206 002f F1000000 		.4byte	.LASF1
 207 0033 02       		.uleb128 0x2
 208 0034 02       		.byte	0x2
 209 0035 05       		.byte	0x5
 210 0036 33020000 		.4byte	.LASF2
 211 003a 02       		.uleb128 0x2
 212 003b 02       		.byte	0x2
 213 003c 07       		.byte	0x7
 214 003d 46010000 		.4byte	.LASF3
 215 0041 02       		.uleb128 0x2
 216 0042 04       		.byte	0x4
 217 0043 05       		.byte	0x5
 218 0044 43020000 		.4byte	.LASF4
 219 0048 02       		.uleb128 0x2
 220 0049 04       		.byte	0x4
 221 004a 07       		.byte	0x7
 222 004b 34010000 		.4byte	.LASF5
 223 004f 02       		.uleb128 0x2
 224 0050 08       		.byte	0x8
 225 0051 05       		.byte	0x5
 226 0052 20020000 		.4byte	.LASF6
 227 0056 02       		.uleb128 0x2
 228 0057 08       		.byte	0x8
 229 0058 07       		.byte	0x7
 230 0059 8D010000 		.4byte	.LASF7
 231 005d 03       		.uleb128 0x3
 232 005e 04       		.byte	0x4
 233 005f 05       		.byte	0x5
 234 0060 696E7400 		.ascii	"int\000"
 235 0064 02       		.uleb128 0x2
 236 0065 04       		.byte	0x4
 237 0066 07       		.byte	0x7
 238 0067 80010000 		.4byte	.LASF8
 239 006b 04       		.uleb128 0x4
 240 006c 3D020000 		.4byte	.LASF12
 241 0070 02       		.byte	0x2
 242 0071 A1       		.byte	0xa1
 243 0072 2C000000 		.4byte	0x2c
 244 0076 02       		.uleb128 0x2
 245 0077 04       		.byte	0x4
 246 0078 04       		.byte	0x4
 247 0079 6A000000 		.4byte	.LASF9
 248 007d 02       		.uleb128 0x2
 249 007e 08       		.byte	0x8
 250 007f 04       		.byte	0x4
 251 0080 79010000 		.4byte	.LASF10
 252 0084 02       		.uleb128 0x2
 253 0085 01       		.byte	0x1
 254 0086 08       		.byte	0x8
 255 0087 2E020000 		.4byte	.LASF11
ARM GAS  C:\Users\Charlie\AppData\Local\Temp\cc74uoM0.s 			page 8


 256 008b 05       		.uleb128 0x5
 257 008c 2F010000 		.4byte	.LASF13
 258 0090 02       		.byte	0x2
 259 0091 4B01     		.2byte	0x14b
 260 0093 97000000 		.4byte	0x97
 261 0097 06       		.uleb128 0x6
 262 0098 6B000000 		.4byte	0x6b
 263 009c 07       		.uleb128 0x7
 264 009d 01       		.byte	0x1
 265 009e 03       		.byte	0x3
 266 009f 2A       		.byte	0x2a
 267 00a0 B1000000 		.4byte	0xb1
 268 00a4 08       		.uleb128 0x8
 269 00a5 4C020000 		.4byte	.LASF22
 270 00a9 03       		.byte	0x3
 271 00aa 2C       		.byte	0x2c
 272 00ab 6B000000 		.4byte	0x6b
 273 00af 00       		.byte	0
 274 00b0 00       		.byte	0
 275 00b1 04       		.uleb128 0x4
 276 00b2 19000000 		.4byte	.LASF14
 277 00b6 03       		.byte	0x3
 278 00b7 2D       		.byte	0x2d
 279 00b8 9C000000 		.4byte	0x9c
 280 00bc 09       		.uleb128 0x9
 281 00bd 70000000 		.4byte	.LASF15
 282 00c1 01       		.byte	0x1
 283 00c2 2C       		.byte	0x2c
 284 00c3 00000000 		.4byte	.LFB0
 285 00c7 0C000000 		.4byte	.LFE0-.LFB0
 286 00cb 01       		.uleb128 0x1
 287 00cc 9C       		.byte	0x9c
 288 00cd 09       		.uleb128 0x9
 289 00ce 59010000 		.4byte	.LASF16
 290 00d2 01       		.byte	0x1
 291 00d3 40       		.byte	0x40
 292 00d4 00000000 		.4byte	.LFB1
 293 00d8 0C000000 		.4byte	.LFE1-.LFB1
 294 00dc 01       		.uleb128 0x1
 295 00dd 9C       		.byte	0x9c
 296 00de 0A       		.uleb128 0xa
 297 00df 39000000 		.4byte	.LASF17
 298 00e3 01       		.byte	0x1
 299 00e4 5A       		.byte	0x5a
 300 00e5 00000000 		.4byte	.LFB2
 301 00e9 48000000 		.4byte	.LFE2-.LFB2
 302 00ed 01       		.uleb128 0x1
 303 00ee 9C       		.byte	0x9c
 304 00ef 0A       		.uleb128 0xa
 305 00f0 51000000 		.4byte	.LASF18
 306 00f4 01       		.byte	0x1
 307 00f5 84       		.byte	0x84
 308 00f6 00000000 		.4byte	.LFB3
 309 00fa 28000000 		.4byte	.LFE3-.LFB3
 310 00fe 01       		.uleb128 0x1
 311 00ff 9C       		.byte	0x9c
 312 0100 0B       		.uleb128 0xb
ARM GAS  C:\Users\Charlie\AppData\Local\Temp\cc74uoM0.s 			page 9


 313 0101 00000000 		.4byte	.LASF23
 314 0105 01       		.byte	0x1
 315 0106 18       		.byte	0x18
 316 0107 B1000000 		.4byte	0xb1
 317 010b 05       		.uleb128 0x5
 318 010c 03       		.byte	0x3
 319 010d 00000000 		.4byte	ADC_SAR_Seq_1_SAR_backup
 320 0111 00       		.byte	0
 321              		.section	.debug_abbrev,"",%progbits
 322              	.Ldebug_abbrev0:
 323 0000 01       		.uleb128 0x1
 324 0001 11       		.uleb128 0x11
 325 0002 01       		.byte	0x1
 326 0003 25       		.uleb128 0x25
 327 0004 0E       		.uleb128 0xe
 328 0005 13       		.uleb128 0x13
 329 0006 0B       		.uleb128 0xb
 330 0007 03       		.uleb128 0x3
 331 0008 0E       		.uleb128 0xe
 332 0009 1B       		.uleb128 0x1b
 333 000a 0E       		.uleb128 0xe
 334 000b 55       		.uleb128 0x55
 335 000c 17       		.uleb128 0x17
 336 000d 11       		.uleb128 0x11
 337 000e 01       		.uleb128 0x1
 338 000f 10       		.uleb128 0x10
 339 0010 17       		.uleb128 0x17
 340 0011 00       		.byte	0
 341 0012 00       		.byte	0
 342 0013 02       		.uleb128 0x2
 343 0014 24       		.uleb128 0x24
 344 0015 00       		.byte	0
 345 0016 0B       		.uleb128 0xb
 346 0017 0B       		.uleb128 0xb
 347 0018 3E       		.uleb128 0x3e
 348 0019 0B       		.uleb128 0xb
 349 001a 03       		.uleb128 0x3
 350 001b 0E       		.uleb128 0xe
 351 001c 00       		.byte	0
 352 001d 00       		.byte	0
 353 001e 03       		.uleb128 0x3
 354 001f 24       		.uleb128 0x24
 355 0020 00       		.byte	0
 356 0021 0B       		.uleb128 0xb
 357 0022 0B       		.uleb128 0xb
 358 0023 3E       		.uleb128 0x3e
 359 0024 0B       		.uleb128 0xb
 360 0025 03       		.uleb128 0x3
 361 0026 08       		.uleb128 0x8
 362 0027 00       		.byte	0
 363 0028 00       		.byte	0
 364 0029 04       		.uleb128 0x4
 365 002a 16       		.uleb128 0x16
 366 002b 00       		.byte	0
 367 002c 03       		.uleb128 0x3
 368 002d 0E       		.uleb128 0xe
 369 002e 3A       		.uleb128 0x3a
ARM GAS  C:\Users\Charlie\AppData\Local\Temp\cc74uoM0.s 			page 10


 370 002f 0B       		.uleb128 0xb
 371 0030 3B       		.uleb128 0x3b
 372 0031 0B       		.uleb128 0xb
 373 0032 49       		.uleb128 0x49
 374 0033 13       		.uleb128 0x13
 375 0034 00       		.byte	0
 376 0035 00       		.byte	0
 377 0036 05       		.uleb128 0x5
 378 0037 16       		.uleb128 0x16
 379 0038 00       		.byte	0
 380 0039 03       		.uleb128 0x3
 381 003a 0E       		.uleb128 0xe
 382 003b 3A       		.uleb128 0x3a
 383 003c 0B       		.uleb128 0xb
 384 003d 3B       		.uleb128 0x3b
 385 003e 05       		.uleb128 0x5
 386 003f 49       		.uleb128 0x49
 387 0040 13       		.uleb128 0x13
 388 0041 00       		.byte	0
 389 0042 00       		.byte	0
 390 0043 06       		.uleb128 0x6
 391 0044 35       		.uleb128 0x35
 392 0045 00       		.byte	0
 393 0046 49       		.uleb128 0x49
 394 0047 13       		.uleb128 0x13
 395 0048 00       		.byte	0
 396 0049 00       		.byte	0
 397 004a 07       		.uleb128 0x7
 398 004b 13       		.uleb128 0x13
 399 004c 01       		.byte	0x1
 400 004d 0B       		.uleb128 0xb
 401 004e 0B       		.uleb128 0xb
 402 004f 3A       		.uleb128 0x3a
 403 0050 0B       		.uleb128 0xb
 404 0051 3B       		.uleb128 0x3b
 405 0052 0B       		.uleb128 0xb
 406 0053 01       		.uleb128 0x1
 407 0054 13       		.uleb128 0x13
 408 0055 00       		.byte	0
 409 0056 00       		.byte	0
 410 0057 08       		.uleb128 0x8
 411 0058 0D       		.uleb128 0xd
 412 0059 00       		.byte	0
 413 005a 03       		.uleb128 0x3
 414 005b 0E       		.uleb128 0xe
 415 005c 3A       		.uleb128 0x3a
 416 005d 0B       		.uleb128 0xb
 417 005e 3B       		.uleb128 0x3b
 418 005f 0B       		.uleb128 0xb
 419 0060 49       		.uleb128 0x49
 420 0061 13       		.uleb128 0x13
 421 0062 38       		.uleb128 0x38
 422 0063 0B       		.uleb128 0xb
 423 0064 00       		.byte	0
 424 0065 00       		.byte	0
 425 0066 09       		.uleb128 0x9
 426 0067 2E       		.uleb128 0x2e
ARM GAS  C:\Users\Charlie\AppData\Local\Temp\cc74uoM0.s 			page 11


 427 0068 00       		.byte	0
 428 0069 3F       		.uleb128 0x3f
 429 006a 19       		.uleb128 0x19
 430 006b 03       		.uleb128 0x3
 431 006c 0E       		.uleb128 0xe
 432 006d 3A       		.uleb128 0x3a
 433 006e 0B       		.uleb128 0xb
 434 006f 3B       		.uleb128 0x3b
 435 0070 0B       		.uleb128 0xb
 436 0071 27       		.uleb128 0x27
 437 0072 19       		.uleb128 0x19
 438 0073 11       		.uleb128 0x11
 439 0074 01       		.uleb128 0x1
 440 0075 12       		.uleb128 0x12
 441 0076 06       		.uleb128 0x6
 442 0077 40       		.uleb128 0x40
 443 0078 18       		.uleb128 0x18
 444 0079 9742     		.uleb128 0x2117
 445 007b 19       		.uleb128 0x19
 446 007c 00       		.byte	0
 447 007d 00       		.byte	0
 448 007e 0A       		.uleb128 0xa
 449 007f 2E       		.uleb128 0x2e
 450 0080 00       		.byte	0
 451 0081 3F       		.uleb128 0x3f
 452 0082 19       		.uleb128 0x19
 453 0083 03       		.uleb128 0x3
 454 0084 0E       		.uleb128 0xe
 455 0085 3A       		.uleb128 0x3a
 456 0086 0B       		.uleb128 0xb
 457 0087 3B       		.uleb128 0x3b
 458 0088 0B       		.uleb128 0xb
 459 0089 27       		.uleb128 0x27
 460 008a 19       		.uleb128 0x19
 461 008b 11       		.uleb128 0x11
 462 008c 01       		.uleb128 0x1
 463 008d 12       		.uleb128 0x12
 464 008e 06       		.uleb128 0x6
 465 008f 40       		.uleb128 0x40
 466 0090 18       		.uleb128 0x18
 467 0091 9642     		.uleb128 0x2116
 468 0093 19       		.uleb128 0x19
 469 0094 00       		.byte	0
 470 0095 00       		.byte	0
 471 0096 0B       		.uleb128 0xb
 472 0097 34       		.uleb128 0x34
 473 0098 00       		.byte	0
 474 0099 03       		.uleb128 0x3
 475 009a 0E       		.uleb128 0xe
 476 009b 3A       		.uleb128 0x3a
 477 009c 0B       		.uleb128 0xb
 478 009d 3B       		.uleb128 0x3b
 479 009e 0B       		.uleb128 0xb
 480 009f 49       		.uleb128 0x49
 481 00a0 13       		.uleb128 0x13
 482 00a1 02       		.uleb128 0x2
 483 00a2 18       		.uleb128 0x18
ARM GAS  C:\Users\Charlie\AppData\Local\Temp\cc74uoM0.s 			page 12


 484 00a3 00       		.byte	0
 485 00a4 00       		.byte	0
 486 00a5 00       		.byte	0
 487              		.section	.debug_aranges,"",%progbits
 488 0000 34000000 		.4byte	0x34
 489 0004 0200     		.2byte	0x2
 490 0006 00000000 		.4byte	.Ldebug_info0
 491 000a 04       		.byte	0x4
 492 000b 00       		.byte	0
 493 000c 0000     		.2byte	0
 494 000e 0000     		.2byte	0
 495 0010 00000000 		.4byte	.LFB0
 496 0014 0C000000 		.4byte	.LFE0-.LFB0
 497 0018 00000000 		.4byte	.LFB1
 498 001c 0C000000 		.4byte	.LFE1-.LFB1
 499 0020 00000000 		.4byte	.LFB2
 500 0024 48000000 		.4byte	.LFE2-.LFB2
 501 0028 00000000 		.4byte	.LFB3
 502 002c 28000000 		.4byte	.LFE3-.LFB3
 503 0030 00000000 		.4byte	0
 504 0034 00000000 		.4byte	0
 505              		.section	.debug_ranges,"",%progbits
 506              	.Ldebug_ranges0:
 507 0000 00000000 		.4byte	.LFB0
 508 0004 0C000000 		.4byte	.LFE0
 509 0008 00000000 		.4byte	.LFB1
 510 000c 0C000000 		.4byte	.LFE1
 511 0010 00000000 		.4byte	.LFB2
 512 0014 48000000 		.4byte	.LFE2
 513 0018 00000000 		.4byte	.LFB3
 514 001c 28000000 		.4byte	.LFE3
 515 0020 00000000 		.4byte	0
 516 0024 00000000 		.4byte	0
 517              		.section	.debug_line,"",%progbits
 518              	.Ldebug_line0:
 519 0000 C1000000 		.section	.debug_str,"MS",%progbits,1
 519      02006A00 
 519      00000201 
 519      FB0E0D00 
 519      01010101 
 520              	.LASF23:
 521 0000 4144435F 		.ascii	"ADC_SAR_Seq_1_SAR_backup\000"
 521      5341525F 
 521      5365715F 
 521      315F5341 
 521      525F6261 
 522              	.LASF14:
 523 0019 4144435F 		.ascii	"ADC_SAR_Seq_1_SAR_BACKUP_STRUCT\000"
 523      5341525F 
 523      5365715F 
 523      315F5341 
 523      525F4241 
 524              	.LASF17:
 525 0039 4144435F 		.ascii	"ADC_SAR_Seq_1_SAR_Sleep\000"
 525      5341525F 
 525      5365715F 
 525      315F5341 
ARM GAS  C:\Users\Charlie\AppData\Local\Temp\cc74uoM0.s 			page 13


 525      525F536C 
 526              	.LASF18:
 527 0051 4144435F 		.ascii	"ADC_SAR_Seq_1_SAR_Wakeup\000"
 527      5341525F 
 527      5365715F 
 527      315F5341 
 527      525F5761 
 528              	.LASF9:
 529 006a 666C6F61 		.ascii	"float\000"
 529      7400
 530              	.LASF15:
 531 0070 4144435F 		.ascii	"ADC_SAR_Seq_1_SAR_SaveConfig\000"
 531      5341525F 
 531      5365715F 
 531      315F5341 
 531      525F5361 
 532              	.LASF21:
 533 008d 443A5C44 		.ascii	"D:\\Documents\\Virginia_Tech\\FSAE\\PSOC\\Current S"
 533      6F63756D 
 533      656E7473 
 533      5C566972 
 533      67696E69 
 534 00bb 656E736F 		.ascii	"ensor\\CE95277 ADC and UART\\CE95277 ADC and UART.c"
 534      725C4345 
 534      39353237 
 534      37204144 
 534      4320616E 
 535 00ec 7964736E 		.ascii	"ydsn\000"
 535      00
 536              	.LASF1:
 537 00f1 756E7369 		.ascii	"unsigned char\000"
 537      676E6564 
 537      20636861 
 537      7200
 538              	.LASF20:
 539 00ff 2E5C4765 		.ascii	".\\Generated_Source\\PSoC5\\ADC_SAR_Seq_1_SAR_PM.c\000"
 539      6E657261 
 539      7465645F 
 539      536F7572 
 539      63655C50 
 540              	.LASF13:
 541 012f 72656738 		.ascii	"reg8\000"
 541      00
 542              	.LASF5:
 543 0134 6C6F6E67 		.ascii	"long unsigned int\000"
 543      20756E73 
 543      69676E65 
 543      6420696E 
 543      7400
 544              	.LASF3:
 545 0146 73686F72 		.ascii	"short unsigned int\000"
 545      7420756E 
 545      7369676E 
 545      65642069 
 545      6E7400
 546              	.LASF16:
 547 0159 4144435F 		.ascii	"ADC_SAR_Seq_1_SAR_RestoreConfig\000"
ARM GAS  C:\Users\Charlie\AppData\Local\Temp\cc74uoM0.s 			page 14


 547      5341525F 
 547      5365715F 
 547      315F5341 
 547      525F5265 
 548              	.LASF10:
 549 0179 646F7562 		.ascii	"double\000"
 549      6C6500
 550              	.LASF8:
 551 0180 756E7369 		.ascii	"unsigned int\000"
 551      676E6564 
 551      20696E74 
 551      00
 552              	.LASF7:
 553 018d 6C6F6E67 		.ascii	"long long unsigned int\000"
 553      206C6F6E 
 553      6720756E 
 553      7369676E 
 553      65642069 
 554              	.LASF19:
 555 01a4 474E5520 		.ascii	"GNU C 4.8.4 20140526 (release) [ARM/embedded-4_8-br"
 555      4320342E 
 555      382E3420 
 555      32303134 
 555      30353236 
 556 01d7 616E6368 		.ascii	"anch revision 211358] -mcpu=cortex-m3 -mthumb -g -O"
 556      20726576 
 556      6973696F 
 556      6E203231 
 556      31333538 
 557 020a 30202D66 		.ascii	"0 -ffunction-sections\000"
 557      66756E63 
 557      74696F6E 
 557      2D736563 
 557      74696F6E 
 558              	.LASF6:
 559 0220 6C6F6E67 		.ascii	"long long int\000"
 559      206C6F6E 
 559      6720696E 
 559      7400
 560              	.LASF11:
 561 022e 63686172 		.ascii	"char\000"
 561      00
 562              	.LASF2:
 563 0233 73686F72 		.ascii	"short int\000"
 563      7420696E 
 563      7400
 564              	.LASF12:
 565 023d 75696E74 		.ascii	"uint8\000"
 565      3800
 566              	.LASF4:
 567 0243 6C6F6E67 		.ascii	"long int\000"
 567      20696E74 
 567      00
 568              	.LASF22:
 569 024c 656E6162 		.ascii	"enableState\000"
 569      6C655374 
 569      61746500 
ARM GAS  C:\Users\Charlie\AppData\Local\Temp\cc74uoM0.s 			page 15


 570              	.LASF0:
 571 0258 7369676E 		.ascii	"signed char\000"
 571      65642063 
 571      68617200 
 572              		.ident	"GCC: (GNU Tools for ARM Embedded Processors) 4.8.4 20140526 (release) [ARM/embedded-4_8-br
