ARM GAS  C:\Users\Charlie\AppData\Local\Temp\ccLlhvNW.s 			page 1


   1              		.syntax unified
   2              		.cpu cortex-m3
   3              		.fpu softvfp
   4              		.eabi_attribute 20, 1
   5              		.eabi_attribute 21, 1
   6              		.eabi_attribute 23, 3
   7              		.eabi_attribute 24, 1
   8              		.eabi_attribute 25, 1
   9              		.eabi_attribute 26, 1
  10              		.eabi_attribute 30, 6
  11              		.eabi_attribute 34, 1
  12              		.eabi_attribute 18, 4
  13              		.thumb
  14              		.file	"ADC_DelSig_1_PM.c"
  15              		.text
  16              	.Ltext0:
  17              		.cfi_sections	.debug_frame
  18              		.data
  19              		.align	2
  20              		.type	ADC_DelSig_1_backup, %object
  21              		.size	ADC_DelSig_1_backup, 2
  22              	ADC_DelSig_1_backup:
  23 0000 00       		.byte	0
  24 0001 38       		.byte	56
  25 0002 0000     		.section	.text.ADC_DelSig_1_SaveConfig,"ax",%progbits
  26              		.align	2
  27              		.global	ADC_DelSig_1_SaveConfig
  28              		.thumb
  29              		.thumb_func
  30              		.type	ADC_DelSig_1_SaveConfig, %function
  31              	ADC_DelSig_1_SaveConfig:
  32              	.LFB0:
  33              		.file 1 ".\\Generated_Source\\PSoC5\\ADC_DelSig_1_PM.c"
   1:.\Generated_Source\PSoC5/ADC_DelSig_1_PM.c **** /*******************************************************************************
   2:.\Generated_Source\PSoC5/ADC_DelSig_1_PM.c **** * File Name: ADC_DelSig_1_PM.c
   3:.\Generated_Source\PSoC5/ADC_DelSig_1_PM.c **** * Version 3.20
   4:.\Generated_Source\PSoC5/ADC_DelSig_1_PM.c **** *
   5:.\Generated_Source\PSoC5/ADC_DelSig_1_PM.c **** * Description:
   6:.\Generated_Source\PSoC5/ADC_DelSig_1_PM.c **** *  This file provides the power manager source code to the API for the
   7:.\Generated_Source\PSoC5/ADC_DelSig_1_PM.c **** *  Delta-Sigma ADC Component.
   8:.\Generated_Source\PSoC5/ADC_DelSig_1_PM.c **** *
   9:.\Generated_Source\PSoC5/ADC_DelSig_1_PM.c **** * Note:
  10:.\Generated_Source\PSoC5/ADC_DelSig_1_PM.c **** *
  11:.\Generated_Source\PSoC5/ADC_DelSig_1_PM.c **** ********************************************************************************
  12:.\Generated_Source\PSoC5/ADC_DelSig_1_PM.c **** * Copyright 2008-2015, Cypress Semiconductor Corporation.  All rights reserved.
  13:.\Generated_Source\PSoC5/ADC_DelSig_1_PM.c **** * You may use this file only in accordance with the license, terms, conditions,
  14:.\Generated_Source\PSoC5/ADC_DelSig_1_PM.c **** * disclaimers, and limitations in the end user license agreement accompanying
  15:.\Generated_Source\PSoC5/ADC_DelSig_1_PM.c **** * the software package with which this file was provided.
  16:.\Generated_Source\PSoC5/ADC_DelSig_1_PM.c **** *******************************************************************************/
  17:.\Generated_Source\PSoC5/ADC_DelSig_1_PM.c **** 
  18:.\Generated_Source\PSoC5/ADC_DelSig_1_PM.c **** #include "ADC_DelSig_1.h"
  19:.\Generated_Source\PSoC5/ADC_DelSig_1_PM.c **** 
  20:.\Generated_Source\PSoC5/ADC_DelSig_1_PM.c **** static ADC_DelSig_1_BACKUP_STRUCT ADC_DelSig_1_backup =
  21:.\Generated_Source\PSoC5/ADC_DelSig_1_PM.c **** {
  22:.\Generated_Source\PSoC5/ADC_DelSig_1_PM.c ****     ADC_DelSig_1_DISABLED,
  23:.\Generated_Source\PSoC5/ADC_DelSig_1_PM.c ****     ADC_DelSig_1_CFG1_DEC_CR
  24:.\Generated_Source\PSoC5/ADC_DelSig_1_PM.c **** };
ARM GAS  C:\Users\Charlie\AppData\Local\Temp\ccLlhvNW.s 			page 2


  25:.\Generated_Source\PSoC5/ADC_DelSig_1_PM.c **** 
  26:.\Generated_Source\PSoC5/ADC_DelSig_1_PM.c **** 
  27:.\Generated_Source\PSoC5/ADC_DelSig_1_PM.c **** /*******************************************************************************
  28:.\Generated_Source\PSoC5/ADC_DelSig_1_PM.c **** * Function Name: ADC_DelSig_1_SaveConfig
  29:.\Generated_Source\PSoC5/ADC_DelSig_1_PM.c **** ********************************************************************************
  30:.\Generated_Source\PSoC5/ADC_DelSig_1_PM.c **** *
  31:.\Generated_Source\PSoC5/ADC_DelSig_1_PM.c **** * Summary:
  32:.\Generated_Source\PSoC5/ADC_DelSig_1_PM.c **** *  Save the register configuration which are not retention.
  33:.\Generated_Source\PSoC5/ADC_DelSig_1_PM.c **** *
  34:.\Generated_Source\PSoC5/ADC_DelSig_1_PM.c **** * Parameters:
  35:.\Generated_Source\PSoC5/ADC_DelSig_1_PM.c **** *  None
  36:.\Generated_Source\PSoC5/ADC_DelSig_1_PM.c **** *
  37:.\Generated_Source\PSoC5/ADC_DelSig_1_PM.c **** * Return:
  38:.\Generated_Source\PSoC5/ADC_DelSig_1_PM.c **** *  None
  39:.\Generated_Source\PSoC5/ADC_DelSig_1_PM.c **** *
  40:.\Generated_Source\PSoC5/ADC_DelSig_1_PM.c **** * Global variables:
  41:.\Generated_Source\PSoC5/ADC_DelSig_1_PM.c **** *  ADC_DelSig_1_backup:  This global structure variable is used to store
  42:.\Generated_Source\PSoC5/ADC_DelSig_1_PM.c **** *  configuration registers which are non retention whenever user wants to go
  43:.\Generated_Source\PSoC5/ADC_DelSig_1_PM.c **** *  sleep mode by calling Sleep() API.
  44:.\Generated_Source\PSoC5/ADC_DelSig_1_PM.c **** *
  45:.\Generated_Source\PSoC5/ADC_DelSig_1_PM.c **** *******************************************************************************/
  46:.\Generated_Source\PSoC5/ADC_DelSig_1_PM.c **** void ADC_DelSig_1_SaveConfig(void) 
  47:.\Generated_Source\PSoC5/ADC_DelSig_1_PM.c **** {
  34              		.loc 1 47 0
  35              		.cfi_startproc
  36              		@ args = 0, pretend = 0, frame = 0
  37              		@ frame_needed = 1, uses_anonymous_args = 0
  38              		@ link register save eliminated.
  39 0000 80B4     		push	{r7}
  40              		.cfi_def_cfa_offset 4
  41              		.cfi_offset 7, -4
  42 0002 00AF     		add	r7, sp, #0
  43              		.cfi_def_cfa_register 7
  48:.\Generated_Source\PSoC5/ADC_DelSig_1_PM.c ****     ADC_DelSig_1_backup.deccr = ADC_DelSig_1_DEC_CR_REG;
  44              		.loc 1 48 0
  45 0004 044B     		ldr	r3, .L2
  46 0006 1B78     		ldrb	r3, [r3]
  47 0008 DAB2     		uxtb	r2, r3
  48 000a 044B     		ldr	r3, .L2+4
  49 000c 5A70     		strb	r2, [r3, #1]
  49:.\Generated_Source\PSoC5/ADC_DelSig_1_PM.c **** }
  50              		.loc 1 49 0
  51 000e BD46     		mov	sp, r7
  52              		@ sp needed
  53 0010 5DF8047B 		ldr	r7, [sp], #4
  54 0014 7047     		bx	lr
  55              	.L3:
  56 0016 00BF     		.align	2
  57              	.L2:
  58 0018 004E0040 		.word	1073761792
  59 001c 00000000 		.word	ADC_DelSig_1_backup
  60              		.cfi_endproc
  61              	.LFE0:
  62              		.size	ADC_DelSig_1_SaveConfig, .-ADC_DelSig_1_SaveConfig
  63              		.section	.text.ADC_DelSig_1_RestoreConfig,"ax",%progbits
  64              		.align	2
  65              		.global	ADC_DelSig_1_RestoreConfig
ARM GAS  C:\Users\Charlie\AppData\Local\Temp\ccLlhvNW.s 			page 3


  66              		.thumb
  67              		.thumb_func
  68              		.type	ADC_DelSig_1_RestoreConfig, %function
  69              	ADC_DelSig_1_RestoreConfig:
  70              	.LFB1:
  50:.\Generated_Source\PSoC5/ADC_DelSig_1_PM.c **** 
  51:.\Generated_Source\PSoC5/ADC_DelSig_1_PM.c **** 
  52:.\Generated_Source\PSoC5/ADC_DelSig_1_PM.c **** /*******************************************************************************
  53:.\Generated_Source\PSoC5/ADC_DelSig_1_PM.c **** * Function Name: ADC_DelSig_1_RestoreConfig
  54:.\Generated_Source\PSoC5/ADC_DelSig_1_PM.c **** ********************************************************************************
  55:.\Generated_Source\PSoC5/ADC_DelSig_1_PM.c **** *
  56:.\Generated_Source\PSoC5/ADC_DelSig_1_PM.c **** * Summary:
  57:.\Generated_Source\PSoC5/ADC_DelSig_1_PM.c **** *  Restore the register configurations which are not retention.
  58:.\Generated_Source\PSoC5/ADC_DelSig_1_PM.c **** *
  59:.\Generated_Source\PSoC5/ADC_DelSig_1_PM.c **** * Parameters:
  60:.\Generated_Source\PSoC5/ADC_DelSig_1_PM.c **** *  None
  61:.\Generated_Source\PSoC5/ADC_DelSig_1_PM.c **** *
  62:.\Generated_Source\PSoC5/ADC_DelSig_1_PM.c **** * Return:
  63:.\Generated_Source\PSoC5/ADC_DelSig_1_PM.c **** *  None
  64:.\Generated_Source\PSoC5/ADC_DelSig_1_PM.c **** *
  65:.\Generated_Source\PSoC5/ADC_DelSig_1_PM.c **** * Global variables:
  66:.\Generated_Source\PSoC5/ADC_DelSig_1_PM.c **** *  ADC_DelSig_1_backup:  This global structure variable is used to restore
  67:.\Generated_Source\PSoC5/ADC_DelSig_1_PM.c **** *  configuration registers which are non retention whenever user wants to switch
  68:.\Generated_Source\PSoC5/ADC_DelSig_1_PM.c **** *  to active power mode by calling Wakeup() API.
  69:.\Generated_Source\PSoC5/ADC_DelSig_1_PM.c **** *
  70:.\Generated_Source\PSoC5/ADC_DelSig_1_PM.c **** *******************************************************************************/
  71:.\Generated_Source\PSoC5/ADC_DelSig_1_PM.c **** void ADC_DelSig_1_RestoreConfig(void) 
  72:.\Generated_Source\PSoC5/ADC_DelSig_1_PM.c **** {
  71              		.loc 1 72 0
  72              		.cfi_startproc
  73              		@ args = 0, pretend = 0, frame = 0
  74              		@ frame_needed = 1, uses_anonymous_args = 0
  75              		@ link register save eliminated.
  76 0000 80B4     		push	{r7}
  77              		.cfi_def_cfa_offset 4
  78              		.cfi_offset 7, -4
  79 0002 00AF     		add	r7, sp, #0
  80              		.cfi_def_cfa_register 7
  73:.\Generated_Source\PSoC5/ADC_DelSig_1_PM.c ****     ADC_DelSig_1_DEC_CR_REG = ADC_DelSig_1_backup.deccr;
  81              		.loc 1 73 0
  82 0004 034B     		ldr	r3, .L5
  83 0006 044A     		ldr	r2, .L5+4
  84 0008 5278     		ldrb	r2, [r2, #1]	@ zero_extendqisi2
  85 000a 1A70     		strb	r2, [r3]
  74:.\Generated_Source\PSoC5/ADC_DelSig_1_PM.c **** }
  86              		.loc 1 74 0
  87 000c BD46     		mov	sp, r7
  88              		@ sp needed
  89 000e 5DF8047B 		ldr	r7, [sp], #4
  90 0012 7047     		bx	lr
  91              	.L6:
  92              		.align	2
  93              	.L5:
  94 0014 004E0040 		.word	1073761792
  95 0018 00000000 		.word	ADC_DelSig_1_backup
  96              		.cfi_endproc
  97              	.LFE1:
ARM GAS  C:\Users\Charlie\AppData\Local\Temp\ccLlhvNW.s 			page 4


  98              		.size	ADC_DelSig_1_RestoreConfig, .-ADC_DelSig_1_RestoreConfig
  99              		.section	.text.ADC_DelSig_1_Sleep,"ax",%progbits
 100              		.align	2
 101              		.global	ADC_DelSig_1_Sleep
 102              		.thumb
 103              		.thumb_func
 104              		.type	ADC_DelSig_1_Sleep, %function
 105              	ADC_DelSig_1_Sleep:
 106              	.LFB2:
  75:.\Generated_Source\PSoC5/ADC_DelSig_1_PM.c **** 
  76:.\Generated_Source\PSoC5/ADC_DelSig_1_PM.c **** 
  77:.\Generated_Source\PSoC5/ADC_DelSig_1_PM.c **** /*******************************************************************************
  78:.\Generated_Source\PSoC5/ADC_DelSig_1_PM.c **** * Function Name: ADC_DelSig_1_Sleep
  79:.\Generated_Source\PSoC5/ADC_DelSig_1_PM.c **** ********************************************************************************
  80:.\Generated_Source\PSoC5/ADC_DelSig_1_PM.c **** *
  81:.\Generated_Source\PSoC5/ADC_DelSig_1_PM.c **** * Summary:
  82:.\Generated_Source\PSoC5/ADC_DelSig_1_PM.c **** *  Stops the operation of the block and saves the user configuration.
  83:.\Generated_Source\PSoC5/ADC_DelSig_1_PM.c **** *
  84:.\Generated_Source\PSoC5/ADC_DelSig_1_PM.c **** * Parameters:
  85:.\Generated_Source\PSoC5/ADC_DelSig_1_PM.c **** *  None
  86:.\Generated_Source\PSoC5/ADC_DelSig_1_PM.c **** *
  87:.\Generated_Source\PSoC5/ADC_DelSig_1_PM.c **** * Return:
  88:.\Generated_Source\PSoC5/ADC_DelSig_1_PM.c **** *  None
  89:.\Generated_Source\PSoC5/ADC_DelSig_1_PM.c **** *
  90:.\Generated_Source\PSoC5/ADC_DelSig_1_PM.c **** * Global variables:
  91:.\Generated_Source\PSoC5/ADC_DelSig_1_PM.c **** *  ADC_DelSig_1_backup:  The structure field 'enableState' is modified
  92:.\Generated_Source\PSoC5/ADC_DelSig_1_PM.c **** *  depending on the enable state of the block before entering to sleep mode.
  93:.\Generated_Source\PSoC5/ADC_DelSig_1_PM.c **** *
  94:.\Generated_Source\PSoC5/ADC_DelSig_1_PM.c **** *******************************************************************************/
  95:.\Generated_Source\PSoC5/ADC_DelSig_1_PM.c **** void ADC_DelSig_1_Sleep(void) 
  96:.\Generated_Source\PSoC5/ADC_DelSig_1_PM.c **** {
 107              		.loc 1 96 0
 108              		.cfi_startproc
 109              		@ args = 0, pretend = 0, frame = 0
 110              		@ frame_needed = 1, uses_anonymous_args = 0
 111 0000 80B5     		push	{r7, lr}
 112              		.cfi_def_cfa_offset 8
 113              		.cfi_offset 7, -8
 114              		.cfi_offset 14, -4
 115 0002 00AF     		add	r7, sp, #0
 116              		.cfi_def_cfa_register 7
  97:.\Generated_Source\PSoC5/ADC_DelSig_1_PM.c ****     /* Save ADC enable state */
  98:.\Generated_Source\PSoC5/ADC_DelSig_1_PM.c ****     if((ADC_DelSig_1_ACT_PWR_DEC_EN == (ADC_DelSig_1_PWRMGR_DEC_REG & ADC_DelSig_1_ACT_PWR_DEC_EN))
 117              		.loc 1 98 0
 118 0004 134B     		ldr	r3, .L11
 119 0006 1B78     		ldrb	r3, [r3]
 120 0008 DBB2     		uxtb	r3, r3
 121 000a 03F00103 		and	r3, r3, #1
 122 000e 002B     		cmp	r3, #0
 123 0010 1AD0     		beq	.L8
  99:.\Generated_Source\PSoC5/ADC_DelSig_1_PM.c ****        (ADC_DelSig_1_ACT_PWR_DSM_EN == (ADC_DelSig_1_PWRMGR_DSM_REG & ADC_DelSig_1_ACT_PWR_DSM_EN))
 124              		.loc 1 99 0 discriminator 1
 125 0012 104B     		ldr	r3, .L11
 126 0014 1B78     		ldrb	r3, [r3]
 127 0016 DBB2     		uxtb	r3, r3
 128 0018 03F01003 		and	r3, r3, #16
  98:.\Generated_Source\PSoC5/ADC_DelSig_1_PM.c ****     if((ADC_DelSig_1_ACT_PWR_DEC_EN == (ADC_DelSig_1_PWRMGR_DEC_REG & ADC_DelSig_1_ACT_PWR_DEC_EN))
ARM GAS  C:\Users\Charlie\AppData\Local\Temp\ccLlhvNW.s 			page 5


 129              		.loc 1 98 0 discriminator 1
 130 001c 002B     		cmp	r3, #0
 131 001e 13D0     		beq	.L8
 100:.\Generated_Source\PSoC5/ADC_DelSig_1_PM.c ****     {
 101:.\Generated_Source\PSoC5/ADC_DelSig_1_PM.c ****         /* Component is enabled */
 102:.\Generated_Source\PSoC5/ADC_DelSig_1_PM.c ****         ADC_DelSig_1_backup.enableState = ADC_DelSig_1_ENABLED;
 132              		.loc 1 102 0
 133 0020 0D4B     		ldr	r3, .L11+4
 134 0022 0122     		movs	r2, #1
 135 0024 1A70     		strb	r2, [r3]
 103:.\Generated_Source\PSoC5/ADC_DelSig_1_PM.c ****         if((ADC_DelSig_1_DEC_CR_REG & ADC_DelSig_1_DEC_START_CONV) != 0u)
 136              		.loc 1 103 0
 137 0026 0D4B     		ldr	r3, .L11+8
 138 0028 1B78     		ldrb	r3, [r3]
 139 002a DBB2     		uxtb	r3, r3
 140 002c 03F00103 		and	r3, r3, #1
 141 0030 002B     		cmp	r3, #0
 142 0032 06D0     		beq	.L9
 104:.\Generated_Source\PSoC5/ADC_DelSig_1_PM.c ****         {   
 105:.\Generated_Source\PSoC5/ADC_DelSig_1_PM.c ****             /* Conversion is started */
 106:.\Generated_Source\PSoC5/ADC_DelSig_1_PM.c ****             ADC_DelSig_1_backup.enableState |= ADC_DelSig_1_STARTED;
 143              		.loc 1 106 0
 144 0034 084B     		ldr	r3, .L11+4
 145 0036 1B78     		ldrb	r3, [r3]	@ zero_extendqisi2
 146 0038 43F00203 		orr	r3, r3, #2
 147 003c DAB2     		uxtb	r2, r3
 148 003e 064B     		ldr	r3, .L11+4
 149 0040 1A70     		strb	r2, [r3]
 150              	.L9:
 107:.\Generated_Source\PSoC5/ADC_DelSig_1_PM.c ****         }
 108:.\Generated_Source\PSoC5/ADC_DelSig_1_PM.c **** 		
 109:.\Generated_Source\PSoC5/ADC_DelSig_1_PM.c ****         /* Stop the configuration */
 110:.\Generated_Source\PSoC5/ADC_DelSig_1_PM.c ****         ADC_DelSig_1_Stop();
 151              		.loc 1 110 0
 152 0042 FFF7FEFF 		bl	ADC_DelSig_1_Stop
 153 0046 02E0     		b	.L10
 154              	.L8:
 111:.\Generated_Source\PSoC5/ADC_DelSig_1_PM.c ****     }
 112:.\Generated_Source\PSoC5/ADC_DelSig_1_PM.c ****     else
 113:.\Generated_Source\PSoC5/ADC_DelSig_1_PM.c ****     {
 114:.\Generated_Source\PSoC5/ADC_DelSig_1_PM.c ****         /* Component is disabled */
 115:.\Generated_Source\PSoC5/ADC_DelSig_1_PM.c ****         ADC_DelSig_1_backup.enableState = ADC_DelSig_1_DISABLED;
 155              		.loc 1 115 0
 156 0048 034B     		ldr	r3, .L11+4
 157 004a 0022     		movs	r2, #0
 158 004c 1A70     		strb	r2, [r3]
 159              	.L10:
 116:.\Generated_Source\PSoC5/ADC_DelSig_1_PM.c ****     }
 117:.\Generated_Source\PSoC5/ADC_DelSig_1_PM.c **** 
 118:.\Generated_Source\PSoC5/ADC_DelSig_1_PM.c ****     /* Save the user configuration */
 119:.\Generated_Source\PSoC5/ADC_DelSig_1_PM.c ****     ADC_DelSig_1_SaveConfig();
 160              		.loc 1 119 0
 161 004e FFF7FEFF 		bl	ADC_DelSig_1_SaveConfig
 120:.\Generated_Source\PSoC5/ADC_DelSig_1_PM.c **** }
 162              		.loc 1 120 0
 163 0052 80BD     		pop	{r7, pc}
 164              	.L12:
ARM GAS  C:\Users\Charlie\AppData\Local\Temp\ccLlhvNW.s 			page 6


 165              		.align	2
 166              	.L11:
 167 0054 AA430040 		.word	1073759146
 168 0058 00000000 		.word	ADC_DelSig_1_backup
 169 005c 004E0040 		.word	1073761792
 170              		.cfi_endproc
 171              	.LFE2:
 172              		.size	ADC_DelSig_1_Sleep, .-ADC_DelSig_1_Sleep
 173              		.section	.text.ADC_DelSig_1_Wakeup,"ax",%progbits
 174              		.align	2
 175              		.global	ADC_DelSig_1_Wakeup
 176              		.thumb
 177              		.thumb_func
 178              		.type	ADC_DelSig_1_Wakeup, %function
 179              	ADC_DelSig_1_Wakeup:
 180              	.LFB3:
 121:.\Generated_Source\PSoC5/ADC_DelSig_1_PM.c **** 
 122:.\Generated_Source\PSoC5/ADC_DelSig_1_PM.c **** 
 123:.\Generated_Source\PSoC5/ADC_DelSig_1_PM.c **** /*******************************************************************************
 124:.\Generated_Source\PSoC5/ADC_DelSig_1_PM.c **** * Function Name: ADC_DelSig_1_Wakeup
 125:.\Generated_Source\PSoC5/ADC_DelSig_1_PM.c **** ********************************************************************************
 126:.\Generated_Source\PSoC5/ADC_DelSig_1_PM.c **** *
 127:.\Generated_Source\PSoC5/ADC_DelSig_1_PM.c **** * Summary:
 128:.\Generated_Source\PSoC5/ADC_DelSig_1_PM.c **** *  Restores the user configuration and enables the power to the block.
 129:.\Generated_Source\PSoC5/ADC_DelSig_1_PM.c **** *
 130:.\Generated_Source\PSoC5/ADC_DelSig_1_PM.c **** * Parameters:
 131:.\Generated_Source\PSoC5/ADC_DelSig_1_PM.c **** *  None
 132:.\Generated_Source\PSoC5/ADC_DelSig_1_PM.c **** *
 133:.\Generated_Source\PSoC5/ADC_DelSig_1_PM.c **** * Return:
 134:.\Generated_Source\PSoC5/ADC_DelSig_1_PM.c **** *  None
 135:.\Generated_Source\PSoC5/ADC_DelSig_1_PM.c **** *
 136:.\Generated_Source\PSoC5/ADC_DelSig_1_PM.c **** * Global variables:
 137:.\Generated_Source\PSoC5/ADC_DelSig_1_PM.c **** *  ADC_DelSig_1_backup:  The structure field 'enableState' is used to
 138:.\Generated_Source\PSoC5/ADC_DelSig_1_PM.c **** *  restore the enable state of block after wakeup from sleep mode.
 139:.\Generated_Source\PSoC5/ADC_DelSig_1_PM.c **** *
 140:.\Generated_Source\PSoC5/ADC_DelSig_1_PM.c **** *******************************************************************************/
 141:.\Generated_Source\PSoC5/ADC_DelSig_1_PM.c **** void ADC_DelSig_1_Wakeup(void) 
 142:.\Generated_Source\PSoC5/ADC_DelSig_1_PM.c **** {
 181              		.loc 1 142 0
 182              		.cfi_startproc
 183              		@ args = 0, pretend = 0, frame = 0
 184              		@ frame_needed = 1, uses_anonymous_args = 0
 185 0000 80B5     		push	{r7, lr}
 186              		.cfi_def_cfa_offset 8
 187              		.cfi_offset 7, -8
 188              		.cfi_offset 14, -4
 189 0002 00AF     		add	r7, sp, #0
 190              		.cfi_def_cfa_register 7
 143:.\Generated_Source\PSoC5/ADC_DelSig_1_PM.c ****     /* Restore the configuration */
 144:.\Generated_Source\PSoC5/ADC_DelSig_1_PM.c ****     ADC_DelSig_1_RestoreConfig();
 191              		.loc 1 144 0
 192 0004 FFF7FEFF 		bl	ADC_DelSig_1_RestoreConfig
 145:.\Generated_Source\PSoC5/ADC_DelSig_1_PM.c **** 
 146:.\Generated_Source\PSoC5/ADC_DelSig_1_PM.c ****     /* Enables the component operation */
 147:.\Generated_Source\PSoC5/ADC_DelSig_1_PM.c ****     if(ADC_DelSig_1_backup.enableState != ADC_DelSig_1_DISABLED)
 193              		.loc 1 147 0
 194 0008 074B     		ldr	r3, .L15
ARM GAS  C:\Users\Charlie\AppData\Local\Temp\ccLlhvNW.s 			page 7


 195 000a 1B78     		ldrb	r3, [r3]	@ zero_extendqisi2
 196 000c 002B     		cmp	r3, #0
 197 000e 09D0     		beq	.L13
 148:.\Generated_Source\PSoC5/ADC_DelSig_1_PM.c ****     {
 149:.\Generated_Source\PSoC5/ADC_DelSig_1_PM.c ****         ADC_DelSig_1_Enable();
 198              		.loc 1 149 0
 199 0010 FFF7FEFF 		bl	ADC_DelSig_1_Enable
 150:.\Generated_Source\PSoC5/ADC_DelSig_1_PM.c ****         if((ADC_DelSig_1_backup.enableState & ADC_DelSig_1_STARTED) != 0u)
 200              		.loc 1 150 0
 201 0014 044B     		ldr	r3, .L15
 202 0016 1B78     		ldrb	r3, [r3]	@ zero_extendqisi2
 203 0018 03F00203 		and	r3, r3, #2
 204 001c 002B     		cmp	r3, #0
 205 001e 01D0     		beq	.L13
 151:.\Generated_Source\PSoC5/ADC_DelSig_1_PM.c ****         {
 152:.\Generated_Source\PSoC5/ADC_DelSig_1_PM.c ****             ADC_DelSig_1_StartConvert();
 206              		.loc 1 152 0
 207 0020 FFF7FEFF 		bl	ADC_DelSig_1_StartConvert
 208              	.L13:
 153:.\Generated_Source\PSoC5/ADC_DelSig_1_PM.c ****         }
 154:.\Generated_Source\PSoC5/ADC_DelSig_1_PM.c ****     } /* Do nothing if component was disable before */
 155:.\Generated_Source\PSoC5/ADC_DelSig_1_PM.c **** }
 209              		.loc 1 155 0
 210 0024 80BD     		pop	{r7, pc}
 211              	.L16:
 212 0026 00BF     		.align	2
 213              	.L15:
 214 0028 00000000 		.word	ADC_DelSig_1_backup
 215              		.cfi_endproc
 216              	.LFE3:
 217              		.size	ADC_DelSig_1_Wakeup, .-ADC_DelSig_1_Wakeup
 218              		.text
 219              	.Letext0:
 220              		.file 2 ".\\Generated_Source\\PSoC5\\cytypes.h"
 221              		.file 3 ".\\Generated_Source\\PSoC5\\ADC_DelSig_1.h"
 222              		.section	.debug_info,"",%progbits
 223              	.Ldebug_info0:
 224 0000 21010000 		.4byte	0x121
 225 0004 0400     		.2byte	0x4
 226 0006 00000000 		.4byte	.Ldebug_abbrev0
 227 000a 04       		.byte	0x4
 228 000b 01       		.uleb128 0x1
 229 000c 89010000 		.4byte	.LASF22
 230 0010 01       		.byte	0x1
 231 0011 24010000 		.4byte	.LASF23
 232 0015 3A000000 		.4byte	.LASF24
 233 0019 00000000 		.4byte	.Ldebug_ranges0+0
 234 001d 00000000 		.4byte	0
 235 0021 00000000 		.4byte	.Ldebug_line0
 236 0025 02       		.uleb128 0x2
 237 0026 01       		.byte	0x1
 238 0027 06       		.byte	0x6
 239 0028 4F010000 		.4byte	.LASF0
 240 002c 02       		.uleb128 0x2
 241 002d 01       		.byte	0x1
 242 002e 08       		.byte	0x8
 243 002f D2000000 		.4byte	.LASF1
ARM GAS  C:\Users\Charlie\AppData\Local\Temp\ccLlhvNW.s 			page 8


 244 0033 02       		.uleb128 0x2
 245 0034 02       		.byte	0x2
 246 0035 05       		.byte	0x5
 247 0036 7F010000 		.4byte	.LASF2
 248 003a 02       		.uleb128 0x2
 249 003b 02       		.byte	0x2
 250 003c 07       		.byte	0x7
 251 003d 0E000000 		.4byte	.LASF3
 252 0041 02       		.uleb128 0x2
 253 0042 04       		.byte	0x4
 254 0043 05       		.byte	0x5
 255 0044 00010000 		.4byte	.LASF4
 256 0048 02       		.uleb128 0x2
 257 0049 04       		.byte	0x4
 258 004a 07       		.byte	0x7
 259 004b A9000000 		.4byte	.LASF5
 260 004f 02       		.uleb128 0x2
 261 0050 08       		.byte	0x8
 262 0051 05       		.byte	0x5
 263 0052 00000000 		.4byte	.LASF6
 264 0056 02       		.uleb128 0x2
 265 0057 08       		.byte	0x8
 266 0058 07       		.byte	0x7
 267 0059 BB000000 		.4byte	.LASF7
 268 005d 03       		.uleb128 0x3
 269 005e 04       		.byte	0x4
 270 005f 05       		.byte	0x5
 271 0060 696E7400 		.ascii	"int\000"
 272 0064 02       		.uleb128 0x2
 273 0065 04       		.byte	0x4
 274 0066 07       		.byte	0x7
 275 0067 2D000000 		.4byte	.LASF8
 276 006b 04       		.uleb128 0x4
 277 006c A3000000 		.4byte	.LASF12
 278 0070 02       		.byte	0x2
 279 0071 A1       		.byte	0xa1
 280 0072 2C000000 		.4byte	0x2c
 281 0076 02       		.uleb128 0x2
 282 0077 04       		.byte	0x4
 283 0078 04       		.byte	0x4
 284 0079 61010000 		.4byte	.LASF9
 285 007d 02       		.uleb128 0x2
 286 007e 08       		.byte	0x8
 287 007f 04       		.byte	0x4
 288 0080 1D010000 		.4byte	.LASF10
 289 0084 02       		.uleb128 0x2
 290 0085 01       		.byte	0x1
 291 0086 08       		.byte	0x8
 292 0087 E0000000 		.4byte	.LASF11
 293 008b 05       		.uleb128 0x5
 294 008c 9E000000 		.4byte	.LASF13
 295 0090 02       		.byte	0x2
 296 0091 4B01     		.2byte	0x14b
 297 0093 97000000 		.4byte	0x97
 298 0097 06       		.uleb128 0x6
 299 0098 6B000000 		.4byte	0x6b
 300 009c 02       		.uleb128 0x2
ARM GAS  C:\Users\Charlie\AppData\Local\Temp\ccLlhvNW.s 			page 9


 301 009d 04       		.byte	0x4
 302 009e 07       		.byte	0x7
 303 009f 47020000 		.4byte	.LASF14
 304 00a3 07       		.uleb128 0x7
 305 00a4 02       		.byte	0x2
 306 00a5 03       		.byte	0x3
 307 00a6 28       		.byte	0x28
 308 00a7 C4000000 		.4byte	0xc4
 309 00ab 08       		.uleb128 0x8
 310 00ac 21000000 		.4byte	.LASF15
 311 00b0 03       		.byte	0x3
 312 00b1 2A       		.byte	0x2a
 313 00b2 6B000000 		.4byte	0x6b
 314 00b6 00       		.byte	0
 315 00b7 08       		.uleb128 0x8
 316 00b8 5B010000 		.4byte	.LASF16
 317 00bc 03       		.byte	0x3
 318 00bd 2B       		.byte	0x2b
 319 00be 6B000000 		.4byte	0x6b
 320 00c2 01       		.byte	0x1
 321 00c3 00       		.byte	0
 322 00c4 04       		.uleb128 0x4
 323 00c5 05020000 		.4byte	.LASF17
 324 00c9 03       		.byte	0x3
 325 00ca 2C       		.byte	0x2c
 326 00cb A3000000 		.4byte	0xa3
 327 00cf 09       		.uleb128 0x9
 328 00d0 67010000 		.4byte	.LASF18
 329 00d4 01       		.byte	0x1
 330 00d5 2E       		.byte	0x2e
 331 00d6 00000000 		.4byte	.LFB0
 332 00da 20000000 		.4byte	.LFE0-.LFB0
 333 00de 01       		.uleb128 0x1
 334 00df 9C       		.byte	0x9c
 335 00e0 09       		.uleb128 0x9
 336 00e1 E5000000 		.4byte	.LASF19
 337 00e5 01       		.byte	0x1
 338 00e6 47       		.byte	0x47
 339 00e7 00000000 		.4byte	.LFB1
 340 00eb 1C000000 		.4byte	.LFE1-.LFB1
 341 00ef 01       		.uleb128 0x1
 342 00f0 9C       		.byte	0x9c
 343 00f1 0A       		.uleb128 0xa
 344 00f2 34020000 		.4byte	.LASF20
 345 00f6 01       		.byte	0x1
 346 00f7 5F       		.byte	0x5f
 347 00f8 00000000 		.4byte	.LFB2
 348 00fc 60000000 		.4byte	.LFE2-.LFB2
 349 0100 01       		.uleb128 0x1
 350 0101 9C       		.byte	0x9c
 351 0102 0A       		.uleb128 0xa
 352 0103 20020000 		.4byte	.LASF21
 353 0107 01       		.byte	0x1
 354 0108 8D       		.byte	0x8d
 355 0109 00000000 		.4byte	.LFB3
 356 010d 2C000000 		.4byte	.LFE3-.LFB3
 357 0111 01       		.uleb128 0x1
ARM GAS  C:\Users\Charlie\AppData\Local\Temp\ccLlhvNW.s 			page 10


 358 0112 9C       		.byte	0x9c
 359 0113 0B       		.uleb128 0xb
 360 0114 09010000 		.4byte	.LASF25
 361 0118 01       		.byte	0x1
 362 0119 14       		.byte	0x14
 363 011a C4000000 		.4byte	0xc4
 364 011e 05       		.uleb128 0x5
 365 011f 03       		.byte	0x3
 366 0120 00000000 		.4byte	ADC_DelSig_1_backup
 367 0124 00       		.byte	0
 368              		.section	.debug_abbrev,"",%progbits
 369              	.Ldebug_abbrev0:
 370 0000 01       		.uleb128 0x1
 371 0001 11       		.uleb128 0x11
 372 0002 01       		.byte	0x1
 373 0003 25       		.uleb128 0x25
 374 0004 0E       		.uleb128 0xe
 375 0005 13       		.uleb128 0x13
 376 0006 0B       		.uleb128 0xb
 377 0007 03       		.uleb128 0x3
 378 0008 0E       		.uleb128 0xe
 379 0009 1B       		.uleb128 0x1b
 380 000a 0E       		.uleb128 0xe
 381 000b 55       		.uleb128 0x55
 382 000c 17       		.uleb128 0x17
 383 000d 11       		.uleb128 0x11
 384 000e 01       		.uleb128 0x1
 385 000f 10       		.uleb128 0x10
 386 0010 17       		.uleb128 0x17
 387 0011 00       		.byte	0
 388 0012 00       		.byte	0
 389 0013 02       		.uleb128 0x2
 390 0014 24       		.uleb128 0x24
 391 0015 00       		.byte	0
 392 0016 0B       		.uleb128 0xb
 393 0017 0B       		.uleb128 0xb
 394 0018 3E       		.uleb128 0x3e
 395 0019 0B       		.uleb128 0xb
 396 001a 03       		.uleb128 0x3
 397 001b 0E       		.uleb128 0xe
 398 001c 00       		.byte	0
 399 001d 00       		.byte	0
 400 001e 03       		.uleb128 0x3
 401 001f 24       		.uleb128 0x24
 402 0020 00       		.byte	0
 403 0021 0B       		.uleb128 0xb
 404 0022 0B       		.uleb128 0xb
 405 0023 3E       		.uleb128 0x3e
 406 0024 0B       		.uleb128 0xb
 407 0025 03       		.uleb128 0x3
 408 0026 08       		.uleb128 0x8
 409 0027 00       		.byte	0
 410 0028 00       		.byte	0
 411 0029 04       		.uleb128 0x4
 412 002a 16       		.uleb128 0x16
 413 002b 00       		.byte	0
 414 002c 03       		.uleb128 0x3
ARM GAS  C:\Users\Charlie\AppData\Local\Temp\ccLlhvNW.s 			page 11


 415 002d 0E       		.uleb128 0xe
 416 002e 3A       		.uleb128 0x3a
 417 002f 0B       		.uleb128 0xb
 418 0030 3B       		.uleb128 0x3b
 419 0031 0B       		.uleb128 0xb
 420 0032 49       		.uleb128 0x49
 421 0033 13       		.uleb128 0x13
 422 0034 00       		.byte	0
 423 0035 00       		.byte	0
 424 0036 05       		.uleb128 0x5
 425 0037 16       		.uleb128 0x16
 426 0038 00       		.byte	0
 427 0039 03       		.uleb128 0x3
 428 003a 0E       		.uleb128 0xe
 429 003b 3A       		.uleb128 0x3a
 430 003c 0B       		.uleb128 0xb
 431 003d 3B       		.uleb128 0x3b
 432 003e 05       		.uleb128 0x5
 433 003f 49       		.uleb128 0x49
 434 0040 13       		.uleb128 0x13
 435 0041 00       		.byte	0
 436 0042 00       		.byte	0
 437 0043 06       		.uleb128 0x6
 438 0044 35       		.uleb128 0x35
 439 0045 00       		.byte	0
 440 0046 49       		.uleb128 0x49
 441 0047 13       		.uleb128 0x13
 442 0048 00       		.byte	0
 443 0049 00       		.byte	0
 444 004a 07       		.uleb128 0x7
 445 004b 13       		.uleb128 0x13
 446 004c 01       		.byte	0x1
 447 004d 0B       		.uleb128 0xb
 448 004e 0B       		.uleb128 0xb
 449 004f 3A       		.uleb128 0x3a
 450 0050 0B       		.uleb128 0xb
 451 0051 3B       		.uleb128 0x3b
 452 0052 0B       		.uleb128 0xb
 453 0053 01       		.uleb128 0x1
 454 0054 13       		.uleb128 0x13
 455 0055 00       		.byte	0
 456 0056 00       		.byte	0
 457 0057 08       		.uleb128 0x8
 458 0058 0D       		.uleb128 0xd
 459 0059 00       		.byte	0
 460 005a 03       		.uleb128 0x3
 461 005b 0E       		.uleb128 0xe
 462 005c 3A       		.uleb128 0x3a
 463 005d 0B       		.uleb128 0xb
 464 005e 3B       		.uleb128 0x3b
 465 005f 0B       		.uleb128 0xb
 466 0060 49       		.uleb128 0x49
 467 0061 13       		.uleb128 0x13
 468 0062 38       		.uleb128 0x38
 469 0063 0B       		.uleb128 0xb
 470 0064 00       		.byte	0
 471 0065 00       		.byte	0
ARM GAS  C:\Users\Charlie\AppData\Local\Temp\ccLlhvNW.s 			page 12


 472 0066 09       		.uleb128 0x9
 473 0067 2E       		.uleb128 0x2e
 474 0068 00       		.byte	0
 475 0069 3F       		.uleb128 0x3f
 476 006a 19       		.uleb128 0x19
 477 006b 03       		.uleb128 0x3
 478 006c 0E       		.uleb128 0xe
 479 006d 3A       		.uleb128 0x3a
 480 006e 0B       		.uleb128 0xb
 481 006f 3B       		.uleb128 0x3b
 482 0070 0B       		.uleb128 0xb
 483 0071 27       		.uleb128 0x27
 484 0072 19       		.uleb128 0x19
 485 0073 11       		.uleb128 0x11
 486 0074 01       		.uleb128 0x1
 487 0075 12       		.uleb128 0x12
 488 0076 06       		.uleb128 0x6
 489 0077 40       		.uleb128 0x40
 490 0078 18       		.uleb128 0x18
 491 0079 9742     		.uleb128 0x2117
 492 007b 19       		.uleb128 0x19
 493 007c 00       		.byte	0
 494 007d 00       		.byte	0
 495 007e 0A       		.uleb128 0xa
 496 007f 2E       		.uleb128 0x2e
 497 0080 00       		.byte	0
 498 0081 3F       		.uleb128 0x3f
 499 0082 19       		.uleb128 0x19
 500 0083 03       		.uleb128 0x3
 501 0084 0E       		.uleb128 0xe
 502 0085 3A       		.uleb128 0x3a
 503 0086 0B       		.uleb128 0xb
 504 0087 3B       		.uleb128 0x3b
 505 0088 0B       		.uleb128 0xb
 506 0089 27       		.uleb128 0x27
 507 008a 19       		.uleb128 0x19
 508 008b 11       		.uleb128 0x11
 509 008c 01       		.uleb128 0x1
 510 008d 12       		.uleb128 0x12
 511 008e 06       		.uleb128 0x6
 512 008f 40       		.uleb128 0x40
 513 0090 18       		.uleb128 0x18
 514 0091 9642     		.uleb128 0x2116
 515 0093 19       		.uleb128 0x19
 516 0094 00       		.byte	0
 517 0095 00       		.byte	0
 518 0096 0B       		.uleb128 0xb
 519 0097 34       		.uleb128 0x34
 520 0098 00       		.byte	0
 521 0099 03       		.uleb128 0x3
 522 009a 0E       		.uleb128 0xe
 523 009b 3A       		.uleb128 0x3a
 524 009c 0B       		.uleb128 0xb
 525 009d 3B       		.uleb128 0x3b
 526 009e 0B       		.uleb128 0xb
 527 009f 49       		.uleb128 0x49
 528 00a0 13       		.uleb128 0x13
ARM GAS  C:\Users\Charlie\AppData\Local\Temp\ccLlhvNW.s 			page 13


 529 00a1 02       		.uleb128 0x2
 530 00a2 18       		.uleb128 0x18
 531 00a3 00       		.byte	0
 532 00a4 00       		.byte	0
 533 00a5 00       		.byte	0
 534              		.section	.debug_aranges,"",%progbits
 535 0000 34000000 		.4byte	0x34
 536 0004 0200     		.2byte	0x2
 537 0006 00000000 		.4byte	.Ldebug_info0
 538 000a 04       		.byte	0x4
 539 000b 00       		.byte	0
 540 000c 0000     		.2byte	0
 541 000e 0000     		.2byte	0
 542 0010 00000000 		.4byte	.LFB0
 543 0014 20000000 		.4byte	.LFE0-.LFB0
 544 0018 00000000 		.4byte	.LFB1
 545 001c 1C000000 		.4byte	.LFE1-.LFB1
 546 0020 00000000 		.4byte	.LFB2
 547 0024 60000000 		.4byte	.LFE2-.LFB2
 548 0028 00000000 		.4byte	.LFB3
 549 002c 2C000000 		.4byte	.LFE3-.LFB3
 550 0030 00000000 		.4byte	0
 551 0034 00000000 		.4byte	0
 552              		.section	.debug_ranges,"",%progbits
 553              	.Ldebug_ranges0:
 554 0000 00000000 		.4byte	.LFB0
 555 0004 20000000 		.4byte	.LFE0
 556 0008 00000000 		.4byte	.LFB1
 557 000c 1C000000 		.4byte	.LFE1
 558 0010 00000000 		.4byte	.LFB2
 559 0014 60000000 		.4byte	.LFE2
 560 0018 00000000 		.4byte	.LFB3
 561 001c 2C000000 		.4byte	.LFE3
 562 0020 00000000 		.4byte	0
 563 0024 00000000 		.4byte	0
 564              		.section	.debug_line,"",%progbits
 565              	.Ldebug_line0:
 566 0000 C1000000 		.section	.debug_str,"MS",%progbits,1
 566      02006000 
 566      00000201 
 566      FB0E0D00 
 566      01010101 
 567              	.LASF6:
 568 0000 6C6F6E67 		.ascii	"long long int\000"
 568      206C6F6E 
 568      6720696E 
 568      7400
 569              	.LASF3:
 570 000e 73686F72 		.ascii	"short unsigned int\000"
 570      7420756E 
 570      7369676E 
 570      65642069 
 570      6E7400
 571              	.LASF15:
 572 0021 656E6162 		.ascii	"enableState\000"
 572      6C655374 
 572      61746500 
ARM GAS  C:\Users\Charlie\AppData\Local\Temp\ccLlhvNW.s 			page 14


 573              	.LASF8:
 574 002d 756E7369 		.ascii	"unsigned int\000"
 574      676E6564 
 574      20696E74 
 574      00
 575              	.LASF24:
 576 003a 443A5C44 		.ascii	"D:\\Documents\\Virginia_Tech\\FSAE\\PSOC\\Current S"
 576      6F63756D 
 576      656E7473 
 576      5C566972 
 576      67696E69 
 577 0068 656E736F 		.ascii	"ensor\\CE95277 ADC and UART\\CE95277 ADC and UART.c"
 577      725C4345 
 577      39353237 
 577      37204144 
 577      4320616E 
 578 0099 7964736E 		.ascii	"ydsn\000"
 578      00
 579              	.LASF13:
 580 009e 72656738 		.ascii	"reg8\000"
 580      00
 581              	.LASF12:
 582 00a3 75696E74 		.ascii	"uint8\000"
 582      3800
 583              	.LASF5:
 584 00a9 6C6F6E67 		.ascii	"long unsigned int\000"
 584      20756E73 
 584      69676E65 
 584      6420696E 
 584      7400
 585              	.LASF7:
 586 00bb 6C6F6E67 		.ascii	"long long unsigned int\000"
 586      206C6F6E 
 586      6720756E 
 586      7369676E 
 586      65642069 
 587              	.LASF1:
 588 00d2 756E7369 		.ascii	"unsigned char\000"
 588      676E6564 
 588      20636861 
 588      7200
 589              	.LASF11:
 590 00e0 63686172 		.ascii	"char\000"
 590      00
 591              	.LASF19:
 592 00e5 4144435F 		.ascii	"ADC_DelSig_1_RestoreConfig\000"
 592      44656C53 
 592      69675F31 
 592      5F526573 
 592      746F7265 
 593              	.LASF4:
 594 0100 6C6F6E67 		.ascii	"long int\000"
 594      20696E74 
 594      00
 595              	.LASF25:
 596 0109 4144435F 		.ascii	"ADC_DelSig_1_backup\000"
 596      44656C53 
ARM GAS  C:\Users\Charlie\AppData\Local\Temp\ccLlhvNW.s 			page 15


 596      69675F31 
 596      5F626163 
 596      6B757000 
 597              	.LASF10:
 598 011d 646F7562 		.ascii	"double\000"
 598      6C6500
 599              	.LASF23:
 600 0124 2E5C4765 		.ascii	".\\Generated_Source\\PSoC5\\ADC_DelSig_1_PM.c\000"
 600      6E657261 
 600      7465645F 
 600      536F7572 
 600      63655C50 
 601              	.LASF0:
 602 014f 7369676E 		.ascii	"signed char\000"
 602      65642063 
 602      68617200 
 603              	.LASF16:
 604 015b 64656363 		.ascii	"deccr\000"
 604      7200
 605              	.LASF9:
 606 0161 666C6F61 		.ascii	"float\000"
 606      7400
 607              	.LASF18:
 608 0167 4144435F 		.ascii	"ADC_DelSig_1_SaveConfig\000"
 608      44656C53 
 608      69675F31 
 608      5F536176 
 608      65436F6E 
 609              	.LASF2:
 610 017f 73686F72 		.ascii	"short int\000"
 610      7420696E 
 610      7400
 611              	.LASF22:
 612 0189 474E5520 		.ascii	"GNU C 4.8.4 20140526 (release) [ARM/embedded-4_8-br"
 612      4320342E 
 612      382E3420 
 612      32303134 
 612      30353236 
 613 01bc 616E6368 		.ascii	"anch revision 211358] -mcpu=cortex-m3 -mthumb -g -O"
 613      20726576 
 613      6973696F 
 613      6E203231 
 613      31333538 
 614 01ef 30202D66 		.ascii	"0 -ffunction-sections\000"
 614      66756E63 
 614      74696F6E 
 614      2D736563 
 614      74696F6E 
 615              	.LASF17:
 616 0205 4144435F 		.ascii	"ADC_DelSig_1_BACKUP_STRUCT\000"
 616      44656C53 
 616      69675F31 
 616      5F424143 
 616      4B55505F 
 617              	.LASF21:
 618 0220 4144435F 		.ascii	"ADC_DelSig_1_Wakeup\000"
 618      44656C53 
ARM GAS  C:\Users\Charlie\AppData\Local\Temp\ccLlhvNW.s 			page 16


 618      69675F31 
 618      5F57616B 
 618      65757000 
 619              	.LASF20:
 620 0234 4144435F 		.ascii	"ADC_DelSig_1_Sleep\000"
 620      44656C53 
 620      69675F31 
 620      5F536C65 
 620      657000
 621              	.LASF14:
 622 0247 73697A65 		.ascii	"sizetype\000"
 622      74797065 
 622      00
 623              		.ident	"GCC: (GNU Tools for ARM Embedded Processors) 4.8.4 20140526 (release) [ARM/embedded-4_8-br
