ARM GAS  C:\Users\Charlie\AppData\Local\Temp\ccjBWPGZ.s 			page 1


   1              		.syntax unified
   2              		.cpu cortex-m3
   3              		.fpu softvfp
   4              		.eabi_attribute 20, 1
   5              		.eabi_attribute 21, 1
   6              		.eabi_attribute 23, 3
   7              		.eabi_attribute 24, 1
   8              		.eabi_attribute 25, 1
   9              		.eabi_attribute 26, 1
  10              		.eabi_attribute 30, 6
  11              		.eabi_attribute 34, 1
  12              		.eabi_attribute 18, 4
  13              		.thumb
  14              		.file	"ADC_SAR_Seq_1_SAR_INT.c"
  15              		.text
  16              	.Ltext0:
  17              		.cfi_sections	.debug_frame
  18              	.Letext0:
  19              		.section	.debug_info,"",%progbits
  20              	.Ldebug_info0:
  21 0000 75000000 		.4byte	0x75
  22 0004 0400     		.2byte	0x4
  23 0006 00000000 		.4byte	.Ldebug_abbrev0
  24 000a 04       		.byte	0x4
  25 000b 01       		.uleb128 0x1
  26 000c C8000000 		.4byte	.LASF12
  27 0010 01       		.byte	0x1
  28 0011 44010000 		.4byte	.LASF13
  29 0015 06000000 		.4byte	.LASF14
  30 0019 00000000 		.4byte	.Ldebug_line0
  31 001d 02       		.uleb128 0x2
  32 001e 01       		.byte	0x1
  33 001f 06       		.byte	0x6
  34 0020 9B010000 		.4byte	.LASF0
  35 0024 02       		.uleb128 0x2
  36 0025 01       		.byte	0x1
  37 0026 08       		.byte	0x8
  38 0027 6A000000 		.4byte	.LASF1
  39 002b 02       		.uleb128 0x2
  40 002c 02       		.byte	0x2
  41 002d 05       		.byte	0x5
  42 002e 88010000 		.4byte	.LASF2
  43 0032 02       		.uleb128 0x2
  44 0033 02       		.byte	0x2
  45 0034 07       		.byte	0x7
  46 0035 8A000000 		.4byte	.LASF3
  47 0039 02       		.uleb128 0x2
  48 003a 04       		.byte	0x4
  49 003b 05       		.byte	0x5
  50 003c 92010000 		.4byte	.LASF4
  51 0040 02       		.uleb128 0x2
  52 0041 04       		.byte	0x4
  53 0042 07       		.byte	0x7
  54 0043 78000000 		.4byte	.LASF5
  55 0047 02       		.uleb128 0x2
  56 0048 08       		.byte	0x8
  57 0049 05       		.byte	0x5
ARM GAS  C:\Users\Charlie\AppData\Local\Temp\ccjBWPGZ.s 			page 2


  58 004a 75010000 		.4byte	.LASF6
  59 004e 02       		.uleb128 0x2
  60 004f 08       		.byte	0x8
  61 0050 07       		.byte	0x7
  62 0051 B1000000 		.4byte	.LASF7
  63 0055 03       		.uleb128 0x3
  64 0056 04       		.byte	0x4
  65 0057 05       		.byte	0x5
  66 0058 696E7400 		.ascii	"int\000"
  67 005c 02       		.uleb128 0x2
  68 005d 04       		.byte	0x4
  69 005e 07       		.byte	0x7
  70 005f A4000000 		.4byte	.LASF8
  71 0063 02       		.uleb128 0x2
  72 0064 04       		.byte	0x4
  73 0065 04       		.byte	0x4
  74 0066 00000000 		.4byte	.LASF9
  75 006a 02       		.uleb128 0x2
  76 006b 08       		.byte	0x8
  77 006c 04       		.byte	0x4
  78 006d 9D000000 		.4byte	.LASF10
  79 0071 02       		.uleb128 0x2
  80 0072 01       		.byte	0x1
  81 0073 08       		.byte	0x8
  82 0074 83010000 		.4byte	.LASF11
  83 0078 00       		.byte	0
  84              		.section	.debug_abbrev,"",%progbits
  85              	.Ldebug_abbrev0:
  86 0000 01       		.uleb128 0x1
  87 0001 11       		.uleb128 0x11
  88 0002 01       		.byte	0x1
  89 0003 25       		.uleb128 0x25
  90 0004 0E       		.uleb128 0xe
  91 0005 13       		.uleb128 0x13
  92 0006 0B       		.uleb128 0xb
  93 0007 03       		.uleb128 0x3
  94 0008 0E       		.uleb128 0xe
  95 0009 1B       		.uleb128 0x1b
  96 000a 0E       		.uleb128 0xe
  97 000b 10       		.uleb128 0x10
  98 000c 17       		.uleb128 0x17
  99 000d 00       		.byte	0
 100 000e 00       		.byte	0
 101 000f 02       		.uleb128 0x2
 102 0010 24       		.uleb128 0x24
 103 0011 00       		.byte	0
 104 0012 0B       		.uleb128 0xb
 105 0013 0B       		.uleb128 0xb
 106 0014 3E       		.uleb128 0x3e
 107 0015 0B       		.uleb128 0xb
 108 0016 03       		.uleb128 0x3
 109 0017 0E       		.uleb128 0xe
 110 0018 00       		.byte	0
 111 0019 00       		.byte	0
 112 001a 03       		.uleb128 0x3
 113 001b 24       		.uleb128 0x24
 114 001c 00       		.byte	0
ARM GAS  C:\Users\Charlie\AppData\Local\Temp\ccjBWPGZ.s 			page 3


 115 001d 0B       		.uleb128 0xb
 116 001e 0B       		.uleb128 0xb
 117 001f 3E       		.uleb128 0x3e
 118 0020 0B       		.uleb128 0xb
 119 0021 03       		.uleb128 0x3
 120 0022 08       		.uleb128 0x8
 121 0023 00       		.byte	0
 122 0024 00       		.byte	0
 123 0025 00       		.byte	0
 124              		.section	.debug_aranges,"",%progbits
 125 0000 14000000 		.4byte	0x14
 126 0004 0200     		.2byte	0x2
 127 0006 00000000 		.4byte	.Ldebug_info0
 128 000a 04       		.byte	0x4
 129 000b 00       		.byte	0
 130 000c 0000     		.2byte	0
 131 000e 0000     		.2byte	0
 132 0010 00000000 		.4byte	0
 133 0014 00000000 		.4byte	0
 134              		.section	.debug_line,"",%progbits
 135              	.Ldebug_line0:
 136 0000 19000000 		.section	.debug_str,"MS",%progbits,1
 136      02001300 
 136      00000201 
 136      FB0E0D00 
 136      01010101 
 137              	.LASF9:
 138 0000 666C6F61 		.ascii	"float\000"
 138      7400
 139              	.LASF14:
 140 0006 443A5C44 		.ascii	"D:\\Documents\\Virginia_Tech\\FSAE\\PSOC\\Current S"
 140      6F63756D 
 140      656E7473 
 140      5C566972 
 140      67696E69 
 141 0034 656E736F 		.ascii	"ensor\\CE95277 ADC and UART\\CE95277 ADC and UART.c"
 141      725C4345 
 141      39353237 
 141      37204144 
 141      4320616E 
 142 0065 7964736E 		.ascii	"ydsn\000"
 142      00
 143              	.LASF1:
 144 006a 756E7369 		.ascii	"unsigned char\000"
 144      676E6564 
 144      20636861 
 144      7200
 145              	.LASF5:
 146 0078 6C6F6E67 		.ascii	"long unsigned int\000"
 146      20756E73 
 146      69676E65 
 146      6420696E 
 146      7400
 147              	.LASF3:
 148 008a 73686F72 		.ascii	"short unsigned int\000"
 148      7420756E 
 148      7369676E 
ARM GAS  C:\Users\Charlie\AppData\Local\Temp\ccjBWPGZ.s 			page 4


 148      65642069 
 148      6E7400
 149              	.LASF10:
 150 009d 646F7562 		.ascii	"double\000"
 150      6C6500
 151              	.LASF8:
 152 00a4 756E7369 		.ascii	"unsigned int\000"
 152      676E6564 
 152      20696E74 
 152      00
 153              	.LASF7:
 154 00b1 6C6F6E67 		.ascii	"long long unsigned int\000"
 154      206C6F6E 
 154      6720756E 
 154      7369676E 
 154      65642069 
 155              	.LASF12:
 156 00c8 474E5520 		.ascii	"GNU C 4.8.4 20140526 (release) [ARM/embedded-4_8-br"
 156      4320342E 
 156      382E3420 
 156      32303134 
 156      30353236 
 157 00fb 616E6368 		.ascii	"anch revision 211358] -mcpu=cortex-m3 -mthumb -g -O"
 157      20726576 
 157      6973696F 
 157      6E203231 
 157      31333538 
 158 012e 30202D66 		.ascii	"0 -ffunction-sections\000"
 158      66756E63 
 158      74696F6E 
 158      2D736563 
 158      74696F6E 
 159              	.LASF13:
 160 0144 2E5C4765 		.ascii	".\\Generated_Source\\PSoC5\\ADC_SAR_Seq_1_SAR_INT.c"
 160      6E657261 
 160      7465645F 
 160      536F7572 
 160      63655C50 
 161 0174 00       		.ascii	"\000"
 162              	.LASF6:
 163 0175 6C6F6E67 		.ascii	"long long int\000"
 163      206C6F6E 
 163      6720696E 
 163      7400
 164              	.LASF11:
 165 0183 63686172 		.ascii	"char\000"
 165      00
 166              	.LASF2:
 167 0188 73686F72 		.ascii	"short int\000"
 167      7420696E 
 167      7400
 168              	.LASF4:
 169 0192 6C6F6E67 		.ascii	"long int\000"
 169      20696E74 
 169      00
 170              	.LASF0:
 171 019b 7369676E 		.ascii	"signed char\000"
ARM GAS  C:\Users\Charlie\AppData\Local\Temp\ccjBWPGZ.s 			page 5


 171      65642063 
 171      68617200 
 172              		.ident	"GCC: (GNU Tools for ARM Embedded Processors) 4.8.4 20140526 (release) [ARM/embedded-4_8-br
