ARM GAS  C:\Users\Charlie\AppData\Local\Temp\ccXXXtS1.s 			page 1


   1              		.syntax unified
   2              		.cpu cortex-m3
   3              		.fpu softvfp
   4              		.eabi_attribute 20, 1
   5              		.eabi_attribute 21, 1
   6              		.eabi_attribute 23, 3
   7              		.eabi_attribute 24, 1
   8              		.eabi_attribute 25, 1
   9              		.eabi_attribute 26, 1
  10              		.eabi_attribute 30, 6
  11              		.eabi_attribute 34, 1
  12              		.eabi_attribute 18, 4
  13              		.thumb
  14              		.file	"ADC_DelSig_1_INT.c"
  15              		.text
  16              	.Ltext0:
  17              		.cfi_sections	.debug_frame
  18              		.section	.text.ADC_DelSig_1_ISR1,"ax",%progbits
  19              		.align	2
  20              		.global	ADC_DelSig_1_ISR1
  21              		.thumb
  22              		.thumb_func
  23              		.type	ADC_DelSig_1_ISR1, %function
  24              	ADC_DelSig_1_ISR1:
  25              	.LFB0:
  26              		.file 1 ".\\Generated_Source\\PSoC5\\ADC_DelSig_1_INT.c"
   1:.\Generated_Source\PSoC5/ADC_DelSig_1_INT.c **** /*******************************************************************************
   2:.\Generated_Source\PSoC5/ADC_DelSig_1_INT.c **** * File Name: ADC_DelSig_1_INT.c
   3:.\Generated_Source\PSoC5/ADC_DelSig_1_INT.c **** * Version 3.20
   4:.\Generated_Source\PSoC5/ADC_DelSig_1_INT.c **** *
   5:.\Generated_Source\PSoC5/ADC_DelSig_1_INT.c **** * Description:
   6:.\Generated_Source\PSoC5/ADC_DelSig_1_INT.c **** *  This file contains the code that operates during the ADC_DelSig interrupt
   7:.\Generated_Source\PSoC5/ADC_DelSig_1_INT.c **** *  service routine.
   8:.\Generated_Source\PSoC5/ADC_DelSig_1_INT.c **** *
   9:.\Generated_Source\PSoC5/ADC_DelSig_1_INT.c **** * Note:
  10:.\Generated_Source\PSoC5/ADC_DelSig_1_INT.c **** *
  11:.\Generated_Source\PSoC5/ADC_DelSig_1_INT.c **** ********************************************************************************
  12:.\Generated_Source\PSoC5/ADC_DelSig_1_INT.c **** * Copyright 2008-2015, Cypress Semiconductor Corporation.  All rights reserved.
  13:.\Generated_Source\PSoC5/ADC_DelSig_1_INT.c **** * You may use this file only in accordance with the license, terms, conditions,
  14:.\Generated_Source\PSoC5/ADC_DelSig_1_INT.c **** * disclaimers, and limitations in the end user license agreement accompanying
  15:.\Generated_Source\PSoC5/ADC_DelSig_1_INT.c **** * the software package with which this file was provided.
  16:.\Generated_Source\PSoC5/ADC_DelSig_1_INT.c **** *******************************************************************************/
  17:.\Generated_Source\PSoC5/ADC_DelSig_1_INT.c **** 
  18:.\Generated_Source\PSoC5/ADC_DelSig_1_INT.c **** #include "ADC_DelSig_1.h"
  19:.\Generated_Source\PSoC5/ADC_DelSig_1_INT.c **** 
  20:.\Generated_Source\PSoC5/ADC_DelSig_1_INT.c **** 
  21:.\Generated_Source\PSoC5/ADC_DelSig_1_INT.c **** /*******************************************************************************
  22:.\Generated_Source\PSoC5/ADC_DelSig_1_INT.c **** * Custom Declarations and Variables
  23:.\Generated_Source\PSoC5/ADC_DelSig_1_INT.c **** * - add user include files, prototypes and variables between the following
  24:.\Generated_Source\PSoC5/ADC_DelSig_1_INT.c **** *   #START and #END tags
  25:.\Generated_Source\PSoC5/ADC_DelSig_1_INT.c **** *******************************************************************************/
  26:.\Generated_Source\PSoC5/ADC_DelSig_1_INT.c **** /* `#START ADC_SYS_VAR`  */
  27:.\Generated_Source\PSoC5/ADC_DelSig_1_INT.c **** 
  28:.\Generated_Source\PSoC5/ADC_DelSig_1_INT.c **** /* `#END`  */
  29:.\Generated_Source\PSoC5/ADC_DelSig_1_INT.c **** 
  30:.\Generated_Source\PSoC5/ADC_DelSig_1_INT.c **** 
  31:.\Generated_Source\PSoC5/ADC_DelSig_1_INT.c **** #if(ADC_DelSig_1_IRQ_REMOVE == 0u)
ARM GAS  C:\Users\Charlie\AppData\Local\Temp\ccXXXtS1.s 			page 2


  32:.\Generated_Source\PSoC5/ADC_DelSig_1_INT.c **** 
  33:.\Generated_Source\PSoC5/ADC_DelSig_1_INT.c **** 
  34:.\Generated_Source\PSoC5/ADC_DelSig_1_INT.c ****     /*****************************************************************************
  35:.\Generated_Source\PSoC5/ADC_DelSig_1_INT.c ****     * Function Name: ADC_DelSig_1_ISR1
  36:.\Generated_Source\PSoC5/ADC_DelSig_1_INT.c ****     ******************************************************************************
  37:.\Generated_Source\PSoC5/ADC_DelSig_1_INT.c ****     *
  38:.\Generated_Source\PSoC5/ADC_DelSig_1_INT.c ****     * Summary:
  39:.\Generated_Source\PSoC5/ADC_DelSig_1_INT.c ****     *  Handle Interrupt Service Routine.
  40:.\Generated_Source\PSoC5/ADC_DelSig_1_INT.c ****     *
  41:.\Generated_Source\PSoC5/ADC_DelSig_1_INT.c ****     * Parameters:
  42:.\Generated_Source\PSoC5/ADC_DelSig_1_INT.c ****     *  None
  43:.\Generated_Source\PSoC5/ADC_DelSig_1_INT.c ****     *
  44:.\Generated_Source\PSoC5/ADC_DelSig_1_INT.c ****     * Return:
  45:.\Generated_Source\PSoC5/ADC_DelSig_1_INT.c ****     *  None
  46:.\Generated_Source\PSoC5/ADC_DelSig_1_INT.c ****     *
  47:.\Generated_Source\PSoC5/ADC_DelSig_1_INT.c ****     * Reentrant:
  48:.\Generated_Source\PSoC5/ADC_DelSig_1_INT.c ****     *  No
  49:.\Generated_Source\PSoC5/ADC_DelSig_1_INT.c ****     *
  50:.\Generated_Source\PSoC5/ADC_DelSig_1_INT.c ****     *****************************************************************************/
  51:.\Generated_Source\PSoC5/ADC_DelSig_1_INT.c ****     CY_ISR( ADC_DelSig_1_ISR1)
  52:.\Generated_Source\PSoC5/ADC_DelSig_1_INT.c ****     {
  27              		.loc 1 52 0
  28              		.cfi_startproc
  29              		@ args = 0, pretend = 0, frame = 0
  30              		@ frame_needed = 1, uses_anonymous_args = 0
  31              		@ link register save eliminated.
  32 0000 80B4     		push	{r7}
  33              		.cfi_def_cfa_offset 4
  34              		.cfi_offset 7, -4
  35 0002 00AF     		add	r7, sp, #0
  36              		.cfi_def_cfa_register 7
  53:.\Generated_Source\PSoC5/ADC_DelSig_1_INT.c ****         /**************************************************************************
  54:.\Generated_Source\PSoC5/ADC_DelSig_1_INT.c ****         *  Custom Code
  55:.\Generated_Source\PSoC5/ADC_DelSig_1_INT.c ****         *  - add user ISR code between the following #START and #END tags
  56:.\Generated_Source\PSoC5/ADC_DelSig_1_INT.c ****         **************************************************************************/
  57:.\Generated_Source\PSoC5/ADC_DelSig_1_INT.c ****         /* `#START MAIN_ADC_ISR1`  */
  58:.\Generated_Source\PSoC5/ADC_DelSig_1_INT.c **** 
  59:.\Generated_Source\PSoC5/ADC_DelSig_1_INT.c ****         /* `#END`  */
  60:.\Generated_Source\PSoC5/ADC_DelSig_1_INT.c **** 
  61:.\Generated_Source\PSoC5/ADC_DelSig_1_INT.c ****         /* Stop the conversion if conversion mode is single sample and resolution
  62:.\Generated_Source\PSoC5/ADC_DelSig_1_INT.c ****         *  is above 16 bits.
  63:.\Generated_Source\PSoC5/ADC_DelSig_1_INT.c ****         */
  64:.\Generated_Source\PSoC5/ADC_DelSig_1_INT.c ****         #if(ADC_DelSig_1_CFG1_RESOLUTION > 16 && \
  65:.\Generated_Source\PSoC5/ADC_DelSig_1_INT.c ****             ADC_DelSig_1_CFG1_CONV_MODE == ADC_DelSig_1_MODE_SINGLE_SAMPLE)
  66:.\Generated_Source\PSoC5/ADC_DelSig_1_INT.c ****             ADC_DelSig_1_StopConvert();
  67:.\Generated_Source\PSoC5/ADC_DelSig_1_INT.c ****             /* Software flag for checking conversion complete or not. Will be used when
  68:.\Generated_Source\PSoC5/ADC_DelSig_1_INT.c ****             *  resolution is above 16 bits and conversion mode is single sample 
  69:.\Generated_Source\PSoC5/ADC_DelSig_1_INT.c **** 			*/
  70:.\Generated_Source\PSoC5/ADC_DelSig_1_INT.c ****             ADC_DelSig_1_convDone = ADC_DelSig_1_DEC_CONV_DONE;
  71:.\Generated_Source\PSoC5/ADC_DelSig_1_INT.c ****         #endif /* Single sample conversion mode with resolution above 16 bits */
  72:.\Generated_Source\PSoC5/ADC_DelSig_1_INT.c **** 
  73:.\Generated_Source\PSoC5/ADC_DelSig_1_INT.c ****     }
  37              		.loc 1 73 0
  38 0004 BD46     		mov	sp, r7
  39              		@ sp needed
  40 0006 5DF8047B 		ldr	r7, [sp], #4
  41 000a 7047     		bx	lr
ARM GAS  C:\Users\Charlie\AppData\Local\Temp\ccXXXtS1.s 			page 3


  42              		.cfi_endproc
  43              	.LFE0:
  44              		.size	ADC_DelSig_1_ISR1, .-ADC_DelSig_1_ISR1
  45              		.section	.text.ADC_DelSig_1_ISR2,"ax",%progbits
  46              		.align	2
  47              		.global	ADC_DelSig_1_ISR2
  48              		.thumb
  49              		.thumb_func
  50              		.type	ADC_DelSig_1_ISR2, %function
  51              	ADC_DelSig_1_ISR2:
  52              	.LFB1:
  74:.\Generated_Source\PSoC5/ADC_DelSig_1_INT.c **** 
  75:.\Generated_Source\PSoC5/ADC_DelSig_1_INT.c **** 
  76:.\Generated_Source\PSoC5/ADC_DelSig_1_INT.c ****     /*****************************************************************************
  77:.\Generated_Source\PSoC5/ADC_DelSig_1_INT.c ****     * Function Name: ADC_DelSig_1_ISR2
  78:.\Generated_Source\PSoC5/ADC_DelSig_1_INT.c ****     ******************************************************************************
  79:.\Generated_Source\PSoC5/ADC_DelSig_1_INT.c ****     *
  80:.\Generated_Source\PSoC5/ADC_DelSig_1_INT.c ****     * Summary:
  81:.\Generated_Source\PSoC5/ADC_DelSig_1_INT.c ****     *  Handle Interrupt Service Routine.
  82:.\Generated_Source\PSoC5/ADC_DelSig_1_INT.c ****     *
  83:.\Generated_Source\PSoC5/ADC_DelSig_1_INT.c ****     * Parameters:
  84:.\Generated_Source\PSoC5/ADC_DelSig_1_INT.c ****     *  None
  85:.\Generated_Source\PSoC5/ADC_DelSig_1_INT.c ****     *
  86:.\Generated_Source\PSoC5/ADC_DelSig_1_INT.c ****     * Return:
  87:.\Generated_Source\PSoC5/ADC_DelSig_1_INT.c ****     *  None
  88:.\Generated_Source\PSoC5/ADC_DelSig_1_INT.c ****     *
  89:.\Generated_Source\PSoC5/ADC_DelSig_1_INT.c ****     * Reentrant:
  90:.\Generated_Source\PSoC5/ADC_DelSig_1_INT.c ****     *  No
  91:.\Generated_Source\PSoC5/ADC_DelSig_1_INT.c ****     *
  92:.\Generated_Source\PSoC5/ADC_DelSig_1_INT.c ****     *****************************************************************************/
  93:.\Generated_Source\PSoC5/ADC_DelSig_1_INT.c ****     CY_ISR( ADC_DelSig_1_ISR2)
  94:.\Generated_Source\PSoC5/ADC_DelSig_1_INT.c ****     {
  53              		.loc 1 94 0
  54              		.cfi_startproc
  55              		@ args = 0, pretend = 0, frame = 0
  56              		@ frame_needed = 1, uses_anonymous_args = 0
  57              		@ link register save eliminated.
  58 0000 80B4     		push	{r7}
  59              		.cfi_def_cfa_offset 4
  60              		.cfi_offset 7, -4
  61 0002 00AF     		add	r7, sp, #0
  62              		.cfi_def_cfa_register 7
  95:.\Generated_Source\PSoC5/ADC_DelSig_1_INT.c ****         /***************************************************************************
  96:.\Generated_Source\PSoC5/ADC_DelSig_1_INT.c ****         *  Custom Code
  97:.\Generated_Source\PSoC5/ADC_DelSig_1_INT.c ****         *  - add user ISR code between the following #START and #END tags
  98:.\Generated_Source\PSoC5/ADC_DelSig_1_INT.c ****         **************************************************************************/
  99:.\Generated_Source\PSoC5/ADC_DelSig_1_INT.c ****         /* `#START MAIN_ADC_ISR2`  */
 100:.\Generated_Source\PSoC5/ADC_DelSig_1_INT.c **** 
 101:.\Generated_Source\PSoC5/ADC_DelSig_1_INT.c ****         /* `#END`  */
 102:.\Generated_Source\PSoC5/ADC_DelSig_1_INT.c **** 
 103:.\Generated_Source\PSoC5/ADC_DelSig_1_INT.c ****         /* Stop the conversion conversion mode is single sample and resolution
 104:.\Generated_Source\PSoC5/ADC_DelSig_1_INT.c ****         *  is above 16 bits.
 105:.\Generated_Source\PSoC5/ADC_DelSig_1_INT.c ****         */
 106:.\Generated_Source\PSoC5/ADC_DelSig_1_INT.c ****         #if(ADC_DelSig_1_CFG2_RESOLUTION > 16 && \
 107:.\Generated_Source\PSoC5/ADC_DelSig_1_INT.c ****             ADC_DelSig_1_CFG2_CONVMODE == ADC_DelSig_1_MODE_SINGLE_SAMPLE)
 108:.\Generated_Source\PSoC5/ADC_DelSig_1_INT.c ****             ADC_DelSig_1_StopConvert();
 109:.\Generated_Source\PSoC5/ADC_DelSig_1_INT.c ****             /* Software flag for checking conversion complete or not. Will be used when
ARM GAS  C:\Users\Charlie\AppData\Local\Temp\ccXXXtS1.s 			page 4


 110:.\Generated_Source\PSoC5/ADC_DelSig_1_INT.c ****             *   resolution is above 16 bits and conversion mode is single sample 
 111:.\Generated_Source\PSoC5/ADC_DelSig_1_INT.c **** 			*/
 112:.\Generated_Source\PSoC5/ADC_DelSig_1_INT.c ****             ADC_DelSig_1_convDone = ADC_DelSig_1_DEC_CONV_DONE;
 113:.\Generated_Source\PSoC5/ADC_DelSig_1_INT.c ****         #endif /* Single sample conversion mode with resolution above 16 bits */
 114:.\Generated_Source\PSoC5/ADC_DelSig_1_INT.c **** 
 115:.\Generated_Source\PSoC5/ADC_DelSig_1_INT.c ****     }
  63              		.loc 1 115 0
  64 0004 BD46     		mov	sp, r7
  65              		@ sp needed
  66 0006 5DF8047B 		ldr	r7, [sp], #4
  67 000a 7047     		bx	lr
  68              		.cfi_endproc
  69              	.LFE1:
  70              		.size	ADC_DelSig_1_ISR2, .-ADC_DelSig_1_ISR2
  71              		.section	.text.ADC_DelSig_1_ISR3,"ax",%progbits
  72              		.align	2
  73              		.global	ADC_DelSig_1_ISR3
  74              		.thumb
  75              		.thumb_func
  76              		.type	ADC_DelSig_1_ISR3, %function
  77              	ADC_DelSig_1_ISR3:
  78              	.LFB2:
 116:.\Generated_Source\PSoC5/ADC_DelSig_1_INT.c **** 
 117:.\Generated_Source\PSoC5/ADC_DelSig_1_INT.c **** 
 118:.\Generated_Source\PSoC5/ADC_DelSig_1_INT.c ****     /*****************************************************************************
 119:.\Generated_Source\PSoC5/ADC_DelSig_1_INT.c ****     * Function Name: ADC_DelSig_1_ISR3
 120:.\Generated_Source\PSoC5/ADC_DelSig_1_INT.c ****     ******************************************************************************
 121:.\Generated_Source\PSoC5/ADC_DelSig_1_INT.c ****     *
 122:.\Generated_Source\PSoC5/ADC_DelSig_1_INT.c ****     * Summary:
 123:.\Generated_Source\PSoC5/ADC_DelSig_1_INT.c ****     *  Handle Interrupt Service Routine.
 124:.\Generated_Source\PSoC5/ADC_DelSig_1_INT.c ****     *
 125:.\Generated_Source\PSoC5/ADC_DelSig_1_INT.c ****     * Parameters:
 126:.\Generated_Source\PSoC5/ADC_DelSig_1_INT.c ****     *  None
 127:.\Generated_Source\PSoC5/ADC_DelSig_1_INT.c ****     *
 128:.\Generated_Source\PSoC5/ADC_DelSig_1_INT.c ****     * Return:
 129:.\Generated_Source\PSoC5/ADC_DelSig_1_INT.c ****     *  None
 130:.\Generated_Source\PSoC5/ADC_DelSig_1_INT.c ****     *
 131:.\Generated_Source\PSoC5/ADC_DelSig_1_INT.c ****     * Reentrant:
 132:.\Generated_Source\PSoC5/ADC_DelSig_1_INT.c ****     *  No
 133:.\Generated_Source\PSoC5/ADC_DelSig_1_INT.c ****     *
 134:.\Generated_Source\PSoC5/ADC_DelSig_1_INT.c ****     *****************************************************************************/
 135:.\Generated_Source\PSoC5/ADC_DelSig_1_INT.c ****     CY_ISR( ADC_DelSig_1_ISR3)
 136:.\Generated_Source\PSoC5/ADC_DelSig_1_INT.c ****     {
  79              		.loc 1 136 0
  80              		.cfi_startproc
  81              		@ args = 0, pretend = 0, frame = 0
  82              		@ frame_needed = 1, uses_anonymous_args = 0
  83              		@ link register save eliminated.
  84 0000 80B4     		push	{r7}
  85              		.cfi_def_cfa_offset 4
  86              		.cfi_offset 7, -4
  87 0002 00AF     		add	r7, sp, #0
  88              		.cfi_def_cfa_register 7
 137:.\Generated_Source\PSoC5/ADC_DelSig_1_INT.c ****         /***************************************************************************
 138:.\Generated_Source\PSoC5/ADC_DelSig_1_INT.c ****         *  Custom Code
 139:.\Generated_Source\PSoC5/ADC_DelSig_1_INT.c ****         *  - add user ISR code between the following #START and #END tags
 140:.\Generated_Source\PSoC5/ADC_DelSig_1_INT.c ****         **************************************************************************/
ARM GAS  C:\Users\Charlie\AppData\Local\Temp\ccXXXtS1.s 			page 5


 141:.\Generated_Source\PSoC5/ADC_DelSig_1_INT.c ****         /* `#START MAIN_ADC_ISR3`  */
 142:.\Generated_Source\PSoC5/ADC_DelSig_1_INT.c **** 
 143:.\Generated_Source\PSoC5/ADC_DelSig_1_INT.c ****         /* `#END`  */
 144:.\Generated_Source\PSoC5/ADC_DelSig_1_INT.c **** 
 145:.\Generated_Source\PSoC5/ADC_DelSig_1_INT.c ****         /* Stop the conversion if conversion mode is set to single sample and
 146:.\Generated_Source\PSoC5/ADC_DelSig_1_INT.c ****         *  resolution is above 16 bits.
 147:.\Generated_Source\PSoC5/ADC_DelSig_1_INT.c ****         */
 148:.\Generated_Source\PSoC5/ADC_DelSig_1_INT.c ****         #if(ADC_DelSig_1_CFG3_RESOLUTION > 16 && \
 149:.\Generated_Source\PSoC5/ADC_DelSig_1_INT.c ****             ADC_DelSig_1_CFG3_CONVMODE == ADC_DelSig_1_MODE_SINGLE_SAMPLE)
 150:.\Generated_Source\PSoC5/ADC_DelSig_1_INT.c ****             ADC_DelSig_1_StopConvert();
 151:.\Generated_Source\PSoC5/ADC_DelSig_1_INT.c ****             /* Software flag for checking conversion complete or not. Will be used when
 152:.\Generated_Source\PSoC5/ADC_DelSig_1_INT.c ****             *  resolution is above 16 bits and conversion mode is single sample 
 153:.\Generated_Source\PSoC5/ADC_DelSig_1_INT.c **** 			*/
 154:.\Generated_Source\PSoC5/ADC_DelSig_1_INT.c ****             ADC_DelSig_1_convDone = ADC_DelSig_1_DEC_CONV_DONE;
 155:.\Generated_Source\PSoC5/ADC_DelSig_1_INT.c ****         #endif /* Single sample conversion mode with resolution above 16 bits */
 156:.\Generated_Source\PSoC5/ADC_DelSig_1_INT.c ****     }
  89              		.loc 1 156 0
  90 0004 BD46     		mov	sp, r7
  91              		@ sp needed
  92 0006 5DF8047B 		ldr	r7, [sp], #4
  93 000a 7047     		bx	lr
  94              		.cfi_endproc
  95              	.LFE2:
  96              		.size	ADC_DelSig_1_ISR3, .-ADC_DelSig_1_ISR3
  97              		.section	.text.ADC_DelSig_1_ISR4,"ax",%progbits
  98              		.align	2
  99              		.global	ADC_DelSig_1_ISR4
 100              		.thumb
 101              		.thumb_func
 102              		.type	ADC_DelSig_1_ISR4, %function
 103              	ADC_DelSig_1_ISR4:
 104              	.LFB3:
 157:.\Generated_Source\PSoC5/ADC_DelSig_1_INT.c **** 
 158:.\Generated_Source\PSoC5/ADC_DelSig_1_INT.c **** 
 159:.\Generated_Source\PSoC5/ADC_DelSig_1_INT.c ****     /*****************************************************************************
 160:.\Generated_Source\PSoC5/ADC_DelSig_1_INT.c ****     * Function Name: ADC_DelSig_1_ISR4
 161:.\Generated_Source\PSoC5/ADC_DelSig_1_INT.c ****     ******************************************************************************
 162:.\Generated_Source\PSoC5/ADC_DelSig_1_INT.c ****     *
 163:.\Generated_Source\PSoC5/ADC_DelSig_1_INT.c ****     * Summary:
 164:.\Generated_Source\PSoC5/ADC_DelSig_1_INT.c ****     *  Handle Interrupt Service Routine.
 165:.\Generated_Source\PSoC5/ADC_DelSig_1_INT.c ****     *
 166:.\Generated_Source\PSoC5/ADC_DelSig_1_INT.c ****     * Parameters:
 167:.\Generated_Source\PSoC5/ADC_DelSig_1_INT.c ****     *  None
 168:.\Generated_Source\PSoC5/ADC_DelSig_1_INT.c ****     *
 169:.\Generated_Source\PSoC5/ADC_DelSig_1_INT.c ****     * Return:
 170:.\Generated_Source\PSoC5/ADC_DelSig_1_INT.c ****     *  None
 171:.\Generated_Source\PSoC5/ADC_DelSig_1_INT.c ****     *
 172:.\Generated_Source\PSoC5/ADC_DelSig_1_INT.c ****     * Reentrant:
 173:.\Generated_Source\PSoC5/ADC_DelSig_1_INT.c ****     *  No
 174:.\Generated_Source\PSoC5/ADC_DelSig_1_INT.c ****     *
 175:.\Generated_Source\PSoC5/ADC_DelSig_1_INT.c ****     *****************************************************************************/
 176:.\Generated_Source\PSoC5/ADC_DelSig_1_INT.c ****     CY_ISR( ADC_DelSig_1_ISR4)
 177:.\Generated_Source\PSoC5/ADC_DelSig_1_INT.c ****     {
 105              		.loc 1 177 0
 106              		.cfi_startproc
 107              		@ args = 0, pretend = 0, frame = 0
 108              		@ frame_needed = 1, uses_anonymous_args = 0
ARM GAS  C:\Users\Charlie\AppData\Local\Temp\ccXXXtS1.s 			page 6


 109              		@ link register save eliminated.
 110 0000 80B4     		push	{r7}
 111              		.cfi_def_cfa_offset 4
 112              		.cfi_offset 7, -4
 113 0002 00AF     		add	r7, sp, #0
 114              		.cfi_def_cfa_register 7
 178:.\Generated_Source\PSoC5/ADC_DelSig_1_INT.c ****         /***************************************************************************
 179:.\Generated_Source\PSoC5/ADC_DelSig_1_INT.c ****         *  Custom Code
 180:.\Generated_Source\PSoC5/ADC_DelSig_1_INT.c ****         *  - add user ISR code between the following #START and #END tags
 181:.\Generated_Source\PSoC5/ADC_DelSig_1_INT.c ****         **************************************************************************/
 182:.\Generated_Source\PSoC5/ADC_DelSig_1_INT.c ****         /* `#START MAIN_ADC_ISR4`  */
 183:.\Generated_Source\PSoC5/ADC_DelSig_1_INT.c **** 
 184:.\Generated_Source\PSoC5/ADC_DelSig_1_INT.c ****         /* `#END`  */
 185:.\Generated_Source\PSoC5/ADC_DelSig_1_INT.c **** 
 186:.\Generated_Source\PSoC5/ADC_DelSig_1_INT.c ****         /* Stop the conversion if conversion mode is set to single sample and
 187:.\Generated_Source\PSoC5/ADC_DelSig_1_INT.c ****         *  resolution is above 16 bits.
 188:.\Generated_Source\PSoC5/ADC_DelSig_1_INT.c ****         */
 189:.\Generated_Source\PSoC5/ADC_DelSig_1_INT.c ****         #if(ADC_DelSig_1_CFG4_RESOLUTION > 16 && \
 190:.\Generated_Source\PSoC5/ADC_DelSig_1_INT.c ****             ADC_DelSig_1_CFG4_CONVMODE == ADC_DelSig_1_MODE_SINGLE_SAMPLE)
 191:.\Generated_Source\PSoC5/ADC_DelSig_1_INT.c ****             ADC_DelSig_1_StopConvert();
 192:.\Generated_Source\PSoC5/ADC_DelSig_1_INT.c ****             /* Software flag for checking conversion complete or not. Will be used when
 193:.\Generated_Source\PSoC5/ADC_DelSig_1_INT.c ****             *  resolution is above 16 bits and conversion mode is single sample 
 194:.\Generated_Source\PSoC5/ADC_DelSig_1_INT.c **** 			*/
 195:.\Generated_Source\PSoC5/ADC_DelSig_1_INT.c ****             ADC_DelSig_1_convDone = ADC_DelSig_1_DEC_CONV_DONE;
 196:.\Generated_Source\PSoC5/ADC_DelSig_1_INT.c ****         #endif /* Single sample conversion mode with resolution above 16 bits */
 197:.\Generated_Source\PSoC5/ADC_DelSig_1_INT.c ****     }
 115              		.loc 1 197 0
 116 0004 BD46     		mov	sp, r7
 117              		@ sp needed
 118 0006 5DF8047B 		ldr	r7, [sp], #4
 119 000a 7047     		bx	lr
 120              		.cfi_endproc
 121              	.LFE3:
 122              		.size	ADC_DelSig_1_ISR4, .-ADC_DelSig_1_ISR4
 123              		.text
 124              	.Letext0:
 125              		.section	.debug_info,"",%progbits
 126              	.Ldebug_info0:
 127 0000 C8000000 		.4byte	0xc8
 128 0004 0400     		.2byte	0x4
 129 0006 00000000 		.4byte	.Ldebug_abbrev0
 130 000a 04       		.byte	0x4
 131 000b 01       		.uleb128 0x1
 132 000c 61010000 		.4byte	.LASF17
 133 0010 01       		.byte	0x1
 134 0011 FF000000 		.4byte	.LASF18
 135 0015 20000000 		.4byte	.LASF19
 136 0019 00000000 		.4byte	.Ldebug_ranges0+0
 137 001d 00000000 		.4byte	0
 138 0021 00000000 		.4byte	.Ldebug_line0
 139 0025 02       		.uleb128 0x2
 140 0026 01       		.byte	0x1
 141 0027 06       		.byte	0x6
 142 0028 45010000 		.4byte	.LASF0
 143 002c 02       		.uleb128 0x2
 144 002d 01       		.byte	0x1
 145 002e 08       		.byte	0x8
ARM GAS  C:\Users\Charlie\AppData\Local\Temp\ccXXXtS1.s 			page 7


 146 002f E3000000 		.4byte	.LASF1
 147 0033 02       		.uleb128 0x2
 148 0034 02       		.byte	0x2
 149 0035 05       		.byte	0x5
 150 0036 57010000 		.4byte	.LASF2
 151 003a 02       		.uleb128 0x2
 152 003b 02       		.byte	0x2
 153 003c 07       		.byte	0x7
 154 003d 32010000 		.4byte	.LASF3
 155 0041 02       		.uleb128 0x2
 156 0042 04       		.byte	0x4
 157 0043 05       		.byte	0x5
 158 0044 F6000000 		.4byte	.LASF4
 159 0048 02       		.uleb128 0x2
 160 0049 04       		.byte	0x4
 161 004a 07       		.byte	0x7
 162 004b 84000000 		.4byte	.LASF5
 163 004f 02       		.uleb128 0x2
 164 0050 08       		.byte	0x8
 165 0051 05       		.byte	0x5
 166 0052 00000000 		.4byte	.LASF6
 167 0056 02       		.uleb128 0x2
 168 0057 08       		.byte	0x8
 169 0058 07       		.byte	0x7
 170 0059 A8000000 		.4byte	.LASF7
 171 005d 03       		.uleb128 0x3
 172 005e 04       		.byte	0x4
 173 005f 05       		.byte	0x5
 174 0060 696E7400 		.ascii	"int\000"
 175 0064 02       		.uleb128 0x2
 176 0065 04       		.byte	0x4
 177 0066 07       		.byte	0x7
 178 0067 DD010000 		.4byte	.LASF8
 179 006b 02       		.uleb128 0x2
 180 006c 04       		.byte	0x4
 181 006d 04       		.byte	0x4
 182 006e 51010000 		.4byte	.LASF9
 183 0072 02       		.uleb128 0x2
 184 0073 08       		.byte	0x8
 185 0074 04       		.byte	0x4
 186 0075 2B010000 		.4byte	.LASF10
 187 0079 02       		.uleb128 0x2
 188 007a 01       		.byte	0x1
 189 007b 08       		.byte	0x8
 190 007c F1000000 		.4byte	.LASF11
 191 0080 02       		.uleb128 0x2
 192 0081 04       		.byte	0x4
 193 0082 07       		.byte	0x7
 194 0083 EA010000 		.4byte	.LASF12
 195 0087 04       		.uleb128 0x4
 196 0088 96000000 		.4byte	.LASF13
 197 008c 01       		.byte	0x1
 198 008d 33       		.byte	0x33
 199 008e 00000000 		.4byte	.LFB0
 200 0092 0C000000 		.4byte	.LFE0-.LFB0
 201 0096 01       		.uleb128 0x1
 202 0097 9C       		.byte	0x9c
ARM GAS  C:\Users\Charlie\AppData\Local\Temp\ccXXXtS1.s 			page 8


 203 0098 04       		.uleb128 0x4
 204 0099 0E000000 		.4byte	.LASF14
 205 009d 01       		.byte	0x1
 206 009e 5D       		.byte	0x5d
 207 009f 00000000 		.4byte	.LFB1
 208 00a3 0C000000 		.4byte	.LFE1-.LFB1
 209 00a7 01       		.uleb128 0x1
 210 00a8 9C       		.byte	0x9c
 211 00a9 04       		.uleb128 0x4
 212 00aa BF000000 		.4byte	.LASF15
 213 00ae 01       		.byte	0x1
 214 00af 87       		.byte	0x87
 215 00b0 00000000 		.4byte	.LFB2
 216 00b4 0C000000 		.4byte	.LFE2-.LFB2
 217 00b8 01       		.uleb128 0x1
 218 00b9 9C       		.byte	0x9c
 219 00ba 04       		.uleb128 0x4
 220 00bb D1000000 		.4byte	.LASF16
 221 00bf 01       		.byte	0x1
 222 00c0 B0       		.byte	0xb0
 223 00c1 00000000 		.4byte	.LFB3
 224 00c5 0C000000 		.4byte	.LFE3-.LFB3
 225 00c9 01       		.uleb128 0x1
 226 00ca 9C       		.byte	0x9c
 227 00cb 00       		.byte	0
 228              		.section	.debug_abbrev,"",%progbits
 229              	.Ldebug_abbrev0:
 230 0000 01       		.uleb128 0x1
 231 0001 11       		.uleb128 0x11
 232 0002 01       		.byte	0x1
 233 0003 25       		.uleb128 0x25
 234 0004 0E       		.uleb128 0xe
 235 0005 13       		.uleb128 0x13
 236 0006 0B       		.uleb128 0xb
 237 0007 03       		.uleb128 0x3
 238 0008 0E       		.uleb128 0xe
 239 0009 1B       		.uleb128 0x1b
 240 000a 0E       		.uleb128 0xe
 241 000b 55       		.uleb128 0x55
 242 000c 17       		.uleb128 0x17
 243 000d 11       		.uleb128 0x11
 244 000e 01       		.uleb128 0x1
 245 000f 10       		.uleb128 0x10
 246 0010 17       		.uleb128 0x17
 247 0011 00       		.byte	0
 248 0012 00       		.byte	0
 249 0013 02       		.uleb128 0x2
 250 0014 24       		.uleb128 0x24
 251 0015 00       		.byte	0
 252 0016 0B       		.uleb128 0xb
 253 0017 0B       		.uleb128 0xb
 254 0018 3E       		.uleb128 0x3e
 255 0019 0B       		.uleb128 0xb
 256 001a 03       		.uleb128 0x3
 257 001b 0E       		.uleb128 0xe
 258 001c 00       		.byte	0
 259 001d 00       		.byte	0
ARM GAS  C:\Users\Charlie\AppData\Local\Temp\ccXXXtS1.s 			page 9


 260 001e 03       		.uleb128 0x3
 261 001f 24       		.uleb128 0x24
 262 0020 00       		.byte	0
 263 0021 0B       		.uleb128 0xb
 264 0022 0B       		.uleb128 0xb
 265 0023 3E       		.uleb128 0x3e
 266 0024 0B       		.uleb128 0xb
 267 0025 03       		.uleb128 0x3
 268 0026 08       		.uleb128 0x8
 269 0027 00       		.byte	0
 270 0028 00       		.byte	0
 271 0029 04       		.uleb128 0x4
 272 002a 2E       		.uleb128 0x2e
 273 002b 00       		.byte	0
 274 002c 3F       		.uleb128 0x3f
 275 002d 19       		.uleb128 0x19
 276 002e 03       		.uleb128 0x3
 277 002f 0E       		.uleb128 0xe
 278 0030 3A       		.uleb128 0x3a
 279 0031 0B       		.uleb128 0xb
 280 0032 3B       		.uleb128 0x3b
 281 0033 0B       		.uleb128 0xb
 282 0034 27       		.uleb128 0x27
 283 0035 19       		.uleb128 0x19
 284 0036 11       		.uleb128 0x11
 285 0037 01       		.uleb128 0x1
 286 0038 12       		.uleb128 0x12
 287 0039 06       		.uleb128 0x6
 288 003a 40       		.uleb128 0x40
 289 003b 18       		.uleb128 0x18
 290 003c 9742     		.uleb128 0x2117
 291 003e 19       		.uleb128 0x19
 292 003f 00       		.byte	0
 293 0040 00       		.byte	0
 294 0041 00       		.byte	0
 295              		.section	.debug_aranges,"",%progbits
 296 0000 34000000 		.4byte	0x34
 297 0004 0200     		.2byte	0x2
 298 0006 00000000 		.4byte	.Ldebug_info0
 299 000a 04       		.byte	0x4
 300 000b 00       		.byte	0
 301 000c 0000     		.2byte	0
 302 000e 0000     		.2byte	0
 303 0010 00000000 		.4byte	.LFB0
 304 0014 0C000000 		.4byte	.LFE0-.LFB0
 305 0018 00000000 		.4byte	.LFB1
 306 001c 0C000000 		.4byte	.LFE1-.LFB1
 307 0020 00000000 		.4byte	.LFB2
 308 0024 0C000000 		.4byte	.LFE2-.LFB2
 309 0028 00000000 		.4byte	.LFB3
 310 002c 0C000000 		.4byte	.LFE3-.LFB3
 311 0030 00000000 		.4byte	0
 312 0034 00000000 		.4byte	0
 313              		.section	.debug_ranges,"",%progbits
 314              	.Ldebug_ranges0:
 315 0000 00000000 		.4byte	.LFB0
 316 0004 0C000000 		.4byte	.LFE0
ARM GAS  C:\Users\Charlie\AppData\Local\Temp\ccXXXtS1.s 			page 10


 317 0008 00000000 		.4byte	.LFB1
 318 000c 0C000000 		.4byte	.LFE1
 319 0010 00000000 		.4byte	.LFB2
 320 0014 0C000000 		.4byte	.LFE2
 321 0018 00000000 		.4byte	.LFB3
 322 001c 0C000000 		.4byte	.LFE3
 323 0020 00000000 		.4byte	0
 324 0024 00000000 		.4byte	0
 325              		.section	.debug_line,"",%progbits
 326              	.Ldebug_line0:
 327 0000 93000000 		.section	.debug_str,"MS",%progbits,1
 327      02004200 
 327      00000201 
 327      FB0E0D00 
 327      01010101 
 328              	.LASF6:
 329 0000 6C6F6E67 		.ascii	"long long int\000"
 329      206C6F6E 
 329      6720696E 
 329      7400
 330              	.LASF14:
 331 000e 4144435F 		.ascii	"ADC_DelSig_1_ISR2\000"
 331      44656C53 
 331      69675F31 
 331      5F495352 
 331      3200
 332              	.LASF19:
 333 0020 443A5C44 		.ascii	"D:\\Documents\\Virginia_Tech\\FSAE\\PSOC\\Current S"
 333      6F63756D 
 333      656E7473 
 333      5C566972 
 333      67696E69 
 334 004e 656E736F 		.ascii	"ensor\\CE95277 ADC and UART\\CE95277 ADC and UART.c"
 334      725C4345 
 334      39353237 
 334      37204144 
 334      4320616E 
 335 007f 7964736E 		.ascii	"ydsn\000"
 335      00
 336              	.LASF5:
 337 0084 6C6F6E67 		.ascii	"long unsigned int\000"
 337      20756E73 
 337      69676E65 
 337      6420696E 
 337      7400
 338              	.LASF13:
 339 0096 4144435F 		.ascii	"ADC_DelSig_1_ISR1\000"
 339      44656C53 
 339      69675F31 
 339      5F495352 
 339      3100
 340              	.LASF7:
 341 00a8 6C6F6E67 		.ascii	"long long unsigned int\000"
 341      206C6F6E 
 341      6720756E 
 341      7369676E 
 341      65642069 
ARM GAS  C:\Users\Charlie\AppData\Local\Temp\ccXXXtS1.s 			page 11


 342              	.LASF15:
 343 00bf 4144435F 		.ascii	"ADC_DelSig_1_ISR3\000"
 343      44656C53 
 343      69675F31 
 343      5F495352 
 343      3300
 344              	.LASF16:
 345 00d1 4144435F 		.ascii	"ADC_DelSig_1_ISR4\000"
 345      44656C53 
 345      69675F31 
 345      5F495352 
 345      3400
 346              	.LASF1:
 347 00e3 756E7369 		.ascii	"unsigned char\000"
 347      676E6564 
 347      20636861 
 347      7200
 348              	.LASF11:
 349 00f1 63686172 		.ascii	"char\000"
 349      00
 350              	.LASF4:
 351 00f6 6C6F6E67 		.ascii	"long int\000"
 351      20696E74 
 351      00
 352              	.LASF18:
 353 00ff 2E5C4765 		.ascii	".\\Generated_Source\\PSoC5\\ADC_DelSig_1_INT.c\000"
 353      6E657261 
 353      7465645F 
 353      536F7572 
 353      63655C50 
 354              	.LASF10:
 355 012b 646F7562 		.ascii	"double\000"
 355      6C6500
 356              	.LASF3:
 357 0132 73686F72 		.ascii	"short unsigned int\000"
 357      7420756E 
 357      7369676E 
 357      65642069 
 357      6E7400
 358              	.LASF0:
 359 0145 7369676E 		.ascii	"signed char\000"
 359      65642063 
 359      68617200 
 360              	.LASF9:
 361 0151 666C6F61 		.ascii	"float\000"
 361      7400
 362              	.LASF2:
 363 0157 73686F72 		.ascii	"short int\000"
 363      7420696E 
 363      7400
 364              	.LASF17:
 365 0161 474E5520 		.ascii	"GNU C 4.8.4 20140526 (release) [ARM/embedded-4_8-br"
 365      4320342E 
 365      382E3420 
 365      32303134 
 365      30353236 
 366 0194 616E6368 		.ascii	"anch revision 211358] -mcpu=cortex-m3 -mthumb -g -O"
ARM GAS  C:\Users\Charlie\AppData\Local\Temp\ccXXXtS1.s 			page 12


 366      20726576 
 366      6973696F 
 366      6E203231 
 366      31333538 
 367 01c7 30202D66 		.ascii	"0 -ffunction-sections\000"
 367      66756E63 
 367      74696F6E 
 367      2D736563 
 367      74696F6E 
 368              	.LASF8:
 369 01dd 756E7369 		.ascii	"unsigned int\000"
 369      676E6564 
 369      20696E74 
 369      00
 370              	.LASF12:
 371 01ea 73697A65 		.ascii	"sizetype\000"
 371      74797065 
 371      00
 372              		.ident	"GCC: (GNU Tools for ARM Embedded Processors) 4.8.4 20140526 (release) [ARM/embedded-4_8-br
