ARM GAS  C:\Users\Charlie\AppData\Local\Temp\ccVjKkwe.s 			page 1


   1              		.syntax unified
   2              		.cpu cortex-m3
   3              		.fpu softvfp
   4              		.eabi_attribute 20, 1
   5              		.eabi_attribute 21, 1
   6              		.eabi_attribute 23, 3
   7              		.eabi_attribute 24, 1
   8              		.eabi_attribute 25, 1
   9              		.eabi_attribute 26, 1
  10              		.eabi_attribute 30, 6
  11              		.eabi_attribute 34, 1
  12              		.eabi_attribute 18, 4
  13              		.thumb
  14              		.file	"cymetadata.c"
  15              		.text
  16              	.Ltext0:
  17              		.cfi_sections	.debug_frame
  18              		.global	cy_meta_configecc
  19              		.section	.cyconfigecc,"a",%progbits
  20              		.align	2
  21              		.type	cy_meta_configecc, %object
  22              		.size	cy_meta_configecc, 2024
  23              	cy_meta_configecc:
  24 0000 04       		.byte	4
  25 0001 52       		.byte	82
  26 0002 00       		.byte	0
  27 0003 40       		.byte	64
  28 0004 01       		.byte	1
  29 0005 5B       		.byte	91
  30 0006 00       		.byte	0
  31 0007 40       		.byte	64
  32 0008 02       		.byte	2
  33 0009 64       		.byte	100
  34 000a 00       		.byte	0
  35 000b 40       		.byte	64
  36 000c 02       		.byte	2
  37 000d 65       		.byte	101
  38 000e 00       		.byte	0
  39 000f 40       		.byte	64
  40 0010 0E       		.byte	14
  41 0011 00       		.byte	0
  42 0012 01       		.byte	1
  43 0013 40       		.byte	64
  44 0014 28       		.byte	40
  45 0015 01       		.byte	1
  46 0016 01       		.byte	1
  47 0017 40       		.byte	64
  48 0018 2C       		.byte	44
  49 0019 02       		.byte	2
  50 001a 01       		.byte	1
  51 001b 40       		.byte	64
  52 001c 38       		.byte	56
  53 001d 03       		.byte	3
  54 001e 01       		.byte	1
  55 001f 40       		.byte	64
  56 0020 1D       		.byte	29
  57 0021 04       		.byte	4
ARM GAS  C:\Users\Charlie\AppData\Local\Temp\ccVjKkwe.s 			page 2


  58 0022 01       		.byte	1
  59 0023 40       		.byte	64
  60 0024 43       		.byte	67
  61 0025 05       		.byte	5
  62 0026 01       		.byte	1
  63 0027 40       		.byte	64
  64 0028 14       		.byte	20
  65 0029 06       		.byte	6
  66 002a 01       		.byte	1
  67 002b 40       		.byte	64
  68 002c 3A       		.byte	58
  69 002d 07       		.byte	7
  70 002e 01       		.byte	1
  71 002f 40       		.byte	64
  72 0030 44       		.byte	68
  73 0031 08       		.byte	8
  74 0032 01       		.byte	1
  75 0033 40       		.byte	64
  76 0034 41       		.byte	65
  77 0035 09       		.byte	9
  78 0036 01       		.byte	1
  79 0037 40       		.byte	64
  80 0038 05       		.byte	5
  81 0039 0B       		.byte	11
  82 003a 01       		.byte	1
  83 003b 40       		.byte	64
  84 003c 01       		.byte	1
  85 003d 0D       		.byte	13
  86 003e 01       		.byte	1
  87 003f 40       		.byte	64
  88 0040 30       		.byte	48
  89 0041 14       		.byte	20
  90 0042 01       		.byte	1
  91 0043 40       		.byte	64
  92 0044 46       		.byte	70
  93 0045 15       		.byte	21
  94 0046 01       		.byte	1
  95 0047 40       		.byte	64
  96 0048 3C       		.byte	60
  97 0049 16       		.byte	22
  98 004a 01       		.byte	1
  99 004b 40       		.byte	64
 100 004c 40       		.byte	64
 101 004d 17       		.byte	23
 102 004e 01       		.byte	1
 103 004f 40       		.byte	64
 104 0050 3F       		.byte	63
 105 0051 18       		.byte	24
 106 0052 01       		.byte	1
 107 0053 40       		.byte	64
 108 0054 41       		.byte	65
 109 0055 19       		.byte	25
 110 0056 01       		.byte	1
 111 0057 40       		.byte	64
 112 0058 0B       		.byte	11
 113 0059 1B       		.byte	27
 114 005a 01       		.byte	1
ARM GAS  C:\Users\Charlie\AppData\Local\Temp\ccVjKkwe.s 			page 3


 115 005b 40       		.byte	64
 116 005c 08       		.byte	8
 117 005d 40       		.byte	64
 118 005e 01       		.byte	1
 119 005f 40       		.byte	64
 120 0060 10       		.byte	16
 121 0061 41       		.byte	65
 122 0062 01       		.byte	1
 123 0063 40       		.byte	64
 124 0064 06       		.byte	6
 125 0065 42       		.byte	66
 126 0066 01       		.byte	1
 127 0067 40       		.byte	64
 128 0068 06       		.byte	6
 129 0069 43       		.byte	67
 130 006a 01       		.byte	1
 131 006b 40       		.byte	64
 132 006c 04       		.byte	4
 133 006d 46       		.byte	70
 134 006e 01       		.byte	1
 135 006f 40       		.byte	64
 136 0070 04       		.byte	4
 137 0071 47       		.byte	71
 138 0072 01       		.byte	1
 139 0073 40       		.byte	64
 140 0074 02       		.byte	2
 141 0075 48       		.byte	72
 142 0076 01       		.byte	1
 143 0077 40       		.byte	64
 144 0078 01       		.byte	1
 145 0079 49       		.byte	73
 146 007a 01       		.byte	1
 147 007b 40       		.byte	64
 148 007c 05       		.byte	5
 149 007d 4C       		.byte	76
 150 007e 01       		.byte	1
 151 007f 40       		.byte	64
 152 0080 09       		.byte	9
 153 0081 4D       		.byte	77
 154 0082 01       		.byte	1
 155 0083 40       		.byte	64
 156 0084 09       		.byte	9
 157 0085 50       		.byte	80
 158 0086 01       		.byte	1
 159 0087 40       		.byte	64
 160 0088 02       		.byte	2
 161 0089 51       		.byte	81
 162 008a 01       		.byte	1
 163 008b 40       		.byte	64
 164 008c 00       		.byte	0
 165 008d 13       		.byte	19
 166 008e 01       		.byte	1
 167 008f 15       		.byte	21
 168 0090 61       		.byte	97
 169 0091 80       		.byte	-128
 170 0092 64       		.byte	100
 171 0093 40       		.byte	64
ARM GAS  C:\Users\Charlie\AppData\Local\Temp\ccVjKkwe.s 			page 4


 172 0094 27       		.byte	39
 173 0095 84       		.byte	-124
 174 0096 84       		.byte	-124
 175 0097 05       		.byte	5
 176 0098 88       		.byte	-120
 177 0099 38       		.byte	56
 178 009a 84       		.byte	-124
 179 009b 0F       		.byte	15
 180 009c 89       		.byte	-119
 181 009d 72       		.byte	114
 182 009e 0B       		.byte	11
 183 009f 02       		.byte	2
 184 00a0 1F       		.byte	31
 185 00a1 01       		.byte	1
 186 00a2 22       		.byte	34
 187 00a3 01       		.byte	1
 188 00a4 26       		.byte	38
 189 00a5 02       		.byte	2
 190 00a6 30       		.byte	48
 191 00a7 01       		.byte	1
 192 00a8 31       		.byte	49
 193 00a9 01       		.byte	1
 194 00aa 34       		.byte	52
 195 00ab 02       		.byte	2
 196 00ac 37       		.byte	55
 197 00ad 02       		.byte	2
 198 00ae 58       		.byte	88
 199 00af 04       		.byte	4
 200 00b0 59       		.byte	89
 201 00b1 04       		.byte	4
 202 00b2 5F       		.byte	95
 203 00b3 01       		.byte	1
 204 00b4 D8       		.byte	-40
 205 00b5 04       		.byte	4
 206 00b6 D9       		.byte	-39
 207 00b7 04       		.byte	4
 208 00b8 DF       		.byte	-33
 209 00b9 01       		.byte	1
 210 00ba 00       		.byte	0
 211 00bb 40       		.byte	64
 212 00bc 01       		.byte	1
 213 00bd 20       		.byte	32
 214 00be 04       		.byte	4
 215 00bf 40       		.byte	64
 216 00c0 05       		.byte	5
 217 00c1 20       		.byte	32
 218 00c2 08       		.byte	8
 219 00c3 10       		.byte	16
 220 00c4 0A       		.byte	10
 221 00c5 40       		.byte	64
 222 00c6 0B       		.byte	11
 223 00c7 01       		.byte	1
 224 00c8 0C       		.byte	12
 225 00c9 08       		.byte	8
 226 00ca 0E       		.byte	14
 227 00cb 40       		.byte	64
 228 00cc 10       		.byte	16
ARM GAS  C:\Users\Charlie\AppData\Local\Temp\ccVjKkwe.s 			page 5


 229 00cd 80       		.byte	-128
 230 00ce 11       		.byte	17
 231 00cf 04       		.byte	4
 232 00d0 12       		.byte	18
 233 00d1 05       		.byte	5
 234 00d2 14       		.byte	20
 235 00d3 10       		.byte	16
 236 00d4 15       		.byte	21
 237 00d5 02       		.byte	2
 238 00d6 16       		.byte	22
 239 00d7 04       		.byte	4
 240 00d8 17       		.byte	23
 241 00d9 04       		.byte	4
 242 00da 19       		.byte	25
 243 00db 21       		.byte	33
 244 00dc 1A       		.byte	26
 245 00dd 40       		.byte	64
 246 00de 20       		.byte	32
 247 00df 40       		.byte	64
 248 00e0 22       		.byte	34
 249 00e1 80       		.byte	-128
 250 00e2 23       		.byte	35
 251 00e3 01       		.byte	1
 252 00e4 29       		.byte	41
 253 00e5 21       		.byte	33
 254 00e6 2D       		.byte	45
 255 00e7 20       		.byte	32
 256 00e8 30       		.byte	48
 257 00e9 18       		.byte	24
 258 00ea 32       		.byte	50
 259 00eb 40       		.byte	64
 260 00ec 35       		.byte	53
 261 00ed 01       		.byte	1
 262 00ee 36       		.byte	54
 263 00ef 80       		.byte	-128
 264 00f0 37       		.byte	55
 265 00f1 04       		.byte	4
 266 00f2 38       		.byte	56
 267 00f3 60       		.byte	96
 268 00f4 39       		.byte	57
 269 00f5 02       		.byte	2
 270 00f6 3A       		.byte	58
 271 00f7 07       		.byte	7
 272 00f8 3C       		.byte	60
 273 00f9 40       		.byte	64
 274 00fa 3E       		.byte	62
 275 00fb 02       		.byte	2
 276 00fc 3F       		.byte	63
 277 00fd 20       		.byte	32
 278 00fe C0       		.byte	-64
 279 00ff C3       		.byte	-61
 280 0100 C2       		.byte	-62
 281 0101 3B       		.byte	59
 282 0102 C4       		.byte	-60
 283 0103 7F       		.byte	127
 284 0104 CA       		.byte	-54
 285 0105 25       		.byte	37
ARM GAS  C:\Users\Charlie\AppData\Local\Temp\ccVjKkwe.s 			page 6


 286 0106 CC       		.byte	-52
 287 0107 DE       		.byte	-34
 288 0108 CE       		.byte	-50
 289 0109 BF       		.byte	-65
 290 010a 00       		.byte	0
 291 010b 0F       		.byte	15
 292 010c 08       		.byte	8
 293 010d 0D       		.byte	13
 294 010e 09       		.byte	9
 295 010f 03       		.byte	3
 296 0110 0A       		.byte	10
 297 0111 02       		.byte	2
 298 0112 0C       		.byte	12
 299 0113 08       		.byte	8
 300 0114 0D       		.byte	13
 301 0115 03       		.byte	3
 302 0116 0E       		.byte	14
 303 0117 07       		.byte	7
 304 0118 11       		.byte	17
 305 0119 03       		.byte	3
 306 011a 14       		.byte	20
 307 011b 0F       		.byte	15
 308 011c 15       		.byte	21
 309 011d 03       		.byte	3
 310 011e 22       		.byte	34
 311 011f 0F       		.byte	15
 312 0120 23       		.byte	35
 313 0121 03       		.byte	3
 314 0122 24       		.byte	36
 315 0123 06       		.byte	6
 316 0124 25       		.byte	37
 317 0125 03       		.byte	3
 318 0126 26       		.byte	38
 319 0127 09       		.byte	9
 320 0128 28       		.byte	40
 321 0129 0F       		.byte	15
 322 012a 29       		.byte	41
 323 012b 02       		.byte	2
 324 012c 2B       		.byte	43
 325 012d 01       		.byte	1
 326 012e 30       		.byte	48
 327 012f 04       		.byte	4
 328 0130 31       		.byte	49
 329 0131 02       		.byte	2
 330 0132 32       		.byte	50
 331 0133 08       		.byte	8
 332 0134 34       		.byte	52
 333 0135 01       		.byte	1
 334 0136 36       		.byte	54
 335 0137 02       		.byte	2
 336 0138 37       		.byte	55
 337 0139 01       		.byte	1
 338 013a 58       		.byte	88
 339 013b 04       		.byte	4
 340 013c 59       		.byte	89
 341 013d 04       		.byte	4
 342 013e 5F       		.byte	95
ARM GAS  C:\Users\Charlie\AppData\Local\Temp\ccVjKkwe.s 			page 7


 343 013f 01       		.byte	1
 344 0140 87       		.byte	-121
 345 0141 08       		.byte	8
 346 0142 8B       		.byte	-117
 347 0143 01       		.byte	1
 348 0144 93       		.byte	-109
 349 0145 10       		.byte	16
 350 0146 95       		.byte	-107
 351 0147 01       		.byte	1
 352 0148 9F       		.byte	-97
 353 0149 04       		.byte	4
 354 014a A1       		.byte	-95
 355 014b 04       		.byte	4
 356 014c A2       		.byte	-94
 357 014d 01       		.byte	1
 358 014e A5       		.byte	-91
 359 014f 02       		.byte	2
 360 0150 A9       		.byte	-87
 361 0151 08       		.byte	8
 362 0152 AF       		.byte	-81
 363 0153 02       		.byte	2
 364 0154 B4       		.byte	-76
 365 0155 01       		.byte	1
 366 0156 B7       		.byte	-73
 367 0157 1F       		.byte	31
 368 0158 B9       		.byte	-71
 369 0159 80       		.byte	-128
 370 015a BF       		.byte	-65
 371 015b 40       		.byte	64
 372 015c D8       		.byte	-40
 373 015d 04       		.byte	4
 374 015e D9       		.byte	-39
 375 015f 04       		.byte	4
 376 0160 DF       		.byte	-33
 377 0161 01       		.byte	1
 378 0162 00       		.byte	0
 379 0163 42       		.byte	66
 380 0164 01       		.byte	1
 381 0165 20       		.byte	32
 382 0166 04       		.byte	4
 383 0167 40       		.byte	64
 384 0168 05       		.byte	5
 385 0169 21       		.byte	33
 386 016a 08       		.byte	8
 387 016b 04       		.byte	4
 388 016c 0A       		.byte	10
 389 016d 08       		.byte	8
 390 016e 0F       		.byte	15
 391 016f 20       		.byte	32
 392 0170 10       		.byte	16
 393 0171 10       		.byte	16
 394 0172 12       		.byte	18
 395 0173 41       		.byte	65
 396 0174 14       		.byte	20
 397 0175 14       		.byte	20
 398 0176 17       		.byte	23
 399 0177 06       		.byte	6
ARM GAS  C:\Users\Charlie\AppData\Local\Temp\ccVjKkwe.s 			page 8


 400 0178 19       		.byte	25
 401 0179 10       		.byte	16
 402 017a 1A       		.byte	26
 403 017b 08       		.byte	8
 404 017c 1B       		.byte	27
 405 017d 10       		.byte	16
 406 017e 1C       		.byte	28
 407 017f 28       		.byte	40
 408 0180 1E       		.byte	30
 409 0181 80       		.byte	-128
 410 0182 1F       		.byte	31
 411 0183 40       		.byte	64
 412 0184 20       		.byte	32
 413 0185 02       		.byte	2
 414 0186 23       		.byte	35
 415 0187 02       		.byte	2
 416 0188 24       		.byte	36
 417 0189 82       		.byte	-126
 418 018a 29       		.byte	41
 419 018b 61       		.byte	97
 420 018c 2A       		.byte	42
 421 018d 45       		.byte	69
 422 018e 2B       		.byte	43
 423 018f 10       		.byte	16
 424 0190 2C       		.byte	44
 425 0191 10       		.byte	16
 426 0192 2D       		.byte	45
 427 0193 20       		.byte	32
 428 0194 2E       		.byte	46
 429 0195 02       		.byte	2
 430 0196 30       		.byte	48
 431 0197 9C       		.byte	-100
 432 0198 32       		.byte	50
 433 0199 02       		.byte	2
 434 019a 34       		.byte	52
 435 019b 04       		.byte	4
 436 019c 35       		.byte	53
 437 019d 01       		.byte	1
 438 019e 38       		.byte	56
 439 019f 60       		.byte	96
 440 01a0 39       		.byte	57
 441 01a1 04       		.byte	4
 442 01a2 3A       		.byte	58
 443 01a3 02       		.byte	2
 444 01a4 3C       		.byte	60
 445 01a5 40       		.byte	64
 446 01a6 3F       		.byte	63
 447 01a7 20       		.byte	32
 448 01a8 80       		.byte	-128
 449 01a9 08       		.byte	8
 450 01aa 83       		.byte	-125
 451 01ab 01       		.byte	1
 452 01ac 84       		.byte	-124
 453 01ad 04       		.byte	4
 454 01ae 87       		.byte	-121
 455 01af 40       		.byte	64
 456 01b0 90       		.byte	-112
ARM GAS  C:\Users\Charlie\AppData\Local\Temp\ccVjKkwe.s 			page 9


 457 01b1 40       		.byte	64
 458 01b2 93       		.byte	-109
 459 01b3 01       		.byte	1
 460 01b4 94       		.byte	-108
 461 01b5 20       		.byte	32
 462 01b6 95       		.byte	-107
 463 01b7 04       		.byte	4
 464 01b8 96       		.byte	-106
 465 01b9 80       		.byte	-128
 466 01ba 99       		.byte	-103
 467 01bb 21       		.byte	33
 468 01bc 9E       		.byte	-98
 469 01bd 06       		.byte	6
 470 01be 9F       		.byte	-97
 471 01bf 04       		.byte	4
 472 01c0 A4       		.byte	-92
 473 01c1 88       		.byte	-120
 474 01c2 A7       		.byte	-89
 475 01c3 10       		.byte	16
 476 01c4 C0       		.byte	-64
 477 01c5 DB       		.byte	-37
 478 01c6 C2       		.byte	-62
 479 01c7 26       		.byte	38
 480 01c8 C4       		.byte	-60
 481 01c9 7D       		.byte	125
 482 01ca CA       		.byte	-54
 483 01cb EF       		.byte	-17
 484 01cc CC       		.byte	-52
 485 01cd CF       		.byte	-49
 486 01ce CE       		.byte	-50
 487 01cf 3F       		.byte	63
 488 01d0 E0       		.byte	-32
 489 01d1 01       		.byte	1
 490 01d2 03       		.byte	3
 491 01d3 01       		.byte	1
 492 01d4 05       		.byte	5
 493 01d5 08       		.byte	8
 494 01d6 09       		.byte	9
 495 01d7 20       		.byte	32
 496 01d8 0B       		.byte	11
 497 01d9 10       		.byte	16
 498 01da 0D       		.byte	13
 499 01db 40       		.byte	64
 500 01dc 0F       		.byte	15
 501 01dd 80       		.byte	-128
 502 01de 11       		.byte	17
 503 01df 80       		.byte	-128
 504 01e0 13       		.byte	19
 505 01e1 40       		.byte	64
 506 01e2 15       		.byte	21
 507 01e3 10       		.byte	16
 508 01e4 17       		.byte	23
 509 01e5 20       		.byte	32
 510 01e6 1B       		.byte	27
 511 01e7 02       		.byte	2
 512 01e8 1D       		.byte	29
 513 01e9 04       		.byte	4
ARM GAS  C:\Users\Charlie\AppData\Local\Temp\ccVjKkwe.s 			page 10


 514 01ea 23       		.byte	35
 515 01eb 04       		.byte	4
 516 01ec 25       		.byte	37
 517 01ed 01       		.byte	1
 518 01ee 2B       		.byte	43
 519 01ef 08       		.byte	8
 520 01f0 2D       		.byte	45
 521 01f1 02       		.byte	2
 522 01f2 31       		.byte	49
 523 01f3 FF       		.byte	-1
 524 01f4 3B       		.byte	59
 525 01f5 08       		.byte	8
 526 01f6 3F       		.byte	63
 527 01f7 01       		.byte	1
 528 01f8 56       		.byte	86
 529 01f9 02       		.byte	2
 530 01fa 57       		.byte	87
 531 01fb 35       		.byte	53
 532 01fc 58       		.byte	88
 533 01fd 04       		.byte	4
 534 01fe 59       		.byte	89
 535 01ff 04       		.byte	4
 536 0200 5B       		.byte	91
 537 0201 0C       		.byte	12
 538 0202 5C       		.byte	92
 539 0203 10       		.byte	16
 540 0204 5F       		.byte	95
 541 0205 01       		.byte	1
 542 0206 D8       		.byte	-40
 543 0207 04       		.byte	4
 544 0208 D9       		.byte	-39
 545 0209 04       		.byte	4
 546 020a DF       		.byte	-33
 547 020b 01       		.byte	1
 548 020c 00       		.byte	0
 549 020d 42       		.byte	66
 550 020e 01       		.byte	1
 551 020f 20       		.byte	32
 552 0210 02       		.byte	2
 553 0211 40       		.byte	64
 554 0212 04       		.byte	4
 555 0213 40       		.byte	64
 556 0214 05       		.byte	5
 557 0215 21       		.byte	33
 558 0216 08       		.byte	8
 559 0217 10       		.byte	16
 560 0218 0F       		.byte	15
 561 0219 10       		.byte	16
 562 021a 12       		.byte	18
 563 021b 09       		.byte	9
 564 021c 13       		.byte	19
 565 021d 11       		.byte	17
 566 021e 14       		.byte	20
 567 021f 14       		.byte	20
 568 0220 16       		.byte	22
 569 0221 40       		.byte	64
 570 0222 21       		.byte	33
ARM GAS  C:\Users\Charlie\AppData\Local\Temp\ccVjKkwe.s 			page 11


 571 0223 08       		.byte	8
 572 0224 22       		.byte	34
 573 0225 02       		.byte	2
 574 0226 29       		.byte	41
 575 0227 61       		.byte	97
 576 0228 2A       		.byte	42
 577 0229 09       		.byte	9
 578 022a 2D       		.byte	45
 579 022b 20       		.byte	32
 580 022c 2E       		.byte	46
 581 022d 02       		.byte	2
 582 022e 2F       		.byte	47
 583 022f 01       		.byte	1
 584 0230 30       		.byte	48
 585 0231 92       		.byte	-110
 586 0232 31       		.byte	49
 587 0233 10       		.byte	16
 588 0234 32       		.byte	50
 589 0235 08       		.byte	8
 590 0236 33       		.byte	51
 591 0237 04       		.byte	4
 592 0238 34       		.byte	52
 593 0239 02       		.byte	2
 594 023a 35       		.byte	53
 595 023b 11       		.byte	17
 596 023c 36       		.byte	54
 597 023d 08       		.byte	8
 598 023e 38       		.byte	56
 599 023f 40       		.byte	64
 600 0240 39       		.byte	57
 601 0241 14       		.byte	20
 602 0242 3B       		.byte	59
 603 0243 03       		.byte	3
 604 0244 3C       		.byte	60
 605 0245 40       		.byte	64
 606 0246 5A       		.byte	90
 607 0247 10       		.byte	16
 608 0248 63       		.byte	99
 609 0249 08       		.byte	8
 610 024a 68       		.byte	104
 611 024b 82       		.byte	-126
 612 024c 69       		.byte	105
 613 024d 14       		.byte	20
 614 024e 6A       		.byte	106
 615 024f 80       		.byte	-128
 616 0250 70       		.byte	112
 617 0251 10       		.byte	16
 618 0252 71       		.byte	113
 619 0253 40       		.byte	64
 620 0254 72       		.byte	114
 621 0255 08       		.byte	8
 622 0256 79       		.byte	121
 623 0257 40       		.byte	64
 624 0258 81       		.byte	-127
 625 0259 10       		.byte	16
 626 025a 90       		.byte	-112
 627 025b 40       		.byte	64
ARM GAS  C:\Users\Charlie\AppData\Local\Temp\ccVjKkwe.s 			page 12


 628 025c 93       		.byte	-109
 629 025d 01       		.byte	1
 630 025e 94       		.byte	-108
 631 025f 20       		.byte	32
 632 0260 95       		.byte	-107
 633 0261 04       		.byte	4
 634 0262 96       		.byte	-106
 635 0263 80       		.byte	-128
 636 0264 98       		.byte	-104
 637 0265 04       		.byte	4
 638 0266 99       		.byte	-103
 639 0267 31       		.byte	49
 640 0268 9A       		.byte	-102
 641 0269 02       		.byte	2
 642 026a 9D       		.byte	-99
 643 026b 40       		.byte	64
 644 026c 9F       		.byte	-97
 645 026d 04       		.byte	4
 646 026e A0       		.byte	-96
 647 026f 01       		.byte	1
 648 0270 A4       		.byte	-92
 649 0271 80       		.byte	-128
 650 0272 A6       		.byte	-90
 651 0273 02       		.byte	2
 652 0274 B0       		.byte	-80
 653 0275 11       		.byte	17
 654 0276 B2       		.byte	-78
 655 0277 42       		.byte	66
 656 0278 B4       		.byte	-76
 657 0279 41       		.byte	65
 658 027a C0       		.byte	-64
 659 027b DB       		.byte	-37
 660 027c C2       		.byte	-62
 661 027d 22       		.byte	34
 662 027e C4       		.byte	-60
 663 027f 7B       		.byte	123
 664 0280 CA       		.byte	-54
 665 0281 BF       		.byte	-65
 666 0282 CC       		.byte	-52
 667 0283 EF       		.byte	-17
 668 0284 CE       		.byte	-50
 669 0285 1F       		.byte	31
 670 0286 D6       		.byte	-42
 671 0287 04       		.byte	4
 672 0288 D8       		.byte	-40
 673 0289 04       		.byte	4
 674 028a DE       		.byte	-34
 675 028b 08       		.byte	8
 676 028c E4       		.byte	-28
 677 028d 04       		.byte	4
 678 028e EA       		.byte	-22
 679 028f 60       		.byte	96
 680 0290 EE       		.byte	-18
 681 0291 90       		.byte	-112
 682 0292 58       		.byte	88
 683 0293 04       		.byte	4
 684 0294 59       		.byte	89
ARM GAS  C:\Users\Charlie\AppData\Local\Temp\ccVjKkwe.s 			page 13


 685 0295 04       		.byte	4
 686 0296 5F       		.byte	95
 687 0297 01       		.byte	1
 688 0298 84       		.byte	-124
 689 0299 01       		.byte	1
 690 029a 8B       		.byte	-117
 691 029b 01       		.byte	1
 692 029c 91       		.byte	-111
 693 029d 03       		.byte	3
 694 029e 95       		.byte	-107
 695 029f 03       		.byte	3
 696 02a0 A5       		.byte	-91
 697 02a1 02       		.byte	2
 698 02a2 AF       		.byte	-81
 699 02a3 04       		.byte	4
 700 02a4 B3       		.byte	-77
 701 02a5 04       		.byte	4
 702 02a6 B5       		.byte	-75
 703 02a7 03       		.byte	3
 704 02a8 B6       		.byte	-74
 705 02a9 01       		.byte	1
 706 02aa B9       		.byte	-71
 707 02ab 20       		.byte	32
 708 02ac BE       		.byte	-66
 709 02ad 40       		.byte	64
 710 02ae BF       		.byte	-65
 711 02af 10       		.byte	16
 712 02b0 D4       		.byte	-44
 713 02b1 01       		.byte	1
 714 02b2 D8       		.byte	-40
 715 02b3 04       		.byte	4
 716 02b4 D9       		.byte	-39
 717 02b5 04       		.byte	4
 718 02b6 DB       		.byte	-37
 719 02b7 0C       		.byte	12
 720 02b8 DF       		.byte	-33
 721 02b9 01       		.byte	1
 722 02ba 00       		.byte	0
 723 02bb 40       		.byte	64
 724 02bc 02       		.byte	2
 725 02bd 28       		.byte	40
 726 02be 04       		.byte	4
 727 02bf 40       		.byte	64
 728 02c0 05       		.byte	5
 729 02c1 20       		.byte	32
 730 02c2 08       		.byte	8
 731 02c3 04       		.byte	4
 732 02c4 0C       		.byte	12
 733 02c5 14       		.byte	20
 734 02c6 10       		.byte	16
 735 02c7 50       		.byte	80
 736 02c8 12       		.byte	18
 737 02c9 05       		.byte	5
 738 02ca 14       		.byte	20
 739 02cb 40       		.byte	64
 740 02cc 16       		.byte	22
 741 02cd 01       		.byte	1
ARM GAS  C:\Users\Charlie\AppData\Local\Temp\ccVjKkwe.s 			page 14


 742 02ce 17       		.byte	23
 743 02cf 20       		.byte	32
 744 02d0 18       		.byte	24
 745 02d1 02       		.byte	2
 746 02d2 20       		.byte	32
 747 02d3 08       		.byte	8
 748 02d4 21       		.byte	33
 749 02d5 04       		.byte	4
 750 02d6 22       		.byte	34
 751 02d7 08       		.byte	8
 752 02d8 23       		.byte	35
 753 02d9 20       		.byte	32
 754 02da 28       		.byte	40
 755 02db 04       		.byte	4
 756 02dc 2A       		.byte	42
 757 02dd 01       		.byte	1
 758 02de 2B       		.byte	43
 759 02df 11       		.byte	17
 760 02e0 2C       		.byte	44
 761 02e1 40       		.byte	64
 762 02e2 2D       		.byte	45
 763 02e3 20       		.byte	32
 764 02e4 2E       		.byte	46
 765 02e5 82       		.byte	-126
 766 02e6 31       		.byte	49
 767 02e7 18       		.byte	24
 768 02e8 32       		.byte	50
 769 02e9 41       		.byte	65
 770 02ea 34       		.byte	52
 771 02eb 12       		.byte	18
 772 02ec 35       		.byte	53
 773 02ed 10       		.byte	16
 774 02ee 36       		.byte	54
 775 02ef 08       		.byte	8
 776 02f0 38       		.byte	56
 777 02f1 60       		.byte	96
 778 02f2 39       		.byte	57
 779 02f3 08       		.byte	8
 780 02f4 3A       		.byte	58
 781 02f5 02       		.byte	2
 782 02f6 3C       		.byte	60
 783 02f7 40       		.byte	64
 784 02f8 59       		.byte	89
 785 02f9 80       		.byte	-128
 786 02fa 79       		.byte	121
 787 02fb 40       		.byte	64
 788 02fc 81       		.byte	-127
 789 02fd A0       		.byte	-96
 790 02fe 82       		.byte	-126
 791 02ff 40       		.byte	64
 792 0300 8E       		.byte	-114
 793 0301 08       		.byte	8
 794 0302 90       		.byte	-112
 795 0303 40       		.byte	64
 796 0304 91       		.byte	-111
 797 0305 10       		.byte	16
 798 0306 95       		.byte	-107
ARM GAS  C:\Users\Charlie\AppData\Local\Temp\ccVjKkwe.s 			page 15


 799 0307 40       		.byte	64
 800 0308 96       		.byte	-106
 801 0309 10       		.byte	16
 802 030a 98       		.byte	-104
 803 030b 06       		.byte	6
 804 030c 99       		.byte	-103
 805 030d 30       		.byte	48
 806 030e 9A       		.byte	-102
 807 030f 03       		.byte	3
 808 0310 A6       		.byte	-90
 809 0311 08       		.byte	8
 810 0312 A7       		.byte	-89
 811 0313 04       		.byte	4
 812 0314 B4       		.byte	-76
 813 0315 40       		.byte	64
 814 0316 B5       		.byte	-75
 815 0317 08       		.byte	8
 816 0318 C0       		.byte	-64
 817 0319 C7       		.byte	-57
 818 031a C2       		.byte	-62
 819 031b 64       		.byte	100
 820 031c C4       		.byte	-60
 821 031d DF       		.byte	-33
 822 031e CA       		.byte	-54
 823 031f BF       		.byte	-65
 824 0320 CC       		.byte	-52
 825 0321 EF       		.byte	-17
 826 0322 CE       		.byte	-50
 827 0323 1F       		.byte	31
 828 0324 D6       		.byte	-42
 829 0325 08       		.byte	8
 830 0326 DE       		.byte	-34
 831 0327 08       		.byte	8
 832 0328 E2       		.byte	-30
 833 0329 04       		.byte	4
 834 032a E8       		.byte	-24
 835 032b 10       		.byte	16
 836 032c EE       		.byte	-18
 837 032d 04       		.byte	4
 838 032e 02       		.byte	2
 839 032f 02       		.byte	2
 840 0330 03       		.byte	3
 841 0331 08       		.byte	8
 842 0332 12       		.byte	18
 843 0333 01       		.byte	1
 844 0334 13       		.byte	19
 845 0335 04       		.byte	4
 846 0336 1D       		.byte	29
 847 0337 01       		.byte	1
 848 0338 23       		.byte	35
 849 0339 03       		.byte	3
 850 033a 27       		.byte	39
 851 033b 08       		.byte	8
 852 033c 28       		.byte	40
 853 033d 01       		.byte	1
 854 033e 2B       		.byte	43
 855 033f 04       		.byte	4
ARM GAS  C:\Users\Charlie\AppData\Local\Temp\ccVjKkwe.s 			page 16


 856 0340 30       		.byte	48
 857 0341 03       		.byte	3
 858 0342 31       		.byte	49
 859 0343 02       		.byte	2
 860 0344 33       		.byte	51
 861 0345 01       		.byte	1
 862 0346 35       		.byte	53
 863 0347 08       		.byte	8
 864 0348 36       		.byte	54
 865 0349 03       		.byte	3
 866 034a 37       		.byte	55
 867 034b 04       		.byte	4
 868 034c 3F       		.byte	63
 869 034d 50       		.byte	80
 870 034e 54       		.byte	84
 871 034f 18       		.byte	24
 872 0350 58       		.byte	88
 873 0351 04       		.byte	4
 874 0352 59       		.byte	89
 875 0353 0C       		.byte	12
 876 0354 5B       		.byte	91
 877 0355 04       		.byte	4
 878 0356 5C       		.byte	92
 879 0357 09       		.byte	9
 880 0358 5D       		.byte	93
 881 0359 10       		.byte	16
 882 035a 5F       		.byte	95
 883 035b 01       		.byte	1
 884 035c 83       		.byte	-125
 885 035d C3       		.byte	-61
 886 035e 85       		.byte	-123
 887 035f C7       		.byte	-57
 888 0360 87       		.byte	-121
 889 0361 18       		.byte	24
 890 0362 88       		.byte	-120
 891 0363 2C       		.byte	44
 892 0364 89       		.byte	-119
 893 0365 18       		.byte	24
 894 0366 8A       		.byte	-118
 895 0367 13       		.byte	19
 896 0368 8D       		.byte	-115
 897 0369 80       		.byte	-128
 898 036a 90       		.byte	-112
 899 036b 08       		.byte	8
 900 036c 91       		.byte	-111
 901 036d DF       		.byte	-33
 902 036e 94       		.byte	-108
 903 036f 0C       		.byte	12
 904 0370 97       		.byte	-105
 905 0371 04       		.byte	4
 906 0372 98       		.byte	-104
 907 0373 04       		.byte	4
 908 0374 99       		.byte	-103
 909 0375 44       		.byte	68
 910 0376 9B       		.byte	-101
 911 0377 20       		.byte	32
 912 0378 9D       		.byte	-99
ARM GAS  C:\Users\Charlie\AppData\Local\Temp\ccVjKkwe.s 			page 17


 913 0379 1C       		.byte	28
 914 037a 9F       		.byte	-97
 915 037b C2       		.byte	-62
 916 037c A0       		.byte	-96
 917 037d 2E       		.byte	46
 918 037e A1       		.byte	-95
 919 037f DC       		.byte	-36
 920 0380 A2       		.byte	-94
 921 0381 11       		.byte	17
 922 0382 A3       		.byte	-93
 923 0383 01       		.byte	1
 924 0384 A4       		.byte	-92
 925 0385 33       		.byte	51
 926 0386 A5       		.byte	-91
 927 0387 08       		.byte	8
 928 0388 A6       		.byte	-90
 929 0389 0C       		.byte	12
 930 038a A8       		.byte	-88
 931 038b 3F       		.byte	63
 932 038c A9       		.byte	-87
 933 038d C0       		.byte	-64
 934 038e AD       		.byte	-83
 935 038f 10       		.byte	16
 936 0390 AE       		.byte	-82
 937 0391 12       		.byte	18
 938 0392 B0       		.byte	-80
 939 0393 20       		.byte	32
 940 0394 B2       		.byte	-78
 941 0395 0E       		.byte	14
 942 0396 B3       		.byte	-77
 943 0397 20       		.byte	32
 944 0398 B4       		.byte	-76
 945 0399 1C       		.byte	28
 946 039a B5       		.byte	-75
 947 039b D8       		.byte	-40
 948 039c B6       		.byte	-74
 949 039d 01       		.byte	1
 950 039e B7       		.byte	-73
 951 039f 1F       		.byte	31
 952 03a0 B8       		.byte	-72
 953 03a1 80       		.byte	-128
 954 03a2 BA       		.byte	-70
 955 03a3 20       		.byte	32
 956 03a4 BB       		.byte	-69
 957 03a5 A0       		.byte	-96
 958 03a6 BE       		.byte	-66
 959 03a7 01       		.byte	1
 960 03a8 D6       		.byte	-42
 961 03a9 08       		.byte	8
 962 03aa D8       		.byte	-40
 963 03ab 04       		.byte	4
 964 03ac D9       		.byte	-39
 965 03ad 04       		.byte	4
 966 03ae DB       		.byte	-37
 967 03af 04       		.byte	4
 968 03b0 DC       		.byte	-36
 969 03b1 11       		.byte	17
ARM GAS  C:\Users\Charlie\AppData\Local\Temp\ccVjKkwe.s 			page 18


 970 03b2 DD       		.byte	-35
 971 03b3 90       		.byte	-112
 972 03b4 DF       		.byte	-33
 973 03b5 01       		.byte	1
 974 03b6 01       		.byte	1
 975 03b7 20       		.byte	32
 976 03b8 06       		.byte	6
 977 03b9 40       		.byte	64
 978 03ba 08       		.byte	8
 979 03bb 11       		.byte	17
 980 03bc 0B       		.byte	11
 981 03bd 10       		.byte	16
 982 03be 0E       		.byte	14
 983 03bf 80       		.byte	-128
 984 03c0 11       		.byte	17
 985 03c1 20       		.byte	32
 986 03c2 12       		.byte	18
 987 03c3 A9       		.byte	-87
 988 03c4 17       		.byte	23
 989 03c5 10       		.byte	16
 990 03c6 18       		.byte	24
 991 03c7 01       		.byte	1
 992 03c8 19       		.byte	25
 993 03c9 21       		.byte	33
 994 03ca 1B       		.byte	27
 995 03cb 08       		.byte	8
 996 03cc 1E       		.byte	30
 997 03cd 80       		.byte	-128
 998 03ce 1F       		.byte	31
 999 03cf 80       		.byte	-128
 1000 03d0 20       		.byte	32
 1001 03d1 04       		.byte	4
 1002 03d2 21       		.byte	33
 1003 03d3 08       		.byte	8
 1004 03d4 22       		.byte	34
 1005 03d5 A0       		.byte	-96
 1006 03d6 25       		.byte	37
 1007 03d7 40       		.byte	64
 1008 03d8 27       		.byte	39
 1009 03d9 54       		.byte	84
 1010 03da 28       		.byte	40
 1011 03db 91       		.byte	-111
 1012 03dc 29       		.byte	41
 1013 03dd 50       		.byte	80
 1014 03de 2A       		.byte	42
 1015 03df 08       		.byte	8
 1016 03e0 2F       		.byte	47
 1017 03e1 98       		.byte	-104
 1018 03e2 31       		.byte	49
 1019 03e3 08       		.byte	8
 1020 03e4 32       		.byte	50
 1021 03e5 90       		.byte	-112
 1022 03e6 33       		.byte	51
 1023 03e7 02       		.byte	2
 1024 03e8 35       		.byte	53
 1025 03e9 02       		.byte	2
 1026 03ea 37       		.byte	55
ARM GAS  C:\Users\Charlie\AppData\Local\Temp\ccVjKkwe.s 			page 19


 1027 03eb 40       		.byte	64
 1028 03ec 38       		.byte	56
 1029 03ed 46       		.byte	70
 1030 03ee 3A       		.byte	58
 1031 03ef 01       		.byte	1
 1032 03f0 3B       		.byte	59
 1033 03f1 10       		.byte	16
 1034 03f2 3C       		.byte	60
 1035 03f3 01       		.byte	1
 1036 03f4 42       		.byte	66
 1037 03f5 20       		.byte	32
 1038 03f6 43       		.byte	67
 1039 03f7 04       		.byte	4
 1040 03f8 44       		.byte	68
 1041 03f9 02       		.byte	2
 1042 03fa 45       		.byte	69
 1043 03fb 40       		.byte	64
 1044 03fc 5A       		.byte	90
 1045 03fd 80       		.byte	-128
 1046 03fe 5E       		.byte	94
 1047 03ff 01       		.byte	1
 1048 0400 62       		.byte	98
 1049 0401 40       		.byte	64
 1050 0402 64       		.byte	100
 1051 0403 02       		.byte	2
 1052 0404 66       		.byte	102
 1053 0405 20       		.byte	32
 1054 0406 7E       		.byte	126
 1055 0407 01       		.byte	1
 1056 0408 83       		.byte	-125
 1057 0409 10       		.byte	16
 1058 040a 88       		.byte	-120
 1059 040b 80       		.byte	-128
 1060 040c 89       		.byte	-119
 1061 040d 20       		.byte	32
 1062 040e 8F       		.byte	-113
 1063 040f 40       		.byte	64
 1064 0410 91       		.byte	-111
 1065 0411 80       		.byte	-128
 1066 0412 92       		.byte	-110
 1067 0413 80       		.byte	-128
 1068 0414 9A       		.byte	-102
 1069 0415 02       		.byte	2
 1070 0416 A1       		.byte	-95
 1071 0417 10       		.byte	16
 1072 0418 A3       		.byte	-93
 1073 0419 24       		.byte	36
 1074 041a B5       		.byte	-75
 1075 041b 10       		.byte	16
 1076 041c B6       		.byte	-74
 1077 041d 42       		.byte	66
 1078 041e C0       		.byte	-64
 1079 041f 12       		.byte	18
 1080 0420 C2       		.byte	-62
 1081 0421 1E       		.byte	30
 1082 0422 C4       		.byte	-60
 1083 0423 4F       		.byte	79
ARM GAS  C:\Users\Charlie\AppData\Local\Temp\ccVjKkwe.s 			page 20


 1084 0424 CA       		.byte	-54
 1085 0425 EF       		.byte	-17
 1086 0426 CC       		.byte	-52
 1087 0427 9F       		.byte	-97
 1088 0428 CE       		.byte	-50
 1089 0429 8F       		.byte	-113
 1090 042a D6       		.byte	-42
 1091 042b 88       		.byte	-120
 1092 042c D8       		.byte	-40
 1093 042d 38       		.byte	56
 1094 042e DE       		.byte	-34
 1095 042f 10       		.byte	16
 1096 0430 E4       		.byte	-28
 1097 0431 40       		.byte	64
 1098 0432 E8       		.byte	-24
 1099 0433 50       		.byte	80
 1100 0434 EC       		.byte	-20
 1101 0435 10       		.byte	16
 1102 0436 EE       		.byte	-18
 1103 0437 04       		.byte	4
 1104 0438 83       		.byte	-125
 1105 0439 04       		.byte	4
 1106 043a 91       		.byte	-111
 1107 043b 80       		.byte	-128
 1108 043c A3       		.byte	-93
 1109 043d 20       		.byte	32
 1110 043e B3       		.byte	-77
 1111 043f 20       		.byte	32
 1112 0440 E8       		.byte	-24
 1113 0441 80       		.byte	-128
 1114 0442 81       		.byte	-127
 1115 0443 40       		.byte	64
 1116 0444 0B       		.byte	11
 1117 0445 05       		.byte	5
 1118 0446 0F       		.byte	15
 1119 0447 08       		.byte	8
 1120 0448 11       		.byte	17
 1121 0449 10       		.byte	16
 1122 044a 15       		.byte	21
 1123 044b 03       		.byte	3
 1124 044c 17       		.byte	23
 1125 044d 04       		.byte	4
 1126 044e 1A       		.byte	26
 1127 044f 01       		.byte	1
 1128 0450 1C       		.byte	28
 1129 0451 01       		.byte	1
 1130 0452 1D       		.byte	29
 1131 0453 03       		.byte	3
 1132 0454 1F       		.byte	31
 1133 0455 0C       		.byte	12
 1134 0456 20       		.byte	32
 1135 0457 01       		.byte	1
 1136 0458 25       		.byte	37
 1137 0459 0A       		.byte	10
 1138 045a 26       		.byte	38
 1139 045b 01       		.byte	1
 1140 045c 27       		.byte	39
ARM GAS  C:\Users\Charlie\AppData\Local\Temp\ccVjKkwe.s 			page 21


 1141 045d 04       		.byte	4
 1142 045e 2D       		.byte	45
 1143 045f 03       		.byte	3
 1144 0460 2E       		.byte	46
 1145 0461 01       		.byte	1
 1146 0462 2F       		.byte	47
 1147 0463 04       		.byte	4
 1148 0464 31       		.byte	49
 1149 0465 0F       		.byte	15
 1150 0466 33       		.byte	51
 1151 0467 10       		.byte	16
 1152 0468 36       		.byte	54
 1153 0469 01       		.byte	1
 1154 046a 3B       		.byte	59
 1155 046b 02       		.byte	2
 1156 046c 3E       		.byte	62
 1157 046d 40       		.byte	64
 1158 046e 3F       		.byte	63
 1159 046f 04       		.byte	4
 1160 0470 40       		.byte	64
 1161 0471 52       		.byte	82
 1162 0472 41       		.byte	65
 1163 0473 03       		.byte	3
 1164 0474 45       		.byte	69
 1165 0475 E0       		.byte	-32
 1166 0476 46       		.byte	70
 1167 0477 0B       		.byte	11
 1168 0478 47       		.byte	71
 1169 0479 C0       		.byte	-64
 1170 047a 48       		.byte	72
 1171 047b 26       		.byte	38
 1172 047c 49       		.byte	73
 1173 047d FF       		.byte	-1
 1174 047e 4A       		.byte	74
 1175 047f FF       		.byte	-1
 1176 0480 4B       		.byte	75
 1177 0481 FF       		.byte	-1
 1178 0482 4E       		.byte	78
 1179 0483 F0       		.byte	-16
 1180 0484 4F       		.byte	79
 1181 0485 44       		.byte	68
 1182 0486 50       		.byte	80
 1183 0487 0C       		.byte	12
 1184 0488 54       		.byte	84
 1185 0489 01       		.byte	1
 1186 048a 58       		.byte	88
 1187 048b 04       		.byte	4
 1188 048c 59       		.byte	89
 1189 048d 04       		.byte	4
 1190 048e 5A       		.byte	90
 1191 048f 04       		.byte	4
 1192 0490 5B       		.byte	91
 1193 0491 04       		.byte	4
 1194 0492 5C       		.byte	92
 1195 0493 10       		.byte	16
 1196 0494 5D       		.byte	93
 1197 0495 11       		.byte	17
ARM GAS  C:\Users\Charlie\AppData\Local\Temp\ccVjKkwe.s 			page 22


 1198 0496 5F       		.byte	95
 1199 0497 01       		.byte	1
 1200 0498 66       		.byte	102
 1201 0499 C0       		.byte	-64
 1202 049a 6A       		.byte	106
 1203 049b 40       		.byte	64
 1204 049c 6B       		.byte	107
 1205 049d 02       		.byte	2
 1206 049e D8       		.byte	-40
 1207 049f 04       		.byte	4
 1208 04a0 D9       		.byte	-39
 1209 04a1 04       		.byte	4
 1210 04a2 DF       		.byte	-33
 1211 04a3 01       		.byte	1
 1212 04a4 00       		.byte	0
 1213 04a5 42       		.byte	66
 1214 04a6 02       		.byte	2
 1215 04a7 28       		.byte	40
 1216 04a8 04       		.byte	4
 1217 04a9 40       		.byte	64
 1218 04aa 06       		.byte	6
 1219 04ab 8C       		.byte	-116
 1220 04ac 08       		.byte	8
 1221 04ad 02       		.byte	2
 1222 04ae 09       		.byte	9
 1223 04af 44       		.byte	68
 1224 04b0 0A       		.byte	10
 1225 04b1 04       		.byte	4
 1226 04b2 0E       		.byte	14
 1227 04b3 28       		.byte	40
 1228 04b4 10       		.byte	16
 1229 04b5 20       		.byte	32
 1230 04b6 11       		.byte	17
 1231 04b7 01       		.byte	1
 1232 04b8 12       		.byte	18
 1233 04b9 86       		.byte	-122
 1234 04ba 14       		.byte	20
 1235 04bb 22       		.byte	34
 1236 04bc 15       		.byte	21
 1237 04bd 07       		.byte	7
 1238 04be 19       		.byte	25
 1239 04bf 40       		.byte	64
 1240 04c0 21       		.byte	33
 1241 04c1 01       		.byte	1
 1242 04c2 22       		.byte	34
 1243 04c3 05       		.byte	5
 1244 04c4 23       		.byte	35
 1245 04c5 40       		.byte	64
 1246 04c6 2B       		.byte	43
 1247 04c7 12       		.byte	18
 1248 04c8 2D       		.byte	45
 1249 04c9 84       		.byte	-124
 1250 04ca 2E       		.byte	46
 1251 04cb 80       		.byte	-128
 1252 04cc 31       		.byte	49
 1253 04cd 09       		.byte	9
 1254 04ce 32       		.byte	50
ARM GAS  C:\Users\Charlie\AppData\Local\Temp\ccVjKkwe.s 			page 23


 1255 04cf 80       		.byte	-128
 1256 04d0 34       		.byte	52
 1257 04d1 02       		.byte	2
 1258 04d2 35       		.byte	53
 1259 04d3 10       		.byte	16
 1260 04d4 36       		.byte	54
 1261 04d5 3C       		.byte	60
 1262 04d6 38       		.byte	56
 1263 04d7 80       		.byte	-128
 1264 04d8 39       		.byte	57
 1265 04d9 20       		.byte	32
 1266 04da 3C       		.byte	60
 1267 04db 40       		.byte	64
 1268 04dc 3E       		.byte	62
 1269 04dd 08       		.byte	8
 1270 04de 41       		.byte	65
 1271 04df 18       		.byte	24
 1272 04e0 49       		.byte	73
 1273 04e1 01       		.byte	1
 1274 04e2 4B       		.byte	75
 1275 04e3 40       		.byte	64
 1276 04e4 50       		.byte	80
 1277 04e5 80       		.byte	-128
 1278 04e6 52       		.byte	82
 1279 04e7 02       		.byte	2
 1280 04e8 53       		.byte	83
 1281 04e9 02       		.byte	2
 1282 04ea 59       		.byte	89
 1283 04eb 41       		.byte	65
 1284 04ec 5A       		.byte	90
 1285 04ed 18       		.byte	24
 1286 04ee 81       		.byte	-127
 1287 04ef 84       		.byte	-124
 1288 04f0 84       		.byte	-124
 1289 04f1 21       		.byte	33
 1290 04f2 8E       		.byte	-114
 1291 04f3 12       		.byte	18
 1292 04f4 90       		.byte	-112
 1293 04f5 C0       		.byte	-64
 1294 04f6 91       		.byte	-111
 1295 04f7 20       		.byte	32
 1296 04f8 92       		.byte	-110
 1297 04f9 04       		.byte	4
 1298 04fa 96       		.byte	-106
 1299 04fb 02       		.byte	2
 1300 04fc 97       		.byte	-105
 1301 04fd 40       		.byte	64
 1302 04fe 98       		.byte	-104
 1303 04ff 22       		.byte	34
 1304 0500 99       		.byte	-103
 1305 0501 10       		.byte	16
 1306 0502 9A       		.byte	-102
 1307 0503 84       		.byte	-124
 1308 0504 A0       		.byte	-96
 1309 0505 20       		.byte	32
 1310 0506 A1       		.byte	-95
 1311 0507 48       		.byte	72
ARM GAS  C:\Users\Charlie\AppData\Local\Temp\ccVjKkwe.s 			page 24


 1312 0508 A2       		.byte	-94
 1313 0509 08       		.byte	8
 1314 050a A3       		.byte	-93
 1315 050b 10       		.byte	16
 1316 050c A4       		.byte	-92
 1317 050d 80       		.byte	-128
 1318 050e A8       		.byte	-88
 1319 050f 21       		.byte	33
 1320 0510 AA       		.byte	-86
 1321 0511 82       		.byte	-126
 1322 0512 AD       		.byte	-83
 1323 0513 20       		.byte	32
 1324 0514 B0       		.byte	-80
 1325 0515 02       		.byte	2
 1326 0516 C0       		.byte	-64
 1327 0517 DF       		.byte	-33
 1328 0518 C2       		.byte	-62
 1329 0519 6F       		.byte	111
 1330 051a C4       		.byte	-60
 1331 051b AF       		.byte	-81
 1332 051c CA       		.byte	-54
 1333 051d 5A       		.byte	90
 1334 051e CC       		.byte	-52
 1335 051f EB       		.byte	-21
 1336 0520 CE       		.byte	-50
 1337 0521 5C       		.byte	92
 1338 0522 D0       		.byte	-48
 1339 0523 06       		.byte	6
 1340 0524 D2       		.byte	-46
 1341 0525 08       		.byte	8
 1342 0526 D6       		.byte	-42
 1343 0527 0F       		.byte	15
 1344 0528 E8       		.byte	-24
 1345 0529 10       		.byte	16
 1346 052a EA       		.byte	-22
 1347 052b 01       		.byte	1
 1348 052c EC       		.byte	-20
 1349 052d 02       		.byte	2
 1350 052e EE       		.byte	-18
 1351 052f 04       		.byte	4
 1352 0530 58       		.byte	88
 1353 0531 04       		.byte	4
 1354 0532 59       		.byte	89
 1355 0533 04       		.byte	4
 1356 0534 5F       		.byte	95
 1357 0535 01       		.byte	1
 1358 0536 84       		.byte	-124
 1359 0537 0C       		.byte	12
 1360 0538 86       		.byte	-122
 1361 0539 13       		.byte	19
 1362 053a 8B       		.byte	-117
 1363 053b 20       		.byte	32
 1364 053c 8D       		.byte	-115
 1365 053d 10       		.byte	16
 1366 053e 8E       		.byte	-114
 1367 053f 0C       		.byte	12
 1368 0540 8F       		.byte	-113
ARM GAS  C:\Users\Charlie\AppData\Local\Temp\ccVjKkwe.s 			page 25


 1369 0541 AC       		.byte	-84
 1370 0542 90       		.byte	-112
 1371 0543 11       		.byte	17
 1372 0544 92       		.byte	-110
 1373 0545 06       		.byte	6
 1374 0546 94       		.byte	-108
 1375 0547 40       		.byte	64
 1376 0548 95       		.byte	-107
 1377 0549 0C       		.byte	12
 1378 054a 97       		.byte	-105
 1379 054b 71       		.byte	113
 1380 054c 9B       		.byte	-101
 1381 054d 03       		.byte	3
 1382 054e 9D       		.byte	-99
 1383 054f 14       		.byte	20
 1384 0550 9E       		.byte	-98
 1385 0551 08       		.byte	8
 1386 0552 A1       		.byte	-95
 1387 0553 10       		.byte	16
 1388 0554 A3       		.byte	-93
 1389 0555 40       		.byte	64
 1390 0556 A4       		.byte	-92
 1391 0557 20       		.byte	32
 1392 0558 A5       		.byte	-91
 1393 0559 DC       		.byte	-36
 1394 055a A6       		.byte	-90
 1395 055b 03       		.byte	3
 1396 055c A7       		.byte	-89
 1397 055d 22       		.byte	34
 1398 055e A8       		.byte	-88
 1399 055f 40       		.byte	64
 1400 0560 AC       		.byte	-84
 1401 0561 11       		.byte	17
 1402 0562 AD       		.byte	-83
 1403 0563 09       		.byte	9
 1404 0564 AE       		.byte	-82
 1405 0565 0E       		.byte	14
 1406 0566 AF       		.byte	-81
 1407 0567 D0       		.byte	-48
 1408 0568 B0       		.byte	-80
 1409 0569 30       		.byte	48
 1410 056a B2       		.byte	-78
 1411 056b 40       		.byte	64
 1412 056c B3       		.byte	-77
 1413 056d E0       		.byte	-32
 1414 056e B4       		.byte	-76
 1415 056f 0F       		.byte	15
 1416 0570 B5       		.byte	-75
 1417 0571 1F       		.byte	31
 1418 0572 B8       		.byte	-72
 1419 0573 0A       		.byte	10
 1420 0574 BA       		.byte	-70
 1421 0575 20       		.byte	32
 1422 0576 BB       		.byte	-69
 1423 0577 08       		.byte	8
 1424 0578 BE       		.byte	-66
 1425 0579 04       		.byte	4
ARM GAS  C:\Users\Charlie\AppData\Local\Temp\ccVjKkwe.s 			page 26


 1426 057a C0       		.byte	-64
 1427 057b 06       		.byte	6
 1428 057c C6       		.byte	-58
 1429 057d 04       		.byte	4
 1430 057e C9       		.byte	-55
 1431 057f FF       		.byte	-1
 1432 0580 CA       		.byte	-54
 1433 0581 07       		.byte	7
 1434 0582 CB       		.byte	-53
 1435 0583 FF       		.byte	-1
 1436 0584 CC       		.byte	-52
 1437 0585 40       		.byte	64
 1438 0586 CD       		.byte	-51
 1439 0587 20       		.byte	32
 1440 0588 CE       		.byte	-50
 1441 0589 F0       		.byte	-16
 1442 058a CF       		.byte	-49
 1443 058b 05       		.byte	5
 1444 058c D0       		.byte	-48
 1445 058d 08       		.byte	8
 1446 058e D2       		.byte	-46
 1447 058f 03       		.byte	3
 1448 0590 D3       		.byte	-45
 1449 0591 02       		.byte	2
 1450 0592 D8       		.byte	-40
 1451 0593 04       		.byte	4
 1452 0594 D9       		.byte	-39
 1453 0595 04       		.byte	4
 1454 0596 DA       		.byte	-38
 1455 0597 04       		.byte	4
 1456 0598 DB       		.byte	-37
 1457 0599 04       		.byte	4
 1458 059a DC       		.byte	-36
 1459 059b 11       		.byte	17
 1460 059c DD       		.byte	-35
 1461 059d 01       		.byte	1
 1462 059e DF       		.byte	-33
 1463 059f 01       		.byte	1
 1464 05a0 E0       		.byte	-32
 1465 05a1 40       		.byte	64
 1466 05a2 E1       		.byte	-31
 1467 05a3 A8       		.byte	-88
 1468 05a4 E2       		.byte	-30
 1469 05a5 40       		.byte	64
 1470 05a6 E3       		.byte	-29
 1471 05a7 20       		.byte	32
 1472 05a8 00       		.byte	0
 1473 05a9 04       		.byte	4
 1474 05aa 03       		.byte	3
 1475 05ab 02       		.byte	2
 1476 05ac 04       		.byte	4
 1477 05ad 42       		.byte	66
 1478 05ae 05       		.byte	5
 1479 05af 20       		.byte	32
 1480 05b0 06       		.byte	6
 1481 05b1 04       		.byte	4
 1482 05b2 08       		.byte	8
ARM GAS  C:\Users\Charlie\AppData\Local\Temp\ccVjKkwe.s 			page 27


 1483 05b3 08       		.byte	8
 1484 05b4 09       		.byte	9
 1485 05b5 80       		.byte	-128
 1486 05b6 0B       		.byte	11
 1487 05b7 40       		.byte	64
 1488 05b8 0E       		.byte	14
 1489 05b9 08       		.byte	8
 1490 05ba 10       		.byte	16
 1491 05bb 28       		.byte	40
 1492 05bc 11       		.byte	17
 1493 05bd 80       		.byte	-128
 1494 05be 14       		.byte	20
 1495 05bf 12       		.byte	18
 1496 05c0 16       		.byte	22
 1497 05c1 80       		.byte	-128
 1498 05c2 18       		.byte	24
 1499 05c3 84       		.byte	-124
 1500 05c4 1A       		.byte	26
 1501 05c5 04       		.byte	4
 1502 05c6 1B       		.byte	27
 1503 05c7 16       		.byte	22
 1504 05c8 21       		.byte	33
 1505 05c9 08       		.byte	8
 1506 05ca 22       		.byte	34
 1507 05cb 20       		.byte	32
 1508 05cc 2B       		.byte	43
 1509 05cd 92       		.byte	-110
 1510 05ce 2D       		.byte	45
 1511 05cf 20       		.byte	32
 1512 05d0 2E       		.byte	46
 1513 05d1 82       		.byte	-126
 1514 05d2 30       		.byte	48
 1515 05d3 80       		.byte	-128
 1516 05d4 31       		.byte	49
 1517 05d5 08       		.byte	8
 1518 05d6 32       		.byte	50
 1519 05d7 20       		.byte	32
 1520 05d8 34       		.byte	52
 1521 05d9 02       		.byte	2
 1522 05da 35       		.byte	53
 1523 05db 10       		.byte	16
 1524 05dc 36       		.byte	54
 1525 05dd 0C       		.byte	12
 1526 05de 38       		.byte	56
 1527 05df 20       		.byte	32
 1528 05e0 3B       		.byte	59
 1529 05e1 40       		.byte	64
 1530 05e2 3C       		.byte	60
 1531 05e3 40       		.byte	64
 1532 05e4 48       		.byte	72
 1533 05e5 04       		.byte	4
 1534 05e6 50       		.byte	80
 1535 05e7 30       		.byte	48
 1536 05e8 51       		.byte	81
 1537 05e9 90       		.byte	-112
 1538 05ea 53       		.byte	83
 1539 05eb 80       		.byte	-128
ARM GAS  C:\Users\Charlie\AppData\Local\Temp\ccVjKkwe.s 			page 28


 1540 05ec 68       		.byte	104
 1541 05ed 08       		.byte	8
 1542 05ee 69       		.byte	105
 1543 05ef 40       		.byte	64
 1544 05f0 6A       		.byte	106
 1545 05f1 10       		.byte	16
 1546 05f2 6B       		.byte	107
 1547 05f3 02       		.byte	2
 1548 05f4 85       		.byte	-123
 1549 05f5 48       		.byte	72
 1550 05f6 8B       		.byte	-117
 1551 05f7 02       		.byte	2
 1552 05f8 90       		.byte	-112
 1553 05f9 40       		.byte	64
 1554 05fa 94       		.byte	-108
 1555 05fb 20       		.byte	32
 1556 05fc 95       		.byte	-107
 1557 05fd 40       		.byte	64
 1558 05fe 96       		.byte	-106
 1559 05ff 12       		.byte	18
 1560 0600 98       		.byte	-104
 1561 0601 1A       		.byte	26
 1562 0602 99       		.byte	-103
 1563 0603 30       		.byte	48
 1564 0604 9E       		.byte	-98
 1565 0605 84       		.byte	-124
 1566 0606 A0       		.byte	-96
 1567 0607 04       		.byte	4
 1568 0608 A2       		.byte	-94
 1569 0609 08       		.byte	8
 1570 060a A5       		.byte	-91
 1571 060b 08       		.byte	8
 1572 060c A6       		.byte	-90
 1573 060d 20       		.byte	32
 1574 060e A7       		.byte	-89
 1575 060f 14       		.byte	20
 1576 0610 A8       		.byte	-88
 1577 0611 08       		.byte	8
 1578 0612 AD       		.byte	-83
 1579 0613 10       		.byte	16
 1580 0614 AF       		.byte	-81
 1581 0615 01       		.byte	1
 1582 0616 B4       		.byte	-76
 1583 0617 01       		.byte	1
 1584 0618 C0       		.byte	-64
 1585 0619 D5       		.byte	-43
 1586 061a C2       		.byte	-62
 1587 061b 4D       		.byte	77
 1588 061c C4       		.byte	-60
 1589 061d B7       		.byte	-73
 1590 061e CA       		.byte	-54
 1591 061f BB       		.byte	-69
 1592 0620 CC       		.byte	-52
 1593 0621 EE       		.byte	-18
 1594 0622 CE       		.byte	-50
 1595 0623 1C       		.byte	28
 1596 0624 D2       		.byte	-46
ARM GAS  C:\Users\Charlie\AppData\Local\Temp\ccVjKkwe.s 			page 29


 1597 0625 04       		.byte	4
 1598 0626 EE       		.byte	-18
 1599 0627 04       		.byte	4
 1600 0628 58       		.byte	88
 1601 0629 04       		.byte	4
 1602 062a 59       		.byte	89
 1603 062b 04       		.byte	4
 1604 062c 5F       		.byte	95
 1605 062d 01       		.byte	1
 1606 062e 85       		.byte	-123
 1607 062f 0C       		.byte	12
 1608 0630 88       		.byte	-120
 1609 0631 01       		.byte	1
 1610 0632 89       		.byte	-119
 1611 0633 0C       		.byte	12
 1612 0634 8A       		.byte	-118
 1613 0635 06       		.byte	6
 1614 0636 90       		.byte	-112
 1615 0637 04       		.byte	4
 1616 0638 91       		.byte	-111
 1617 0639 0A       		.byte	10
 1618 063a 92       		.byte	-110
 1619 063b 01       		.byte	1
 1620 063c 93       		.byte	-109
 1621 063d 24       		.byte	36
 1622 063e 95       		.byte	-107
 1623 063f 03       		.byte	3
 1624 0640 98       		.byte	-104
 1625 0641 02       		.byte	2
 1626 0642 99       		.byte	-103
 1627 0643 03       		.byte	3
 1628 0644 9A       		.byte	-102
 1629 0645 01       		.byte	1
 1630 0646 9F       		.byte	-97
 1631 0647 03       		.byte	3
 1632 0648 A3       		.byte	-93
 1633 0649 03       		.byte	3
 1634 064a A4       		.byte	-92
 1635 064b 0F       		.byte	15
 1636 064c A5       		.byte	-91
 1637 064d 05       		.byte	5
 1638 064e A7       		.byte	-89
 1639 064f 28       		.byte	40
 1640 0650 A8       		.byte	-88
 1641 0651 0F       		.byte	15
 1642 0652 A9       		.byte	-87
 1643 0653 03       		.byte	3
 1644 0654 AB       		.byte	-85
 1645 0655 10       		.byte	16
 1646 0656 AC       		.byte	-84
 1647 0657 08       		.byte	8
 1648 0658 AF       		.byte	-81
 1649 0659 03       		.byte	3
 1650 065a B1       		.byte	-79
 1651 065b 0C       		.byte	12
 1652 065c B3       		.byte	-77
 1653 065d 03       		.byte	3
ARM GAS  C:\Users\Charlie\AppData\Local\Temp\ccVjKkwe.s 			page 30


 1654 065e B4       		.byte	-76
 1655 065f 07       		.byte	7
 1656 0660 B6       		.byte	-74
 1657 0661 08       		.byte	8
 1658 0662 B7       		.byte	-73
 1659 0663 30       		.byte	48
 1660 0664 BF       		.byte	-65
 1661 0665 40       		.byte	64
 1662 0666 C0       		.byte	-64
 1663 0667 25       		.byte	37
 1664 0668 C1       		.byte	-63
 1665 0669 06       		.byte	6
 1666 066a C2       		.byte	-62
 1667 066b 03       		.byte	3
 1668 066c C4       		.byte	-60
 1669 066d 01       		.byte	1
 1670 066e C5       		.byte	-59
 1671 066f C0       		.byte	-64
 1672 0670 C6       		.byte	-58
 1673 0671 E0       		.byte	-32
 1674 0672 C8       		.byte	-56
 1675 0673 0A       		.byte	10
 1676 0674 C9       		.byte	-55
 1677 0675 FF       		.byte	-1
 1678 0676 CA       		.byte	-54
 1679 0677 FF       		.byte	-1
 1680 0678 CB       		.byte	-53
 1681 0679 FF       		.byte	-1
 1682 067a CC       		.byte	-52
 1683 067b 62       		.byte	98
 1684 067c CD       		.byte	-51
 1685 067d A0       		.byte	-96
 1686 067e CE       		.byte	-50
 1687 067f F0       		.byte	-16
 1688 0680 CF       		.byte	-49
 1689 0681 41       		.byte	65
 1690 0682 D0       		.byte	-48
 1691 0683 0C       		.byte	12
 1692 0684 D6       		.byte	-42
 1693 0685 02       		.byte	2
 1694 0686 D7       		.byte	-41
 1695 0687 13       		.byte	19
 1696 0688 D8       		.byte	-40
 1697 0689 04       		.byte	4
 1698 068a D9       		.byte	-39
 1699 068b 04       		.byte	4
 1700 068c DA       		.byte	-38
 1701 068d 04       		.byte	4
 1702 068e DB       		.byte	-37
 1703 068f 04       		.byte	4
 1704 0690 DC       		.byte	-36
 1705 0691 11       		.byte	17
 1706 0692 DD       		.byte	-35
 1707 0693 11       		.byte	17
 1708 0694 DF       		.byte	-33
 1709 0695 01       		.byte	1
 1710 0696 E6       		.byte	-26
ARM GAS  C:\Users\Charlie\AppData\Local\Temp\ccVjKkwe.s 			page 31


 1711 0697 40       		.byte	64
 1712 0698 E7       		.byte	-25
 1713 0699 02       		.byte	2
 1714 069a E9       		.byte	-23
 1715 069b 10       		.byte	16
 1716 069c EA       		.byte	-22
 1717 069d 30       		.byte	48
 1718 069e EB       		.byte	-21
 1719 069f 10       		.byte	16
 1720 06a0 ED       		.byte	-19
 1721 06a1 10       		.byte	16
 1722 06a2 EE       		.byte	-18
 1723 06a3 10       		.byte	16
 1724 06a4 EF       		.byte	-17
 1725 06a5 12       		.byte	18
 1726 06a6 01       		.byte	1
 1727 06a7 20       		.byte	32
 1728 06a8 06       		.byte	6
 1729 06a9 02       		.byte	2
 1730 06aa 07       		.byte	7
 1731 06ab 10       		.byte	16
 1732 06ac 08       		.byte	8
 1733 06ad 20       		.byte	32
 1734 06ae 09       		.byte	9
 1735 06af 02       		.byte	2
 1736 06b0 0F       		.byte	15
 1737 06b1 A8       		.byte	-88
 1738 06b2 10       		.byte	16
 1739 06b3 02       		.byte	2
 1740 06b4 11       		.byte	17
 1741 06b5 14       		.byte	20
 1742 06b6 15       		.byte	21
 1743 06b7 C0       		.byte	-64
 1744 06b8 17       		.byte	23
 1745 06b9 02       		.byte	2
 1746 06ba 18       		.byte	24
 1747 06bb 02       		.byte	2
 1748 06bc 19       		.byte	25
 1749 06bd B0       		.byte	-80
 1750 06be 20       		.byte	32
 1751 06bf 61       		.byte	97
 1752 06c0 21       		.byte	33
 1753 06c1 02       		.byte	2
 1754 06c2 28       		.byte	40
 1755 06c3 A0       		.byte	-96
 1756 06c4 29       		.byte	41
 1757 06c5 90       		.byte	-112
 1758 06c6 2D       		.byte	45
 1759 06c7 40       		.byte	64
 1760 06c8 2E       		.byte	46
 1761 06c9 02       		.byte	2
 1762 06ca 2F       		.byte	47
 1763 06cb 20       		.byte	32
 1764 06cc 31       		.byte	49
 1765 06cd 02       		.byte	2
 1766 06ce 32       		.byte	50
 1767 06cf A8       		.byte	-88
ARM GAS  C:\Users\Charlie\AppData\Local\Temp\ccVjKkwe.s 			page 32


 1768 06d0 34       		.byte	52
 1769 06d1 10       		.byte	16
 1770 06d2 36       		.byte	54
 1771 06d3 40       		.byte	64
 1772 06d4 37       		.byte	55
 1773 06d5 10       		.byte	16
 1774 06d6 39       		.byte	57
 1775 06d7 14       		.byte	20
 1776 06d8 3F       		.byte	63
 1777 06d9 88       		.byte	-120
 1778 06da 40       		.byte	64
 1779 06db 05       		.byte	5
 1780 06dc 43       		.byte	67
 1781 06dd 08       		.byte	8
 1782 06de 49       		.byte	73
 1783 06df 82       		.byte	-126
 1784 06e0 4A       		.byte	74
 1785 06e1 08       		.byte	8
 1786 06e2 53       		.byte	83
 1787 06e3 10       		.byte	16
 1788 06e4 59       		.byte	89
 1789 06e5 01       		.byte	1
 1790 06e6 68       		.byte	104
 1791 06e7 02       		.byte	2
 1792 06e8 69       		.byte	105
 1793 06e9 14       		.byte	20
 1794 06ea 71       		.byte	113
 1795 06eb 40       		.byte	64
 1796 06ec 72       		.byte	114
 1797 06ed 08       		.byte	8
 1798 06ee 73       		.byte	115
 1799 06ef 10       		.byte	16
 1800 06f0 7B       		.byte	123
 1801 06f1 30       		.byte	48
 1802 06f2 8A       		.byte	-118
 1803 06f3 01       		.byte	1
 1804 06f4 90       		.byte	-112
 1805 06f5 04       		.byte	4
 1806 06f6 91       		.byte	-111
 1807 06f7 80       		.byte	-128
 1808 06f8 94       		.byte	-108
 1809 06f9 42       		.byte	66
 1810 06fa 96       		.byte	-106
 1811 06fb 23       		.byte	35
 1812 06fc 97       		.byte	-105
 1813 06fd 30       		.byte	48
 1814 06fe 98       		.byte	-104
 1815 06ff 80       		.byte	-128
 1816 0700 99       		.byte	-103
 1817 0701 01       		.byte	1
 1818 0702 9A       		.byte	-102
 1819 0703 02       		.byte	2
 1820 0704 9D       		.byte	-99
 1821 0705 52       		.byte	82
 1822 0706 9E       		.byte	-98
 1823 0707 08       		.byte	8
 1824 0708 A2       		.byte	-94
ARM GAS  C:\Users\Charlie\AppData\Local\Temp\ccVjKkwe.s 			page 33


 1825 0709 A8       		.byte	-88
 1826 070a A3       		.byte	-93
 1827 070b 6C       		.byte	108
 1828 070c B2       		.byte	-78
 1829 070d 08       		.byte	8
 1830 070e B3       		.byte	-77
 1831 070f 02       		.byte	2
 1832 0710 C0       		.byte	-64
 1833 0711 A2       		.byte	-94
 1834 0712 C2       		.byte	-62
 1835 0713 7A       		.byte	122
 1836 0714 C4       		.byte	-60
 1837 0715 97       		.byte	-105
 1838 0716 CA       		.byte	-54
 1839 0717 DF       		.byte	-33
 1840 0718 CC       		.byte	-52
 1841 0719 3F       		.byte	63
 1842 071a CE       		.byte	-50
 1843 071b 56       		.byte	86
 1844 071c D0       		.byte	-48
 1845 071d 0E       		.byte	14
 1846 071e D2       		.byte	-46
 1847 071f 0C       		.byte	12
 1848 0720 D6       		.byte	-42
 1849 0721 01       		.byte	1
 1850 0722 E0       		.byte	-32
 1851 0723 20       		.byte	32
 1852 0724 E8       		.byte	-24
 1853 0725 40       		.byte	64
 1854 0726 EE       		.byte	-18
 1855 0727 04       		.byte	4
 1856 0728 8C       		.byte	-116
 1857 0729 20       		.byte	32
 1858 072a 8E       		.byte	-114
 1859 072b 10       		.byte	16
 1860 072c 96       		.byte	-106
 1861 072d 20       		.byte	32
 1862 072e 9C       		.byte	-100
 1863 072f 20       		.byte	32
 1864 0730 A9       		.byte	-87
 1865 0731 40       		.byte	64
 1866 0732 AB       		.byte	-85
 1867 0733 20       		.byte	32
 1868 0734 AC       		.byte	-84
 1869 0735 10       		.byte	16
 1870 0736 B0       		.byte	-80
 1871 0737 10       		.byte	16
 1872 0738 B2       		.byte	-78
 1873 0739 41       		.byte	65
 1874 073a B3       		.byte	-77
 1875 073b 02       		.byte	2
 1876 073c E8       		.byte	-24
 1877 073d 30       		.byte	48
 1878 073e 13       		.byte	19
 1879 073f 02       		.byte	2
 1880 0740 16       		.byte	22
 1881 0741 80       		.byte	-128
ARM GAS  C:\Users\Charlie\AppData\Local\Temp\ccVjKkwe.s 			page 34


 1882 0742 31       		.byte	49
 1883 0743 20       		.byte	32
 1884 0744 3B       		.byte	59
 1885 0745 02       		.byte	2
 1886 0746 3E       		.byte	62
 1887 0747 80       		.byte	-128
 1888 0748 C4       		.byte	-60
 1889 0749 30       		.byte	48
 1890 074a CC       		.byte	-52
 1891 074b 10       		.byte	16
 1892 074c CE       		.byte	-50
 1893 074d 60       		.byte	96
 1894 074e 52       		.byte	82
 1895 074f 20       		.byte	32
 1896 0750 53       		.byte	83
 1897 0751 02       		.byte	2
 1898 0752 57       		.byte	87
 1899 0753 08       		.byte	8
 1900 0754 58       		.byte	88
 1901 0755 04       		.byte	4
 1902 0756 5F       		.byte	95
 1903 0757 80       		.byte	-128
 1904 0758 64       		.byte	100
 1905 0759 08       		.byte	8
 1906 075a 84       		.byte	-124
 1907 075b 04       		.byte	4
 1908 075c 86       		.byte	-122
 1909 075d 20       		.byte	32
 1910 075e 97       		.byte	-105
 1911 075f 02       		.byte	2
 1912 0760 9B       		.byte	-101
 1913 0761 02       		.byte	2
 1914 0762 A5       		.byte	-91
 1915 0763 20       		.byte	32
 1916 0764 D4       		.byte	-44
 1917 0765 E0       		.byte	-32
 1918 0766 D6       		.byte	-42
 1919 0767 60       		.byte	96
 1920 0768 D8       		.byte	-40
 1921 0769 80       		.byte	-128
 1922 076a E2       		.byte	-30
 1923 076b 10       		.byte	16
 1924 076c E6       		.byte	-26
 1925 076d 40       		.byte	64
 1926 076e 97       		.byte	-105
 1927 076f 02       		.byte	2
 1928 0770 9B       		.byte	-101
 1929 0771 02       		.byte	2
 1930 0772 A5       		.byte	-91
 1931 0773 20       		.byte	32
 1932 0774 B3       		.byte	-77
 1933 0775 0A       		.byte	10
 1934 0776 B4       		.byte	-76
 1935 0777 08       		.byte	8
 1936 0778 B7       		.byte	-73
 1937 0779 80       		.byte	-128
 1938 077a 81       		.byte	-127
ARM GAS  C:\Users\Charlie\AppData\Local\Temp\ccVjKkwe.s 			page 35


 1939 077b 20       		.byte	32
 1940 077c A5       		.byte	-91
 1941 077d 20       		.byte	32
 1942 077e AB       		.byte	-85
 1943 077f 01       		.byte	1
 1944 0780 B7       		.byte	-73
 1945 0781 02       		.byte	2
 1946 0782 E2       		.byte	-30
 1947 0783 20       		.byte	32
 1948 0784 EE       		.byte	-18
 1949 0785 20       		.byte	32
 1950 0786 1B       		.byte	27
 1951 0787 04       		.byte	4
 1952 0788 24       		.byte	36
 1953 0789 40       		.byte	64
 1954 078a C6       		.byte	-58
 1955 078b 08       		.byte	8
 1956 078c C8       		.byte	-56
 1957 078d 01       		.byte	1
 1958 078e 44       		.byte	68
 1959 078f 02       		.byte	2
 1960 0790 90       		.byte	-112
 1961 0791 40       		.byte	64
 1962 0792 AB       		.byte	-85
 1963 0793 04       		.byte	4
 1964 0794 D0       		.byte	-48
 1965 0795 04       		.byte	4
 1966 0796 24       		.byte	36
 1967 0797 08       		.byte	8
 1968 0798 C8       		.byte	-56
 1969 0799 20       		.byte	32
 1970 079a B4       		.byte	-76
 1971 079b 04       		.byte	4
 1972 079c 90       		.byte	-112
 1973 079d 02       		.byte	2
 1974 079e 9C       		.byte	-100
 1975 079f 02       		.byte	2
 1976 07a0 A8       		.byte	-88
 1977 07a1 40       		.byte	64
 1978 07a2 B4       		.byte	-76
 1979 07a3 01       		.byte	1
 1980 07a4 E8       		.byte	-24
 1981 07a5 02       		.byte	2
 1982 07a6 12       		.byte	18
 1983 07a7 80       		.byte	-128
 1984 07a8 70       		.byte	112
 1985 07a9 01       		.byte	1
 1986 07aa 8E       		.byte	-114
 1987 07ab 80       		.byte	-128
 1988 07ac 90       		.byte	-112
 1989 07ad 02       		.byte	2
 1990 07ae B4       		.byte	-76
 1991 07af 02       		.byte	2
 1992 07b0 C4       		.byte	-60
 1993 07b1 08       		.byte	8
 1994 07b2 DC       		.byte	-36
 1995 07b3 01       		.byte	1
ARM GAS  C:\Users\Charlie\AppData\Local\Temp\ccVjKkwe.s 			page 36


 1996 07b4 E2       		.byte	-30
 1997 07b5 02       		.byte	2
 1998 07b6 E8       		.byte	-24
 1999 07b7 08       		.byte	8
 2000 07b8 00       		.byte	0
 2001 07b9 03       		.byte	3
 2002 07ba 01       		.byte	1
 2003 07bb 01       		.byte	1
 2004 07bc 08       		.byte	8
 2005 07bd 01       		.byte	1
 2006 07be 0A       		.byte	10
 2007 07bf 03       		.byte	3
 2008 07c0 0C       		.byte	12
 2009 07c1 03       		.byte	3
 2010 07c2 0D       		.byte	13
 2011 07c3 01       		.byte	1
 2012 07c4 10       		.byte	16
 2013 07c5 03       		.byte	3
 2014 07c6 1A       		.byte	26
 2015 07c7 03       		.byte	3
 2016 07c8 1C       		.byte	28
 2017 07c9 03       		.byte	3
 2018 07ca 00       		.byte	0
 2019 07cb 03       		.byte	3
 2020 07cc 10       		.byte	16
 2021 07cd 0A       		.byte	10
 2022 07ce 00       		.byte	0
 2023 07cf 00       		.byte	0
 2024 07d0 00       		.byte	0
 2025 07d1 00       		.byte	0
 2026 07d2 00       		.byte	0
 2027 07d3 00       		.byte	0
 2028 07d4 00       		.byte	0
 2029 07d5 3F       		.byte	63
 2030 07d6 3F       		.byte	63
 2031 07d7 00       		.byte	0
 2032 07d8 80       		.byte	-128
 2033 07d9 00       		.byte	0
 2034 07da 40       		.byte	64
 2035 07db 80       		.byte	-128
 2036 07dc 80       		.byte	-128
 2037 07dd 00       		.byte	0
 2038 07de 80       		.byte	-128
 2039 07df 00       		.byte	0
 2040 07e0 00       		.byte	0
 2041 07e1 00       		.byte	0
 2042 07e2 00       		.byte	0
 2043 07e3 00       		.byte	0
 2044 07e4 00       		.byte	0
 2045 07e5 01       		.byte	1
 2046 07e6 00       		.byte	0
 2047 07e7 00       		.byte	0
 2048              		.global	cy_meta_custnvl
 2049              		.section	.cycustnvl,"a",%progbits
 2050              		.align	2
 2051              		.type	cy_meta_custnvl, %object
 2052              		.size	cy_meta_custnvl, 4
ARM GAS  C:\Users\Charlie\AppData\Local\Temp\ccVjKkwe.s 			page 37


 2053              	cy_meta_custnvl:
 2054 0000 00       		.byte	0
 2055 0001 00       		.byte	0
 2056 0002 40       		.byte	64
 2057 0003 05       		.byte	5
 2058              		.global	cy_meta_wonvl
 2059              		.section	.cywolatch,"a",%progbits
 2060              		.align	2
 2061              		.type	cy_meta_wonvl, %object
 2062              		.size	cy_meta_wonvl, 4
 2063              	cy_meta_wonvl:
 2064 0000 BC       		.byte	-68
 2065 0001 90       		.byte	-112
 2066 0002 AC       		.byte	-84
 2067 0003 AF       		.byte	-81
 2068              		.global	cy_meta_flashprotect
 2069              		.section	.cyflashprotect,"a",%progbits
 2070              		.align	2
 2071              		.type	cy_meta_flashprotect, %object
 2072              		.size	cy_meta_flashprotect, 256
 2073              	cy_meta_flashprotect:
 2074 0000 00000000 		.space	256
 2074      00000000 
 2074      00000000 
 2074      00000000 
 2074      00000000 
 2075              		.global	cy_metadata
 2076              		.section	.cymeta,"a",%progbits
 2077              		.align	2
 2078              		.type	cy_metadata, %object
 2079              		.size	cy_metadata, 12
 2080              	cy_metadata:
 2081 0000 00       		.byte	0
 2082 0001 01       		.byte	1
 2083 0002 2E       		.byte	46
 2084 0003 16       		.byte	22
 2085 0004 10       		.byte	16
 2086 0005 69       		.byte	105
 2087 0006 00       		.byte	0
 2088 0007 01       		.byte	1
 2089 0008 00       		.byte	0
 2090 0009 00       		.byte	0
 2091 000a 00       		.byte	0
 2092 000b 00       		.byte	0
 2093              		.text
 2094              	.Letext0:
 2095              		.file 1 ".\\Generated_Source\\PSoC5\\cymetadata.c"
 2096              		.file 2 ".\\Generated_Source\\PSoC5\\cytypes.h"
 2097              		.section	.debug_info,"",%progbits
 2098              	.Ldebug_info0:
 2099 0000 3A010000 		.4byte	0x13a
 2100 0004 0400     		.2byte	0x4
 2101 0006 00000000 		.4byte	.Ldebug_abbrev0
 2102 000a 04       		.byte	0x4
 2103 000b 01       		.uleb128 0x1
 2104 000c 1C010000 		.4byte	.LASF18
 2105 0010 01       		.byte	0x1
ARM GAS  C:\Users\Charlie\AppData\Local\Temp\ccVjKkwe.s 			page 38


 2106 0011 00000000 		.4byte	.LASF19
 2107 0015 38000000 		.4byte	.LASF20
 2108 0019 00000000 		.4byte	.Ldebug_line0
 2109 001d 02       		.uleb128 0x2
 2110 001e 01       		.byte	0x1
 2111 001f 06       		.byte	0x6
 2112 0020 F0010000 		.4byte	.LASF0
 2113 0024 02       		.uleb128 0x2
 2114 0025 01       		.byte	0x1
 2115 0026 08       		.byte	0x8
 2116 0027 9C000000 		.4byte	.LASF1
 2117 002b 02       		.uleb128 0x2
 2118 002c 02       		.byte	0x2
 2119 002d 05       		.byte	0x5
 2120 002e D7010000 		.4byte	.LASF2
 2121 0032 02       		.uleb128 0x2
 2122 0033 02       		.byte	0x2
 2123 0034 07       		.byte	0x7
 2124 0035 BC000000 		.4byte	.LASF3
 2125 0039 02       		.uleb128 0x2
 2126 003a 04       		.byte	0x4
 2127 003b 05       		.byte	0x5
 2128 003c E7010000 		.4byte	.LASF4
 2129 0040 02       		.uleb128 0x2
 2130 0041 04       		.byte	0x4
 2131 0042 07       		.byte	0x7
 2132 0043 AA000000 		.4byte	.LASF5
 2133 0047 02       		.uleb128 0x2
 2134 0048 08       		.byte	0x8
 2135 0049 05       		.byte	0x5
 2136 004a C4010000 		.4byte	.LASF6
 2137 004e 02       		.uleb128 0x2
 2138 004f 08       		.byte	0x8
 2139 0050 07       		.byte	0x7
 2140 0051 05010000 		.4byte	.LASF7
 2141 0055 03       		.uleb128 0x3
 2142 0056 04       		.byte	0x4
 2143 0057 05       		.byte	0x5
 2144 0058 696E7400 		.ascii	"int\000"
 2145 005c 02       		.uleb128 0x2
 2146 005d 04       		.byte	0x4
 2147 005e 07       		.byte	0x7
 2148 005f F8000000 		.4byte	.LASF8
 2149 0063 04       		.uleb128 0x4
 2150 0064 E1010000 		.4byte	.LASF21
 2151 0068 02       		.byte	0x2
 2152 0069 A1       		.byte	0xa1
 2153 006a 24000000 		.4byte	0x24
 2154 006e 02       		.uleb128 0x2
 2155 006f 04       		.byte	0x4
 2156 0070 04       		.byte	0x4
 2157 0071 32000000 		.4byte	.LASF9
 2158 0075 02       		.uleb128 0x2
 2159 0076 08       		.byte	0x8
 2160 0077 04       		.byte	0x4
 2161 0078 CF000000 		.4byte	.LASF10
 2162 007c 02       		.uleb128 0x2
ARM GAS  C:\Users\Charlie\AppData\Local\Temp\ccVjKkwe.s 			page 39


 2163 007d 01       		.byte	0x1
 2164 007e 08       		.byte	0x8
 2165 007f D2010000 		.4byte	.LASF11
 2166 0083 05       		.uleb128 0x5
 2167 0084 63000000 		.4byte	0x63
 2168 0088 94000000 		.4byte	0x94
 2169 008c 06       		.uleb128 0x6
 2170 008d 94000000 		.4byte	0x94
 2171 0091 E707     		.2byte	0x7e7
 2172 0093 00       		.byte	0
 2173 0094 02       		.uleb128 0x2
 2174 0095 04       		.byte	0x4
 2175 0096 07       		.byte	0x7
 2176 0097 BB010000 		.4byte	.LASF12
 2177 009b 07       		.uleb128 0x7
 2178 009c E6000000 		.4byte	.LASF13
 2179 00a0 01       		.byte	0x1
 2180 00a1 1C       		.byte	0x1c
 2181 00a2 AC000000 		.4byte	0xac
 2182 00a6 05       		.uleb128 0x5
 2183 00a7 03       		.byte	0x3
 2184 00a8 00000000 		.4byte	cy_meta_configecc
 2185 00ac 08       		.uleb128 0x8
 2186 00ad 83000000 		.4byte	0x83
 2187 00b1 05       		.uleb128 0x5
 2188 00b2 63000000 		.4byte	0x63
 2189 00b6 C1000000 		.4byte	0xc1
 2190 00ba 09       		.uleb128 0x9
 2191 00bb 94000000 		.4byte	0x94
 2192 00bf 03       		.byte	0x3
 2193 00c0 00       		.byte	0
 2194 00c1 0A       		.uleb128 0xa
 2195 00c2 D6000000 		.4byte	.LASF14
 2196 00c6 01       		.byte	0x1
 2197 00c7 2301     		.2byte	0x123
 2198 00c9 D3000000 		.4byte	0xd3
 2199 00cd 05       		.uleb128 0x5
 2200 00ce 03       		.byte	0x3
 2201 00cf 00000000 		.4byte	cy_meta_custnvl
 2202 00d3 08       		.uleb128 0x8
 2203 00d4 B1000000 		.4byte	0xb1
 2204 00d8 0A       		.uleb128 0xa
 2205 00d9 AD010000 		.4byte	.LASF15
 2206 00dd 01       		.byte	0x1
 2207 00de 2E01     		.2byte	0x12e
 2208 00e0 EA000000 		.4byte	0xea
 2209 00e4 05       		.uleb128 0x5
 2210 00e5 03       		.byte	0x3
 2211 00e6 00000000 		.4byte	cy_meta_wonvl
 2212 00ea 08       		.uleb128 0x8
 2213 00eb B1000000 		.4byte	0xb1
 2214 00ef 05       		.uleb128 0x5
 2215 00f0 63000000 		.4byte	0x63
 2216 00f4 FF000000 		.4byte	0xff
 2217 00f8 09       		.uleb128 0x9
 2218 00f9 94000000 		.4byte	0x94
 2219 00fd FF       		.byte	0xff
ARM GAS  C:\Users\Charlie\AppData\Local\Temp\ccVjKkwe.s 			page 40


 2220 00fe 00       		.byte	0
 2221 00ff 0A       		.uleb128 0xa
 2222 0100 98010000 		.4byte	.LASF16
 2223 0104 01       		.byte	0x1
 2224 0105 3901     		.2byte	0x139
 2225 0107 11010000 		.4byte	0x111
 2226 010b 05       		.uleb128 0x5
 2227 010c 03       		.byte	0x3
 2228 010d 00000000 		.4byte	cy_meta_flashprotect
 2229 0111 08       		.uleb128 0x8
 2230 0112 EF000000 		.4byte	0xef
 2231 0116 05       		.uleb128 0x5
 2232 0117 63000000 		.4byte	0x63
 2233 011b 26010000 		.4byte	0x126
 2234 011f 09       		.uleb128 0x9
 2235 0120 94000000 		.4byte	0x94
 2236 0124 0B       		.byte	0xb
 2237 0125 00       		.byte	0
 2238 0126 0A       		.uleb128 0xa
 2239 0127 26000000 		.4byte	.LASF17
 2240 012b 01       		.byte	0x1
 2241 012c 6301     		.2byte	0x163
 2242 012e 38010000 		.4byte	0x138
 2243 0132 05       		.uleb128 0x5
 2244 0133 03       		.byte	0x3
 2245 0134 00000000 		.4byte	cy_metadata
 2246 0138 08       		.uleb128 0x8
 2247 0139 16010000 		.4byte	0x116
 2248 013d 00       		.byte	0
 2249              		.section	.debug_abbrev,"",%progbits
 2250              	.Ldebug_abbrev0:
 2251 0000 01       		.uleb128 0x1
 2252 0001 11       		.uleb128 0x11
 2253 0002 01       		.byte	0x1
 2254 0003 25       		.uleb128 0x25
 2255 0004 0E       		.uleb128 0xe
 2256 0005 13       		.uleb128 0x13
 2257 0006 0B       		.uleb128 0xb
 2258 0007 03       		.uleb128 0x3
 2259 0008 0E       		.uleb128 0xe
 2260 0009 1B       		.uleb128 0x1b
 2261 000a 0E       		.uleb128 0xe
 2262 000b 10       		.uleb128 0x10
 2263 000c 17       		.uleb128 0x17
 2264 000d 00       		.byte	0
 2265 000e 00       		.byte	0
 2266 000f 02       		.uleb128 0x2
 2267 0010 24       		.uleb128 0x24
 2268 0011 00       		.byte	0
 2269 0012 0B       		.uleb128 0xb
 2270 0013 0B       		.uleb128 0xb
 2271 0014 3E       		.uleb128 0x3e
 2272 0015 0B       		.uleb128 0xb
 2273 0016 03       		.uleb128 0x3
 2274 0017 0E       		.uleb128 0xe
 2275 0018 00       		.byte	0
 2276 0019 00       		.byte	0
ARM GAS  C:\Users\Charlie\AppData\Local\Temp\ccVjKkwe.s 			page 41


 2277 001a 03       		.uleb128 0x3
 2278 001b 24       		.uleb128 0x24
 2279 001c 00       		.byte	0
 2280 001d 0B       		.uleb128 0xb
 2281 001e 0B       		.uleb128 0xb
 2282 001f 3E       		.uleb128 0x3e
 2283 0020 0B       		.uleb128 0xb
 2284 0021 03       		.uleb128 0x3
 2285 0022 08       		.uleb128 0x8
 2286 0023 00       		.byte	0
 2287 0024 00       		.byte	0
 2288 0025 04       		.uleb128 0x4
 2289 0026 16       		.uleb128 0x16
 2290 0027 00       		.byte	0
 2291 0028 03       		.uleb128 0x3
 2292 0029 0E       		.uleb128 0xe
 2293 002a 3A       		.uleb128 0x3a
 2294 002b 0B       		.uleb128 0xb
 2295 002c 3B       		.uleb128 0x3b
 2296 002d 0B       		.uleb128 0xb
 2297 002e 49       		.uleb128 0x49
 2298 002f 13       		.uleb128 0x13
 2299 0030 00       		.byte	0
 2300 0031 00       		.byte	0
 2301 0032 05       		.uleb128 0x5
 2302 0033 01       		.uleb128 0x1
 2303 0034 01       		.byte	0x1
 2304 0035 49       		.uleb128 0x49
 2305 0036 13       		.uleb128 0x13
 2306 0037 01       		.uleb128 0x1
 2307 0038 13       		.uleb128 0x13
 2308 0039 00       		.byte	0
 2309 003a 00       		.byte	0
 2310 003b 06       		.uleb128 0x6
 2311 003c 21       		.uleb128 0x21
 2312 003d 00       		.byte	0
 2313 003e 49       		.uleb128 0x49
 2314 003f 13       		.uleb128 0x13
 2315 0040 2F       		.uleb128 0x2f
 2316 0041 05       		.uleb128 0x5
 2317 0042 00       		.byte	0
 2318 0043 00       		.byte	0
 2319 0044 07       		.uleb128 0x7
 2320 0045 34       		.uleb128 0x34
 2321 0046 00       		.byte	0
 2322 0047 03       		.uleb128 0x3
 2323 0048 0E       		.uleb128 0xe
 2324 0049 3A       		.uleb128 0x3a
 2325 004a 0B       		.uleb128 0xb
 2326 004b 3B       		.uleb128 0x3b
 2327 004c 0B       		.uleb128 0xb
 2328 004d 49       		.uleb128 0x49
 2329 004e 13       		.uleb128 0x13
 2330 004f 3F       		.uleb128 0x3f
 2331 0050 19       		.uleb128 0x19
 2332 0051 02       		.uleb128 0x2
 2333 0052 18       		.uleb128 0x18
ARM GAS  C:\Users\Charlie\AppData\Local\Temp\ccVjKkwe.s 			page 42


 2334 0053 00       		.byte	0
 2335 0054 00       		.byte	0
 2336 0055 08       		.uleb128 0x8
 2337 0056 26       		.uleb128 0x26
 2338 0057 00       		.byte	0
 2339 0058 49       		.uleb128 0x49
 2340 0059 13       		.uleb128 0x13
 2341 005a 00       		.byte	0
 2342 005b 00       		.byte	0
 2343 005c 09       		.uleb128 0x9
 2344 005d 21       		.uleb128 0x21
 2345 005e 00       		.byte	0
 2346 005f 49       		.uleb128 0x49
 2347 0060 13       		.uleb128 0x13
 2348 0061 2F       		.uleb128 0x2f
 2349 0062 0B       		.uleb128 0xb
 2350 0063 00       		.byte	0
 2351 0064 00       		.byte	0
 2352 0065 0A       		.uleb128 0xa
 2353 0066 34       		.uleb128 0x34
 2354 0067 00       		.byte	0
 2355 0068 03       		.uleb128 0x3
 2356 0069 0E       		.uleb128 0xe
 2357 006a 3A       		.uleb128 0x3a
 2358 006b 0B       		.uleb128 0xb
 2359 006c 3B       		.uleb128 0x3b
 2360 006d 05       		.uleb128 0x5
 2361 006e 49       		.uleb128 0x49
 2362 006f 13       		.uleb128 0x13
 2363 0070 3F       		.uleb128 0x3f
 2364 0071 19       		.uleb128 0x19
 2365 0072 02       		.uleb128 0x2
 2366 0073 18       		.uleb128 0x18
 2367 0074 00       		.byte	0
 2368 0075 00       		.byte	0
 2369 0076 00       		.byte	0
 2370              		.section	.debug_aranges,"",%progbits
 2371 0000 14000000 		.4byte	0x14
 2372 0004 0200     		.2byte	0x2
 2373 0006 00000000 		.4byte	.Ldebug_info0
 2374 000a 04       		.byte	0x4
 2375 000b 00       		.byte	0
 2376 000c 0000     		.2byte	0
 2377 000e 0000     		.2byte	0
 2378 0010 00000000 		.4byte	0
 2379 0014 00000000 		.4byte	0
 2380              		.section	.debug_line,"",%progbits
 2381              	.Ldebug_line0:
 2382 0000 4F000000 		.section	.debug_str,"MS",%progbits,1
 2382      02004900 
 2382      00000201 
 2382      FB0E0D00 
 2382      01010101 
 2383              	.LASF19:
 2384 0000 2E5C4765 		.ascii	".\\Generated_Source\\PSoC5\\cymetadata.c\000"
 2384      6E657261 
 2384      7465645F 
ARM GAS  C:\Users\Charlie\AppData\Local\Temp\ccVjKkwe.s 			page 43


 2384      536F7572 
 2384      63655C50 
 2385              	.LASF17:
 2386 0026 63795F6D 		.ascii	"cy_metadata\000"
 2386      65746164 
 2386      61746100 
 2387              	.LASF9:
 2388 0032 666C6F61 		.ascii	"float\000"
 2388      7400
 2389              	.LASF20:
 2390 0038 443A5C44 		.ascii	"D:\\Documents\\Virginia_Tech\\FSAE\\PSOC\\Current S"
 2390      6F63756D 
 2390      656E7473 
 2390      5C566972 
 2390      67696E69 
 2391 0066 656E736F 		.ascii	"ensor\\CE95277 ADC and UART\\CE95277 ADC and UART.c"
 2391      725C4345 
 2391      39353237 
 2391      37204144 
 2391      4320616E 
 2392 0097 7964736E 		.ascii	"ydsn\000"
 2392      00
 2393              	.LASF1:
 2394 009c 756E7369 		.ascii	"unsigned char\000"
 2394      676E6564 
 2394      20636861 
 2394      7200
 2395              	.LASF5:
 2396 00aa 6C6F6E67 		.ascii	"long unsigned int\000"
 2396      20756E73 
 2396      69676E65 
 2396      6420696E 
 2396      7400
 2397              	.LASF3:
 2398 00bc 73686F72 		.ascii	"short unsigned int\000"
 2398      7420756E 
 2398      7369676E 
 2398      65642069 
 2398      6E7400
 2399              	.LASF10:
 2400 00cf 646F7562 		.ascii	"double\000"
 2400      6C6500
 2401              	.LASF14:
 2402 00d6 63795F6D 		.ascii	"cy_meta_custnvl\000"
 2402      6574615F 
 2402      63757374 
 2402      6E766C00 
 2403              	.LASF13:
 2404 00e6 63795F6D 		.ascii	"cy_meta_configecc\000"
 2404      6574615F 
 2404      636F6E66 
 2404      69676563 
 2404      6300
 2405              	.LASF8:
 2406 00f8 756E7369 		.ascii	"unsigned int\000"
 2406      676E6564 
 2406      20696E74 
ARM GAS  C:\Users\Charlie\AppData\Local\Temp\ccVjKkwe.s 			page 44


 2406      00
 2407              	.LASF7:
 2408 0105 6C6F6E67 		.ascii	"long long unsigned int\000"
 2408      206C6F6E 
 2408      6720756E 
 2408      7369676E 
 2408      65642069 
 2409              	.LASF18:
 2410 011c 474E5520 		.ascii	"GNU C 4.8.4 20140526 (release) [ARM/embedded-4_8-br"
 2410      4320342E 
 2410      382E3420 
 2410      32303134 
 2410      30353236 
 2411 014f 616E6368 		.ascii	"anch revision 211358] -mcpu=cortex-m3 -mthumb -g -O"
 2411      20726576 
 2411      6973696F 
 2411      6E203231 
 2411      31333538 
 2412 0182 30202D66 		.ascii	"0 -ffunction-sections\000"
 2412      66756E63 
 2412      74696F6E 
 2412      2D736563 
 2412      74696F6E 
 2413              	.LASF16:
 2414 0198 63795F6D 		.ascii	"cy_meta_flashprotect\000"
 2414      6574615F 
 2414      666C6173 
 2414      6870726F 
 2414      74656374 
 2415              	.LASF15:
 2416 01ad 63795F6D 		.ascii	"cy_meta_wonvl\000"
 2416      6574615F 
 2416      776F6E76 
 2416      6C00
 2417              	.LASF12:
 2418 01bb 73697A65 		.ascii	"sizetype\000"
 2418      74797065 
 2418      00
 2419              	.LASF6:
 2420 01c4 6C6F6E67 		.ascii	"long long int\000"
 2420      206C6F6E 
 2420      6720696E 
 2420      7400
 2421              	.LASF11:
 2422 01d2 63686172 		.ascii	"char\000"
 2422      00
 2423              	.LASF2:
 2424 01d7 73686F72 		.ascii	"short int\000"
 2424      7420696E 
 2424      7400
 2425              	.LASF21:
 2426 01e1 75696E74 		.ascii	"uint8\000"
 2426      3800
 2427              	.LASF4:
 2428 01e7 6C6F6E67 		.ascii	"long int\000"
 2428      20696E74 
 2428      00
ARM GAS  C:\Users\Charlie\AppData\Local\Temp\ccVjKkwe.s 			page 45


 2429              	.LASF0:
 2430 01f0 7369676E 		.ascii	"signed char\000"
 2430      65642063 
 2430      68617200 
 2431              		.ident	"GCC: (GNU Tools for ARM Embedded Processors) 4.8.4 20140526 (release) [ARM/embedded-4_8-br
