ARM GAS  C:\Users\Charlie\AppData\Local\Temp\cclATfRk.s 			page 1


   1              		.syntax unified
   2              		.cpu cortex-m3
   3              		.fpu softvfp
   4              		.eabi_attribute 20, 1
   5              		.eabi_attribute 21, 1
   6              		.eabi_attribute 23, 3
   7              		.eabi_attribute 24, 1
   8              		.eabi_attribute 25, 1
   9              		.eabi_attribute 26, 1
  10              		.eabi_attribute 30, 6
  11              		.eabi_attribute 34, 1
  12              		.eabi_attribute 18, 4
  13              		.thumb
  14              		.file	"Overall_Consumption.c"
  15              		.text
  16              	.Ltext0:
  17              		.cfi_sections	.debug_frame
  18              		.section	.text.Overall_Consumption_Write,"ax",%progbits
  19              		.align	2
  20              		.global	Overall_Consumption_Write
  21              		.thumb
  22              		.thumb_func
  23              		.type	Overall_Consumption_Write, %function
  24              	Overall_Consumption_Write:
  25              	.LFB0:
  26              		.file 1 ".\\Generated_Source\\PSoC5\\Overall_Consumption.c"
   1:.\Generated_Source\PSoC5/Overall_Consumption.c **** /*******************************************************************************
   2:.\Generated_Source\PSoC5/Overall_Consumption.c **** * File Name: Overall_Consumption.c  
   3:.\Generated_Source\PSoC5/Overall_Consumption.c **** * Version 2.10
   4:.\Generated_Source\PSoC5/Overall_Consumption.c **** *
   5:.\Generated_Source\PSoC5/Overall_Consumption.c **** * Description:
   6:.\Generated_Source\PSoC5/Overall_Consumption.c **** *  This file contains API to enable firmware control of a Pins component.
   7:.\Generated_Source\PSoC5/Overall_Consumption.c **** *
   8:.\Generated_Source\PSoC5/Overall_Consumption.c **** * Note:
   9:.\Generated_Source\PSoC5/Overall_Consumption.c **** *
  10:.\Generated_Source\PSoC5/Overall_Consumption.c **** ********************************************************************************
  11:.\Generated_Source\PSoC5/Overall_Consumption.c **** * Copyright 2008-2014, Cypress Semiconductor Corporation.  All rights reserved.
  12:.\Generated_Source\PSoC5/Overall_Consumption.c **** * You may use this file only in accordance with the license, terms, conditions, 
  13:.\Generated_Source\PSoC5/Overall_Consumption.c **** * disclaimers, and limitations in the end user license agreement accompanying 
  14:.\Generated_Source\PSoC5/Overall_Consumption.c **** * the software package with which this file was provided.
  15:.\Generated_Source\PSoC5/Overall_Consumption.c **** *******************************************************************************/
  16:.\Generated_Source\PSoC5/Overall_Consumption.c **** 
  17:.\Generated_Source\PSoC5/Overall_Consumption.c **** #include "cytypes.h"
  18:.\Generated_Source\PSoC5/Overall_Consumption.c **** #include "Overall_Consumption.h"
  19:.\Generated_Source\PSoC5/Overall_Consumption.c **** 
  20:.\Generated_Source\PSoC5/Overall_Consumption.c **** /* APIs are not generated for P15[7:6] on PSoC 5 */
  21:.\Generated_Source\PSoC5/Overall_Consumption.c **** #if !(CY_PSOC5A &&\
  22:.\Generated_Source\PSoC5/Overall_Consumption.c **** 	 Overall_Consumption__PORT == 15 && ((Overall_Consumption__MASK & 0xC0) != 0))
  23:.\Generated_Source\PSoC5/Overall_Consumption.c **** 
  24:.\Generated_Source\PSoC5/Overall_Consumption.c **** 
  25:.\Generated_Source\PSoC5/Overall_Consumption.c **** /*******************************************************************************
  26:.\Generated_Source\PSoC5/Overall_Consumption.c **** * Function Name: Overall_Consumption_Write
  27:.\Generated_Source\PSoC5/Overall_Consumption.c **** ********************************************************************************
  28:.\Generated_Source\PSoC5/Overall_Consumption.c **** *
  29:.\Generated_Source\PSoC5/Overall_Consumption.c **** * Summary:
  30:.\Generated_Source\PSoC5/Overall_Consumption.c **** *  Assign a new value to the digital port's data output register.  
  31:.\Generated_Source\PSoC5/Overall_Consumption.c **** *
ARM GAS  C:\Users\Charlie\AppData\Local\Temp\cclATfRk.s 			page 2


  32:.\Generated_Source\PSoC5/Overall_Consumption.c **** * Parameters:  
  33:.\Generated_Source\PSoC5/Overall_Consumption.c **** *  prtValue:  The value to be assigned to the Digital Port. 
  34:.\Generated_Source\PSoC5/Overall_Consumption.c **** *
  35:.\Generated_Source\PSoC5/Overall_Consumption.c **** * Return: 
  36:.\Generated_Source\PSoC5/Overall_Consumption.c **** *  None
  37:.\Generated_Source\PSoC5/Overall_Consumption.c **** *  
  38:.\Generated_Source\PSoC5/Overall_Consumption.c **** *******************************************************************************/
  39:.\Generated_Source\PSoC5/Overall_Consumption.c **** void Overall_Consumption_Write(uint8 value) 
  40:.\Generated_Source\PSoC5/Overall_Consumption.c **** {
  27              		.loc 1 40 0
  28              		.cfi_startproc
  29              		@ args = 0, pretend = 0, frame = 16
  30              		@ frame_needed = 1, uses_anonymous_args = 0
  31              		@ link register save eliminated.
  32 0000 80B4     		push	{r7}
  33              		.cfi_def_cfa_offset 4
  34              		.cfi_offset 7, -4
  35 0002 85B0     		sub	sp, sp, #20
  36              		.cfi_def_cfa_offset 24
  37 0004 00AF     		add	r7, sp, #0
  38              		.cfi_def_cfa_register 7
  39 0006 0346     		mov	r3, r0
  40 0008 FB71     		strb	r3, [r7, #7]
  41:.\Generated_Source\PSoC5/Overall_Consumption.c ****     uint8 staticBits = (Overall_Consumption_DR & (uint8)(~Overall_Consumption_MASK));
  41              		.loc 1 41 0
  42 000a 0A4B     		ldr	r3, .L2
  43 000c 1B78     		ldrb	r3, [r3]
  44 000e DBB2     		uxtb	r3, r3
  45 0010 23F00103 		bic	r3, r3, #1
  46 0014 FB73     		strb	r3, [r7, #15]
  42:.\Generated_Source\PSoC5/Overall_Consumption.c ****     Overall_Consumption_DR = staticBits | ((uint8)(value << Overall_Consumption_SHIFT) & Overall_Co
  47              		.loc 1 42 0
  48 0016 074B     		ldr	r3, .L2
  49 0018 FA79     		ldrb	r2, [r7, #7]
  50 001a 02F00102 		and	r2, r2, #1
  51 001e D1B2     		uxtb	r1, r2
  52 0020 FA7B     		ldrb	r2, [r7, #15]
  53 0022 0A43     		orrs	r2, r2, r1
  54 0024 D2B2     		uxtb	r2, r2
  55 0026 1A70     		strb	r2, [r3]
  43:.\Generated_Source\PSoC5/Overall_Consumption.c **** }
  56              		.loc 1 43 0
  57 0028 1437     		adds	r7, r7, #20
  58 002a BD46     		mov	sp, r7
  59              		@ sp needed
  60 002c 5DF8047B 		ldr	r7, [sp], #4
  61 0030 7047     		bx	lr
  62              	.L3:
  63 0032 00BF     		.align	2
  64              	.L2:
  65 0034 00510040 		.word	1073762560
  66              		.cfi_endproc
  67              	.LFE0:
  68              		.size	Overall_Consumption_Write, .-Overall_Consumption_Write
  69              		.section	.text.Overall_Consumption_SetDriveMode,"ax",%progbits
  70              		.align	2
  71              		.global	Overall_Consumption_SetDriveMode
ARM GAS  C:\Users\Charlie\AppData\Local\Temp\cclATfRk.s 			page 3


  72              		.thumb
  73              		.thumb_func
  74              		.type	Overall_Consumption_SetDriveMode, %function
  75              	Overall_Consumption_SetDriveMode:
  76              	.LFB1:
  44:.\Generated_Source\PSoC5/Overall_Consumption.c **** 
  45:.\Generated_Source\PSoC5/Overall_Consumption.c **** 
  46:.\Generated_Source\PSoC5/Overall_Consumption.c **** /*******************************************************************************
  47:.\Generated_Source\PSoC5/Overall_Consumption.c **** * Function Name: Overall_Consumption_SetDriveMode
  48:.\Generated_Source\PSoC5/Overall_Consumption.c **** ********************************************************************************
  49:.\Generated_Source\PSoC5/Overall_Consumption.c **** *
  50:.\Generated_Source\PSoC5/Overall_Consumption.c **** * Summary:
  51:.\Generated_Source\PSoC5/Overall_Consumption.c **** *  Change the drive mode on the pins of the port.
  52:.\Generated_Source\PSoC5/Overall_Consumption.c **** * 
  53:.\Generated_Source\PSoC5/Overall_Consumption.c **** * Parameters:  
  54:.\Generated_Source\PSoC5/Overall_Consumption.c **** *  mode:  Change the pins to one of the following drive modes.
  55:.\Generated_Source\PSoC5/Overall_Consumption.c **** *
  56:.\Generated_Source\PSoC5/Overall_Consumption.c **** *  Overall_Consumption_DM_STRONG     Strong Drive 
  57:.\Generated_Source\PSoC5/Overall_Consumption.c **** *  Overall_Consumption_DM_OD_HI      Open Drain, Drives High 
  58:.\Generated_Source\PSoC5/Overall_Consumption.c **** *  Overall_Consumption_DM_OD_LO      Open Drain, Drives Low 
  59:.\Generated_Source\PSoC5/Overall_Consumption.c **** *  Overall_Consumption_DM_RES_UP     Resistive Pull Up 
  60:.\Generated_Source\PSoC5/Overall_Consumption.c **** *  Overall_Consumption_DM_RES_DWN    Resistive Pull Down 
  61:.\Generated_Source\PSoC5/Overall_Consumption.c **** *  Overall_Consumption_DM_RES_UPDWN  Resistive Pull Up/Down 
  62:.\Generated_Source\PSoC5/Overall_Consumption.c **** *  Overall_Consumption_DM_DIG_HIZ    High Impedance Digital 
  63:.\Generated_Source\PSoC5/Overall_Consumption.c **** *  Overall_Consumption_DM_ALG_HIZ    High Impedance Analog 
  64:.\Generated_Source\PSoC5/Overall_Consumption.c **** *
  65:.\Generated_Source\PSoC5/Overall_Consumption.c **** * Return: 
  66:.\Generated_Source\PSoC5/Overall_Consumption.c **** *  None
  67:.\Generated_Source\PSoC5/Overall_Consumption.c **** *
  68:.\Generated_Source\PSoC5/Overall_Consumption.c **** *******************************************************************************/
  69:.\Generated_Source\PSoC5/Overall_Consumption.c **** void Overall_Consumption_SetDriveMode(uint8 mode) 
  70:.\Generated_Source\PSoC5/Overall_Consumption.c **** {
  77              		.loc 1 70 0
  78              		.cfi_startproc
  79              		@ args = 0, pretend = 0, frame = 8
  80              		@ frame_needed = 1, uses_anonymous_args = 0
  81              		@ link register save eliminated.
  82 0000 80B4     		push	{r7}
  83              		.cfi_def_cfa_offset 4
  84              		.cfi_offset 7, -4
  85 0002 83B0     		sub	sp, sp, #12
  86              		.cfi_def_cfa_offset 16
  87 0004 00AF     		add	r7, sp, #0
  88              		.cfi_def_cfa_register 7
  89 0006 0346     		mov	r3, r0
  90 0008 FB71     		strb	r3, [r7, #7]
  71:.\Generated_Source\PSoC5/Overall_Consumption.c **** 	CyPins_SetPinDriveMode(Overall_Consumption_0, mode);
  91              		.loc 1 71 0
  92 000a 0A4B     		ldr	r3, .L5
  93 000c 094A     		ldr	r2, .L5
  94 000e 1278     		ldrb	r2, [r2]
  95 0010 D2B2     		uxtb	r2, r2
  96 0012 D2B2     		uxtb	r2, r2
  97 0014 22F00E02 		bic	r2, r2, #14
  98 0018 D1B2     		uxtb	r1, r2
  99 001a FA79     		ldrb	r2, [r7, #7]	@ zero_extendqisi2
 100 001c 02F00E02 		and	r2, r2, #14
ARM GAS  C:\Users\Charlie\AppData\Local\Temp\cclATfRk.s 			page 4


 101 0020 D2B2     		uxtb	r2, r2
 102 0022 0A43     		orrs	r2, r2, r1
 103 0024 D2B2     		uxtb	r2, r2
 104 0026 D2B2     		uxtb	r2, r2
 105 0028 1A70     		strb	r2, [r3]
  72:.\Generated_Source\PSoC5/Overall_Consumption.c **** }
 106              		.loc 1 72 0
 107 002a 0C37     		adds	r7, r7, #12
 108 002c BD46     		mov	sp, r7
 109              		@ sp needed
 110 002e 5DF8047B 		ldr	r7, [sp], #4
 111 0032 7047     		bx	lr
 112              	.L6:
 113              		.align	2
 114              	.L5:
 115 0034 00500040 		.word	1073762304
 116              		.cfi_endproc
 117              	.LFE1:
 118              		.size	Overall_Consumption_SetDriveMode, .-Overall_Consumption_SetDriveMode
 119              		.section	.text.Overall_Consumption_Read,"ax",%progbits
 120              		.align	2
 121              		.global	Overall_Consumption_Read
 122              		.thumb
 123              		.thumb_func
 124              		.type	Overall_Consumption_Read, %function
 125              	Overall_Consumption_Read:
 126              	.LFB2:
  73:.\Generated_Source\PSoC5/Overall_Consumption.c **** 
  74:.\Generated_Source\PSoC5/Overall_Consumption.c **** 
  75:.\Generated_Source\PSoC5/Overall_Consumption.c **** /*******************************************************************************
  76:.\Generated_Source\PSoC5/Overall_Consumption.c **** * Function Name: Overall_Consumption_Read
  77:.\Generated_Source\PSoC5/Overall_Consumption.c **** ********************************************************************************
  78:.\Generated_Source\PSoC5/Overall_Consumption.c **** *
  79:.\Generated_Source\PSoC5/Overall_Consumption.c **** * Summary:
  80:.\Generated_Source\PSoC5/Overall_Consumption.c **** *  Read the current value on the pins of the Digital Port in right justified 
  81:.\Generated_Source\PSoC5/Overall_Consumption.c **** *  form.
  82:.\Generated_Source\PSoC5/Overall_Consumption.c **** *
  83:.\Generated_Source\PSoC5/Overall_Consumption.c **** * Parameters:  
  84:.\Generated_Source\PSoC5/Overall_Consumption.c **** *  None
  85:.\Generated_Source\PSoC5/Overall_Consumption.c **** *
  86:.\Generated_Source\PSoC5/Overall_Consumption.c **** * Return: 
  87:.\Generated_Source\PSoC5/Overall_Consumption.c **** *  Returns the current value of the Digital Port as a right justified number
  88:.\Generated_Source\PSoC5/Overall_Consumption.c **** *  
  89:.\Generated_Source\PSoC5/Overall_Consumption.c **** * Note:
  90:.\Generated_Source\PSoC5/Overall_Consumption.c **** *  Macro Overall_Consumption_ReadPS calls this function. 
  91:.\Generated_Source\PSoC5/Overall_Consumption.c **** *  
  92:.\Generated_Source\PSoC5/Overall_Consumption.c **** *******************************************************************************/
  93:.\Generated_Source\PSoC5/Overall_Consumption.c **** uint8 Overall_Consumption_Read(void) 
  94:.\Generated_Source\PSoC5/Overall_Consumption.c **** {
 127              		.loc 1 94 0
 128              		.cfi_startproc
 129              		@ args = 0, pretend = 0, frame = 0
 130              		@ frame_needed = 1, uses_anonymous_args = 0
 131              		@ link register save eliminated.
 132 0000 80B4     		push	{r7}
 133              		.cfi_def_cfa_offset 4
 134              		.cfi_offset 7, -4
ARM GAS  C:\Users\Charlie\AppData\Local\Temp\cclATfRk.s 			page 5


 135 0002 00AF     		add	r7, sp, #0
 136              		.cfi_def_cfa_register 7
  95:.\Generated_Source\PSoC5/Overall_Consumption.c ****     return (Overall_Consumption_PS & Overall_Consumption_MASK) >> Overall_Consumption_SHIFT;
 137              		.loc 1 95 0
 138 0004 054B     		ldr	r3, .L9
 139 0006 1B78     		ldrb	r3, [r3]
 140 0008 DBB2     		uxtb	r3, r3
 141 000a 03F00103 		and	r3, r3, #1
 142 000e DBB2     		uxtb	r3, r3
  96:.\Generated_Source\PSoC5/Overall_Consumption.c **** }
 143              		.loc 1 96 0
 144 0010 1846     		mov	r0, r3
 145 0012 BD46     		mov	sp, r7
 146              		@ sp needed
 147 0014 5DF8047B 		ldr	r7, [sp], #4
 148 0018 7047     		bx	lr
 149              	.L10:
 150 001a 00BF     		.align	2
 151              	.L9:
 152 001c 01510040 		.word	1073762561
 153              		.cfi_endproc
 154              	.LFE2:
 155              		.size	Overall_Consumption_Read, .-Overall_Consumption_Read
 156              		.section	.text.Overall_Consumption_ReadDataReg,"ax",%progbits
 157              		.align	2
 158              		.global	Overall_Consumption_ReadDataReg
 159              		.thumb
 160              		.thumb_func
 161              		.type	Overall_Consumption_ReadDataReg, %function
 162              	Overall_Consumption_ReadDataReg:
 163              	.LFB3:
  97:.\Generated_Source\PSoC5/Overall_Consumption.c **** 
  98:.\Generated_Source\PSoC5/Overall_Consumption.c **** 
  99:.\Generated_Source\PSoC5/Overall_Consumption.c **** /*******************************************************************************
 100:.\Generated_Source\PSoC5/Overall_Consumption.c **** * Function Name: Overall_Consumption_ReadDataReg
 101:.\Generated_Source\PSoC5/Overall_Consumption.c **** ********************************************************************************
 102:.\Generated_Source\PSoC5/Overall_Consumption.c **** *
 103:.\Generated_Source\PSoC5/Overall_Consumption.c **** * Summary:
 104:.\Generated_Source\PSoC5/Overall_Consumption.c **** *  Read the current value assigned to a Digital Port's data output register
 105:.\Generated_Source\PSoC5/Overall_Consumption.c **** *
 106:.\Generated_Source\PSoC5/Overall_Consumption.c **** * Parameters:  
 107:.\Generated_Source\PSoC5/Overall_Consumption.c **** *  None 
 108:.\Generated_Source\PSoC5/Overall_Consumption.c **** *
 109:.\Generated_Source\PSoC5/Overall_Consumption.c **** * Return: 
 110:.\Generated_Source\PSoC5/Overall_Consumption.c **** *  Returns the current value assigned to the Digital Port's data output register
 111:.\Generated_Source\PSoC5/Overall_Consumption.c **** *  
 112:.\Generated_Source\PSoC5/Overall_Consumption.c **** *******************************************************************************/
 113:.\Generated_Source\PSoC5/Overall_Consumption.c **** uint8 Overall_Consumption_ReadDataReg(void) 
 114:.\Generated_Source\PSoC5/Overall_Consumption.c **** {
 164              		.loc 1 114 0
 165              		.cfi_startproc
 166              		@ args = 0, pretend = 0, frame = 0
 167              		@ frame_needed = 1, uses_anonymous_args = 0
 168              		@ link register save eliminated.
 169 0000 80B4     		push	{r7}
 170              		.cfi_def_cfa_offset 4
 171              		.cfi_offset 7, -4
ARM GAS  C:\Users\Charlie\AppData\Local\Temp\cclATfRk.s 			page 6


 172 0002 00AF     		add	r7, sp, #0
 173              		.cfi_def_cfa_register 7
 115:.\Generated_Source\PSoC5/Overall_Consumption.c ****     return (Overall_Consumption_DR & Overall_Consumption_MASK) >> Overall_Consumption_SHIFT;
 174              		.loc 1 115 0
 175 0004 054B     		ldr	r3, .L13
 176 0006 1B78     		ldrb	r3, [r3]
 177 0008 DBB2     		uxtb	r3, r3
 178 000a 03F00103 		and	r3, r3, #1
 179 000e DBB2     		uxtb	r3, r3
 116:.\Generated_Source\PSoC5/Overall_Consumption.c **** }
 180              		.loc 1 116 0
 181 0010 1846     		mov	r0, r3
 182 0012 BD46     		mov	sp, r7
 183              		@ sp needed
 184 0014 5DF8047B 		ldr	r7, [sp], #4
 185 0018 7047     		bx	lr
 186              	.L14:
 187 001a 00BF     		.align	2
 188              	.L13:
 189 001c 00510040 		.word	1073762560
 190              		.cfi_endproc
 191              	.LFE3:
 192              		.size	Overall_Consumption_ReadDataReg, .-Overall_Consumption_ReadDataReg
 193              		.text
 194              	.Letext0:
 195              		.file 2 ".\\Generated_Source\\PSoC5\\cytypes.h"
 196              		.section	.debug_info,"",%progbits
 197              	.Ldebug_info0:
 198 0000 19010000 		.4byte	0x119
 199 0004 0400     		.2byte	0x4
 200 0006 00000000 		.4byte	.Ldebug_abbrev0
 201 000a 04       		.byte	0x4
 202 000b 01       		.uleb128 0x1
 203 000c 2B010000 		.4byte	.LASF20
 204 0010 01       		.byte	0x1
 205 0011 D3000000 		.4byte	.LASF21
 206 0015 17000000 		.4byte	.LASF22
 207 0019 00000000 		.4byte	.Ldebug_ranges0+0
 208 001d 00000000 		.4byte	0
 209 0021 00000000 		.4byte	.Ldebug_line0
 210 0025 02       		.uleb128 0x2
 211 0026 01       		.byte	0x1
 212 0027 06       		.byte	0x6
 213 0028 2E020000 		.4byte	.LASF0
 214 002c 02       		.uleb128 0x2
 215 002d 01       		.byte	0x1
 216 002e 08       		.byte	0x8
 217 002f 7B000000 		.4byte	.LASF1
 218 0033 02       		.uleb128 0x2
 219 0034 02       		.byte	0x2
 220 0035 05       		.byte	0x5
 221 0036 FB010000 		.4byte	.LASF2
 222 003a 02       		.uleb128 0x2
 223 003b 02       		.byte	0x2
 224 003c 07       		.byte	0x7
 225 003d A0000000 		.4byte	.LASF3
 226 0041 02       		.uleb128 0x2
ARM GAS  C:\Users\Charlie\AppData\Local\Temp\cclATfRk.s 			page 7


 227 0042 04       		.byte	0x4
 228 0043 05       		.byte	0x5
 229 0044 0B020000 		.4byte	.LASF4
 230 0048 02       		.uleb128 0x2
 231 0049 04       		.byte	0x4
 232 004a 07       		.byte	0x7
 233 004b 8E000000 		.4byte	.LASF5
 234 004f 02       		.uleb128 0x2
 235 0050 08       		.byte	0x8
 236 0051 05       		.byte	0x5
 237 0052 C7010000 		.4byte	.LASF6
 238 0056 02       		.uleb128 0x2
 239 0057 08       		.byte	0x8
 240 0058 07       		.byte	0x7
 241 0059 0F010000 		.4byte	.LASF7
 242 005d 03       		.uleb128 0x3
 243 005e 04       		.byte	0x4
 244 005f 05       		.byte	0x5
 245 0060 696E7400 		.ascii	"int\000"
 246 0064 02       		.uleb128 0x2
 247 0065 04       		.byte	0x4
 248 0066 07       		.byte	0x7
 249 0067 02010000 		.4byte	.LASF8
 250 006b 04       		.uleb128 0x4
 251 006c 05020000 		.4byte	.LASF12
 252 0070 02       		.byte	0x2
 253 0071 A1       		.byte	0xa1
 254 0072 2C000000 		.4byte	0x2c
 255 0076 02       		.uleb128 0x2
 256 0077 04       		.byte	0x4
 257 0078 04       		.byte	0x4
 258 0079 11000000 		.4byte	.LASF9
 259 007d 02       		.uleb128 0x2
 260 007e 08       		.byte	0x8
 261 007f 04       		.byte	0x4
 262 0080 B3000000 		.4byte	.LASF10
 263 0084 02       		.uleb128 0x2
 264 0085 01       		.byte	0x1
 265 0086 08       		.byte	0x8
 266 0087 F6010000 		.4byte	.LASF11
 267 008b 05       		.uleb128 0x5
 268 008c 89000000 		.4byte	.LASF13
 269 0090 02       		.byte	0x2
 270 0091 4B01     		.2byte	0x14b
 271 0093 97000000 		.4byte	0x97
 272 0097 06       		.uleb128 0x6
 273 0098 6B000000 		.4byte	0x6b
 274 009c 07       		.uleb128 0x7
 275 009d 14020000 		.4byte	.LASF14
 276 00a1 01       		.byte	0x1
 277 00a2 27       		.byte	0x27
 278 00a3 00000000 		.4byte	.LFB0
 279 00a7 38000000 		.4byte	.LFE0-.LFB0
 280 00ab 01       		.uleb128 0x1
 281 00ac 9C       		.byte	0x9c
 282 00ad CE000000 		.4byte	0xce
 283 00b1 08       		.uleb128 0x8
ARM GAS  C:\Users\Charlie\AppData\Local\Temp\cclATfRk.s 			page 8


 284 00b2 00000000 		.4byte	.LASF16
 285 00b6 01       		.byte	0x1
 286 00b7 27       		.byte	0x27
 287 00b8 6B000000 		.4byte	0x6b
 288 00bc 02       		.uleb128 0x2
 289 00bd 91       		.byte	0x91
 290 00be 6F       		.sleb128 -17
 291 00bf 09       		.uleb128 0x9
 292 00c0 06000000 		.4byte	.LASF23
 293 00c4 01       		.byte	0x1
 294 00c5 29       		.byte	0x29
 295 00c6 6B000000 		.4byte	0x6b
 296 00ca 02       		.uleb128 0x2
 297 00cb 91       		.byte	0x91
 298 00cc 77       		.sleb128 -9
 299 00cd 00       		.byte	0
 300 00ce 07       		.uleb128 0x7
 301 00cf D5010000 		.4byte	.LASF15
 302 00d3 01       		.byte	0x1
 303 00d4 45       		.byte	0x45
 304 00d5 00000000 		.4byte	.LFB1
 305 00d9 38000000 		.4byte	.LFE1-.LFB1
 306 00dd 01       		.uleb128 0x1
 307 00de 9C       		.byte	0x9c
 308 00df F2000000 		.4byte	0xf2
 309 00e3 08       		.uleb128 0x8
 310 00e4 26010000 		.4byte	.LASF17
 311 00e8 01       		.byte	0x1
 312 00e9 45       		.byte	0x45
 313 00ea 6B000000 		.4byte	0x6b
 314 00ee 02       		.uleb128 0x2
 315 00ef 91       		.byte	0x91
 316 00f0 77       		.sleb128 -9
 317 00f1 00       		.byte	0
 318 00f2 0A       		.uleb128 0xa
 319 00f3 BA000000 		.4byte	.LASF18
 320 00f7 01       		.byte	0x1
 321 00f8 5D       		.byte	0x5d
 322 00f9 6B000000 		.4byte	0x6b
 323 00fd 00000000 		.4byte	.LFB2
 324 0101 20000000 		.4byte	.LFE2-.LFB2
 325 0105 01       		.uleb128 0x1
 326 0106 9C       		.byte	0x9c
 327 0107 0A       		.uleb128 0xa
 328 0108 A7010000 		.4byte	.LASF19
 329 010c 01       		.byte	0x1
 330 010d 71       		.byte	0x71
 331 010e 6B000000 		.4byte	0x6b
 332 0112 00000000 		.4byte	.LFB3
 333 0116 20000000 		.4byte	.LFE3-.LFB3
 334 011a 01       		.uleb128 0x1
 335 011b 9C       		.byte	0x9c
 336 011c 00       		.byte	0
 337              		.section	.debug_abbrev,"",%progbits
 338              	.Ldebug_abbrev0:
 339 0000 01       		.uleb128 0x1
 340 0001 11       		.uleb128 0x11
ARM GAS  C:\Users\Charlie\AppData\Local\Temp\cclATfRk.s 			page 9


 341 0002 01       		.byte	0x1
 342 0003 25       		.uleb128 0x25
 343 0004 0E       		.uleb128 0xe
 344 0005 13       		.uleb128 0x13
 345 0006 0B       		.uleb128 0xb
 346 0007 03       		.uleb128 0x3
 347 0008 0E       		.uleb128 0xe
 348 0009 1B       		.uleb128 0x1b
 349 000a 0E       		.uleb128 0xe
 350 000b 55       		.uleb128 0x55
 351 000c 17       		.uleb128 0x17
 352 000d 11       		.uleb128 0x11
 353 000e 01       		.uleb128 0x1
 354 000f 10       		.uleb128 0x10
 355 0010 17       		.uleb128 0x17
 356 0011 00       		.byte	0
 357 0012 00       		.byte	0
 358 0013 02       		.uleb128 0x2
 359 0014 24       		.uleb128 0x24
 360 0015 00       		.byte	0
 361 0016 0B       		.uleb128 0xb
 362 0017 0B       		.uleb128 0xb
 363 0018 3E       		.uleb128 0x3e
 364 0019 0B       		.uleb128 0xb
 365 001a 03       		.uleb128 0x3
 366 001b 0E       		.uleb128 0xe
 367 001c 00       		.byte	0
 368 001d 00       		.byte	0
 369 001e 03       		.uleb128 0x3
 370 001f 24       		.uleb128 0x24
 371 0020 00       		.byte	0
 372 0021 0B       		.uleb128 0xb
 373 0022 0B       		.uleb128 0xb
 374 0023 3E       		.uleb128 0x3e
 375 0024 0B       		.uleb128 0xb
 376 0025 03       		.uleb128 0x3
 377 0026 08       		.uleb128 0x8
 378 0027 00       		.byte	0
 379 0028 00       		.byte	0
 380 0029 04       		.uleb128 0x4
 381 002a 16       		.uleb128 0x16
 382 002b 00       		.byte	0
 383 002c 03       		.uleb128 0x3
 384 002d 0E       		.uleb128 0xe
 385 002e 3A       		.uleb128 0x3a
 386 002f 0B       		.uleb128 0xb
 387 0030 3B       		.uleb128 0x3b
 388 0031 0B       		.uleb128 0xb
 389 0032 49       		.uleb128 0x49
 390 0033 13       		.uleb128 0x13
 391 0034 00       		.byte	0
 392 0035 00       		.byte	0
 393 0036 05       		.uleb128 0x5
 394 0037 16       		.uleb128 0x16
 395 0038 00       		.byte	0
 396 0039 03       		.uleb128 0x3
 397 003a 0E       		.uleb128 0xe
ARM GAS  C:\Users\Charlie\AppData\Local\Temp\cclATfRk.s 			page 10


 398 003b 3A       		.uleb128 0x3a
 399 003c 0B       		.uleb128 0xb
 400 003d 3B       		.uleb128 0x3b
 401 003e 05       		.uleb128 0x5
 402 003f 49       		.uleb128 0x49
 403 0040 13       		.uleb128 0x13
 404 0041 00       		.byte	0
 405 0042 00       		.byte	0
 406 0043 06       		.uleb128 0x6
 407 0044 35       		.uleb128 0x35
 408 0045 00       		.byte	0
 409 0046 49       		.uleb128 0x49
 410 0047 13       		.uleb128 0x13
 411 0048 00       		.byte	0
 412 0049 00       		.byte	0
 413 004a 07       		.uleb128 0x7
 414 004b 2E       		.uleb128 0x2e
 415 004c 01       		.byte	0x1
 416 004d 3F       		.uleb128 0x3f
 417 004e 19       		.uleb128 0x19
 418 004f 03       		.uleb128 0x3
 419 0050 0E       		.uleb128 0xe
 420 0051 3A       		.uleb128 0x3a
 421 0052 0B       		.uleb128 0xb
 422 0053 3B       		.uleb128 0x3b
 423 0054 0B       		.uleb128 0xb
 424 0055 27       		.uleb128 0x27
 425 0056 19       		.uleb128 0x19
 426 0057 11       		.uleb128 0x11
 427 0058 01       		.uleb128 0x1
 428 0059 12       		.uleb128 0x12
 429 005a 06       		.uleb128 0x6
 430 005b 40       		.uleb128 0x40
 431 005c 18       		.uleb128 0x18
 432 005d 9742     		.uleb128 0x2117
 433 005f 19       		.uleb128 0x19
 434 0060 01       		.uleb128 0x1
 435 0061 13       		.uleb128 0x13
 436 0062 00       		.byte	0
 437 0063 00       		.byte	0
 438 0064 08       		.uleb128 0x8
 439 0065 05       		.uleb128 0x5
 440 0066 00       		.byte	0
 441 0067 03       		.uleb128 0x3
 442 0068 0E       		.uleb128 0xe
 443 0069 3A       		.uleb128 0x3a
 444 006a 0B       		.uleb128 0xb
 445 006b 3B       		.uleb128 0x3b
 446 006c 0B       		.uleb128 0xb
 447 006d 49       		.uleb128 0x49
 448 006e 13       		.uleb128 0x13
 449 006f 02       		.uleb128 0x2
 450 0070 18       		.uleb128 0x18
 451 0071 00       		.byte	0
 452 0072 00       		.byte	0
 453 0073 09       		.uleb128 0x9
 454 0074 34       		.uleb128 0x34
ARM GAS  C:\Users\Charlie\AppData\Local\Temp\cclATfRk.s 			page 11


 455 0075 00       		.byte	0
 456 0076 03       		.uleb128 0x3
 457 0077 0E       		.uleb128 0xe
 458 0078 3A       		.uleb128 0x3a
 459 0079 0B       		.uleb128 0xb
 460 007a 3B       		.uleb128 0x3b
 461 007b 0B       		.uleb128 0xb
 462 007c 49       		.uleb128 0x49
 463 007d 13       		.uleb128 0x13
 464 007e 02       		.uleb128 0x2
 465 007f 18       		.uleb128 0x18
 466 0080 00       		.byte	0
 467 0081 00       		.byte	0
 468 0082 0A       		.uleb128 0xa
 469 0083 2E       		.uleb128 0x2e
 470 0084 00       		.byte	0
 471 0085 3F       		.uleb128 0x3f
 472 0086 19       		.uleb128 0x19
 473 0087 03       		.uleb128 0x3
 474 0088 0E       		.uleb128 0xe
 475 0089 3A       		.uleb128 0x3a
 476 008a 0B       		.uleb128 0xb
 477 008b 3B       		.uleb128 0x3b
 478 008c 0B       		.uleb128 0xb
 479 008d 27       		.uleb128 0x27
 480 008e 19       		.uleb128 0x19
 481 008f 49       		.uleb128 0x49
 482 0090 13       		.uleb128 0x13
 483 0091 11       		.uleb128 0x11
 484 0092 01       		.uleb128 0x1
 485 0093 12       		.uleb128 0x12
 486 0094 06       		.uleb128 0x6
 487 0095 40       		.uleb128 0x40
 488 0096 18       		.uleb128 0x18
 489 0097 9742     		.uleb128 0x2117
 490 0099 19       		.uleb128 0x19
 491 009a 00       		.byte	0
 492 009b 00       		.byte	0
 493 009c 00       		.byte	0
 494              		.section	.debug_aranges,"",%progbits
 495 0000 34000000 		.4byte	0x34
 496 0004 0200     		.2byte	0x2
 497 0006 00000000 		.4byte	.Ldebug_info0
 498 000a 04       		.byte	0x4
 499 000b 00       		.byte	0
 500 000c 0000     		.2byte	0
 501 000e 0000     		.2byte	0
 502 0010 00000000 		.4byte	.LFB0
 503 0014 38000000 		.4byte	.LFE0-.LFB0
 504 0018 00000000 		.4byte	.LFB1
 505 001c 38000000 		.4byte	.LFE1-.LFB1
 506 0020 00000000 		.4byte	.LFB2
 507 0024 20000000 		.4byte	.LFE2-.LFB2
 508 0028 00000000 		.4byte	.LFB3
 509 002c 20000000 		.4byte	.LFE3-.LFB3
 510 0030 00000000 		.4byte	0
 511 0034 00000000 		.4byte	0
ARM GAS  C:\Users\Charlie\AppData\Local\Temp\cclATfRk.s 			page 12


 512              		.section	.debug_ranges,"",%progbits
 513              	.Ldebug_ranges0:
 514 0000 00000000 		.4byte	.LFB0
 515 0004 38000000 		.4byte	.LFE0
 516 0008 00000000 		.4byte	.LFB1
 517 000c 38000000 		.4byte	.LFE1
 518 0010 00000000 		.4byte	.LFB2
 519 0014 20000000 		.4byte	.LFE2
 520 0018 00000000 		.4byte	.LFB3
 521 001c 20000000 		.4byte	.LFE3
 522 0020 00000000 		.4byte	0
 523 0024 00000000 		.4byte	0
 524              		.section	.debug_line,"",%progbits
 525              	.Ldebug_line0:
 526 0000 A0000000 		.section	.debug_str,"MS",%progbits,1
 526      02005200 
 526      00000201 
 526      FB0E0D00 
 526      01010101 
 527              	.LASF16:
 528 0000 76616C75 		.ascii	"value\000"
 528      6500
 529              	.LASF23:
 530 0006 73746174 		.ascii	"staticBits\000"
 530      69634269 
 530      747300
 531              	.LASF9:
 532 0011 666C6F61 		.ascii	"float\000"
 532      7400
 533              	.LASF22:
 534 0017 443A5C44 		.ascii	"D:\\Documents\\Virginia_Tech\\FSAE\\PSOC\\Current S"
 534      6F63756D 
 534      656E7473 
 534      5C566972 
 534      67696E69 
 535 0045 656E736F 		.ascii	"ensor\\CE95277 ADC and UART\\CE95277 ADC and UART.c"
 535      725C4345 
 535      39353237 
 535      37204144 
 535      4320616E 
 536 0076 7964736E 		.ascii	"ydsn\000"
 536      00
 537              	.LASF1:
 538 007b 756E7369 		.ascii	"unsigned char\000"
 538      676E6564 
 538      20636861 
 538      7200
 539              	.LASF13:
 540 0089 72656738 		.ascii	"reg8\000"
 540      00
 541              	.LASF5:
 542 008e 6C6F6E67 		.ascii	"long unsigned int\000"
 542      20756E73 
 542      69676E65 
 542      6420696E 
 542      7400
 543              	.LASF3:
ARM GAS  C:\Users\Charlie\AppData\Local\Temp\cclATfRk.s 			page 13


 544 00a0 73686F72 		.ascii	"short unsigned int\000"
 544      7420756E 
 544      7369676E 
 544      65642069 
 544      6E7400
 545              	.LASF10:
 546 00b3 646F7562 		.ascii	"double\000"
 546      6C6500
 547              	.LASF18:
 548 00ba 4F766572 		.ascii	"Overall_Consumption_Read\000"
 548      616C6C5F 
 548      436F6E73 
 548      756D7074 
 548      696F6E5F 
 549              	.LASF21:
 550 00d3 2E5C4765 		.ascii	".\\Generated_Source\\PSoC5\\Overall_Consumption.c\000"
 550      6E657261 
 550      7465645F 
 550      536F7572 
 550      63655C50 
 551              	.LASF8:
 552 0102 756E7369 		.ascii	"unsigned int\000"
 552      676E6564 
 552      20696E74 
 552      00
 553              	.LASF7:
 554 010f 6C6F6E67 		.ascii	"long long unsigned int\000"
 554      206C6F6E 
 554      6720756E 
 554      7369676E 
 554      65642069 
 555              	.LASF17:
 556 0126 6D6F6465 		.ascii	"mode\000"
 556      00
 557              	.LASF20:
 558 012b 474E5520 		.ascii	"GNU C 4.8.4 20140526 (release) [ARM/embedded-4_8-br"
 558      4320342E 
 558      382E3420 
 558      32303134 
 558      30353236 
 559 015e 616E6368 		.ascii	"anch revision 211358] -mcpu=cortex-m3 -mthumb -g -O"
 559      20726576 
 559      6973696F 
 559      6E203231 
 559      31333538 
 560 0191 30202D66 		.ascii	"0 -ffunction-sections\000"
 560      66756E63 
 560      74696F6E 
 560      2D736563 
 560      74696F6E 
 561              	.LASF19:
 562 01a7 4F766572 		.ascii	"Overall_Consumption_ReadDataReg\000"
 562      616C6C5F 
 562      436F6E73 
 562      756D7074 
 562      696F6E5F 
 563              	.LASF6:
ARM GAS  C:\Users\Charlie\AppData\Local\Temp\cclATfRk.s 			page 14


 564 01c7 6C6F6E67 		.ascii	"long long int\000"
 564      206C6F6E 
 564      6720696E 
 564      7400
 565              	.LASF15:
 566 01d5 4F766572 		.ascii	"Overall_Consumption_SetDriveMode\000"
 566      616C6C5F 
 566      436F6E73 
 566      756D7074 
 566      696F6E5F 
 567              	.LASF11:
 568 01f6 63686172 		.ascii	"char\000"
 568      00
 569              	.LASF2:
 570 01fb 73686F72 		.ascii	"short int\000"
 570      7420696E 
 570      7400
 571              	.LASF12:
 572 0205 75696E74 		.ascii	"uint8\000"
 572      3800
 573              	.LASF4:
 574 020b 6C6F6E67 		.ascii	"long int\000"
 574      20696E74 
 574      00
 575              	.LASF14:
 576 0214 4F766572 		.ascii	"Overall_Consumption_Write\000"
 576      616C6C5F 
 576      436F6E73 
 576      756D7074 
 576      696F6E5F 
 577              	.LASF0:
 578 022e 7369676E 		.ascii	"signed char\000"
 578      65642063 
 578      68617200 
 579              		.ident	"GCC: (GNU Tools for ARM Embedded Processors) 4.8.4 20140526 (release) [ARM/embedded-4_8-br
